<?xml version="1.0" encoding="UTF-8"?>
<testsuite xmlns:xsi="http://www.w3.org/2001/XMLSchema-instance" xsi:noNamespaceSchemaLocation="https://maven.apache.org/surefire/maven-surefire-plugin/xsd/surefire-test-report-3.0.xsd" version="3.0" name="TestSuite" time="172.443" tests="108" errors="0" skipped="3" failures="2">
  <properties>
    <property name="java.specification.version" value="17"/>
    <property name="sun.cpu.isalist" value="amd64"/>
    <property name="sun.jnu.encoding" value="Cp1252"/>
    <property name="java.class.path" value="C:\Users\Raghav_Pareek\Desktop\Hybrid_Automation\PetStoreAutomation\target\test-classes;C:\Users\Raghav_Pareek\Desktop\Hybrid_Automation\PetStoreAutomation\target\classes;C:\Users\Raghav_Pareek\.m2\repository\org\seleniumhq\selenium\selenium-java\4.15.0\selenium-java-4.15.0.jar;C:\Users\Raghav_Pareek\.m2\repository\org\seleniumhq\selenium\selenium-api\4.15.0\selenium-api-4.15.0.jar;C:\Users\Raghav_Pareek\.m2\repository\org\seleniumhq\selenium\selenium-chrome-driver\4.15.0\selenium-chrome-driver-4.15.0.jar;C:\Users\Raghav_Pareek\.m2\repository\com\google\auto\service\auto-service-annotations\1.1.1\auto-service-annotations-1.1.1.jar;C:\Users\Raghav_Pareek\.m2\repository\org\seleniumhq\selenium\selenium-chromium-driver\4.15.0\selenium-chromium-driver-4.15.0.jar;C:\Users\Raghav_Pareek\.m2\repository\org\seleniumhq\selenium\selenium-json\4.15.0\selenium-json-4.15.0.jar;C:\Users\Raghav_Pareek\.m2\repository\org\seleniumhq\selenium\selenium-manager\4.15.0\selenium-manager-4.15.0.jar;C:\Users\Raghav_Pareek\.m2\repository\org\seleniumhq\selenium\selenium-devtools-v117\4.15.0\selenium-devtools-v117-4.15.0.jar;C:\Users\Raghav_Pareek\.m2\repository\org\seleniumhq\selenium\selenium-devtools-v118\4.15.0\selenium-devtools-v118-4.15.0.jar;C:\Users\Raghav_Pareek\.m2\repository\org\seleniumhq\selenium\selenium-devtools-v119\4.15.0\selenium-devtools-v119-4.15.0.jar;C:\Users\Raghav_Pareek\.m2\repository\org\seleniumhq\selenium\selenium-devtools-v85\4.15.0\selenium-devtools-v85-4.15.0.jar;C:\Users\Raghav_Pareek\.m2\repository\org\seleniumhq\selenium\selenium-edge-driver\4.15.0\selenium-edge-driver-4.15.0.jar;C:\Users\Raghav_Pareek\.m2\repository\org\seleniumhq\selenium\selenium-firefox-driver\4.15.0\selenium-firefox-driver-4.15.0.jar;C:\Users\Raghav_Pareek\.m2\repository\org\seleniumhq\selenium\selenium-http\4.15.0\selenium-http-4.15.0.jar;C:\Users\Raghav_Pareek\.m2\repository\dev\failsafe\failsafe\3.3.2\failsafe-3.3.2.jar;C:\Users\Raghav_Pareek\.m2\repository\org\seleniumhq\selenium\selenium-ie-driver\4.15.0\selenium-ie-driver-4.15.0.jar;C:\Users\Raghav_Pareek\.m2\repository\org\seleniumhq\selenium\selenium-remote-driver\4.15.0\selenium-remote-driver-4.15.0.jar;C:\Users\Raghav_Pareek\.m2\repository\com\google\guava\guava\32.1.2-jre\guava-32.1.2-jre.jar;C:\Users\Raghav_Pareek\.m2\repository\com\google\guava\failureaccess\1.0.1\failureaccess-1.0.1.jar;C:\Users\Raghav_Pareek\.m2\repository\com\google\guava\listenablefuture\9999.0-empty-to-avoid-conflict-with-guava\listenablefuture-9999.0-empty-to-avoid-conflict-with-guava.jar;C:\Users\Raghav_Pareek\.m2\repository\com\google\code\findbugs\jsr305\3.0.2\jsr305-3.0.2.jar;C:\Users\Raghav_Pareek\.m2\repository\org\checkerframework\checker-qual\3.33.0\checker-qual-3.33.0.jar;C:\Users\Raghav_Pareek\.m2\repository\com\google\errorprone\error_prone_annotations\2.18.0\error_prone_annotations-2.18.0.jar;C:\Users\Raghav_Pareek\.m2\repository\com\google\j2objc\j2objc-annotations\2.8\j2objc-annotations-2.8.jar;C:\Users\Raghav_Pareek\.m2\repository\io\opentelemetry\opentelemetry-api\1.28.0\opentelemetry-api-1.28.0.jar;C:\Users\Raghav_Pareek\.m2\repository\io\opentelemetry\opentelemetry-context\1.28.0\opentelemetry-context-1.28.0.jar;C:\Users\Raghav_Pareek\.m2\repository\io\opentelemetry\opentelemetry-exporter-logging\1.28.0\opentelemetry-exporter-logging-1.28.0.jar;C:\Users\Raghav_Pareek\.m2\repository\io\opentelemetry\opentelemetry-sdk-metrics\1.28.0\opentelemetry-sdk-metrics-1.28.0.jar;C:\Users\Raghav_Pareek\.m2\repository\io\opentelemetry\opentelemetry-extension-incubator\1.28.0-alpha\opentelemetry-extension-incubator-1.28.0-alpha.jar;C:\Users\Raghav_Pareek\.m2\repository\io\opentelemetry\opentelemetry-sdk-logs\1.28.0\opentelemetry-sdk-logs-1.28.0.jar;C:\Users\Raghav_Pareek\.m2\repository\io\opentelemetry\opentelemetry-sdk-common\1.28.0\opentelemetry-sdk-common-1.28.0.jar;C:\Users\Raghav_Pareek\.m2\repository\io\opentelemetry\opentelemetry-sdk-extension-autoconfigure-spi\1.28.0\opentelemetry-sdk-extension-autoconfigure-spi-1.28.0.jar;C:\Users\Raghav_Pareek\.m2\repository\io\opentelemetry\opentelemetry-sdk-extension-autoconfigure\1.28.0\opentelemetry-sdk-extension-autoconfigure-1.28.0.jar;C:\Users\Raghav_Pareek\.m2\repository\io\opentelemetry\opentelemetry-api-events\1.28.0-alpha\opentelemetry-api-events-1.28.0-alpha.jar;C:\Users\Raghav_Pareek\.m2\repository\io\opentelemetry\opentelemetry-sdk-trace\1.28.0\opentelemetry-sdk-trace-1.28.0.jar;C:\Users\Raghav_Pareek\.m2\repository\io\opentelemetry\opentelemetry-sdk\1.28.0\opentelemetry-sdk-1.28.0.jar;C:\Users\Raghav_Pareek\.m2\repository\io\opentelemetry\opentelemetry-semconv\1.28.0-alpha\opentelemetry-semconv-1.28.0-alpha.jar;C:\Users\Raghav_Pareek\.m2\repository\net\bytebuddy\byte-buddy\1.14.5\byte-buddy-1.14.5.jar;C:\Users\Raghav_Pareek\.m2\repository\org\seleniumhq\selenium\selenium-os\4.15.0\selenium-os-4.15.0.jar;C:\Users\Raghav_Pareek\.m2\repository\org\apache\commons\commons-exec\1.3\commons-exec-1.3.jar;C:\Users\Raghav_Pareek\.m2\repository\org\seleniumhq\selenium\selenium-safari-driver\4.15.0\selenium-safari-driver-4.15.0.jar;C:\Users\Raghav_Pareek\.m2\repository\org\seleniumhq\selenium\selenium-support\4.15.0\selenium-support-4.15.0.jar;C:\Users\Raghav_Pareek\.m2\repository\io\github\bonigarcia\webdrivermanager\5.6.2\webdrivermanager-5.6.2.jar;C:\Users\Raghav_Pareek\.m2\repository\com\google\code\gson\gson\2.10.1\gson-2.10.1.jar;C:\Users\Raghav_Pareek\.m2\repository\com\github\docker-java\docker-java\3.3.4\docker-java-3.3.4.jar;C:\Users\Raghav_Pareek\.m2\repository\com\github\docker-java\docker-java-core\3.3.4\docker-java-core-3.3.4.jar;C:\Users\Raghav_Pareek\.m2\repository\com\github\docker-java\docker-java-api\3.3.4\docker-java-api-3.3.4.jar;C:\Users\Raghav_Pareek\.m2\repository\com\fasterxml\jackson\core\jackson-annotations\2.10.3\jackson-annotations-2.10.3.jar;C:\Users\Raghav_Pareek\.m2\repository\com\fasterxml\jackson\core\jackson-databind\2.10.3\jackson-databind-2.10.3.jar;C:\Users\Raghav_Pareek\.m2\repository\com\fasterxml\jackson\core\jackson-core\2.10.3\jackson-core-2.10.3.jar;C:\Users\Raghav_Pareek\.m2\repository\org\bouncycastle\bcpkix-jdk18on\1.76\bcpkix-jdk18on-1.76.jar;C:\Users\Raghav_Pareek\.m2\repository\org\bouncycastle\bcprov-jdk18on\1.76\bcprov-jdk18on-1.76.jar;C:\Users\Raghav_Pareek\.m2\repository\org\bouncycastle\bcutil-jdk18on\1.76\bcutil-jdk18on-1.76.jar;C:\Users\Raghav_Pareek\.m2\repository\org\slf4j\jcl-over-slf4j\1.7.30\jcl-over-slf4j-1.7.30.jar;C:\Users\Raghav_Pareek\.m2\repository\com\github\docker-java\docker-java-transport-httpclient5\3.3.4\docker-java-transport-httpclient5-3.3.4.jar;C:\Users\Raghav_Pareek\.m2\repository\com\github\docker-java\docker-java-transport\3.3.4\docker-java-transport-3.3.4.jar;C:\Users\Raghav_Pareek\.m2\repository\net\java\dev\jna\jna\5.13.0\jna-5.13.0.jar;C:\Users\Raghav_Pareek\.m2\repository\org\brotli\dec\0.1.2\dec-0.1.2.jar;C:\Users\Raghav_Pareek\.m2\repository\org\apache\commons\commons-lang3\3.13.0\commons-lang3-3.13.0.jar;C:\Users\Raghav_Pareek\.m2\repository\org\apache\commons\commons-compress\1.24.0\commons-compress-1.24.0.jar;C:\Users\Raghav_Pareek\.m2\repository\org\apache\httpcomponents\client5\httpclient5\5.2.1\httpclient5-5.2.1.jar;C:\Users\Raghav_Pareek\.m2\repository\org\apache\httpcomponents\core5\httpcore5\5.2\httpcore5-5.2.jar;C:\Users\Raghav_Pareek\.m2\repository\org\apache\httpcomponents\core5\httpcore5-h2\5.2\httpcore5-h2-5.2.jar;C:\Users\Raghav_Pareek\.m2\repository\org\testng\testng\7.9.0\testng-7.9.0.jar;C:\Users\Raghav_Pareek\.m2\repository\com\beust\jcommander\1.82\jcommander-1.82.jar;C:\Users\Raghav_Pareek\.m2\repository\org\webjars\jquery\3.7.1\jquery-3.7.1.jar;C:\Users\Raghav_Pareek\.m2\repository\io\rest-assured\rest-assured\5.4.0\rest-assured-5.4.0.jar;C:\Users\Raghav_Pareek\.m2\repository\org\apache\groovy\groovy\4.0.16\groovy-4.0.16.jar;C:\Users\Raghav_Pareek\.m2\repository\org\apache\groovy\groovy-xml\4.0.16\groovy-xml-4.0.16.jar;C:\Users\Raghav_Pareek\.m2\repository\org\apache\httpcomponents\httpclient\4.5.13\httpclient-4.5.13.jar;C:\Users\Raghav_Pareek\.m2\repository\org\apache\httpcomponents\httpcore\4.4.13\httpcore-4.4.13.jar;C:\Users\Raghav_Pareek\.m2\repository\commons-logging\commons-logging\1.2\commons-logging-1.2.jar;C:\Users\Raghav_Pareek\.m2\repository\org\apache\httpcomponents\httpmime\4.5.13\httpmime-4.5.13.jar;C:\Users\Raghav_Pareek\.m2\repository\org\hamcrest\hamcrest\2.2\hamcrest-2.2.jar;C:\Users\Raghav_Pareek\.m2\repository\org\ccil\cowan\tagsoup\tagsoup\1.2.1\tagsoup-1.2.1.jar;C:\Users\Raghav_Pareek\.m2\repository\io\rest-assured\json-path\5.4.0\json-path-5.4.0.jar;C:\Users\Raghav_Pareek\.m2\repository\org\apache\groovy\groovy-json\4.0.16\groovy-json-4.0.16.jar;C:\Users\Raghav_Pareek\.m2\repository\io\rest-assured\rest-assured-common\5.4.0\rest-assured-common-5.4.0.jar;C:\Users\Raghav_Pareek\.m2\repository\io\rest-assured\xml-path\5.4.0\xml-path-5.4.0.jar;C:\Users\Raghav_Pareek\.m2\repository\com\aventstack\extentreports\5.1.1\extentreports-5.1.1.jar;C:\Users\Raghav_Pareek\.m2\repository\io\reactivex\rxjava3\rxjava\3.1.6\rxjava-3.1.6.jar;C:\Users\Raghav_Pareek\.m2\repository\org\reactivestreams\reactive-streams\1.0.4\reactive-streams-1.0.4.jar;C:\Users\Raghav_Pareek\.m2\repository\org\freemarker\freemarker\2.3.32\freemarker-2.3.32.jar;C:\Users\Raghav_Pareek\.m2\repository\org\projectlombok\lombok\1.18.26\lombok-1.18.26.jar;C:\Users\Raghav_Pareek\.m2\repository\com\aventstack\extentreports-testng-adapter\1.0.6\extentreports-testng-adapter-1.0.6.jar;C:\Users\Raghav_Pareek\.m2\repository\org\mongodb\mongodb-driver\3.3.0\mongodb-driver-3.3.0.jar;C:\Users\Raghav_Pareek\.m2\repository\org\mongodb\bson\3.3.0\bson-3.3.0.jar;C:\Users\Raghav_Pareek\.m2\repository\org\mongodb\mongodb-driver-core\3.3.0\mongodb-driver-core-3.3.0.jar;C:\Users\Raghav_Pareek\.m2\repository\org\apache\poi\poi\5.2.5\poi-5.2.5.jar;C:\Users\Raghav_Pareek\.m2\repository\commons-codec\commons-codec\1.16.0\commons-codec-1.16.0.jar;C:\Users\Raghav_Pareek\.m2\repository\org\apache\commons\commons-collections4\4.4\commons-collections4-4.4.jar;C:\Users\Raghav_Pareek\.m2\repository\org\apache\commons\commons-math3\3.6.1\commons-math3-3.6.1.jar;C:\Users\Raghav_Pareek\.m2\repository\com\zaxxer\SparseBitSet\1.3\SparseBitSet-1.3.jar;C:\Users\Raghav_Pareek\.m2\repository\org\apache\logging\log4j\log4j-api\2.21.1\log4j-api-2.21.1.jar;C:\Users\Raghav_Pareek\.m2\repository\org\apache\poi\poi-ooxml\5.2.5\poi-ooxml-5.2.5.jar;C:\Users\Raghav_Pareek\.m2\repository\org\apache\poi\poi-ooxml-lite\5.2.5\poi-ooxml-lite-5.2.5.jar;C:\Users\Raghav_Pareek\.m2\repository\com\github\virtuald\curvesapi\1.08\curvesapi-1.08.jar;C:\Users\Raghav_Pareek\.m2\repository\commons-io\commons-io\2.12.0\commons-io-2.12.0.jar;C:\Users\Raghav_Pareek\.m2\repository\org\jfree\jfreechart\1.5.3\jfreechart-1.5.3.jar;C:\Users\Raghav_Pareek\.m2\repository\commons-collections\commons-collections\3.2.2\commons-collections-3.2.2.jar;C:\Users\Raghav_Pareek\.m2\repository\org\apache\xmlbeans\xmlbeans\5.1.1\xmlbeans-5.1.1.jar;C:\Users\Raghav_Pareek\.m2\repository\org\slf4j\slf4j-api\2.0.9\slf4j-api-2.0.9.jar;C:\Users\Raghav_Pareek\.m2\repository\ch\qos\logback\logback-classic\1.4.11\logback-classic-1.4.11.jar;C:\Users\Raghav_Pareek\.m2\repository\ch\qos\logback\logback-core\1.4.11\logback-core-1.4.11.jar;C:\Users\Raghav_Pareek\.m2\repository\org\apache\logging\log4j\log4j-core\2.20.0\log4j-core-2.20.0.jar;C:\Users\Raghav_Pareek\.m2\repository\com\github\javafaker\javafaker\1.0.2\javafaker-1.0.2.jar;C:\Users\Raghav_Pareek\.m2\repository\org\yaml\snakeyaml\1.23\snakeyaml-1.23-android.jar;C:\Users\Raghav_Pareek\.m2\repository\com\github\mifmif\generex\1.0.2\generex-1.0.2.jar;C:\Users\Raghav_Pareek\.m2\repository\dk\brics\automaton\automaton\1.11-8\automaton-1.11-8.jar;"/>
    <property name="java.vm.vendor" value="Eclipse Adoptium"/>
    <property name="sun.arch.data.model" value="64"/>
    <property name="user.variant" value=""/>
    <property name="java.vendor.url" value="https://adoptium.net/"/>
    <property name="user.timezone" value="Asia/Calcutta"/>
    <property name="os.name" value="Windows 11"/>
    <property name="java.vm.specification.version" value="17"/>
    <property name="sun.java.launcher" value="SUN_STANDARD"/>
    <property name="user.country" value="IN"/>
    <property name="sun.boot.library.path" value="C:\Program Files\Eclipse Adoptium\jdk-17.0.16.8-hotspot\bin"/>
    <property name="sun.java.command" value="C:\Users\Raghav_Pareek\AppData\Local\Temp\surefire2800613479433509112\surefirebooter-20250902143323341_3.jar C:\Users\Raghav_Pareek\AppData\Local\Temp\surefire2800613479433509112 2025-09-02T14-33-22_890-jvmRun1 surefire-20250902143323341_1tmp surefire_0-20250902143323341_2tmp"/>
    <property name="jdk.debug" value="release"/>
    <property name="surefire.test.class.path" value="C:\Users\Raghav_Pareek\Desktop\Hybrid_Automation\PetStoreAutomation\target\test-classes;C:\Users\Raghav_Pareek\Desktop\Hybrid_Automation\PetStoreAutomation\target\classes;C:\Users\Raghav_Pareek\.m2\repository\org\seleniumhq\selenium\selenium-java\4.15.0\selenium-java-4.15.0.jar;C:\Users\Raghav_Pareek\.m2\repository\org\seleniumhq\selenium\selenium-api\4.15.0\selenium-api-4.15.0.jar;C:\Users\Raghav_Pareek\.m2\repository\org\seleniumhq\selenium\selenium-chrome-driver\4.15.0\selenium-chrome-driver-4.15.0.jar;C:\Users\Raghav_Pareek\.m2\repository\com\google\auto\service\auto-service-annotations\1.1.1\auto-service-annotations-1.1.1.jar;C:\Users\Raghav_Pareek\.m2\repository\org\seleniumhq\selenium\selenium-chromium-driver\4.15.0\selenium-chromium-driver-4.15.0.jar;C:\Users\Raghav_Pareek\.m2\repository\org\seleniumhq\selenium\selenium-json\4.15.0\selenium-json-4.15.0.jar;C:\Users\Raghav_Pareek\.m2\repository\org\seleniumhq\selenium\selenium-manager\4.15.0\selenium-manager-4.15.0.jar;C:\Users\Raghav_Pareek\.m2\repository\org\seleniumhq\selenium\selenium-devtools-v117\4.15.0\selenium-devtools-v117-4.15.0.jar;C:\Users\Raghav_Pareek\.m2\repository\org\seleniumhq\selenium\selenium-devtools-v118\4.15.0\selenium-devtools-v118-4.15.0.jar;C:\Users\Raghav_Pareek\.m2\repository\org\seleniumhq\selenium\selenium-devtools-v119\4.15.0\selenium-devtools-v119-4.15.0.jar;C:\Users\Raghav_Pareek\.m2\repository\org\seleniumhq\selenium\selenium-devtools-v85\4.15.0\selenium-devtools-v85-4.15.0.jar;C:\Users\Raghav_Pareek\.m2\repository\org\seleniumhq\selenium\selenium-edge-driver\4.15.0\selenium-edge-driver-4.15.0.jar;C:\Users\Raghav_Pareek\.m2\repository\org\seleniumhq\selenium\selenium-firefox-driver\4.15.0\selenium-firefox-driver-4.15.0.jar;C:\Users\Raghav_Pareek\.m2\repository\org\seleniumhq\selenium\selenium-http\4.15.0\selenium-http-4.15.0.jar;C:\Users\Raghav_Pareek\.m2\repository\dev\failsafe\failsafe\3.3.2\failsafe-3.3.2.jar;C:\Users\Raghav_Pareek\.m2\repository\org\seleniumhq\selenium\selenium-ie-driver\4.15.0\selenium-ie-driver-4.15.0.jar;C:\Users\Raghav_Pareek\.m2\repository\org\seleniumhq\selenium\selenium-remote-driver\4.15.0\selenium-remote-driver-4.15.0.jar;C:\Users\Raghav_Pareek\.m2\repository\com\google\guava\guava\32.1.2-jre\guava-32.1.2-jre.jar;C:\Users\Raghav_Pareek\.m2\repository\com\google\guava\failureaccess\1.0.1\failureaccess-1.0.1.jar;C:\Users\Raghav_Pareek\.m2\repository\com\google\guava\listenablefuture\9999.0-empty-to-avoid-conflict-with-guava\listenablefuture-9999.0-empty-to-avoid-conflict-with-guava.jar;C:\Users\Raghav_Pareek\.m2\repository\com\google\code\findbugs\jsr305\3.0.2\jsr305-3.0.2.jar;C:\Users\Raghav_Pareek\.m2\repository\org\checkerframework\checker-qual\3.33.0\checker-qual-3.33.0.jar;C:\Users\Raghav_Pareek\.m2\repository\com\google\errorprone\error_prone_annotations\2.18.0\error_prone_annotations-2.18.0.jar;C:\Users\Raghav_Pareek\.m2\repository\com\google\j2objc\j2objc-annotations\2.8\j2objc-annotations-2.8.jar;C:\Users\Raghav_Pareek\.m2\repository\io\opentelemetry\opentelemetry-api\1.28.0\opentelemetry-api-1.28.0.jar;C:\Users\Raghav_Pareek\.m2\repository\io\opentelemetry\opentelemetry-context\1.28.0\opentelemetry-context-1.28.0.jar;C:\Users\Raghav_Pareek\.m2\repository\io\opentelemetry\opentelemetry-exporter-logging\1.28.0\opentelemetry-exporter-logging-1.28.0.jar;C:\Users\Raghav_Pareek\.m2\repository\io\opentelemetry\opentelemetry-sdk-metrics\1.28.0\opentelemetry-sdk-metrics-1.28.0.jar;C:\Users\Raghav_Pareek\.m2\repository\io\opentelemetry\opentelemetry-extension-incubator\1.28.0-alpha\opentelemetry-extension-incubator-1.28.0-alpha.jar;C:\Users\Raghav_Pareek\.m2\repository\io\opentelemetry\opentelemetry-sdk-logs\1.28.0\opentelemetry-sdk-logs-1.28.0.jar;C:\Users\Raghav_Pareek\.m2\repository\io\opentelemetry\opentelemetry-sdk-common\1.28.0\opentelemetry-sdk-common-1.28.0.jar;C:\Users\Raghav_Pareek\.m2\repository\io\opentelemetry\opentelemetry-sdk-extension-autoconfigure-spi\1.28.0\opentelemetry-sdk-extension-autoconfigure-spi-1.28.0.jar;C:\Users\Raghav_Pareek\.m2\repository\io\opentelemetry\opentelemetry-sdk-extension-autoconfigure\1.28.0\opentelemetry-sdk-extension-autoconfigure-1.28.0.jar;C:\Users\Raghav_Pareek\.m2\repository\io\opentelemetry\opentelemetry-api-events\1.28.0-alpha\opentelemetry-api-events-1.28.0-alpha.jar;C:\Users\Raghav_Pareek\.m2\repository\io\opentelemetry\opentelemetry-sdk-trace\1.28.0\opentelemetry-sdk-trace-1.28.0.jar;C:\Users\Raghav_Pareek\.m2\repository\io\opentelemetry\opentelemetry-sdk\1.28.0\opentelemetry-sdk-1.28.0.jar;C:\Users\Raghav_Pareek\.m2\repository\io\opentelemetry\opentelemetry-semconv\1.28.0-alpha\opentelemetry-semconv-1.28.0-alpha.jar;C:\Users\Raghav_Pareek\.m2\repository\net\bytebuddy\byte-buddy\1.14.5\byte-buddy-1.14.5.jar;C:\Users\Raghav_Pareek\.m2\repository\org\seleniumhq\selenium\selenium-os\4.15.0\selenium-os-4.15.0.jar;C:\Users\Raghav_Pareek\.m2\repository\org\apache\commons\commons-exec\1.3\commons-exec-1.3.jar;C:\Users\Raghav_Pareek\.m2\repository\org\seleniumhq\selenium\selenium-safari-driver\4.15.0\selenium-safari-driver-4.15.0.jar;C:\Users\Raghav_Pareek\.m2\repository\org\seleniumhq\selenium\selenium-support\4.15.0\selenium-support-4.15.0.jar;C:\Users\Raghav_Pareek\.m2\repository\io\github\bonigarcia\webdrivermanager\5.6.2\webdrivermanager-5.6.2.jar;C:\Users\Raghav_Pareek\.m2\repository\com\google\code\gson\gson\2.10.1\gson-2.10.1.jar;C:\Users\Raghav_Pareek\.m2\repository\com\github\docker-java\docker-java\3.3.4\docker-java-3.3.4.jar;C:\Users\Raghav_Pareek\.m2\repository\com\github\docker-java\docker-java-core\3.3.4\docker-java-core-3.3.4.jar;C:\Users\Raghav_Pareek\.m2\repository\com\github\docker-java\docker-java-api\3.3.4\docker-java-api-3.3.4.jar;C:\Users\Raghav_Pareek\.m2\repository\com\fasterxml\jackson\core\jackson-annotations\2.10.3\jackson-annotations-2.10.3.jar;C:\Users\Raghav_Pareek\.m2\repository\com\fasterxml\jackson\core\jackson-databind\2.10.3\jackson-databind-2.10.3.jar;C:\Users\Raghav_Pareek\.m2\repository\com\fasterxml\jackson\core\jackson-core\2.10.3\jackson-core-2.10.3.jar;C:\Users\Raghav_Pareek\.m2\repository\org\bouncycastle\bcpkix-jdk18on\1.76\bcpkix-jdk18on-1.76.jar;C:\Users\Raghav_Pareek\.m2\repository\org\bouncycastle\bcprov-jdk18on\1.76\bcprov-jdk18on-1.76.jar;C:\Users\Raghav_Pareek\.m2\repository\org\bouncycastle\bcutil-jdk18on\1.76\bcutil-jdk18on-1.76.jar;C:\Users\Raghav_Pareek\.m2\repository\org\slf4j\jcl-over-slf4j\1.7.30\jcl-over-slf4j-1.7.30.jar;C:\Users\Raghav_Pareek\.m2\repository\com\github\docker-java\docker-java-transport-httpclient5\3.3.4\docker-java-transport-httpclient5-3.3.4.jar;C:\Users\Raghav_Pareek\.m2\repository\com\github\docker-java\docker-java-transport\3.3.4\docker-java-transport-3.3.4.jar;C:\Users\Raghav_Pareek\.m2\repository\net\java\dev\jna\jna\5.13.0\jna-5.13.0.jar;C:\Users\Raghav_Pareek\.m2\repository\org\brotli\dec\0.1.2\dec-0.1.2.jar;C:\Users\Raghav_Pareek\.m2\repository\org\apache\commons\commons-lang3\3.13.0\commons-lang3-3.13.0.jar;C:\Users\Raghav_Pareek\.m2\repository\org\apache\commons\commons-compress\1.24.0\commons-compress-1.24.0.jar;C:\Users\Raghav_Pareek\.m2\repository\org\apache\httpcomponents\client5\httpclient5\5.2.1\httpclient5-5.2.1.jar;C:\Users\Raghav_Pareek\.m2\repository\org\apache\httpcomponents\core5\httpcore5\5.2\httpcore5-5.2.jar;C:\Users\Raghav_Pareek\.m2\repository\org\apache\httpcomponents\core5\httpcore5-h2\5.2\httpcore5-h2-5.2.jar;C:\Users\Raghav_Pareek\.m2\repository\org\testng\testng\7.9.0\testng-7.9.0.jar;C:\Users\Raghav_Pareek\.m2\repository\com\beust\jcommander\1.82\jcommander-1.82.jar;C:\Users\Raghav_Pareek\.m2\repository\org\webjars\jquery\3.7.1\jquery-3.7.1.jar;C:\Users\Raghav_Pareek\.m2\repository\io\rest-assured\rest-assured\5.4.0\rest-assured-5.4.0.jar;C:\Users\Raghav_Pareek\.m2\repository\org\apache\groovy\groovy\4.0.16\groovy-4.0.16.jar;C:\Users\Raghav_Pareek\.m2\repository\org\apache\groovy\groovy-xml\4.0.16\groovy-xml-4.0.16.jar;C:\Users\Raghav_Pareek\.m2\repository\org\apache\httpcomponents\httpclient\4.5.13\httpclient-4.5.13.jar;C:\Users\Raghav_Pareek\.m2\repository\org\apache\httpcomponents\httpcore\4.4.13\httpcore-4.4.13.jar;C:\Users\Raghav_Pareek\.m2\repository\commons-logging\commons-logging\1.2\commons-logging-1.2.jar;C:\Users\Raghav_Pareek\.m2\repository\org\apache\httpcomponents\httpmime\4.5.13\httpmime-4.5.13.jar;C:\Users\Raghav_Pareek\.m2\repository\org\hamcrest\hamcrest\2.2\hamcrest-2.2.jar;C:\Users\Raghav_Pareek\.m2\repository\org\ccil\cowan\tagsoup\tagsoup\1.2.1\tagsoup-1.2.1.jar;C:\Users\Raghav_Pareek\.m2\repository\io\rest-assured\json-path\5.4.0\json-path-5.4.0.jar;C:\Users\Raghav_Pareek\.m2\repository\org\apache\groovy\groovy-json\4.0.16\groovy-json-4.0.16.jar;C:\Users\Raghav_Pareek\.m2\repository\io\rest-assured\rest-assured-common\5.4.0\rest-assured-common-5.4.0.jar;C:\Users\Raghav_Pareek\.m2\repository\io\rest-assured\xml-path\5.4.0\xml-path-5.4.0.jar;C:\Users\Raghav_Pareek\.m2\repository\com\aventstack\extentreports\5.1.1\extentreports-5.1.1.jar;C:\Users\Raghav_Pareek\.m2\repository\io\reactivex\rxjava3\rxjava\3.1.6\rxjava-3.1.6.jar;C:\Users\Raghav_Pareek\.m2\repository\org\reactivestreams\reactive-streams\1.0.4\reactive-streams-1.0.4.jar;C:\Users\Raghav_Pareek\.m2\repository\org\freemarker\freemarker\2.3.32\freemarker-2.3.32.jar;C:\Users\Raghav_Pareek\.m2\repository\org\projectlombok\lombok\1.18.26\lombok-1.18.26.jar;C:\Users\Raghav_Pareek\.m2\repository\com\aventstack\extentreports-testng-adapter\1.0.6\extentreports-testng-adapter-1.0.6.jar;C:\Users\Raghav_Pareek\.m2\repository\org\mongodb\mongodb-driver\3.3.0\mongodb-driver-3.3.0.jar;C:\Users\Raghav_Pareek\.m2\repository\org\mongodb\bson\3.3.0\bson-3.3.0.jar;C:\Users\Raghav_Pareek\.m2\repository\org\mongodb\mongodb-driver-core\3.3.0\mongodb-driver-core-3.3.0.jar;C:\Users\Raghav_Pareek\.m2\repository\org\apache\poi\poi\5.2.5\poi-5.2.5.jar;C:\Users\Raghav_Pareek\.m2\repository\commons-codec\commons-codec\1.16.0\commons-codec-1.16.0.jar;C:\Users\Raghav_Pareek\.m2\repository\org\apache\commons\commons-collections4\4.4\commons-collections4-4.4.jar;C:\Users\Raghav_Pareek\.m2\repository\org\apache\commons\commons-math3\3.6.1\commons-math3-3.6.1.jar;C:\Users\Raghav_Pareek\.m2\repository\com\zaxxer\SparseBitSet\1.3\SparseBitSet-1.3.jar;C:\Users\Raghav_Pareek\.m2\repository\org\apache\logging\log4j\log4j-api\2.21.1\log4j-api-2.21.1.jar;C:\Users\Raghav_Pareek\.m2\repository\org\apache\poi\poi-ooxml\5.2.5\poi-ooxml-5.2.5.jar;C:\Users\Raghav_Pareek\.m2\repository\org\apache\poi\poi-ooxml-lite\5.2.5\poi-ooxml-lite-5.2.5.jar;C:\Users\Raghav_Pareek\.m2\repository\com\github\virtuald\curvesapi\1.08\curvesapi-1.08.jar;C:\Users\Raghav_Pareek\.m2\repository\commons-io\commons-io\2.12.0\commons-io-2.12.0.jar;C:\Users\Raghav_Pareek\.m2\repository\org\jfree\jfreechart\1.5.3\jfreechart-1.5.3.jar;C:\Users\Raghav_Pareek\.m2\repository\commons-collections\commons-collections\3.2.2\commons-collections-3.2.2.jar;C:\Users\Raghav_Pareek\.m2\repository\org\apache\xmlbeans\xmlbeans\5.1.1\xmlbeans-5.1.1.jar;C:\Users\Raghav_Pareek\.m2\repository\org\slf4j\slf4j-api\2.0.9\slf4j-api-2.0.9.jar;C:\Users\Raghav_Pareek\.m2\repository\ch\qos\logback\logback-classic\1.4.11\logback-classic-1.4.11.jar;C:\Users\Raghav_Pareek\.m2\repository\ch\qos\logback\logback-core\1.4.11\logback-core-1.4.11.jar;C:\Users\Raghav_Pareek\.m2\repository\org\apache\logging\log4j\log4j-core\2.20.0\log4j-core-2.20.0.jar;C:\Users\Raghav_Pareek\.m2\repository\com\github\javafaker\javafaker\1.0.2\javafaker-1.0.2.jar;C:\Users\Raghav_Pareek\.m2\repository\org\yaml\snakeyaml\1.23\snakeyaml-1.23-android.jar;C:\Users\Raghav_Pareek\.m2\repository\com\github\mifmif\generex\1.0.2\generex-1.0.2.jar;C:\Users\Raghav_Pareek\.m2\repository\dk\brics\automaton\automaton\1.11-8\automaton-1.11-8.jar;"/>
    <property name="sun.cpu.endian" value="little"/>
    <property name="user.home" value="C:\Users\Raghav_Pareek"/>
    <property name="user.language" value="en"/>
    <property name="java.specification.vendor" value="Oracle Corporation"/>
    <property name="java.version.date" value="2025-07-15"/>
    <property name="java.home" value="C:\Program Files\Eclipse Adoptium\jdk-17.0.16.8-hotspot"/>
    <property name="file.separator" value="\"/>
    <property name="basedir" value="C:\Users\Raghav_Pareek\Desktop\Hybrid_Automation\PetStoreAutomation"/>
    <property name="java.vm.compressedOopsMode" value="Zero based"/>
    <property name="line.separator" value="&#10;"/>
    <property name="java.vm.specification.vendor" value="Oracle Corporation"/>
    <property name="java.specification.name" value="Java Platform API Specification"/>
    <property name="surefire.real.class.path" value="C:\Users\Raghav_Pareek\AppData\Local\Temp\surefire2800613479433509112\surefirebooter-20250902143323341_3.jar"/>
    <property name="user.script" value=""/>
    <property name="sun.management.compiler" value="HotSpot 64-Bit Tiered Compilers"/>
    <property name="java.runtime.version" value="17.0.16+8"/>
    <property name="user.name" value="Raghav_Pareek"/>
    <property name="path.separator" value=";"/>
    <property name="os.version" value="10.0"/>
    <property name="java.runtime.name" value="OpenJDK Runtime Environment"/>
    <property name="file.encoding" value="Cp1252"/>
    <property name="java.vm.name" value="OpenJDK 64-Bit Server VM"/>
    <property name="java.vendor.version" value="Temurin-17.0.16+8"/>
    <property name="localRepository" value="C:\Users\Raghav_Pareek\.m2\repository"/>
    <property name="java.vendor.url.bug" value="https://github.com/adoptium/adoptium-support/issues"/>
    <property name="java.io.tmpdir" value="C:\Users\RAGHAV~1\AppData\Local\Temp\"/>
    <property name="java.version" value="17.0.16"/>
    <property name="user.dir" value="C:\Users\Raghav_Pareek\Desktop\Hybrid_Automation\PetStoreAutomation"/>
    <property name="os.arch" value="amd64"/>
    <property name="java.vm.specification.name" value="Java Virtual Machine Specification"/>
    <property name="sun.os.patch.level" value=""/>
    <property name="native.encoding" value="Cp1252"/>
    <property name="java.library.path" value="C:\Program Files\Eclipse Adoptium\jdk-17.0.16.8-hotspot\bin;C:\WINDOWS\Sun\Java\bin;C:\WINDOWS\system32;C:\WINDOWS;C:\Program Files\Eclipse Adoptium\jdk-17.0.16.8-hotspot\bin;C:\WINDOWS\system32;C:\WINDOWS;C:\WINDOWS\System32\Wbem;C:\WINDOWS\System32\WindowsPowerShell\v1.0\;C:\WINDOWS\System32\OpenSSH\;C:\Users\Raghav_Pareek\Downloads\apache-maven-3.9.11-bin\apache-maven-3.9.11\bin;C:\Program Files\Git\cmd;C:\Program Files\nodejs\;C:\Users\Raghav_Pareek\AppData\Local\Microsoft\WindowsApps;C:\Users\Raghav_Pareek\AppData\Local\Programs\cursor\resources\app\bin;C:\Users\Raghav_Pareek\AppData\Roaming\npm;."/>
    <property name="java.vm.info" value="mixed mode, sharing"/>
    <property name="java.vendor" value="Eclipse Adoptium"/>
    <property name="java.vm.version" value="17.0.16+8"/>
    <property name="java.specification.maintenance.version" value="1"/>
    <property name="sun.io.unicode.encoding" value="UnicodeLittle"/>
    <property name="java.class.version" value="61.0"/>
  </properties>
  <testcase name="testPostUser" classname="api.test.UserTests" time="5.618">
    <system-out><![CDATA[14:33:24.589 [main] DEBUG org.testng.TestNG -- suiteXmlPath: "C:\Users\Raghav_Pareek\Desktop\Hybrid_Automation\PetStoreAutomation\testng.xml"
[2025-09-02 14:33:27] [INFO] UserTests - >>> Test user created with username: user5445
[2025-09-02 14:33:27] [INFO] UserTests - Sending request to create user: user5445
14:33:31.192 [main] DEBUG org.apache.http.impl.conn.BasicClientConnectionManager -- Get connection for route {s}->https://petstore.swagger.io:443
14:33:31.296 [main] DEBUG org.apache.http.impl.conn.DefaultClientConnectionOperator -- Connecting to petstore.swagger.io:443
14:33:32.565 [main] DEBUG org.apache.http.client.protocol.RequestAddCookies -- CookieSpec selected: ignoreCookies
14:33:32.569 [main] DEBUG org.apache.http.client.protocol.RequestAuthCache -- Auth cache not set in the context
14:33:32.571 [main] DEBUG org.apache.http.client.protocol.RequestTargetAuthentication -- Target auth state: UNCHALLENGED
14:33:32.572 [main] DEBUG org.apache.http.client.protocol.RequestProxyAuthentication -- Proxy auth state: UNCHALLENGED
14:33:32.574 [main] DEBUG org.apache.http.impl.client.DefaultHttpClient -- Attempt 1 to execute request
14:33:32.574 [main] DEBUG org.apache.http.impl.conn.DefaultClientConnection -- Sending request: POST /v2/user HTTP/1.1
14:33:32.576 [main] DEBUG org.apache.http.wire --  >> "POST /v2/user HTTP/1.1[\r][\n]"
14:33:32.578 [main] DEBUG org.apache.http.wire --  >> "Accept: application/json, application/javascript, text/javascript, text/json[\r][\n]"
14:33:32.579 [main] DEBUG org.apache.http.wire --  >> "Content-Type: application/json[\r][\n]"
14:33:32.579 [main] DEBUG org.apache.http.wire --  >> "Content-Length: 179[\r][\n]"
14:33:32.579 [main] DEBUG org.apache.http.wire --  >> "Host: petstore.swagger.io[\r][\n]"
14:33:32.580 [main] DEBUG org.apache.http.wire --  >> "Connection: Keep-Alive[\r][\n]"
14:33:32.580 [main] DEBUG org.apache.http.wire --  >> "User-Agent: Apache-HttpClient/4.5.13 (Java/17.0.16)[\r][\n]"
14:33:32.580 [main] DEBUG org.apache.http.wire --  >> "Accept-Encoding: gzip,deflate[\r][\n]"
14:33:32.580 [main] DEBUG org.apache.http.wire --  >> "[\r][\n]"
14:33:32.580 [main] DEBUG org.apache.http.headers -- >> POST /v2/user HTTP/1.1
14:33:32.581 [main] DEBUG org.apache.http.headers -- >> Accept: application/json, application/javascript, text/javascript, text/json
14:33:32.581 [main] DEBUG org.apache.http.headers -- >> Content-Type: application/json
14:33:32.581 [main] DEBUG org.apache.http.headers -- >> Content-Length: 179
14:33:32.581 [main] DEBUG org.apache.http.headers -- >> Host: petstore.swagger.io
14:33:32.582 [main] DEBUG org.apache.http.headers -- >> Connection: Keep-Alive
14:33:32.582 [main] DEBUG org.apache.http.headers -- >> User-Agent: Apache-HttpClient/4.5.13 (Java/17.0.16)
14:33:32.582 [main] DEBUG org.apache.http.headers -- >> Accept-Encoding: gzip,deflate
14:33:32.583 [main] DEBUG org.apache.http.wire --  >> "{"id":75155,"username":"user5445","firstName":"Eugenio","lastName":"Wintheiser","email":"latoyia.hand@yahoo.com","password":"8ovwg01wnshg","phone":"1-101-054-4900","userStatus":1}"
14:33:32.840 [main] DEBUG org.apache.http.wire --  << "HTTP/1.1 200 OK[\r][\n]"
14:33:32.844 [main] DEBUG org.apache.http.wire --  << "Date: Tue, 02 Sep 2025 09:03:32 GMT[\r][\n]"
14:33:32.844 [main] DEBUG org.apache.http.wire --  << "Content-Type: application/json[\r][\n]"
14:33:32.844 [main] DEBUG org.apache.http.wire --  << "Transfer-Encoding: chunked[\r][\n]"
14:33:32.844 [main] DEBUG org.apache.http.wire --  << "Connection: keep-alive[\r][\n]"
14:33:32.845 [main] DEBUG org.apache.http.wire --  << "Access-Control-Allow-Origin: *[\r][\n]"
14:33:32.845 [main] DEBUG org.apache.http.wire --  << "Access-Control-Allow-Methods: GET, POST, DELETE, PUT[\r][\n]"
14:33:32.846 [main] DEBUG org.apache.http.wire --  << "Access-Control-Allow-Headers: Content-Type, api_key, Authorization[\r][\n]"
14:33:32.846 [main] DEBUG org.apache.http.wire --  << "Server: Jetty(9.2.9.v20150224)[\r][\n]"
14:33:32.846 [main] DEBUG org.apache.http.wire --  << "[\r][\n]"
14:33:32.848 [main] DEBUG org.apache.http.impl.conn.DefaultClientConnection -- Receiving response: HTTP/1.1 200 OK
14:33:32.848 [main] DEBUG org.apache.http.headers -- << HTTP/1.1 200 OK
14:33:32.849 [main] DEBUG org.apache.http.headers -- << Date: Tue, 02 Sep 2025 09:03:32 GMT
14:33:32.849 [main] DEBUG org.apache.http.headers -- << Content-Type: application/json
14:33:32.849 [main] DEBUG org.apache.http.headers -- << Transfer-Encoding: chunked
14:33:32.850 [main] DEBUG org.apache.http.headers -- << Connection: keep-alive
14:33:32.850 [main] DEBUG org.apache.http.headers -- << Access-Control-Allow-Origin: *
14:33:32.850 [main] DEBUG org.apache.http.headers -- << Access-Control-Allow-Methods: GET, POST, DELETE, PUT
14:33:32.850 [main] DEBUG org.apache.http.headers -- << Access-Control-Allow-Headers: Content-Type, api_key, Authorization
14:33:32.850 [main] DEBUG org.apache.http.headers -- << Server: Jetty(9.2.9.v20150224)
14:33:32.865 [main] DEBUG org.apache.http.impl.client.DefaultHttpClient -- Connection can be kept alive indefinitely
14:33:32.879 [main] DEBUG io.restassured.internal.RestAssuredHttpBuilder -- Parsing response as: application/json
14:33:32.879 [main] DEBUG io.restassured.internal.RestAssuredHttpBuilder -- Parsed data to instance of: class org.apache.http.conn.EofSensorInputStream
14:33:32.976 [main] DEBUG org.apache.http.wire --  << "2f[\r][\n]"
14:33:32.977 [main] DEBUG org.apache.http.wire --  << "{"code":200,"type":"unknown","message":"75155"}"
14:33:32.979 [main] DEBUG org.apache.http.wire --  << "[\r][\n]"
14:33:32.980 [main] DEBUG org.apache.http.wire --  << "0[\r][\n]"
14:33:32.980 [main] DEBUG org.apache.http.wire --  << "[\r][\n]"
14:33:32.980 [main] DEBUG org.apache.http.impl.conn.BasicClientConnectionManager -- Releasing connection org.apache.http.impl.conn.ManagedClientConnectionImpl@6d9ee75a
14:33:32.981 [main] DEBUG org.apache.http.impl.conn.BasicClientConnectionManager -- Connection can be kept alive indefinitely
HTTP/1.1 200 OK
Date: Tue, 02 Sep 2025 09:03:32 GMT
Content-Type: application/json
Transfer-Encoding: chunked
Connection: keep-alive
Access-Control-Allow-Origin: *
Access-Control-Allow-Methods: GET, POST, DELETE, PUT
Access-Control-Allow-Headers: Content-Type, api_key, Authorization
Server: Jetty(9.2.9.v20150224)

{
    "code": 200,
    "type": "unknown",
    "message": "75155"
}
[2025-09-02 14:33:33] [INFO] UserTests - User creation test passed.
]]></system-out>
  </testcase>
  <testcase name="testGetUserByName" classname="api.test.UserTests" time="1.747">
    <system-out><![CDATA[[2025-09-02 14:33:33] [INFO] UserTests - Fetching user by username: user5445
14:33:33.697 [main] DEBUG org.apache.http.impl.conn.BasicClientConnectionManager -- Get connection for route {s}->https://petstore.swagger.io:443
14:33:33.697 [main] DEBUG org.apache.http.impl.conn.DefaultClientConnectionOperator -- Connecting to petstore.swagger.io:443
14:33:34.528 [main] DEBUG org.apache.http.client.protocol.RequestAddCookies -- CookieSpec selected: ignoreCookies
14:33:34.528 [main] DEBUG org.apache.http.client.protocol.RequestAuthCache -- Auth cache not set in the context
14:33:34.529 [main] DEBUG org.apache.http.client.protocol.RequestTargetAuthentication -- Target auth state: UNCHALLENGED
14:33:34.529 [main] DEBUG org.apache.http.client.protocol.RequestProxyAuthentication -- Proxy auth state: UNCHALLENGED
14:33:34.529 [main] DEBUG org.apache.http.impl.client.DefaultHttpClient -- Attempt 1 to execute request
14:33:34.530 [main] DEBUG org.apache.http.impl.conn.DefaultClientConnection -- Sending request: GET /v2/user/user5445 HTTP/1.1
14:33:34.530 [main] DEBUG org.apache.http.wire --  >> "GET /v2/user/user5445 HTTP/1.1[\r][\n]"
14:33:34.530 [main] DEBUG org.apache.http.wire --  >> "Accept: */*[\r][\n]"
14:33:34.530 [main] DEBUG org.apache.http.wire --  >> "Host: petstore.swagger.io[\r][\n]"
14:33:34.531 [main] DEBUG org.apache.http.wire --  >> "Connection: Keep-Alive[\r][\n]"
14:33:34.531 [main] DEBUG org.apache.http.wire --  >> "User-Agent: Apache-HttpClient/4.5.13 (Java/17.0.16)[\r][\n]"
14:33:34.531 [main] DEBUG org.apache.http.wire --  >> "Accept-Encoding: gzip,deflate[\r][\n]"
14:33:34.531 [main] DEBUG org.apache.http.wire --  >> "[\r][\n]"
14:33:34.532 [main] DEBUG org.apache.http.headers -- >> GET /v2/user/user5445 HTTP/1.1
14:33:34.532 [main] DEBUG org.apache.http.headers -- >> Accept: */*
14:33:34.532 [main] DEBUG org.apache.http.headers -- >> Host: petstore.swagger.io
14:33:34.532 [main] DEBUG org.apache.http.headers -- >> Connection: Keep-Alive
14:33:34.532 [main] DEBUG org.apache.http.headers -- >> User-Agent: Apache-HttpClient/4.5.13 (Java/17.0.16)
14:33:34.533 [main] DEBUG org.apache.http.headers -- >> Accept-Encoding: gzip,deflate
14:33:34.813 [main] DEBUG org.apache.http.wire --  << "HTTP/1.1 200 OK[\r][\n]"
14:33:34.814 [main] DEBUG org.apache.http.wire --  << "Date: Tue, 02 Sep 2025 09:03:34 GMT[\r][\n]"
14:33:34.814 [main] DEBUG org.apache.http.wire --  << "Content-Type: application/json[\r][\n]"
14:33:34.814 [main] DEBUG org.apache.http.wire --  << "Transfer-Encoding: chunked[\r][\n]"
14:33:34.815 [main] DEBUG org.apache.http.wire --  << "Connection: keep-alive[\r][\n]"
14:33:34.815 [main] DEBUG org.apache.http.wire --  << "Access-Control-Allow-Origin: *[\r][\n]"
14:33:34.815 [main] DEBUG org.apache.http.wire --  << "Access-Control-Allow-Methods: GET, POST, DELETE, PUT[\r][\n]"
14:33:34.815 [main] DEBUG org.apache.http.wire --  << "Access-Control-Allow-Headers: Content-Type, api_key, Authorization[\r][\n]"
14:33:34.815 [main] DEBUG org.apache.http.wire --  << "Server: Jetty(9.2.9.v20150224)[\r][\n]"
14:33:34.815 [main] DEBUG org.apache.http.wire --  << "[\r][\n]"
14:33:34.817 [main] DEBUG org.apache.http.impl.conn.DefaultClientConnection -- Receiving response: HTTP/1.1 200 OK
14:33:34.817 [main] DEBUG org.apache.http.headers -- << HTTP/1.1 200 OK
14:33:34.817 [main] DEBUG org.apache.http.headers -- << Date: Tue, 02 Sep 2025 09:03:34 GMT
14:33:34.817 [main] DEBUG org.apache.http.headers -- << Content-Type: application/json
14:33:34.817 [main] DEBUG org.apache.http.headers -- << Transfer-Encoding: chunked
14:33:34.817 [main] DEBUG org.apache.http.headers -- << Connection: keep-alive
14:33:34.817 [main] DEBUG org.apache.http.headers -- << Access-Control-Allow-Origin: *
14:33:34.818 [main] DEBUG org.apache.http.headers -- << Access-Control-Allow-Methods: GET, POST, DELETE, PUT
14:33:34.818 [main] DEBUG org.apache.http.headers -- << Access-Control-Allow-Headers: Content-Type, api_key, Authorization
14:33:34.818 [main] DEBUG org.apache.http.headers -- << Server: Jetty(9.2.9.v20150224)
14:33:34.818 [main] DEBUG org.apache.http.impl.client.DefaultHttpClient -- Connection can be kept alive indefinitely
14:33:34.818 [main] DEBUG io.restassured.internal.RestAssuredHttpBuilder -- Parsing response as: application/json
14:33:34.819 [main] DEBUG io.restassured.internal.RestAssuredHttpBuilder -- Parsed data to instance of: class org.apache.http.conn.EofSensorInputStream
14:33:34.821 [main] DEBUG org.apache.http.wire --  << "b3[\r][\n]"
14:33:34.822 [main] DEBUG org.apache.http.wire --  << "{"id":75155,"username":"user5445","firstName":"Eugenio","lastName":"Wintheiser","email":"latoyia.hand@yahoo.com","password":"8ovwg01wnshg","phone":"1-101-054-4900","userStatus":1}"
14:33:34.822 [main] DEBUG org.apache.http.wire --  << "[\r][\n]"
14:33:34.823 [main] DEBUG org.apache.http.wire --  << "0[\r][\n]"
14:33:34.823 [main] DEBUG org.apache.http.wire --  << "[\r][\n]"
14:33:34.824 [main] DEBUG org.apache.http.impl.conn.BasicClientConnectionManager -- Releasing connection org.apache.http.impl.conn.ManagedClientConnectionImpl@3921e96f
14:33:34.824 [main] DEBUG org.apache.http.impl.conn.BasicClientConnectionManager -- Connection can be kept alive indefinitely
HTTP/1.1 200 OK
Date: Tue, 02 Sep 2025 09:03:34 GMT
Content-Type: application/json
Transfer-Encoding: chunked
Connection: keep-alive
Access-Control-Allow-Origin: *
Access-Control-Allow-Methods: GET, POST, DELETE, PUT
Access-Control-Allow-Headers: Content-Type, api_key, Authorization
Server: Jetty(9.2.9.v20150224)

{
    "id": 75155,
    "username": "user5445",
    "firstName": "Eugenio",
    "lastName": "Wintheiser",
    "email": "latoyia.hand@yahoo.com",
    "password": "8ovwg01wnshg",
    "phone": "1-101-054-4900",
    "userStatus": 1
}
[2025-09-02 14:33:34] [INFO] UserTests - User retrieval test passed.
]]></system-out>
  </testcase>
  <testcase name="testUpdateUser" classname="api.test.UserTests" time="2.554">
    <failure message="Updated user not found! expected [200] but found [404]" type="java.lang.AssertionError"><![CDATA[java.lang.AssertionError: Updated user not found! expected [200] but found [404]
	at org.testng.Assert.fail(Assert.java:111)
	at org.testng.Assert.failNotEquals(Assert.java:1578)
	at org.testng.Assert.assertEqualsImpl(Assert.java:150)
	at org.testng.Assert.assertEquals(Assert.java:132)
	at org.testng.Assert.assertEquals(Assert.java:1419)
	at org.testng.Assert.assertEquals(Assert.java:1383)
	at api.test.UserTests.testUpdateUser(UserTests.java:75)
	at java.base/jdk.internal.reflect.NativeMethodAccessorImpl.invoke0(Native Method)
	at java.base/jdk.internal.reflect.NativeMethodAccessorImpl.invoke(NativeMethodAccessorImpl.java:77)
	at java.base/jdk.internal.reflect.DelegatingMethodAccessorImpl.invoke(DelegatingMethodAccessorImpl.java:43)
	at java.base/java.lang.reflect.Method.invoke(Method.java:569)
	at org.testng.internal.invokers.MethodInvocationHelper.invokeMethod(MethodInvocationHelper.java:139)
	at org.testng.internal.invokers.TestInvoker.invokeMethod(TestInvoker.java:664)
	at org.testng.internal.invokers.TestInvoker.invokeTestMethod(TestInvoker.java:228)
	at org.testng.internal.invokers.MethodRunner.runInSequence(MethodRunner.java:63)
	at org.testng.internal.invokers.TestInvoker$MethodInvocationAgent.invoke(TestInvoker.java:961)
	at org.testng.internal.invokers.TestInvoker.invokeTestMethods(TestInvoker.java:201)
	at org.testng.internal.invokers.TestMethodWorker.invokeTestMethods(TestMethodWorker.java:148)
	at org.testng.internal.invokers.TestMethodWorker.run(TestMethodWorker.java:128)
	at java.base/java.util.ArrayList.forEach(ArrayList.java:1511)
	at org.testng.TestRunner.privateRun(TestRunner.java:819)
	at org.testng.TestRunner.run(TestRunner.java:619)
	at org.testng.SuiteRunner.runTest(SuiteRunner.java:443)
	at org.testng.SuiteRunner.runSequentially(SuiteRunner.java:437)
	at org.testng.SuiteRunner.privateRun(SuiteRunner.java:397)
	at org.testng.SuiteRunner.run(SuiteRunner.java:336)
	at org.testng.SuiteRunnerWorker.runSuite(SuiteRunnerWorker.java:52)
	at org.testng.SuiteRunnerWorker.run(SuiteRunnerWorker.java:95)
	at org.testng.TestNG.runSuitesSequentially(TestNG.java:1301)
	at org.testng.TestNG.runSuitesLocally(TestNG.java:1228)
	at org.testng.TestNG.runSuites(TestNG.java:1134)
	at org.testng.TestNG.run(TestNG.java:1101)
	at org.apache.maven.surefire.testng.TestNGExecutor.run(TestNGExecutor.java:308)
	at org.apache.maven.surefire.testng.TestNGXmlTestSuite.execute(TestNGXmlTestSuite.java:71)
	at org.apache.maven.surefire.testng.TestNGProvider.invoke(TestNGProvider.java:113)
	at org.apache.maven.surefire.booter.ForkedBooter.runSuitesInProcess(ForkedBooter.java:385)
	at org.apache.maven.surefire.booter.ForkedBooter.execute(ForkedBooter.java:162)
	at org.apache.maven.surefire.booter.ForkedBooter.run(ForkedBooter.java:507)
	at org.apache.maven.surefire.booter.ForkedBooter.main(ForkedBooter.java:495)
]]></failure>
    <system-out><![CDATA[[2025-09-02 14:33:34] [INFO] UserTests - Updating user: user5445
14:33:34.902 [main] DEBUG org.apache.http.impl.conn.BasicClientConnectionManager -- Get connection for route {s}->https://petstore.swagger.io:443
14:33:34.904 [main] DEBUG org.apache.http.impl.conn.DefaultClientConnectionOperator -- Connecting to petstore.swagger.io:443
14:33:35.822 [main] DEBUG org.apache.http.client.protocol.RequestAddCookies -- CookieSpec selected: ignoreCookies
14:33:35.822 [main] DEBUG org.apache.http.client.protocol.RequestAuthCache -- Auth cache not set in the context
14:33:35.822 [main] DEBUG org.apache.http.client.protocol.RequestTargetAuthentication -- Target auth state: UNCHALLENGED
14:33:35.822 [main] DEBUG org.apache.http.client.protocol.RequestProxyAuthentication -- Proxy auth state: UNCHALLENGED
14:33:35.823 [main] DEBUG org.apache.http.impl.client.DefaultHttpClient -- Attempt 1 to execute request
14:33:35.823 [main] DEBUG org.apache.http.impl.conn.DefaultClientConnection -- Sending request: PUT /v2/user/user5445 HTTP/1.1
14:33:35.823 [main] DEBUG org.apache.http.wire --  >> "PUT /v2/user/user5445 HTTP/1.1[\r][\n]"
14:33:35.824 [main] DEBUG org.apache.http.wire --  >> "Accept: application/json, application/javascript, text/javascript, text/json[\r][\n]"
14:33:35.824 [main] DEBUG org.apache.http.wire --  >> "Content-Type: application/json[\r][\n]"
14:33:35.824 [main] DEBUG org.apache.http.wire --  >> "Content-Length: 175[\r][\n]"
14:33:35.824 [main] DEBUG org.apache.http.wire --  >> "Host: petstore.swagger.io[\r][\n]"
14:33:35.824 [main] DEBUG org.apache.http.wire --  >> "Connection: Keep-Alive[\r][\n]"
14:33:35.824 [main] DEBUG org.apache.http.wire --  >> "User-Agent: Apache-HttpClient/4.5.13 (Java/17.0.16)[\r][\n]"
14:33:35.825 [main] DEBUG org.apache.http.wire --  >> "Accept-Encoding: gzip,deflate[\r][\n]"
14:33:35.825 [main] DEBUG org.apache.http.wire --  >> "[\r][\n]"
14:33:35.825 [main] DEBUG org.apache.http.headers -- >> PUT /v2/user/user5445 HTTP/1.1
14:33:35.825 [main] DEBUG org.apache.http.headers -- >> Accept: application/json, application/javascript, text/javascript, text/json
14:33:35.825 [main] DEBUG org.apache.http.headers -- >> Content-Type: application/json
14:33:35.825 [main] DEBUG org.apache.http.headers -- >> Content-Length: 175
14:33:35.825 [main] DEBUG org.apache.http.headers -- >> Host: petstore.swagger.io
14:33:35.825 [main] DEBUG org.apache.http.headers -- >> Connection: Keep-Alive
14:33:35.825 [main] DEBUG org.apache.http.headers -- >> User-Agent: Apache-HttpClient/4.5.13 (Java/17.0.16)
14:33:35.825 [main] DEBUG org.apache.http.headers -- >> Accept-Encoding: gzip,deflate
14:33:35.825 [main] DEBUG org.apache.http.wire --  >> "{"id":75155,"username":"user5445","firstName":"Eugenio","lastName":"Jones","email":"maida.frami@hotmail.com","password":"uz9b5yvgt2vc1m","phone":"920.273.7630","userStatus":1}"
14:33:36.126 [main] DEBUG org.apache.http.wire --  << "HTTP/1.1 200 OK[\r][\n]"
14:33:36.126 [main] DEBUG org.apache.http.wire --  << "Date: Tue, 02 Sep 2025 09:03:35 GMT[\r][\n]"
14:33:36.126 [main] DEBUG org.apache.http.wire --  << "Content-Type: application/json[\r][\n]"
14:33:36.126 [main] DEBUG org.apache.http.wire --  << "Transfer-Encoding: chunked[\r][\n]"
14:33:36.126 [main] DEBUG org.apache.http.wire --  << "Connection: keep-alive[\r][\n]"
14:33:36.126 [main] DEBUG org.apache.http.wire --  << "Access-Control-Allow-Origin: *[\r][\n]"
14:33:36.126 [main] DEBUG org.apache.http.wire --  << "Access-Control-Allow-Methods: GET, POST, DELETE, PUT[\r][\n]"
14:33:36.127 [main] DEBUG org.apache.http.wire --  << "Access-Control-Allow-Headers: Content-Type, api_key, Authorization[\r][\n]"
14:33:36.127 [main] DEBUG org.apache.http.wire --  << "Server: Jetty(9.2.9.v20150224)[\r][\n]"
14:33:36.127 [main] DEBUG org.apache.http.wire --  << "[\r][\n]"
14:33:36.127 [main] DEBUG org.apache.http.impl.conn.DefaultClientConnection -- Receiving response: HTTP/1.1 200 OK
14:33:36.127 [main] DEBUG org.apache.http.headers -- << HTTP/1.1 200 OK
14:33:36.127 [main] DEBUG org.apache.http.headers -- << Date: Tue, 02 Sep 2025 09:03:35 GMT
14:33:36.128 [main] DEBUG org.apache.http.headers -- << Content-Type: application/json
14:33:36.128 [main] DEBUG org.apache.http.headers -- << Transfer-Encoding: chunked
14:33:36.128 [main] DEBUG org.apache.http.headers -- << Connection: keep-alive
14:33:36.128 [main] DEBUG org.apache.http.headers -- << Access-Control-Allow-Origin: *
14:33:36.129 [main] DEBUG org.apache.http.headers -- << Access-Control-Allow-Methods: GET, POST, DELETE, PUT
14:33:36.129 [main] DEBUG org.apache.http.headers -- << Access-Control-Allow-Headers: Content-Type, api_key, Authorization
14:33:36.129 [main] DEBUG org.apache.http.headers -- << Server: Jetty(9.2.9.v20150224)
14:33:36.129 [main] DEBUG org.apache.http.impl.client.DefaultHttpClient -- Connection can be kept alive indefinitely
14:33:36.130 [main] DEBUG io.restassured.internal.RestAssuredHttpBuilder -- Parsing response as: application/json
14:33:36.130 [main] DEBUG io.restassured.internal.RestAssuredHttpBuilder -- Parsed data to instance of: class org.apache.http.conn.EofSensorInputStream
14:33:36.133 [main] DEBUG org.apache.http.wire --  << "2f[\r][\n]"
14:33:36.133 [main] DEBUG org.apache.http.wire --  << "{"code":200,"type":"unknown","message":"75155"}"
14:33:36.133 [main] DEBUG org.apache.http.wire --  << "[\r][\n]"
14:33:36.134 [main] DEBUG org.apache.http.wire --  << "0[\r][\n]"
14:33:36.134 [main] DEBUG org.apache.http.wire --  << "[\r][\n]"
14:33:36.134 [main] DEBUG org.apache.http.impl.conn.BasicClientConnectionManager -- Releasing connection org.apache.http.impl.conn.ManagedClientConnectionImpl@1d1fd2aa
14:33:36.135 [main] DEBUG org.apache.http.impl.conn.BasicClientConnectionManager -- Connection can be kept alive indefinitely
HTTP/1.1 200 OK
Date: Tue, 02 Sep 2025 09:03:35 GMT
Content-Type: application/json
Transfer-Encoding: chunked
Connection: keep-alive
Access-Control-Allow-Origin: *
Access-Control-Allow-Methods: GET, POST, DELETE, PUT
Access-Control-Allow-Headers: Content-Type, api_key, Authorization
Server: Jetty(9.2.9.v20150224)

{
    "code": 200,
    "type": "unknown",
    "message": "75155"
}
[2025-09-02 14:33:36] [INFO] UserTests - User update request successful.
14:33:36.173 [main] DEBUG org.apache.http.impl.conn.BasicClientConnectionManager -- Get connection for route {s}->https://petstore.swagger.io:443
14:33:36.174 [main] DEBUG org.apache.http.impl.conn.DefaultClientConnectionOperator -- Connecting to petstore.swagger.io:443
14:33:36.985 [main] DEBUG org.apache.http.client.protocol.RequestAddCookies -- CookieSpec selected: ignoreCookies
14:33:36.986 [main] DEBUG org.apache.http.client.protocol.RequestAuthCache -- Auth cache not set in the context
14:33:36.986 [main] DEBUG org.apache.http.client.protocol.RequestTargetAuthentication -- Target auth state: UNCHALLENGED
14:33:36.986 [main] DEBUG org.apache.http.client.protocol.RequestProxyAuthentication -- Proxy auth state: UNCHALLENGED
14:33:36.987 [main] DEBUG org.apache.http.impl.client.DefaultHttpClient -- Attempt 1 to execute request
14:33:36.987 [main] DEBUG org.apache.http.impl.conn.DefaultClientConnection -- Sending request: GET /v2/user/user5445 HTTP/1.1
14:33:36.987 [main] DEBUG org.apache.http.wire --  >> "GET /v2/user/user5445 HTTP/1.1[\r][\n]"
14:33:36.988 [main] DEBUG org.apache.http.wire --  >> "Accept: */*[\r][\n]"
14:33:36.988 [main] DEBUG org.apache.http.wire --  >> "Host: petstore.swagger.io[\r][\n]"
14:33:36.988 [main] DEBUG org.apache.http.wire --  >> "Connection: Keep-Alive[\r][\n]"
14:33:36.988 [main] DEBUG org.apache.http.wire --  >> "User-Agent: Apache-HttpClient/4.5.13 (Java/17.0.16)[\r][\n]"
14:33:36.989 [main] DEBUG org.apache.http.wire --  >> "Accept-Encoding: gzip,deflate[\r][\n]"
14:33:36.990 [main] DEBUG org.apache.http.wire --  >> "[\r][\n]"
14:33:36.991 [main] DEBUG org.apache.http.headers -- >> GET /v2/user/user5445 HTTP/1.1
14:33:36.991 [main] DEBUG org.apache.http.headers -- >> Accept: */*
14:33:36.991 [main] DEBUG org.apache.http.headers -- >> Host: petstore.swagger.io
14:33:36.992 [main] DEBUG org.apache.http.headers -- >> Connection: Keep-Alive
14:33:36.992 [main] DEBUG org.apache.http.headers -- >> User-Agent: Apache-HttpClient/4.5.13 (Java/17.0.16)
14:33:36.992 [main] DEBUG org.apache.http.headers -- >> Accept-Encoding: gzip,deflate
14:33:37.355 [main] DEBUG org.apache.http.wire --  << "HTTP/1.1 404 Not Found[\r][\n]"
14:33:37.355 [main] DEBUG org.apache.http.wire --  << "Date: Tue, 02 Sep 2025 09:03:36 GMT[\r][\n]"
14:33:37.355 [main] DEBUG org.apache.http.wire --  << "Content-Type: application/json[\r][\n]"
14:33:37.355 [main] DEBUG org.apache.http.wire --  << "Transfer-Encoding: chunked[\r][\n]"
14:33:37.356 [main] DEBUG org.apache.http.wire --  << "Connection: keep-alive[\r][\n]"
14:33:37.356 [main] DEBUG org.apache.http.wire --  << "Access-Control-Allow-Origin: *[\r][\n]"
14:33:37.356 [main] DEBUG org.apache.http.wire --  << "Access-Control-Allow-Methods: GET, POST, DELETE, PUT[\r][\n]"
14:33:37.356 [main] DEBUG org.apache.http.wire --  << "Access-Control-Allow-Headers: Content-Type, api_key, Authorization[\r][\n]"
14:33:37.356 [main] DEBUG org.apache.http.wire --  << "Server: Jetty(9.2.9.v20150224)[\r][\n]"
14:33:37.356 [main] DEBUG org.apache.http.wire --  << "[\r][\n]"
14:33:37.356 [main] DEBUG org.apache.http.impl.conn.DefaultClientConnection -- Receiving response: HTTP/1.1 404 Not Found
14:33:37.356 [main] DEBUG org.apache.http.headers -- << HTTP/1.1 404 Not Found
14:33:37.357 [main] DEBUG org.apache.http.headers -- << Date: Tue, 02 Sep 2025 09:03:36 GMT
14:33:37.357 [main] DEBUG org.apache.http.headers -- << Content-Type: application/json
14:33:37.357 [main] DEBUG org.apache.http.headers -- << Transfer-Encoding: chunked
14:33:37.357 [main] DEBUG org.apache.http.headers -- << Connection: keep-alive
14:33:37.357 [main] DEBUG org.apache.http.headers -- << Access-Control-Allow-Origin: *
14:33:37.357 [main] DEBUG org.apache.http.headers -- << Access-Control-Allow-Methods: GET, POST, DELETE, PUT
14:33:37.357 [main] DEBUG org.apache.http.headers -- << Access-Control-Allow-Headers: Content-Type, api_key, Authorization
14:33:37.357 [main] DEBUG org.apache.http.headers -- << Server: Jetty(9.2.9.v20150224)
14:33:37.357 [main] DEBUG org.apache.http.impl.client.DefaultHttpClient -- Connection can be kept alive indefinitely
14:33:37.358 [main] DEBUG io.restassured.internal.RestAssuredHttpBuilder -- Parsing response as: application/json
14:33:37.358 [main] DEBUG io.restassured.internal.RestAssuredHttpBuilder -- Parsed data to instance of: class org.apache.http.conn.EofSensorInputStream
14:33:37.359 [main] DEBUG org.apache.http.wire --  << "34[\r][\n]"
14:33:37.360 [main] DEBUG org.apache.http.wire --  << "{"code":1,"type":"error","message":"User not found"}"
14:33:37.360 [main] DEBUG org.apache.http.wire --  << "[\r][\n]"
14:33:37.361 [main] DEBUG org.apache.http.wire --  << "0[\r][\n]"
14:33:37.361 [main] DEBUG org.apache.http.wire --  << "[\r][\n]"
14:33:37.361 [main] DEBUG org.apache.http.impl.conn.BasicClientConnectionManager -- Releasing connection org.apache.http.impl.conn.ManagedClientConnectionImpl@54033a65
14:33:37.361 [main] DEBUG org.apache.http.impl.conn.BasicClientConnectionManager -- Connection can be kept alive indefinitely
HTTP/1.1 404 Not Found
Date: Tue, 02 Sep 2025 09:03:36 GMT
Content-Type: application/json
Transfer-Encoding: chunked
Connection: keep-alive
Access-Control-Allow-Origin: *
Access-Control-Allow-Methods: GET, POST, DELETE, PUT
Access-Control-Allow-Headers: Content-Type, api_key, Authorization
Server: Jetty(9.2.9.v20150224)

{
    "code": 1,
    "type": "error",
    "message": "User not found"
}
]]></system-out>
  </testcase>
  <testcase name="testDeleteUser" classname="api.test.UserTests" time="0.0">
    <skipped message="Method api.test.UserTests.testDeleteUser() on instance api.test.UserTests@f001896 depends on not successfully finished methods &#10;[api.test.UserTests.testUpdateUser() on instance api.test.UserTests@f001896]"/>
  </testcase>
  <testcase name="testPostUser" classname="api.test.UserTests2" time="2.512">
    <system-out><![CDATA[[2025-09-02 14:33:37] [INFO] UserTests2 - >>> Test user created with username: user9626
[2025-09-02 14:33:37] [INFO] UserTests2 - Sending request to create user: user9626
14:33:37.575 [main] DEBUG org.apache.http.impl.conn.BasicClientConnectionManager -- Get connection for route {s}->https://petstore.swagger.io:443
14:33:37.576 [main] DEBUG org.apache.http.impl.conn.DefaultClientConnectionOperator -- Connecting to petstore.swagger.io:443
14:33:39.615 [main] DEBUG org.apache.http.client.protocol.RequestAddCookies -- CookieSpec selected: ignoreCookies
14:33:39.615 [main] DEBUG org.apache.http.client.protocol.RequestAuthCache -- Auth cache not set in the context
14:33:39.615 [main] DEBUG org.apache.http.client.protocol.RequestTargetAuthentication -- Target auth state: UNCHALLENGED
14:33:39.616 [main] DEBUG org.apache.http.client.protocol.RequestProxyAuthentication -- Proxy auth state: UNCHALLENGED
14:33:39.616 [main] DEBUG org.apache.http.impl.client.DefaultHttpClient -- Attempt 1 to execute request
14:33:39.616 [main] DEBUG org.apache.http.impl.conn.DefaultClientConnection -- Sending request: POST /v2/user HTTP/1.1
14:33:39.616 [main] DEBUG org.apache.http.wire --  >> "POST /v2/user HTTP/1.1[\r][\n]"
14:33:39.616 [main] DEBUG org.apache.http.wire --  >> "Accept: application/json, application/javascript, text/javascript, text/json[\r][\n]"
14:33:39.616 [main] DEBUG org.apache.http.wire --  >> "Content-Type: application/json[\r][\n]"
14:33:39.617 [main] DEBUG org.apache.http.wire --  >> "Content-Length: 176[\r][\n]"
14:33:39.617 [main] DEBUG org.apache.http.wire --  >> "Host: petstore.swagger.io[\r][\n]"
14:33:39.617 [main] DEBUG org.apache.http.wire --  >> "Connection: Keep-Alive[\r][\n]"
14:33:39.617 [main] DEBUG org.apache.http.wire --  >> "User-Agent: Apache-HttpClient/4.5.13 (Java/17.0.16)[\r][\n]"
14:33:39.618 [main] DEBUG org.apache.http.wire --  >> "Accept-Encoding: gzip,deflate[\r][\n]"
14:33:39.618 [main] DEBUG org.apache.http.wire --  >> "[\r][\n]"
14:33:39.618 [main] DEBUG org.apache.http.headers -- >> POST /v2/user HTTP/1.1
14:33:39.618 [main] DEBUG org.apache.http.headers -- >> Accept: application/json, application/javascript, text/javascript, text/json
14:33:39.618 [main] DEBUG org.apache.http.headers -- >> Content-Type: application/json
14:33:39.619 [main] DEBUG org.apache.http.headers -- >> Content-Length: 176
14:33:39.619 [main] DEBUG org.apache.http.headers -- >> Host: petstore.swagger.io
14:33:39.619 [main] DEBUG org.apache.http.headers -- >> Connection: Keep-Alive
14:33:39.619 [main] DEBUG org.apache.http.headers -- >> User-Agent: Apache-HttpClient/4.5.13 (Java/17.0.16)
14:33:39.619 [main] DEBUG org.apache.http.headers -- >> Accept-Encoding: gzip,deflate
14:33:39.620 [main] DEBUG org.apache.http.wire --  >> "{"id":48281,"username":"user9626","firstName":"Hyo","lastName":"Schmeler","email":"renita.hayes@hotmail.com","password":"bcycqjlvzsadj","phone":"(628) 253-6526","userStatus":1}"
14:33:40.019 [main] DEBUG org.apache.http.wire --  << "HTTP/1.1 200 OK[\r][\n]"
14:33:40.019 [main] DEBUG org.apache.http.wire --  << "Date: Tue, 02 Sep 2025 09:03:39 GMT[\r][\n]"
14:33:40.020 [main] DEBUG org.apache.http.wire --  << "Content-Type: application/json[\r][\n]"
14:33:40.020 [main] DEBUG org.apache.http.wire --  << "Transfer-Encoding: chunked[\r][\n]"
14:33:40.020 [main] DEBUG org.apache.http.wire --  << "Connection: keep-alive[\r][\n]"
14:33:40.020 [main] DEBUG org.apache.http.wire --  << "Access-Control-Allow-Origin: *[\r][\n]"
14:33:40.020 [main] DEBUG org.apache.http.wire --  << "Access-Control-Allow-Methods: GET, POST, DELETE, PUT[\r][\n]"
14:33:40.021 [main] DEBUG org.apache.http.wire --  << "Access-Control-Allow-Headers: Content-Type, api_key, Authorization[\r][\n]"
14:33:40.021 [main] DEBUG org.apache.http.wire --  << "Server: Jetty(9.2.9.v20150224)[\r][\n]"
14:33:40.021 [main] DEBUG org.apache.http.wire --  << "[\r][\n]"
14:33:40.021 [main] DEBUG org.apache.http.impl.conn.DefaultClientConnection -- Receiving response: HTTP/1.1 200 OK
14:33:40.021 [main] DEBUG org.apache.http.headers -- << HTTP/1.1 200 OK
14:33:40.021 [main] DEBUG org.apache.http.headers -- << Date: Tue, 02 Sep 2025 09:03:39 GMT
14:33:40.021 [main] DEBUG org.apache.http.headers -- << Content-Type: application/json
14:33:40.022 [main] DEBUG org.apache.http.headers -- << Transfer-Encoding: chunked
14:33:40.022 [main] DEBUG org.apache.http.headers -- << Connection: keep-alive
14:33:40.022 [main] DEBUG org.apache.http.headers -- << Access-Control-Allow-Origin: *
14:33:40.022 [main] DEBUG org.apache.http.headers -- << Access-Control-Allow-Methods: GET, POST, DELETE, PUT
14:33:40.022 [main] DEBUG org.apache.http.headers -- << Access-Control-Allow-Headers: Content-Type, api_key, Authorization
14:33:40.022 [main] DEBUG org.apache.http.headers -- << Server: Jetty(9.2.9.v20150224)
14:33:40.023 [main] DEBUG org.apache.http.impl.client.DefaultHttpClient -- Connection can be kept alive indefinitely
14:33:40.023 [main] DEBUG io.restassured.internal.RestAssuredHttpBuilder -- Parsing response as: application/json
14:33:40.023 [main] DEBUG io.restassured.internal.RestAssuredHttpBuilder -- Parsed data to instance of: class org.apache.http.conn.EofSensorInputStream
14:33:40.025 [main] DEBUG org.apache.http.wire --  << "2f[\r][\n]"
14:33:40.025 [main] DEBUG org.apache.http.wire --  << "{"code":200,"type":"unknown","message":"48281"}"
14:33:40.025 [main] DEBUG org.apache.http.wire --  << "[\r][\n]"
14:33:40.025 [main] DEBUG org.apache.http.wire --  << "0[\r][\n]"
14:33:40.026 [main] DEBUG org.apache.http.wire --  << "[\r][\n]"
14:33:40.026 [main] DEBUG org.apache.http.impl.conn.BasicClientConnectionManager -- Releasing connection org.apache.http.impl.conn.ManagedClientConnectionImpl@3a70acd5
14:33:40.026 [main] DEBUG org.apache.http.impl.conn.BasicClientConnectionManager -- Connection can be kept alive indefinitely
HTTP/1.1 200 OK
Date: Tue, 02 Sep 2025 09:03:39 GMT
Content-Type: application/json
Transfer-Encoding: chunked
Connection: keep-alive
Access-Control-Allow-Origin: *
Access-Control-Allow-Methods: GET, POST, DELETE, PUT
Access-Control-Allow-Headers: Content-Type, api_key, Authorization
Server: Jetty(9.2.9.v20150224)

{
    "code": 200,
    "type": "unknown",
    "message": "48281"
}
[2025-09-02 14:33:40] [INFO] UserTests2 - User creation test passed.
]]></system-out>
  </testcase>
  <testcase name="testGetUserByName" classname="api.test.UserTests2" time="1.551">
    <failure message="User not found after creation! expected [200] but found [404]" type="java.lang.AssertionError"><![CDATA[java.lang.AssertionError: User not found after creation! expected [200] but found [404]
	at org.testng.Assert.fail(Assert.java:111)
	at org.testng.Assert.failNotEquals(Assert.java:1578)
	at org.testng.Assert.assertEqualsImpl(Assert.java:150)
	at org.testng.Assert.assertEquals(Assert.java:132)
	at org.testng.Assert.assertEquals(Assert.java:1419)
	at org.testng.Assert.assertEquals(Assert.java:1383)
	at api.test.UserTests2.testGetUserByName(UserTests2.java:53)
	at java.base/jdk.internal.reflect.NativeMethodAccessorImpl.invoke0(Native Method)
	at java.base/jdk.internal.reflect.NativeMethodAccessorImpl.invoke(NativeMethodAccessorImpl.java:77)
	at java.base/jdk.internal.reflect.DelegatingMethodAccessorImpl.invoke(DelegatingMethodAccessorImpl.java:43)
	at java.base/java.lang.reflect.Method.invoke(Method.java:569)
	at org.testng.internal.invokers.MethodInvocationHelper.invokeMethod(MethodInvocationHelper.java:139)
	at org.testng.internal.invokers.TestInvoker.invokeMethod(TestInvoker.java:664)
	at org.testng.internal.invokers.TestInvoker.invokeTestMethod(TestInvoker.java:228)
	at org.testng.internal.invokers.MethodRunner.runInSequence(MethodRunner.java:63)
	at org.testng.internal.invokers.TestInvoker$MethodInvocationAgent.invoke(TestInvoker.java:961)
	at org.testng.internal.invokers.TestInvoker.invokeTestMethods(TestInvoker.java:201)
	at org.testng.internal.invokers.TestMethodWorker.invokeTestMethods(TestMethodWorker.java:148)
	at org.testng.internal.invokers.TestMethodWorker.run(TestMethodWorker.java:128)
	at java.base/java.util.ArrayList.forEach(ArrayList.java:1511)
	at org.testng.TestRunner.privateRun(TestRunner.java:819)
	at org.testng.TestRunner.run(TestRunner.java:619)
	at org.testng.SuiteRunner.runTest(SuiteRunner.java:443)
	at org.testng.SuiteRunner.runSequentially(SuiteRunner.java:437)
	at org.testng.SuiteRunner.privateRun(SuiteRunner.java:397)
	at org.testng.SuiteRunner.run(SuiteRunner.java:336)
	at org.testng.SuiteRunnerWorker.runSuite(SuiteRunnerWorker.java:52)
	at org.testng.SuiteRunnerWorker.run(SuiteRunnerWorker.java:95)
	at org.testng.TestNG.runSuitesSequentially(TestNG.java:1301)
	at org.testng.TestNG.runSuitesLocally(TestNG.java:1228)
	at org.testng.TestNG.runSuites(TestNG.java:1134)
	at org.testng.TestNG.run(TestNG.java:1101)
	at org.apache.maven.surefire.testng.TestNGExecutor.run(TestNGExecutor.java:308)
	at org.apache.maven.surefire.testng.TestNGXmlTestSuite.execute(TestNGXmlTestSuite.java:71)
	at org.apache.maven.surefire.testng.TestNGProvider.invoke(TestNGProvider.java:113)
	at org.apache.maven.surefire.booter.ForkedBooter.runSuitesInProcess(ForkedBooter.java:385)
	at org.apache.maven.surefire.booter.ForkedBooter.execute(ForkedBooter.java:162)
	at org.apache.maven.surefire.booter.ForkedBooter.run(ForkedBooter.java:507)
	at org.apache.maven.surefire.booter.ForkedBooter.main(ForkedBooter.java:495)
]]></failure>
    <system-out><![CDATA[[2025-09-02 14:33:40] [INFO] UserTests2 - Fetching user by username: user9626
14:33:40.060 [main] DEBUG org.apache.http.impl.conn.BasicClientConnectionManager -- Get connection for route {s}->https://petstore.swagger.io:443
14:33:40.061 [main] DEBUG org.apache.http.impl.conn.DefaultClientConnectionOperator -- Connecting to petstore.swagger.io:443
14:33:41.253 [main] DEBUG org.apache.http.client.protocol.RequestAddCookies -- CookieSpec selected: ignoreCookies
14:33:41.253 [main] DEBUG org.apache.http.client.protocol.RequestAuthCache -- Auth cache not set in the context
14:33:41.253 [main] DEBUG org.apache.http.client.protocol.RequestTargetAuthentication -- Target auth state: UNCHALLENGED
14:33:41.253 [main] DEBUG org.apache.http.client.protocol.RequestProxyAuthentication -- Proxy auth state: UNCHALLENGED
14:33:41.253 [main] DEBUG org.apache.http.impl.client.DefaultHttpClient -- Attempt 1 to execute request
14:33:41.253 [main] DEBUG org.apache.http.impl.conn.DefaultClientConnection -- Sending request: GET /v2/user/user9626 HTTP/1.1
14:33:41.253 [main] DEBUG org.apache.http.wire --  >> "GET /v2/user/user9626 HTTP/1.1[\r][\n]"
14:33:41.254 [main] DEBUG org.apache.http.wire --  >> "Accept: */*[\r][\n]"
14:33:41.254 [main] DEBUG org.apache.http.wire --  >> "Host: petstore.swagger.io[\r][\n]"
14:33:41.254 [main] DEBUG org.apache.http.wire --  >> "Connection: Keep-Alive[\r][\n]"
14:33:41.254 [main] DEBUG org.apache.http.wire --  >> "User-Agent: Apache-HttpClient/4.5.13 (Java/17.0.16)[\r][\n]"
14:33:41.254 [main] DEBUG org.apache.http.wire --  >> "Accept-Encoding: gzip,deflate[\r][\n]"
14:33:41.254 [main] DEBUG org.apache.http.wire --  >> "[\r][\n]"
14:33:41.254 [main] DEBUG org.apache.http.headers -- >> GET /v2/user/user9626 HTTP/1.1
14:33:41.254 [main] DEBUG org.apache.http.headers -- >> Accept: */*
14:33:41.255 [main] DEBUG org.apache.http.headers -- >> Host: petstore.swagger.io
14:33:41.255 [main] DEBUG org.apache.http.headers -- >> Connection: Keep-Alive
14:33:41.255 [main] DEBUG org.apache.http.headers -- >> User-Agent: Apache-HttpClient/4.5.13 (Java/17.0.16)
14:33:41.255 [main] DEBUG org.apache.http.headers -- >> Accept-Encoding: gzip,deflate
14:33:41.562 [main] DEBUG org.apache.http.wire --  << "HTTP/1.1 404 Not Found[\r][\n]"
14:33:41.562 [main] DEBUG org.apache.http.wire --  << "Date: Tue, 02 Sep 2025 09:03:40 GMT[\r][\n]"
14:33:41.563 [main] DEBUG org.apache.http.wire --  << "Content-Type: application/json[\r][\n]"
14:33:41.563 [main] DEBUG org.apache.http.wire --  << "Transfer-Encoding: chunked[\r][\n]"
14:33:41.563 [main] DEBUG org.apache.http.wire --  << "Connection: keep-alive[\r][\n]"
14:33:41.563 [main] DEBUG org.apache.http.wire --  << "Access-Control-Allow-Origin: *[\r][\n]"
14:33:41.563 [main] DEBUG org.apache.http.wire --  << "Access-Control-Allow-Methods: GET, POST, DELETE, PUT[\r][\n]"
14:33:41.563 [main] DEBUG org.apache.http.wire --  << "Access-Control-Allow-Headers: Content-Type, api_key, Authorization[\r][\n]"
14:33:41.563 [main] DEBUG org.apache.http.wire --  << "Server: Jetty(9.2.9.v20150224)[\r][\n]"
14:33:41.563 [main] DEBUG org.apache.http.wire --  << "[\r][\n]"
14:33:41.563 [main] DEBUG org.apache.http.impl.conn.DefaultClientConnection -- Receiving response: HTTP/1.1 404 Not Found
14:33:41.565 [main] DEBUG org.apache.http.headers -- << HTTP/1.1 404 Not Found
14:33:41.565 [main] DEBUG org.apache.http.headers -- << Date: Tue, 02 Sep 2025 09:03:40 GMT
14:33:41.565 [main] DEBUG org.apache.http.headers -- << Content-Type: application/json
14:33:41.565 [main] DEBUG org.apache.http.headers -- << Transfer-Encoding: chunked
14:33:41.565 [main] DEBUG org.apache.http.headers -- << Connection: keep-alive
14:33:41.565 [main] DEBUG org.apache.http.headers -- << Access-Control-Allow-Origin: *
14:33:41.566 [main] DEBUG org.apache.http.headers -- << Access-Control-Allow-Methods: GET, POST, DELETE, PUT
14:33:41.566 [main] DEBUG org.apache.http.headers -- << Access-Control-Allow-Headers: Content-Type, api_key, Authorization
14:33:41.566 [main] DEBUG org.apache.http.headers -- << Server: Jetty(9.2.9.v20150224)
14:33:41.566 [main] DEBUG org.apache.http.impl.client.DefaultHttpClient -- Connection can be kept alive indefinitely
14:33:41.569 [main] DEBUG io.restassured.internal.RestAssuredHttpBuilder -- Parsing response as: application/json
14:33:41.569 [main] DEBUG io.restassured.internal.RestAssuredHttpBuilder -- Parsed data to instance of: class org.apache.http.conn.EofSensorInputStream
14:33:41.571 [main] DEBUG org.apache.http.wire --  << "34[\r][\n]"
14:33:41.571 [main] DEBUG org.apache.http.wire --  << "{"code":1,"type":"error","message":"User not found"}"
14:33:41.571 [main] DEBUG org.apache.http.wire --  << "[\r][\n]"
14:33:41.571 [main] DEBUG org.apache.http.wire --  << "0[\r][\n]"
14:33:41.571 [main] DEBUG org.apache.http.wire --  << "[\r][\n]"
14:33:41.572 [main] DEBUG org.apache.http.impl.conn.BasicClientConnectionManager -- Releasing connection org.apache.http.impl.conn.ManagedClientConnectionImpl@63bb719d
14:33:41.572 [main] DEBUG org.apache.http.impl.conn.BasicClientConnectionManager -- Connection can be kept alive indefinitely
HTTP/1.1 404 Not Found
Date: Tue, 02 Sep 2025 09:03:40 GMT
Content-Type: application/json
Transfer-Encoding: chunked
Connection: keep-alive
Access-Control-Allow-Origin: *
Access-Control-Allow-Methods: GET, POST, DELETE, PUT
Access-Control-Allow-Headers: Content-Type, api_key, Authorization
Server: Jetty(9.2.9.v20150224)

{
    "code": 1,
    "type": "error",
    "message": "User not found"
}
]]></system-out>
  </testcase>
  <testcase name="testUpdateUser" classname="api.test.UserTests2" time="0.0">
    <skipped message="Method api.test.UserTests2.testUpdateUser() on instance api.test.UserTests2@2a7686a7 depends on not successfully finished methods &#10;[api.test.UserTests2.testGetUserByName() on instance api.test.UserTests2@2a7686a7]"/>
  </testcase>
  <testcase name="testDeleteUser" classname="api.test.UserTests2" time="0.0">
    <skipped message="Method api.test.UserTests2.testDeleteUser() on instance api.test.UserTests2@2a7686a7 depends on not successfully finished methods &#10;[api.test.UserTests2.testUpdateUser() on instance api.test.UserTests2@2a7686a7]"/>
  </testcase>
  <testcase name="testPostUser[10001, raghavdesai10001, Raghav, Desai, raghav.desai10001@example.com, Ra@10001!De, +919102628290, 1](1)" classname="api.test.DDTests" time="1.215">
    <system-out><![CDATA[14:33:42.694 [Finalizer] DEBUG org.apache.http.impl.conn.DefaultClientConnection -- Connection 0.0.0.0:63388<->34.195.39.161:443 closed
14:33:42.697 [Finalizer] DEBUG org.apache.http.impl.conn.DefaultClientConnection -- Connection 0.0.0.0:63387<->34.195.39.161:443 closed
14:33:42.699 [Finalizer] DEBUG org.apache.http.impl.conn.DefaultClientConnection -- Connection 0.0.0.0:63391<->34.195.39.161:443 closed
14:33:42.701 [Finalizer] DEBUG org.apache.http.impl.conn.DefaultClientConnection -- Connection 0.0.0.0:63390<->34.195.39.161:443 closed
14:33:42.704 [Finalizer] DEBUG org.apache.http.impl.conn.DefaultClientConnection -- Connection 0.0.0.0:63389<->34.195.39.161:443 closed
14:33:43.779 [main] DEBUG org.apache.http.impl.conn.BasicClientConnectionManager -- Get connection for route {s}->https://petstore.swagger.io:443
14:33:43.779 [main] DEBUG org.apache.http.impl.conn.DefaultClientConnectionOperator -- Connecting to petstore.swagger.io:443
14:33:44.628 [main] DEBUG org.apache.http.client.protocol.RequestAddCookies -- CookieSpec selected: ignoreCookies
14:33:44.629 [main] DEBUG org.apache.http.client.protocol.RequestAuthCache -- Auth cache not set in the context
14:33:44.629 [main] DEBUG org.apache.http.client.protocol.RequestTargetAuthentication -- Target auth state: UNCHALLENGED
14:33:44.629 [main] DEBUG org.apache.http.client.protocol.RequestProxyAuthentication -- Proxy auth state: UNCHALLENGED
14:33:44.630 [main] DEBUG org.apache.http.impl.client.DefaultHttpClient -- Attempt 1 to execute request
14:33:44.630 [main] DEBUG org.apache.http.impl.conn.DefaultClientConnection -- Sending request: POST /v2/user HTTP/1.1
14:33:44.630 [main] DEBUG org.apache.http.wire --  >> "POST /v2/user HTTP/1.1[\r][\n]"
14:33:44.631 [main] DEBUG org.apache.http.wire --  >> "Accept: application/json, application/javascript, text/javascript, text/json[\r][\n]"
14:33:44.631 [main] DEBUG org.apache.http.wire --  >> "Content-Type: application/json[\r][\n]"
14:33:44.631 [main] DEBUG org.apache.http.wire --  >> "Content-Length: 186[\r][\n]"
14:33:44.631 [main] DEBUG org.apache.http.wire --  >> "Host: petstore.swagger.io[\r][\n]"
14:33:44.631 [main] DEBUG org.apache.http.wire --  >> "Connection: Keep-Alive[\r][\n]"
14:33:44.631 [main] DEBUG org.apache.http.wire --  >> "User-Agent: Apache-HttpClient/4.5.13 (Java/17.0.16)[\r][\n]"
14:33:44.631 [main] DEBUG org.apache.http.wire --  >> "Accept-Encoding: gzip,deflate[\r][\n]"
14:33:44.631 [main] DEBUG org.apache.http.wire --  >> "[\r][\n]"
14:33:44.631 [main] DEBUG org.apache.http.headers -- >> POST /v2/user HTTP/1.1
14:33:44.631 [main] DEBUG org.apache.http.headers -- >> Accept: application/json, application/javascript, text/javascript, text/json
14:33:44.631 [main] DEBUG org.apache.http.headers -- >> Content-Type: application/json
14:33:44.631 [main] DEBUG org.apache.http.headers -- >> Content-Length: 186
14:33:44.632 [main] DEBUG org.apache.http.headers -- >> Host: petstore.swagger.io
14:33:44.632 [main] DEBUG org.apache.http.headers -- >> Connection: Keep-Alive
14:33:44.632 [main] DEBUG org.apache.http.headers -- >> User-Agent: Apache-HttpClient/4.5.13 (Java/17.0.16)
14:33:44.632 [main] DEBUG org.apache.http.headers -- >> Accept-Encoding: gzip,deflate
14:33:44.632 [main] DEBUG org.apache.http.wire --  >> "{"id":10001,"username":"raghavdesai10001","firstName":"Raghav","lastName":"Desai","email":"raghav.desai10001@example.com","password":"Ra@10001!De","phone":"+919102628290","userStatus":1}"
14:33:44.949 [main] DEBUG org.apache.http.wire --  << "HTTP/1.1 200 OK[\r][\n]"
14:33:44.949 [main] DEBUG org.apache.http.wire --  << "Date: Tue, 02 Sep 2025 09:03:44 GMT[\r][\n]"
14:33:44.949 [main] DEBUG org.apache.http.wire --  << "Content-Type: application/json[\r][\n]"
14:33:44.949 [main] DEBUG org.apache.http.wire --  << "Transfer-Encoding: chunked[\r][\n]"
14:33:44.949 [main] DEBUG org.apache.http.wire --  << "Connection: keep-alive[\r][\n]"
14:33:44.950 [main] DEBUG org.apache.http.wire --  << "Access-Control-Allow-Origin: *[\r][\n]"
14:33:44.950 [main] DEBUG org.apache.http.wire --  << "Access-Control-Allow-Methods: GET, POST, DELETE, PUT[\r][\n]"
14:33:44.950 [main] DEBUG org.apache.http.wire --  << "Access-Control-Allow-Headers: Content-Type, api_key, Authorization[\r][\n]"
14:33:44.950 [main] DEBUG org.apache.http.wire --  << "Server: Jetty(9.2.9.v20150224)[\r][\n]"
14:33:44.950 [main] DEBUG org.apache.http.wire --  << "[\r][\n]"
14:33:44.950 [main] DEBUG org.apache.http.impl.conn.DefaultClientConnection -- Receiving response: HTTP/1.1 200 OK
14:33:44.950 [main] DEBUG org.apache.http.headers -- << HTTP/1.1 200 OK
14:33:44.951 [main] DEBUG org.apache.http.headers -- << Date: Tue, 02 Sep 2025 09:03:44 GMT
14:33:44.951 [main] DEBUG org.apache.http.headers -- << Content-Type: application/json
14:33:44.951 [main] DEBUG org.apache.http.headers -- << Transfer-Encoding: chunked
14:33:44.951 [main] DEBUG org.apache.http.headers -- << Connection: keep-alive
14:33:44.951 [main] DEBUG org.apache.http.headers -- << Access-Control-Allow-Origin: *
14:33:44.951 [main] DEBUG org.apache.http.headers -- << Access-Control-Allow-Methods: GET, POST, DELETE, PUT
14:33:44.951 [main] DEBUG org.apache.http.headers -- << Access-Control-Allow-Headers: Content-Type, api_key, Authorization
14:33:44.951 [main] DEBUG org.apache.http.headers -- << Server: Jetty(9.2.9.v20150224)
14:33:44.951 [main] DEBUG org.apache.http.impl.client.DefaultHttpClient -- Connection can be kept alive indefinitely
14:33:44.952 [main] DEBUG io.restassured.internal.RestAssuredHttpBuilder -- Parsing response as: application/json
14:33:44.952 [main] DEBUG io.restassured.internal.RestAssuredHttpBuilder -- Parsed data to instance of: class org.apache.http.conn.EofSensorInputStream
]]></system-out>
  </testcase>
  <testcase name="testPostUser[10002, arjunmalhotra10002, Arjun, Malhotra, arjun.malhotra10002@example.com, Ar@10002!Ma, +918067355516, 1](2)" classname="api.test.DDTests" time="1.42">
    <system-out><![CDATA[14:33:45.000 [main] DEBUG org.apache.http.impl.conn.BasicClientConnectionManager -- Get connection for route {s}->https://petstore.swagger.io:443
14:33:45.001 [main] DEBUG org.apache.http.impl.conn.DefaultClientConnectionOperator -- Connecting to petstore.swagger.io:443
14:33:45.965 [main] DEBUG org.apache.http.client.protocol.RequestAddCookies -- CookieSpec selected: ignoreCookies
14:33:45.966 [main] DEBUG org.apache.http.client.protocol.RequestAuthCache -- Auth cache not set in the context
14:33:45.966 [main] DEBUG org.apache.http.client.protocol.RequestTargetAuthentication -- Target auth state: UNCHALLENGED
14:33:45.966 [main] DEBUG org.apache.http.client.protocol.RequestProxyAuthentication -- Proxy auth state: UNCHALLENGED
14:33:45.966 [main] DEBUG org.apache.http.impl.client.DefaultHttpClient -- Attempt 1 to execute request
14:33:45.966 [main] DEBUG org.apache.http.impl.conn.DefaultClientConnection -- Sending request: POST /v2/user HTTP/1.1
14:33:45.967 [main] DEBUG org.apache.http.wire --  >> "POST /v2/user HTTP/1.1[\r][\n]"
14:33:45.967 [main] DEBUG org.apache.http.wire --  >> "Accept: application/json, application/javascript, text/javascript, text/json[\r][\n]"
14:33:45.967 [main] DEBUG org.apache.http.wire --  >> "Content-Type: application/json[\r][\n]"
14:33:45.967 [main] DEBUG org.apache.http.wire --  >> "Content-Length: 192[\r][\n]"
14:33:45.967 [main] DEBUG org.apache.http.wire --  >> "Host: petstore.swagger.io[\r][\n]"
14:33:45.967 [main] DEBUG org.apache.http.wire --  >> "Connection: Keep-Alive[\r][\n]"
14:33:45.967 [main] DEBUG org.apache.http.wire --  >> "User-Agent: Apache-HttpClient/4.5.13 (Java/17.0.16)[\r][\n]"
14:33:45.967 [main] DEBUG org.apache.http.wire --  >> "Accept-Encoding: gzip,deflate[\r][\n]"
14:33:45.967 [main] DEBUG org.apache.http.wire --  >> "[\r][\n]"
14:33:45.968 [main] DEBUG org.apache.http.headers -- >> POST /v2/user HTTP/1.1
14:33:45.968 [main] DEBUG org.apache.http.headers -- >> Accept: application/json, application/javascript, text/javascript, text/json
14:33:45.968 [main] DEBUG org.apache.http.headers -- >> Content-Type: application/json
14:33:45.968 [main] DEBUG org.apache.http.headers -- >> Content-Length: 192
14:33:45.968 [main] DEBUG org.apache.http.headers -- >> Host: petstore.swagger.io
14:33:45.968 [main] DEBUG org.apache.http.headers -- >> Connection: Keep-Alive
14:33:45.968 [main] DEBUG org.apache.http.headers -- >> User-Agent: Apache-HttpClient/4.5.13 (Java/17.0.16)
14:33:45.968 [main] DEBUG org.apache.http.headers -- >> Accept-Encoding: gzip,deflate
14:33:45.968 [main] DEBUG org.apache.http.wire --  >> "{"id":10002,"username":"arjunmalhotra10002","firstName":"Arjun","lastName":"Malhotra","email":"arjun.malhotra10002@example.com","password":"Ar@10002!Ma","phone":"+918067355516","userStatus":1}"
14:33:46.371 [main] DEBUG org.apache.http.wire --  << "HTTP/1.1 200 OK[\r][\n]"
14:33:46.372 [main] DEBUG org.apache.http.wire --  << "Date: Tue, 02 Sep 2025 09:03:45 GMT[\r][\n]"
14:33:46.372 [main] DEBUG org.apache.http.wire --  << "Content-Type: application/json[\r][\n]"
14:33:46.372 [main] DEBUG org.apache.http.wire --  << "Transfer-Encoding: chunked[\r][\n]"
14:33:46.372 [main] DEBUG org.apache.http.wire --  << "Connection: keep-alive[\r][\n]"
14:33:46.372 [main] DEBUG org.apache.http.wire --  << "Access-Control-Allow-Origin: *[\r][\n]"
14:33:46.372 [main] DEBUG org.apache.http.wire --  << "Access-Control-Allow-Methods: GET, POST, DELETE, PUT[\r][\n]"
14:33:46.372 [main] DEBUG org.apache.http.wire --  << "Access-Control-Allow-Headers: Content-Type, api_key, Authorization[\r][\n]"
14:33:46.372 [main] DEBUG org.apache.http.wire --  << "Server: Jetty(9.2.9.v20150224)[\r][\n]"
14:33:46.372 [main] DEBUG org.apache.http.wire --  << "[\r][\n]"
14:33:46.372 [main] DEBUG org.apache.http.impl.conn.DefaultClientConnection -- Receiving response: HTTP/1.1 200 OK
14:33:46.372 [main] DEBUG org.apache.http.headers -- << HTTP/1.1 200 OK
14:33:46.373 [main] DEBUG org.apache.http.headers -- << Date: Tue, 02 Sep 2025 09:03:45 GMT
14:33:46.373 [main] DEBUG org.apache.http.headers -- << Content-Type: application/json
14:33:46.373 [main] DEBUG org.apache.http.headers -- << Transfer-Encoding: chunked
14:33:46.373 [main] DEBUG org.apache.http.headers -- << Connection: keep-alive
14:33:46.373 [main] DEBUG org.apache.http.headers -- << Access-Control-Allow-Origin: *
14:33:46.373 [main] DEBUG org.apache.http.headers -- << Access-Control-Allow-Methods: GET, POST, DELETE, PUT
14:33:46.373 [main] DEBUG org.apache.http.headers -- << Access-Control-Allow-Headers: Content-Type, api_key, Authorization
14:33:46.373 [main] DEBUG org.apache.http.headers -- << Server: Jetty(9.2.9.v20150224)
14:33:46.373 [main] DEBUG org.apache.http.impl.client.DefaultHttpClient -- Connection can be kept alive indefinitely
14:33:46.374 [main] DEBUG io.restassured.internal.RestAssuredHttpBuilder -- Parsing response as: application/json
14:33:46.374 [main] DEBUG io.restassured.internal.RestAssuredHttpBuilder -- Parsed data to instance of: class org.apache.http.conn.EofSensorInputStream
]]></system-out>
  </testcase>
  <testcase name="testPostUser[10003, riyachopra10003, Riya, Chopra, riya.chopra10003@example.com, Ri@10003!Ch, +919366134497, 1](3)" classname="api.test.DDTests" time="1.534">
    <system-out><![CDATA[14:33:46.412 [Finalizer] DEBUG org.apache.http.impl.conn.DefaultClientConnection -- Connection 0.0.0.0:63393<->34.195.39.161:443 closed
14:33:46.413 [Finalizer] DEBUG org.apache.http.impl.conn.DefaultClientConnection -- Connection 0.0.0.0:63392<->34.195.39.161:443 closed
14:33:46.429 [main] DEBUG org.apache.http.impl.conn.BasicClientConnectionManager -- Get connection for route {s}->https://petstore.swagger.io:443
14:33:46.430 [main] DEBUG org.apache.http.impl.conn.DefaultClientConnectionOperator -- Connecting to petstore.swagger.io:443
14:33:47.495 [main] DEBUG org.apache.http.client.protocol.RequestAddCookies -- CookieSpec selected: ignoreCookies
14:33:47.495 [main] DEBUG org.apache.http.client.protocol.RequestAuthCache -- Auth cache not set in the context
14:33:47.496 [main] DEBUG org.apache.http.client.protocol.RequestTargetAuthentication -- Target auth state: UNCHALLENGED
14:33:47.498 [main] DEBUG org.apache.http.client.protocol.RequestProxyAuthentication -- Proxy auth state: UNCHALLENGED
14:33:47.498 [main] DEBUG org.apache.http.impl.client.DefaultHttpClient -- Attempt 1 to execute request
14:33:47.498 [main] DEBUG org.apache.http.impl.conn.DefaultClientConnection -- Sending request: POST /v2/user HTTP/1.1
14:33:47.498 [main] DEBUG org.apache.http.wire --  >> "POST /v2/user HTTP/1.1[\r][\n]"
14:33:47.498 [main] DEBUG org.apache.http.wire --  >> "Accept: application/json, application/javascript, text/javascript, text/json[\r][\n]"
14:33:47.498 [main] DEBUG org.apache.http.wire --  >> "Content-Type: application/json[\r][\n]"
14:33:47.498 [main] DEBUG org.apache.http.wire --  >> "Content-Length: 183[\r][\n]"
14:33:47.499 [main] DEBUG org.apache.http.wire --  >> "Host: petstore.swagger.io[\r][\n]"
14:33:47.499 [main] DEBUG org.apache.http.wire --  >> "Connection: Keep-Alive[\r][\n]"
14:33:47.500 [main] DEBUG org.apache.http.wire --  >> "User-Agent: Apache-HttpClient/4.5.13 (Java/17.0.16)[\r][\n]"
14:33:47.501 [main] DEBUG org.apache.http.wire --  >> "Accept-Encoding: gzip,deflate[\r][\n]"
14:33:47.501 [main] DEBUG org.apache.http.wire --  >> "[\r][\n]"
14:33:47.501 [main] DEBUG org.apache.http.headers -- >> POST /v2/user HTTP/1.1
14:33:47.501 [main] DEBUG org.apache.http.headers -- >> Accept: application/json, application/javascript, text/javascript, text/json
14:33:47.501 [main] DEBUG org.apache.http.headers -- >> Content-Type: application/json
14:33:47.501 [main] DEBUG org.apache.http.headers -- >> Content-Length: 183
14:33:47.501 [main] DEBUG org.apache.http.headers -- >> Host: petstore.swagger.io
14:33:47.501 [main] DEBUG org.apache.http.headers -- >> Connection: Keep-Alive
14:33:47.501 [main] DEBUG org.apache.http.headers -- >> User-Agent: Apache-HttpClient/4.5.13 (Java/17.0.16)
14:33:47.501 [main] DEBUG org.apache.http.headers -- >> Accept-Encoding: gzip,deflate
14:33:47.501 [main] DEBUG org.apache.http.wire --  >> "{"id":10003,"username":"riyachopra10003","firstName":"Riya","lastName":"Chopra","email":"riya.chopra10003@example.com","password":"Ri@10003!Ch","phone":"+919366134497","userStatus":1}"
14:33:47.908 [main] DEBUG org.apache.http.wire --  << "HTTP/1.1 200 OK[\r][\n]"
14:33:47.909 [main] DEBUG org.apache.http.wire --  << "Date: Tue, 02 Sep 2025 09:03:47 GMT[\r][\n]"
14:33:47.909 [main] DEBUG org.apache.http.wire --  << "Content-Type: application/json[\r][\n]"
14:33:47.909 [main] DEBUG org.apache.http.wire --  << "Transfer-Encoding: chunked[\r][\n]"
14:33:47.909 [main] DEBUG org.apache.http.wire --  << "Connection: keep-alive[\r][\n]"
14:33:47.909 [main] DEBUG org.apache.http.wire --  << "Access-Control-Allow-Origin: *[\r][\n]"
14:33:47.910 [main] DEBUG org.apache.http.wire --  << "Access-Control-Allow-Methods: GET, POST, DELETE, PUT[\r][\n]"
14:33:47.910 [main] DEBUG org.apache.http.wire --  << "Access-Control-Allow-Headers: Content-Type, api_key, Authorization[\r][\n]"
14:33:47.910 [main] DEBUG org.apache.http.wire --  << "Server: Jetty(9.2.9.v20150224)[\r][\n]"
14:33:47.910 [main] DEBUG org.apache.http.wire --  << "[\r][\n]"
14:33:47.910 [main] DEBUG org.apache.http.impl.conn.DefaultClientConnection -- Receiving response: HTTP/1.1 200 OK
14:33:47.910 [main] DEBUG org.apache.http.headers -- << HTTP/1.1 200 OK
14:33:47.910 [main] DEBUG org.apache.http.headers -- << Date: Tue, 02 Sep 2025 09:03:47 GMT
14:33:47.910 [main] DEBUG org.apache.http.headers -- << Content-Type: application/json
14:33:47.910 [main] DEBUG org.apache.http.headers -- << Transfer-Encoding: chunked
14:33:47.910 [main] DEBUG org.apache.http.headers -- << Connection: keep-alive
14:33:47.910 [main] DEBUG org.apache.http.headers -- << Access-Control-Allow-Origin: *
14:33:47.911 [main] DEBUG org.apache.http.headers -- << Access-Control-Allow-Methods: GET, POST, DELETE, PUT
14:33:47.911 [main] DEBUG org.apache.http.headers -- << Access-Control-Allow-Headers: Content-Type, api_key, Authorization
14:33:47.911 [main] DEBUG org.apache.http.headers -- << Server: Jetty(9.2.9.v20150224)
14:33:47.911 [main] DEBUG org.apache.http.impl.client.DefaultHttpClient -- Connection can be kept alive indefinitely
14:33:47.912 [main] DEBUG io.restassured.internal.RestAssuredHttpBuilder -- Parsing response as: application/json
14:33:47.912 [main] DEBUG io.restassured.internal.RestAssuredHttpBuilder -- Parsed data to instance of: class org.apache.http.conn.EofSensorInputStream
]]></system-out>
  </testcase>
  <testcase name="testPostUser[10004, kabirchopra10004, Kabir, Chopra, kabir.chopra10004@example.com, Ka@10004!Ch, +919300800099, 1](4)" classname="api.test.DDTests" time="1.226">
    <system-out><![CDATA[14:33:47.947 [main] DEBUG org.apache.http.impl.conn.BasicClientConnectionManager -- Get connection for route {s}->https://petstore.swagger.io:443
14:33:47.948 [main] DEBUG org.apache.http.impl.conn.DefaultClientConnectionOperator -- Connecting to petstore.swagger.io:443
14:33:48.829 [main] DEBUG org.apache.http.client.protocol.RequestAddCookies -- CookieSpec selected: ignoreCookies
14:33:48.830 [main] DEBUG org.apache.http.client.protocol.RequestAuthCache -- Auth cache not set in the context
14:33:48.830 [main] DEBUG org.apache.http.client.protocol.RequestTargetAuthentication -- Target auth state: UNCHALLENGED
14:33:48.830 [main] DEBUG org.apache.http.client.protocol.RequestProxyAuthentication -- Proxy auth state: UNCHALLENGED
14:33:48.830 [main] DEBUG org.apache.http.impl.client.DefaultHttpClient -- Attempt 1 to execute request
14:33:48.831 [main] DEBUG org.apache.http.impl.conn.DefaultClientConnection -- Sending request: POST /v2/user HTTP/1.1
14:33:48.831 [main] DEBUG org.apache.http.wire --  >> "POST /v2/user HTTP/1.1[\r][\n]"
14:33:48.831 [main] DEBUG org.apache.http.wire --  >> "Accept: application/json, application/javascript, text/javascript, text/json[\r][\n]"
14:33:48.831 [main] DEBUG org.apache.http.wire --  >> "Content-Type: application/json[\r][\n]"
14:33:48.831 [main] DEBUG org.apache.http.wire --  >> "Content-Length: 186[\r][\n]"
14:33:48.831 [main] DEBUG org.apache.http.wire --  >> "Host: petstore.swagger.io[\r][\n]"
14:33:48.831 [main] DEBUG org.apache.http.wire --  >> "Connection: Keep-Alive[\r][\n]"
14:33:48.831 [main] DEBUG org.apache.http.wire --  >> "User-Agent: Apache-HttpClient/4.5.13 (Java/17.0.16)[\r][\n]"
14:33:48.831 [main] DEBUG org.apache.http.wire --  >> "Accept-Encoding: gzip,deflate[\r][\n]"
14:33:48.831 [main] DEBUG org.apache.http.wire --  >> "[\r][\n]"
14:33:48.832 [main] DEBUG org.apache.http.headers -- >> POST /v2/user HTTP/1.1
14:33:48.832 [main] DEBUG org.apache.http.headers -- >> Accept: application/json, application/javascript, text/javascript, text/json
14:33:48.832 [main] DEBUG org.apache.http.headers -- >> Content-Type: application/json
14:33:48.832 [main] DEBUG org.apache.http.headers -- >> Content-Length: 186
14:33:48.832 [main] DEBUG org.apache.http.headers -- >> Host: petstore.swagger.io
14:33:48.832 [main] DEBUG org.apache.http.headers -- >> Connection: Keep-Alive
14:33:48.832 [main] DEBUG org.apache.http.headers -- >> User-Agent: Apache-HttpClient/4.5.13 (Java/17.0.16)
14:33:48.832 [main] DEBUG org.apache.http.headers -- >> Accept-Encoding: gzip,deflate
14:33:48.832 [main] DEBUG org.apache.http.wire --  >> "{"id":10004,"username":"kabirchopra10004","firstName":"Kabir","lastName":"Chopra","email":"kabir.chopra10004@example.com","password":"Ka@10004!Ch","phone":"+919300800099","userStatus":1}"
14:33:49.136 [main] DEBUG org.apache.http.wire --  << "HTTP/1.1 200 OK[\r][\n]"
14:33:49.137 [main] DEBUG org.apache.http.wire --  << "Date: Tue, 02 Sep 2025 09:03:48 GMT[\r][\n]"
14:33:49.137 [main] DEBUG org.apache.http.wire --  << "Content-Type: application/json[\r][\n]"
14:33:49.137 [main] DEBUG org.apache.http.wire --  << "Transfer-Encoding: chunked[\r][\n]"
14:33:49.137 [main] DEBUG org.apache.http.wire --  << "Connection: keep-alive[\r][\n]"
14:33:49.137 [main] DEBUG org.apache.http.wire --  << "Access-Control-Allow-Origin: *[\r][\n]"
14:33:49.137 [main] DEBUG org.apache.http.wire --  << "Access-Control-Allow-Methods: GET, POST, DELETE, PUT[\r][\n]"
14:33:49.137 [main] DEBUG org.apache.http.wire --  << "Access-Control-Allow-Headers: Content-Type, api_key, Authorization[\r][\n]"
14:33:49.138 [main] DEBUG org.apache.http.wire --  << "Server: Jetty(9.2.9.v20150224)[\r][\n]"
14:33:49.138 [main] DEBUG org.apache.http.wire --  << "[\r][\n]"
14:33:49.140 [main] DEBUG org.apache.http.impl.conn.DefaultClientConnection -- Receiving response: HTTP/1.1 200 OK
14:33:49.140 [main] DEBUG org.apache.http.headers -- << HTTP/1.1 200 OK
14:33:49.140 [main] DEBUG org.apache.http.headers -- << Date: Tue, 02 Sep 2025 09:03:48 GMT
14:33:49.140 [main] DEBUG org.apache.http.headers -- << Content-Type: application/json
14:33:49.140 [main] DEBUG org.apache.http.headers -- << Transfer-Encoding: chunked
14:33:49.140 [main] DEBUG org.apache.http.headers -- << Connection: keep-alive
14:33:49.140 [main] DEBUG org.apache.http.headers -- << Access-Control-Allow-Origin: *
14:33:49.140 [main] DEBUG org.apache.http.headers -- << Access-Control-Allow-Methods: GET, POST, DELETE, PUT
14:33:49.140 [main] DEBUG org.apache.http.headers -- << Access-Control-Allow-Headers: Content-Type, api_key, Authorization
14:33:49.140 [main] DEBUG org.apache.http.headers -- << Server: Jetty(9.2.9.v20150224)
14:33:49.141 [main] DEBUG org.apache.http.impl.client.DefaultHttpClient -- Connection can be kept alive indefinitely
14:33:49.141 [main] DEBUG io.restassured.internal.RestAssuredHttpBuilder -- Parsing response as: application/json
14:33:49.141 [main] DEBUG io.restassured.internal.RestAssuredHttpBuilder -- Parsed data to instance of: class org.apache.http.conn.EofSensorInputStream
]]></system-out>
  </testcase>
  <testcase name="testPostUser[10005, kiranyadav10005, Kiran, Yadav, kiran.yadav10005@example.com, Ki@10005!Ya, +917702466886, 1](5)" classname="api.test.DDTests" time="1.533">
    <system-out><![CDATA[14:33:49.175 [main] DEBUG org.apache.http.impl.conn.BasicClientConnectionManager -- Get connection for route {s}->https://petstore.swagger.io:443
14:33:49.175 [main] DEBUG org.apache.http.impl.conn.DefaultClientConnectionOperator -- Connecting to petstore.swagger.io:443
14:33:50.131 [main] DEBUG org.apache.http.client.protocol.RequestAddCookies -- CookieSpec selected: ignoreCookies
14:33:50.132 [main] DEBUG org.apache.http.client.protocol.RequestAuthCache -- Auth cache not set in the context
14:33:50.132 [main] DEBUG org.apache.http.client.protocol.RequestTargetAuthentication -- Target auth state: UNCHALLENGED
14:33:50.132 [main] DEBUG org.apache.http.client.protocol.RequestProxyAuthentication -- Proxy auth state: UNCHALLENGED
14:33:50.132 [main] DEBUG org.apache.http.impl.client.DefaultHttpClient -- Attempt 1 to execute request
14:33:50.132 [main] DEBUG org.apache.http.impl.conn.DefaultClientConnection -- Sending request: POST /v2/user HTTP/1.1
14:33:50.132 [main] DEBUG org.apache.http.wire --  >> "POST /v2/user HTTP/1.1[\r][\n]"
14:33:50.132 [main] DEBUG org.apache.http.wire --  >> "Accept: application/json, application/javascript, text/javascript, text/json[\r][\n]"
14:33:50.132 [main] DEBUG org.apache.http.wire --  >> "Content-Type: application/json[\r][\n]"
14:33:50.132 [main] DEBUG org.apache.http.wire --  >> "Content-Length: 183[\r][\n]"
14:33:50.132 [main] DEBUG org.apache.http.wire --  >> "Host: petstore.swagger.io[\r][\n]"
14:33:50.132 [main] DEBUG org.apache.http.wire --  >> "Connection: Keep-Alive[\r][\n]"
14:33:50.132 [main] DEBUG org.apache.http.wire --  >> "User-Agent: Apache-HttpClient/4.5.13 (Java/17.0.16)[\r][\n]"
14:33:50.133 [main] DEBUG org.apache.http.wire --  >> "Accept-Encoding: gzip,deflate[\r][\n]"
14:33:50.133 [main] DEBUG org.apache.http.wire --  >> "[\r][\n]"
14:33:50.133 [main] DEBUG org.apache.http.headers -- >> POST /v2/user HTTP/1.1
14:33:50.133 [main] DEBUG org.apache.http.headers -- >> Accept: application/json, application/javascript, text/javascript, text/json
14:33:50.133 [main] DEBUG org.apache.http.headers -- >> Content-Type: application/json
14:33:50.133 [main] DEBUG org.apache.http.headers -- >> Content-Length: 183
14:33:50.133 [main] DEBUG org.apache.http.headers -- >> Host: petstore.swagger.io
14:33:50.133 [main] DEBUG org.apache.http.headers -- >> Connection: Keep-Alive
14:33:50.133 [main] DEBUG org.apache.http.headers -- >> User-Agent: Apache-HttpClient/4.5.13 (Java/17.0.16)
14:33:50.133 [main] DEBUG org.apache.http.headers -- >> Accept-Encoding: gzip,deflate
14:33:50.133 [main] DEBUG org.apache.http.wire --  >> "{"id":10005,"username":"kiranyadav10005","firstName":"Kiran","lastName":"Yadav","email":"kiran.yadav10005@example.com","password":"Ki@10005!Ya","phone":"+917702466886","userStatus":1}"
14:33:50.674 [main] DEBUG org.apache.http.wire --  << "HTTP/1.1 200 OK[\r][\n]"
14:33:50.674 [main] DEBUG org.apache.http.wire --  << "Date: Tue, 02 Sep 2025 09:03:49 GMT[\r][\n]"
14:33:50.674 [main] DEBUG org.apache.http.wire --  << "Content-Type: application/json[\r][\n]"
14:33:50.674 [main] DEBUG org.apache.http.wire --  << "Transfer-Encoding: chunked[\r][\n]"
14:33:50.674 [main] DEBUG org.apache.http.wire --  << "Connection: keep-alive[\r][\n]"
14:33:50.674 [main] DEBUG org.apache.http.wire --  << "Access-Control-Allow-Origin: *[\r][\n]"
14:33:50.674 [main] DEBUG org.apache.http.wire --  << "Access-Control-Allow-Methods: GET, POST, DELETE, PUT[\r][\n]"
14:33:50.674 [main] DEBUG org.apache.http.wire --  << "Access-Control-Allow-Headers: Content-Type, api_key, Authorization[\r][\n]"
14:33:50.674 [main] DEBUG org.apache.http.wire --  << "Server: Jetty(9.2.9.v20150224)[\r][\n]"
14:33:50.674 [main] DEBUG org.apache.http.wire --  << "[\r][\n]"
14:33:50.675 [main] DEBUG org.apache.http.impl.conn.DefaultClientConnection -- Receiving response: HTTP/1.1 200 OK
14:33:50.675 [main] DEBUG org.apache.http.headers -- << HTTP/1.1 200 OK
14:33:50.675 [main] DEBUG org.apache.http.headers -- << Date: Tue, 02 Sep 2025 09:03:49 GMT
14:33:50.675 [main] DEBUG org.apache.http.headers -- << Content-Type: application/json
14:33:50.675 [main] DEBUG org.apache.http.headers -- << Transfer-Encoding: chunked
14:33:50.675 [main] DEBUG org.apache.http.headers -- << Connection: keep-alive
14:33:50.675 [main] DEBUG org.apache.http.headers -- << Access-Control-Allow-Origin: *
14:33:50.675 [main] DEBUG org.apache.http.headers -- << Access-Control-Allow-Methods: GET, POST, DELETE, PUT
14:33:50.675 [main] DEBUG org.apache.http.headers -- << Access-Control-Allow-Headers: Content-Type, api_key, Authorization
14:33:50.675 [main] DEBUG org.apache.http.headers -- << Server: Jetty(9.2.9.v20150224)
14:33:50.675 [main] DEBUG org.apache.http.impl.client.DefaultHttpClient -- Connection can be kept alive indefinitely
14:33:50.675 [main] DEBUG io.restassured.internal.RestAssuredHttpBuilder -- Parsing response as: application/json
14:33:50.675 [main] DEBUG io.restassured.internal.RestAssuredHttpBuilder -- Parsed data to instance of: class org.apache.http.conn.EofSensorInputStream
]]></system-out>
  </testcase>
  <testcase name="testPostUser[10006, kiranyadav10006, Kiran, Yadav, kiran.yadav10006@example.com, Ki@10006!Ya, +919222077157, 1](6)" classname="api.test.DDTests" time="1.433">
    <system-out><![CDATA[14:33:50.715 [main] DEBUG org.apache.http.impl.conn.BasicClientConnectionManager -- Get connection for route {s}->https://petstore.swagger.io:443
14:33:50.716 [main] DEBUG org.apache.http.impl.conn.DefaultClientConnectionOperator -- Connecting to petstore.swagger.io:443
14:33:51.811 [main] DEBUG org.apache.http.client.protocol.RequestAddCookies -- CookieSpec selected: ignoreCookies
14:33:51.811 [main] DEBUG org.apache.http.client.protocol.RequestAuthCache -- Auth cache not set in the context
14:33:51.811 [main] DEBUG org.apache.http.client.protocol.RequestTargetAuthentication -- Target auth state: UNCHALLENGED
14:33:51.811 [main] DEBUG org.apache.http.client.protocol.RequestProxyAuthentication -- Proxy auth state: UNCHALLENGED
14:33:51.811 [main] DEBUG org.apache.http.impl.client.DefaultHttpClient -- Attempt 1 to execute request
14:33:51.811 [main] DEBUG org.apache.http.impl.conn.DefaultClientConnection -- Sending request: POST /v2/user HTTP/1.1
14:33:51.811 [main] DEBUG org.apache.http.wire --  >> "POST /v2/user HTTP/1.1[\r][\n]"
14:33:51.812 [main] DEBUG org.apache.http.wire --  >> "Accept: application/json, application/javascript, text/javascript, text/json[\r][\n]"
14:33:51.812 [main] DEBUG org.apache.http.wire --  >> "Content-Type: application/json[\r][\n]"
14:33:51.812 [main] DEBUG org.apache.http.wire --  >> "Content-Length: 183[\r][\n]"
14:33:51.812 [main] DEBUG org.apache.http.wire --  >> "Host: petstore.swagger.io[\r][\n]"
14:33:51.812 [main] DEBUG org.apache.http.wire --  >> "Connection: Keep-Alive[\r][\n]"
14:33:51.812 [main] DEBUG org.apache.http.wire --  >> "User-Agent: Apache-HttpClient/4.5.13 (Java/17.0.16)[\r][\n]"
14:33:51.812 [main] DEBUG org.apache.http.wire --  >> "Accept-Encoding: gzip,deflate[\r][\n]"
14:33:51.812 [main] DEBUG org.apache.http.wire --  >> "[\r][\n]"
14:33:51.812 [main] DEBUG org.apache.http.headers -- >> POST /v2/user HTTP/1.1
14:33:51.812 [main] DEBUG org.apache.http.headers -- >> Accept: application/json, application/javascript, text/javascript, text/json
14:33:51.812 [main] DEBUG org.apache.http.headers -- >> Content-Type: application/json
14:33:51.812 [main] DEBUG org.apache.http.headers -- >> Content-Length: 183
14:33:51.812 [main] DEBUG org.apache.http.headers -- >> Host: petstore.swagger.io
14:33:51.812 [main] DEBUG org.apache.http.headers -- >> Connection: Keep-Alive
14:33:51.812 [main] DEBUG org.apache.http.headers -- >> User-Agent: Apache-HttpClient/4.5.13 (Java/17.0.16)
14:33:51.812 [main] DEBUG org.apache.http.headers -- >> Accept-Encoding: gzip,deflate
14:33:51.812 [main] DEBUG org.apache.http.wire --  >> "{"id":10006,"username":"kiranyadav10006","firstName":"Kiran","lastName":"Yadav","email":"kiran.yadav10006@example.com","password":"Ki@10006!Ya","phone":"+919222077157","userStatus":1}"
14:33:52.106 [main] DEBUG org.apache.http.wire --  << "HTTP/1.1 200 OK[\r][\n]"
14:33:52.107 [main] DEBUG org.apache.http.wire --  << "Date: Tue, 02 Sep 2025 09:03:51 GMT[\r][\n]"
14:33:52.107 [main] DEBUG org.apache.http.wire --  << "Content-Type: application/json[\r][\n]"
14:33:52.107 [main] DEBUG org.apache.http.wire --  << "Transfer-Encoding: chunked[\r][\n]"
14:33:52.107 [main] DEBUG org.apache.http.wire --  << "Connection: keep-alive[\r][\n]"
14:33:52.107 [main] DEBUG org.apache.http.wire --  << "Access-Control-Allow-Origin: *[\r][\n]"
14:33:52.107 [main] DEBUG org.apache.http.wire --  << "Access-Control-Allow-Methods: GET, POST, DELETE, PUT[\r][\n]"
14:33:52.107 [main] DEBUG org.apache.http.wire --  << "Access-Control-Allow-Headers: Content-Type, api_key, Authorization[\r][\n]"
14:33:52.107 [main] DEBUG org.apache.http.wire --  << "Server: Jetty(9.2.9.v20150224)[\r][\n]"
14:33:52.107 [main] DEBUG org.apache.http.wire --  << "[\r][\n]"
14:33:52.107 [main] DEBUG org.apache.http.impl.conn.DefaultClientConnection -- Receiving response: HTTP/1.1 200 OK
14:33:52.107 [main] DEBUG org.apache.http.headers -- << HTTP/1.1 200 OK
14:33:52.107 [main] DEBUG org.apache.http.headers -- << Date: Tue, 02 Sep 2025 09:03:51 GMT
14:33:52.107 [main] DEBUG org.apache.http.headers -- << Content-Type: application/json
14:33:52.107 [main] DEBUG org.apache.http.headers -- << Transfer-Encoding: chunked
14:33:52.107 [main] DEBUG org.apache.http.headers -- << Connection: keep-alive
14:33:52.107 [main] DEBUG org.apache.http.headers -- << Access-Control-Allow-Origin: *
14:33:52.107 [main] DEBUG org.apache.http.headers -- << Access-Control-Allow-Methods: GET, POST, DELETE, PUT
14:33:52.107 [main] DEBUG org.apache.http.headers -- << Access-Control-Allow-Headers: Content-Type, api_key, Authorization
14:33:52.107 [main] DEBUG org.apache.http.headers -- << Server: Jetty(9.2.9.v20150224)
14:33:52.107 [main] DEBUG org.apache.http.impl.client.DefaultHttpClient -- Connection can be kept alive indefinitely
14:33:52.108 [main] DEBUG io.restassured.internal.RestAssuredHttpBuilder -- Parsing response as: application/json
14:33:52.108 [main] DEBUG io.restassured.internal.RestAssuredHttpBuilder -- Parsed data to instance of: class org.apache.http.conn.EofSensorInputStream
]]></system-out>
  </testcase>
  <testcase name="testPostUser[10007, anayamalhotra10007, Anaya, Malhotra, anaya.malhotra10007@example.com, An@10007!Ma, +918331609829, 1](7)" classname="api.test.DDTests" time="1.469">
    <system-out><![CDATA[14:33:52.144 [main] DEBUG org.apache.http.impl.conn.BasicClientConnectionManager -- Get connection for route {s}->https://petstore.swagger.io:443
14:33:52.144 [main] DEBUG org.apache.http.impl.conn.DefaultClientConnectionOperator -- Connecting to petstore.swagger.io:443
14:33:53.234 [main] DEBUG org.apache.http.client.protocol.RequestAddCookies -- CookieSpec selected: ignoreCookies
14:33:53.234 [main] DEBUG org.apache.http.client.protocol.RequestAuthCache -- Auth cache not set in the context
14:33:53.234 [main] DEBUG org.apache.http.client.protocol.RequestTargetAuthentication -- Target auth state: UNCHALLENGED
14:33:53.234 [main] DEBUG org.apache.http.client.protocol.RequestProxyAuthentication -- Proxy auth state: UNCHALLENGED
14:33:53.234 [main] DEBUG org.apache.http.impl.client.DefaultHttpClient -- Attempt 1 to execute request
14:33:53.234 [main] DEBUG org.apache.http.impl.conn.DefaultClientConnection -- Sending request: POST /v2/user HTTP/1.1
14:33:53.235 [main] DEBUG org.apache.http.wire --  >> "POST /v2/user HTTP/1.1[\r][\n]"
14:33:53.235 [main] DEBUG org.apache.http.wire --  >> "Accept: application/json, application/javascript, text/javascript, text/json[\r][\n]"
14:33:53.235 [main] DEBUG org.apache.http.wire --  >> "Content-Type: application/json[\r][\n]"
14:33:53.235 [main] DEBUG org.apache.http.wire --  >> "Content-Length: 192[\r][\n]"
14:33:53.235 [main] DEBUG org.apache.http.wire --  >> "Host: petstore.swagger.io[\r][\n]"
14:33:53.235 [main] DEBUG org.apache.http.wire --  >> "Connection: Keep-Alive[\r][\n]"
14:33:53.235 [main] DEBUG org.apache.http.wire --  >> "User-Agent: Apache-HttpClient/4.5.13 (Java/17.0.16)[\r][\n]"
14:33:53.235 [main] DEBUG org.apache.http.wire --  >> "Accept-Encoding: gzip,deflate[\r][\n]"
14:33:53.235 [main] DEBUG org.apache.http.wire --  >> "[\r][\n]"
14:33:53.235 [main] DEBUG org.apache.http.headers -- >> POST /v2/user HTTP/1.1
14:33:53.235 [main] DEBUG org.apache.http.headers -- >> Accept: application/json, application/javascript, text/javascript, text/json
14:33:53.235 [main] DEBUG org.apache.http.headers -- >> Content-Type: application/json
14:33:53.235 [main] DEBUG org.apache.http.headers -- >> Content-Length: 192
14:33:53.235 [main] DEBUG org.apache.http.headers -- >> Host: petstore.swagger.io
14:33:53.235 [main] DEBUG org.apache.http.headers -- >> Connection: Keep-Alive
14:33:53.236 [main] DEBUG org.apache.http.headers -- >> User-Agent: Apache-HttpClient/4.5.13 (Java/17.0.16)
14:33:53.236 [main] DEBUG org.apache.http.headers -- >> Accept-Encoding: gzip,deflate
14:33:53.236 [main] DEBUG org.apache.http.wire --  >> "{"id":10007,"username":"anayamalhotra10007","firstName":"Anaya","lastName":"Malhotra","email":"anaya.malhotra10007@example.com","password":"An@10007!Ma","phone":"+918331609829","userStatus":1}"
14:33:53.574 [main] DEBUG org.apache.http.wire --  << "HTTP/1.1 200 OK[\r][\n]"
14:33:53.574 [main] DEBUG org.apache.http.wire --  << "Date: Tue, 02 Sep 2025 09:03:52 GMT[\r][\n]"
14:33:53.575 [main] DEBUG org.apache.http.wire --  << "Content-Type: application/json[\r][\n]"
14:33:53.575 [main] DEBUG org.apache.http.wire --  << "Transfer-Encoding: chunked[\r][\n]"
14:33:53.575 [main] DEBUG org.apache.http.wire --  << "Connection: keep-alive[\r][\n]"
14:33:53.576 [main] DEBUG org.apache.http.wire --  << "Access-Control-Allow-Origin: *[\r][\n]"
14:33:53.576 [main] DEBUG org.apache.http.wire --  << "Access-Control-Allow-Methods: GET, POST, DELETE, PUT[\r][\n]"
14:33:53.576 [main] DEBUG org.apache.http.wire --  << "Access-Control-Allow-Headers: Content-Type, api_key, Authorization[\r][\n]"
14:33:53.576 [main] DEBUG org.apache.http.wire --  << "Server: Jetty(9.2.9.v20150224)[\r][\n]"
14:33:53.576 [main] DEBUG org.apache.http.wire --  << "[\r][\n]"
14:33:53.576 [main] DEBUG org.apache.http.impl.conn.DefaultClientConnection -- Receiving response: HTTP/1.1 200 OK
14:33:53.576 [main] DEBUG org.apache.http.headers -- << HTTP/1.1 200 OK
14:33:53.576 [main] DEBUG org.apache.http.headers -- << Date: Tue, 02 Sep 2025 09:03:52 GMT
14:33:53.576 [main] DEBUG org.apache.http.headers -- << Content-Type: application/json
14:33:53.576 [main] DEBUG org.apache.http.headers -- << Transfer-Encoding: chunked
14:33:53.576 [main] DEBUG org.apache.http.headers -- << Connection: keep-alive
14:33:53.576 [main] DEBUG org.apache.http.headers -- << Access-Control-Allow-Origin: *
14:33:53.576 [main] DEBUG org.apache.http.headers -- << Access-Control-Allow-Methods: GET, POST, DELETE, PUT
14:33:53.576 [main] DEBUG org.apache.http.headers -- << Access-Control-Allow-Headers: Content-Type, api_key, Authorization
14:33:53.576 [main] DEBUG org.apache.http.headers -- << Server: Jetty(9.2.9.v20150224)
14:33:53.577 [main] DEBUG org.apache.http.impl.client.DefaultHttpClient -- Connection can be kept alive indefinitely
14:33:53.578 [main] DEBUG io.restassured.internal.RestAssuredHttpBuilder -- Parsing response as: application/json
14:33:53.578 [main] DEBUG io.restassured.internal.RestAssuredHttpBuilder -- Parsed data to instance of: class org.apache.http.conn.EofSensorInputStream
]]></system-out>
  </testcase>
  <testcase name="testPostUser[10008, diyabansal10008, Diya, Bansal, diya.bansal10008@example.com, Di@10008!Ba, +917670279152, 1](8)" classname="api.test.DDTests" time="1.184">
    <system-out><![CDATA[14:33:53.622 [main] DEBUG org.apache.http.impl.conn.BasicClientConnectionManager -- Get connection for route {s}->https://petstore.swagger.io:443
14:33:53.623 [main] DEBUG org.apache.http.impl.conn.DefaultClientConnectionOperator -- Connecting to petstore.swagger.io:443
14:33:54.461 [main] DEBUG org.apache.http.client.protocol.RequestAddCookies -- CookieSpec selected: ignoreCookies
14:33:54.462 [main] DEBUG org.apache.http.client.protocol.RequestAuthCache -- Auth cache not set in the context
14:33:54.462 [main] DEBUG org.apache.http.client.protocol.RequestTargetAuthentication -- Target auth state: UNCHALLENGED
14:33:54.462 [main] DEBUG org.apache.http.client.protocol.RequestProxyAuthentication -- Proxy auth state: UNCHALLENGED
14:33:54.462 [main] DEBUG org.apache.http.impl.client.DefaultHttpClient -- Attempt 1 to execute request
14:33:54.462 [main] DEBUG org.apache.http.impl.conn.DefaultClientConnection -- Sending request: POST /v2/user HTTP/1.1
14:33:54.462 [main] DEBUG org.apache.http.wire --  >> "POST /v2/user HTTP/1.1[\r][\n]"
14:33:54.462 [main] DEBUG org.apache.http.wire --  >> "Accept: application/json, application/javascript, text/javascript, text/json[\r][\n]"
14:33:54.462 [main] DEBUG org.apache.http.wire --  >> "Content-Type: application/json[\r][\n]"
14:33:54.462 [main] DEBUG org.apache.http.wire --  >> "Content-Length: 183[\r][\n]"
14:33:54.462 [main] DEBUG org.apache.http.wire --  >> "Host: petstore.swagger.io[\r][\n]"
14:33:54.462 [main] DEBUG org.apache.http.wire --  >> "Connection: Keep-Alive[\r][\n]"
14:33:54.462 [main] DEBUG org.apache.http.wire --  >> "User-Agent: Apache-HttpClient/4.5.13 (Java/17.0.16)[\r][\n]"
14:33:54.462 [main] DEBUG org.apache.http.wire --  >> "Accept-Encoding: gzip,deflate[\r][\n]"
14:33:54.462 [main] DEBUG org.apache.http.wire --  >> "[\r][\n]"
14:33:54.462 [main] DEBUG org.apache.http.headers -- >> POST /v2/user HTTP/1.1
14:33:54.462 [main] DEBUG org.apache.http.headers -- >> Accept: application/json, application/javascript, text/javascript, text/json
14:33:54.462 [main] DEBUG org.apache.http.headers -- >> Content-Type: application/json
14:33:54.462 [main] DEBUG org.apache.http.headers -- >> Content-Length: 183
14:33:54.462 [main] DEBUG org.apache.http.headers -- >> Host: petstore.swagger.io
14:33:54.462 [main] DEBUG org.apache.http.headers -- >> Connection: Keep-Alive
14:33:54.462 [main] DEBUG org.apache.http.headers -- >> User-Agent: Apache-HttpClient/4.5.13 (Java/17.0.16)
14:33:54.462 [main] DEBUG org.apache.http.headers -- >> Accept-Encoding: gzip,deflate
14:33:54.462 [main] DEBUG org.apache.http.wire --  >> "{"id":10008,"username":"diyabansal10008","firstName":"Diya","lastName":"Bansal","email":"diya.bansal10008@example.com","password":"Di@10008!Ba","phone":"+917670279152","userStatus":1}"
14:33:54.765 [main] DEBUG org.apache.http.wire --  << "HTTP/1.1 200 OK[\r][\n]"
14:33:54.766 [main] DEBUG org.apache.http.wire --  << "Date: Tue, 02 Sep 2025 09:03:54 GMT[\r][\n]"
14:33:54.766 [main] DEBUG org.apache.http.wire --  << "Content-Type: application/json[\r][\n]"
14:33:54.766 [main] DEBUG org.apache.http.wire --  << "Transfer-Encoding: chunked[\r][\n]"
14:33:54.766 [main] DEBUG org.apache.http.wire --  << "Connection: keep-alive[\r][\n]"
14:33:54.766 [main] DEBUG org.apache.http.wire --  << "Access-Control-Allow-Origin: *[\r][\n]"
14:33:54.766 [main] DEBUG org.apache.http.wire --  << "Access-Control-Allow-Methods: GET, POST, DELETE, PUT[\r][\n]"
14:33:54.766 [main] DEBUG org.apache.http.wire --  << "Access-Control-Allow-Headers: Content-Type, api_key, Authorization[\r][\n]"
14:33:54.766 [main] DEBUG org.apache.http.wire --  << "Server: Jetty(9.2.9.v20150224)[\r][\n]"
14:33:54.766 [main] DEBUG org.apache.http.wire --  << "[\r][\n]"
14:33:54.766 [main] DEBUG org.apache.http.impl.conn.DefaultClientConnection -- Receiving response: HTTP/1.1 200 OK
14:33:54.766 [main] DEBUG org.apache.http.headers -- << HTTP/1.1 200 OK
14:33:54.766 [main] DEBUG org.apache.http.headers -- << Date: Tue, 02 Sep 2025 09:03:54 GMT
14:33:54.766 [main] DEBUG org.apache.http.headers -- << Content-Type: application/json
14:33:54.766 [main] DEBUG org.apache.http.headers -- << Transfer-Encoding: chunked
14:33:54.766 [main] DEBUG org.apache.http.headers -- << Connection: keep-alive
14:33:54.766 [main] DEBUG org.apache.http.headers -- << Access-Control-Allow-Origin: *
14:33:54.766 [main] DEBUG org.apache.http.headers -- << Access-Control-Allow-Methods: GET, POST, DELETE, PUT
14:33:54.766 [main] DEBUG org.apache.http.headers -- << Access-Control-Allow-Headers: Content-Type, api_key, Authorization
14:33:54.766 [main] DEBUG org.apache.http.headers -- << Server: Jetty(9.2.9.v20150224)
14:33:54.767 [main] DEBUG org.apache.http.impl.client.DefaultHttpClient -- Connection can be kept alive indefinitely
14:33:54.767 [main] DEBUG io.restassured.internal.RestAssuredHttpBuilder -- Parsing response as: application/json
14:33:54.767 [main] DEBUG io.restassured.internal.RestAssuredHttpBuilder -- Parsed data to instance of: class org.apache.http.conn.EofSensorInputStream
]]></system-out>
  </testcase>
  <testcase name="testPostUser[10009, myrabose10009, Myra, Bose, myra.bose10009@example.com, My@10009!Bo, +919844838053, 1](9)" classname="api.test.DDTests" time="1.654">
    <system-out><![CDATA[14:33:54.793 [main] DEBUG org.apache.http.impl.conn.BasicClientConnectionManager -- Get connection for route {s}->https://petstore.swagger.io:443
14:33:54.793 [main] DEBUG org.apache.http.impl.conn.DefaultClientConnectionOperator -- Connecting to petstore.swagger.io:443
14:33:55.954 [main] DEBUG org.apache.http.client.protocol.RequestAddCookies -- CookieSpec selected: ignoreCookies
14:33:55.954 [main] DEBUG org.apache.http.client.protocol.RequestAuthCache -- Auth cache not set in the context
14:33:55.954 [main] DEBUG org.apache.http.client.protocol.RequestTargetAuthentication -- Target auth state: UNCHALLENGED
14:33:55.954 [main] DEBUG org.apache.http.client.protocol.RequestProxyAuthentication -- Proxy auth state: UNCHALLENGED
14:33:55.954 [main] DEBUG org.apache.http.impl.client.DefaultHttpClient -- Attempt 1 to execute request
14:33:55.954 [main] DEBUG org.apache.http.impl.conn.DefaultClientConnection -- Sending request: POST /v2/user HTTP/1.1
14:33:55.954 [main] DEBUG org.apache.http.wire --  >> "POST /v2/user HTTP/1.1[\r][\n]"
14:33:55.954 [main] DEBUG org.apache.http.wire --  >> "Accept: application/json, application/javascript, text/javascript, text/json[\r][\n]"
14:33:55.954 [main] DEBUG org.apache.http.wire --  >> "Content-Type: application/json[\r][\n]"
14:33:55.954 [main] DEBUG org.apache.http.wire --  >> "Content-Length: 177[\r][\n]"
14:33:55.954 [main] DEBUG org.apache.http.wire --  >> "Host: petstore.swagger.io[\r][\n]"
14:33:55.954 [main] DEBUG org.apache.http.wire --  >> "Connection: Keep-Alive[\r][\n]"
14:33:55.954 [main] DEBUG org.apache.http.wire --  >> "User-Agent: Apache-HttpClient/4.5.13 (Java/17.0.16)[\r][\n]"
14:33:55.954 [main] DEBUG org.apache.http.wire --  >> "Accept-Encoding: gzip,deflate[\r][\n]"
14:33:55.954 [main] DEBUG org.apache.http.wire --  >> "[\r][\n]"
14:33:55.954 [main] DEBUG org.apache.http.headers -- >> POST /v2/user HTTP/1.1
14:33:55.954 [main] DEBUG org.apache.http.headers -- >> Accept: application/json, application/javascript, text/javascript, text/json
14:33:55.954 [main] DEBUG org.apache.http.headers -- >> Content-Type: application/json
14:33:55.954 [main] DEBUG org.apache.http.headers -- >> Content-Length: 177
14:33:55.954 [main] DEBUG org.apache.http.headers -- >> Host: petstore.swagger.io
14:33:55.954 [main] DEBUG org.apache.http.headers -- >> Connection: Keep-Alive
14:33:55.954 [main] DEBUG org.apache.http.headers -- >> User-Agent: Apache-HttpClient/4.5.13 (Java/17.0.16)
14:33:55.954 [main] DEBUG org.apache.http.headers -- >> Accept-Encoding: gzip,deflate
14:33:55.954 [main] DEBUG org.apache.http.wire --  >> "{"id":10009,"username":"myrabose10009","firstName":"Myra","lastName":"Bose","email":"myra.bose10009@example.com","password":"My@10009!Bo","phone":"+919844838053","userStatus":1}"
14:33:56.418 [main] DEBUG org.apache.http.wire --  << "HTTP/1.1 200 OK[\r][\n]"
14:33:56.419 [main] DEBUG org.apache.http.wire --  << "Date: Tue, 02 Sep 2025 09:03:55 GMT[\r][\n]"
14:33:56.419 [main] DEBUG org.apache.http.wire --  << "Content-Type: application/json[\r][\n]"
14:33:56.419 [main] DEBUG org.apache.http.wire --  << "Transfer-Encoding: chunked[\r][\n]"
14:33:56.419 [main] DEBUG org.apache.http.wire --  << "Connection: keep-alive[\r][\n]"
14:33:56.419 [main] DEBUG org.apache.http.wire --  << "Access-Control-Allow-Origin: *[\r][\n]"
14:33:56.419 [main] DEBUG org.apache.http.wire --  << "Access-Control-Allow-Methods: GET, POST, DELETE, PUT[\r][\n]"
14:33:56.419 [main] DEBUG org.apache.http.wire --  << "Access-Control-Allow-Headers: Content-Type, api_key, Authorization[\r][\n]"
14:33:56.419 [main] DEBUG org.apache.http.wire --  << "Server: Jetty(9.2.9.v20150224)[\r][\n]"
14:33:56.419 [main] DEBUG org.apache.http.wire --  << "[\r][\n]"
14:33:56.419 [main] DEBUG org.apache.http.impl.conn.DefaultClientConnection -- Receiving response: HTTP/1.1 200 OK
14:33:56.419 [main] DEBUG org.apache.http.headers -- << HTTP/1.1 200 OK
14:33:56.419 [main] DEBUG org.apache.http.headers -- << Date: Tue, 02 Sep 2025 09:03:55 GMT
14:33:56.419 [main] DEBUG org.apache.http.headers -- << Content-Type: application/json
14:33:56.419 [main] DEBUG org.apache.http.headers -- << Transfer-Encoding: chunked
14:33:56.419 [main] DEBUG org.apache.http.headers -- << Connection: keep-alive
14:33:56.419 [main] DEBUG org.apache.http.headers -- << Access-Control-Allow-Origin: *
14:33:56.419 [main] DEBUG org.apache.http.headers -- << Access-Control-Allow-Methods: GET, POST, DELETE, PUT
14:33:56.419 [main] DEBUG org.apache.http.headers -- << Access-Control-Allow-Headers: Content-Type, api_key, Authorization
14:33:56.419 [main] DEBUG org.apache.http.headers -- << Server: Jetty(9.2.9.v20150224)
14:33:56.419 [main] DEBUG org.apache.http.impl.client.DefaultHttpClient -- Connection can be kept alive indefinitely
14:33:56.419 [main] DEBUG io.restassured.internal.RestAssuredHttpBuilder -- Parsing response as: application/json
14:33:56.419 [main] DEBUG io.restassured.internal.RestAssuredHttpBuilder -- Parsed data to instance of: class org.apache.http.conn.EofSensorInputStream
]]></system-out>
  </testcase>
  <testcase name="testPostUser[10010, aryangupta10010, Aryan, Gupta, aryan.gupta10010@example.com, Ar@10010!Gu, +918811170213, 1](10)" classname="api.test.DDTests" time="1.327">
    <system-out><![CDATA[14:33:56.474 [main] DEBUG org.apache.http.impl.conn.BasicClientConnectionManager -- Get connection for route {s}->https://petstore.swagger.io:443
14:33:56.474 [main] DEBUG org.apache.http.impl.conn.DefaultClientConnectionOperator -- Connecting to petstore.swagger.io:443
14:33:57.304 [main] DEBUG org.apache.http.client.protocol.RequestAddCookies -- CookieSpec selected: ignoreCookies
14:33:57.305 [main] DEBUG org.apache.http.client.protocol.RequestAuthCache -- Auth cache not set in the context
14:33:57.305 [main] DEBUG org.apache.http.client.protocol.RequestTargetAuthentication -- Target auth state: UNCHALLENGED
14:33:57.305 [main] DEBUG org.apache.http.client.protocol.RequestProxyAuthentication -- Proxy auth state: UNCHALLENGED
14:33:57.305 [main] DEBUG org.apache.http.impl.client.DefaultHttpClient -- Attempt 1 to execute request
14:33:57.305 [main] DEBUG org.apache.http.impl.conn.DefaultClientConnection -- Sending request: POST /v2/user HTTP/1.1
14:33:57.305 [main] DEBUG org.apache.http.wire --  >> "POST /v2/user HTTP/1.1[\r][\n]"
14:33:57.305 [main] DEBUG org.apache.http.wire --  >> "Accept: application/json, application/javascript, text/javascript, text/json[\r][\n]"
14:33:57.305 [main] DEBUG org.apache.http.wire --  >> "Content-Type: application/json[\r][\n]"
14:33:57.305 [main] DEBUG org.apache.http.wire --  >> "Content-Length: 183[\r][\n]"
14:33:57.305 [main] DEBUG org.apache.http.wire --  >> "Host: petstore.swagger.io[\r][\n]"
14:33:57.305 [main] DEBUG org.apache.http.wire --  >> "Connection: Keep-Alive[\r][\n]"
14:33:57.305 [main] DEBUG org.apache.http.wire --  >> "User-Agent: Apache-HttpClient/4.5.13 (Java/17.0.16)[\r][\n]"
14:33:57.305 [main] DEBUG org.apache.http.wire --  >> "Accept-Encoding: gzip,deflate[\r][\n]"
14:33:57.305 [main] DEBUG org.apache.http.wire --  >> "[\r][\n]"
14:33:57.305 [main] DEBUG org.apache.http.headers -- >> POST /v2/user HTTP/1.1
14:33:57.305 [main] DEBUG org.apache.http.headers -- >> Accept: application/json, application/javascript, text/javascript, text/json
14:33:57.305 [main] DEBUG org.apache.http.headers -- >> Content-Type: application/json
14:33:57.305 [main] DEBUG org.apache.http.headers -- >> Content-Length: 183
14:33:57.305 [main] DEBUG org.apache.http.headers -- >> Host: petstore.swagger.io
14:33:57.305 [main] DEBUG org.apache.http.headers -- >> Connection: Keep-Alive
14:33:57.305 [main] DEBUG org.apache.http.headers -- >> User-Agent: Apache-HttpClient/4.5.13 (Java/17.0.16)
14:33:57.305 [main] DEBUG org.apache.http.headers -- >> Accept-Encoding: gzip,deflate
14:33:57.305 [main] DEBUG org.apache.http.wire --  >> "{"id":10010,"username":"aryangupta10010","firstName":"Aryan","lastName":"Gupta","email":"aryan.gupta10010@example.com","password":"Ar@10010!Gu","phone":"+918811170213","userStatus":1}"
14:33:57.741 [main] DEBUG org.apache.http.wire --  << "HTTP/1.1 200 OK[\r][\n]"
14:33:57.741 [main] DEBUG org.apache.http.wire --  << "Date: Tue, 02 Sep 2025 09:03:56 GMT[\r][\n]"
14:33:57.741 [main] DEBUG org.apache.http.wire --  << "Content-Type: application/json[\r][\n]"
14:33:57.741 [main] DEBUG org.apache.http.wire --  << "Transfer-Encoding: chunked[\r][\n]"
14:33:57.741 [main] DEBUG org.apache.http.wire --  << "Connection: keep-alive[\r][\n]"
14:33:57.741 [main] DEBUG org.apache.http.wire --  << "Access-Control-Allow-Origin: *[\r][\n]"
14:33:57.741 [main] DEBUG org.apache.http.wire --  << "Access-Control-Allow-Methods: GET, POST, DELETE, PUT[\r][\n]"
14:33:57.741 [main] DEBUG org.apache.http.wire --  << "Access-Control-Allow-Headers: Content-Type, api_key, Authorization[\r][\n]"
14:33:57.741 [main] DEBUG org.apache.http.wire --  << "Server: Jetty(9.2.9.v20150224)[\r][\n]"
14:33:57.741 [main] DEBUG org.apache.http.wire --  << "[\r][\n]"
14:33:57.742 [main] DEBUG org.apache.http.impl.conn.DefaultClientConnection -- Receiving response: HTTP/1.1 200 OK
14:33:57.742 [main] DEBUG org.apache.http.headers -- << HTTP/1.1 200 OK
14:33:57.742 [main] DEBUG org.apache.http.headers -- << Date: Tue, 02 Sep 2025 09:03:56 GMT
14:33:57.742 [main] DEBUG org.apache.http.headers -- << Content-Type: application/json
14:33:57.742 [main] DEBUG org.apache.http.headers -- << Transfer-Encoding: chunked
14:33:57.742 [main] DEBUG org.apache.http.headers -- << Connection: keep-alive
14:33:57.742 [main] DEBUG org.apache.http.headers -- << Access-Control-Allow-Origin: *
14:33:57.742 [main] DEBUG org.apache.http.headers -- << Access-Control-Allow-Methods: GET, POST, DELETE, PUT
14:33:57.742 [main] DEBUG org.apache.http.headers -- << Access-Control-Allow-Headers: Content-Type, api_key, Authorization
14:33:57.742 [main] DEBUG org.apache.http.headers -- << Server: Jetty(9.2.9.v20150224)
14:33:57.743 [main] DEBUG org.apache.http.impl.client.DefaultHttpClient -- Connection can be kept alive indefinitely
14:33:57.744 [main] DEBUG io.restassured.internal.RestAssuredHttpBuilder -- Parsing response as: application/json
14:33:57.744 [main] DEBUG io.restassured.internal.RestAssuredHttpBuilder -- Parsed data to instance of: class org.apache.http.conn.EofSensorInputStream
]]></system-out>
  </testcase>
  <testcase name="testPostUser[10011, kabirbose10011, Kabir, Bose, kabir.bose10011@example.com, Ka@10011!Bo, +917973714730, 1](11)" classname="api.test.DDTests" time="1.251">
    <system-out><![CDATA[14:33:57.778 [main] DEBUG org.apache.http.impl.conn.BasicClientConnectionManager -- Get connection for route {s}->https://petstore.swagger.io:443
14:33:57.779 [main] DEBUG org.apache.http.impl.conn.DefaultClientConnectionOperator -- Connecting to petstore.swagger.io:443
14:33:58.763 [main] DEBUG org.apache.http.client.protocol.RequestAddCookies -- CookieSpec selected: ignoreCookies
14:33:58.763 [main] DEBUG org.apache.http.client.protocol.RequestAuthCache -- Auth cache not set in the context
14:33:58.763 [main] DEBUG org.apache.http.client.protocol.RequestTargetAuthentication -- Target auth state: UNCHALLENGED
14:33:58.763 [main] DEBUG org.apache.http.client.protocol.RequestProxyAuthentication -- Proxy auth state: UNCHALLENGED
14:33:58.763 [main] DEBUG org.apache.http.impl.client.DefaultHttpClient -- Attempt 1 to execute request
14:33:58.763 [main] DEBUG org.apache.http.impl.conn.DefaultClientConnection -- Sending request: POST /v2/user HTTP/1.1
14:33:58.764 [main] DEBUG org.apache.http.wire --  >> "POST /v2/user HTTP/1.1[\r][\n]"
14:33:58.764 [main] DEBUG org.apache.http.wire --  >> "Accept: application/json, application/javascript, text/javascript, text/json[\r][\n]"
14:33:58.764 [main] DEBUG org.apache.http.wire --  >> "Content-Type: application/json[\r][\n]"
14:33:58.764 [main] DEBUG org.apache.http.wire --  >> "Content-Length: 180[\r][\n]"
14:33:58.764 [main] DEBUG org.apache.http.wire --  >> "Host: petstore.swagger.io[\r][\n]"
14:33:58.764 [main] DEBUG org.apache.http.wire --  >> "Connection: Keep-Alive[\r][\n]"
14:33:58.764 [main] DEBUG org.apache.http.wire --  >> "User-Agent: Apache-HttpClient/4.5.13 (Java/17.0.16)[\r][\n]"
14:33:58.764 [main] DEBUG org.apache.http.wire --  >> "Accept-Encoding: gzip,deflate[\r][\n]"
14:33:58.764 [main] DEBUG org.apache.http.wire --  >> "[\r][\n]"
14:33:58.764 [main] DEBUG org.apache.http.headers -- >> POST /v2/user HTTP/1.1
14:33:58.764 [main] DEBUG org.apache.http.headers -- >> Accept: application/json, application/javascript, text/javascript, text/json
14:33:58.764 [main] DEBUG org.apache.http.headers -- >> Content-Type: application/json
14:33:58.764 [main] DEBUG org.apache.http.headers -- >> Content-Length: 180
14:33:58.764 [main] DEBUG org.apache.http.headers -- >> Host: petstore.swagger.io
14:33:58.764 [main] DEBUG org.apache.http.headers -- >> Connection: Keep-Alive
14:33:58.764 [main] DEBUG org.apache.http.headers -- >> User-Agent: Apache-HttpClient/4.5.13 (Java/17.0.16)
14:33:58.764 [main] DEBUG org.apache.http.headers -- >> Accept-Encoding: gzip,deflate
14:33:58.764 [main] DEBUG org.apache.http.wire --  >> "{"id":10011,"username":"kabirbose10011","firstName":"Kabir","lastName":"Bose","email":"kabir.bose10011@example.com","password":"Ka@10011!Bo","phone":"+917973714730","userStatus":1}"
14:33:59.000 [main] DEBUG org.apache.http.wire --  << "HTTP/1.1 200 OK[\r][\n]"
14:33:59.001 [main] DEBUG org.apache.http.wire --  << "Date: Tue, 02 Sep 2025 09:03:58 GMT[\r][\n]"
14:33:59.001 [main] DEBUG org.apache.http.wire --  << "Content-Type: application/json[\r][\n]"
14:33:59.001 [main] DEBUG org.apache.http.wire --  << "Transfer-Encoding: chunked[\r][\n]"
14:33:59.001 [main] DEBUG org.apache.http.wire --  << "Connection: keep-alive[\r][\n]"
14:33:59.001 [main] DEBUG org.apache.http.wire --  << "Access-Control-Allow-Origin: *[\r][\n]"
14:33:59.001 [main] DEBUG org.apache.http.wire --  << "Access-Control-Allow-Methods: GET, POST, DELETE, PUT[\r][\n]"
14:33:59.001 [main] DEBUG org.apache.http.wire --  << "Access-Control-Allow-Headers: Content-Type, api_key, Authorization[\r][\n]"
14:33:59.001 [main] DEBUG org.apache.http.wire --  << "Server: Jetty(9.2.9.v20150224)[\r][\n]"
14:33:59.001 [main] DEBUG org.apache.http.wire --  << "[\r][\n]"
14:33:59.001 [main] DEBUG org.apache.http.impl.conn.DefaultClientConnection -- Receiving response: HTTP/1.1 200 OK
14:33:59.001 [main] DEBUG org.apache.http.headers -- << HTTP/1.1 200 OK
14:33:59.001 [main] DEBUG org.apache.http.headers -- << Date: Tue, 02 Sep 2025 09:03:58 GMT
14:33:59.001 [main] DEBUG org.apache.http.headers -- << Content-Type: application/json
14:33:59.001 [main] DEBUG org.apache.http.headers -- << Transfer-Encoding: chunked
14:33:59.001 [main] DEBUG org.apache.http.headers -- << Connection: keep-alive
14:33:59.001 [main] DEBUG org.apache.http.headers -- << Access-Control-Allow-Origin: *
14:33:59.001 [main] DEBUG org.apache.http.headers -- << Access-Control-Allow-Methods: GET, POST, DELETE, PUT
14:33:59.001 [main] DEBUG org.apache.http.headers -- << Access-Control-Allow-Headers: Content-Type, api_key, Authorization
14:33:59.001 [main] DEBUG org.apache.http.headers -- << Server: Jetty(9.2.9.v20150224)
14:33:59.001 [main] DEBUG org.apache.http.impl.client.DefaultHttpClient -- Connection can be kept alive indefinitely
14:33:59.002 [main] DEBUG io.restassured.internal.RestAssuredHttpBuilder -- Parsing response as: application/json
14:33:59.002 [main] DEBUG io.restassured.internal.RestAssuredHttpBuilder -- Parsed data to instance of: class org.apache.http.conn.EofSensorInputStream
]]></system-out>
  </testcase>
  <testcase name="testPostUser[10012, myrabose10012, Myra, Bose, myra.bose10012@example.com, My@10012!Bo, +919275068060, 1](12)" classname="api.test.DDTests" time="1.194">
    <system-out><![CDATA[14:33:59.025 [main] DEBUG org.apache.http.impl.conn.BasicClientConnectionManager -- Get connection for route {s}->https://petstore.swagger.io:443
14:33:59.026 [main] DEBUG org.apache.http.impl.conn.DefaultClientConnectionOperator -- Connecting to petstore.swagger.io:443
14:33:59.861 [main] DEBUG org.apache.http.client.protocol.RequestAddCookies -- CookieSpec selected: ignoreCookies
14:33:59.861 [main] DEBUG org.apache.http.client.protocol.RequestAuthCache -- Auth cache not set in the context
14:33:59.861 [main] DEBUG org.apache.http.client.protocol.RequestTargetAuthentication -- Target auth state: UNCHALLENGED
14:33:59.861 [main] DEBUG org.apache.http.client.protocol.RequestProxyAuthentication -- Proxy auth state: UNCHALLENGED
14:33:59.861 [main] DEBUG org.apache.http.impl.client.DefaultHttpClient -- Attempt 1 to execute request
14:33:59.863 [main] DEBUG org.apache.http.impl.conn.DefaultClientConnection -- Sending request: POST /v2/user HTTP/1.1
14:33:59.863 [main] DEBUG org.apache.http.wire --  >> "POST /v2/user HTTP/1.1[\r][\n]"
14:33:59.863 [main] DEBUG org.apache.http.wire --  >> "Accept: application/json, application/javascript, text/javascript, text/json[\r][\n]"
14:33:59.863 [main] DEBUG org.apache.http.wire --  >> "Content-Type: application/json[\r][\n]"
14:33:59.863 [main] DEBUG org.apache.http.wire --  >> "Content-Length: 177[\r][\n]"
14:33:59.863 [main] DEBUG org.apache.http.wire --  >> "Host: petstore.swagger.io[\r][\n]"
14:33:59.863 [main] DEBUG org.apache.http.wire --  >> "Connection: Keep-Alive[\r][\n]"
14:33:59.863 [main] DEBUG org.apache.http.wire --  >> "User-Agent: Apache-HttpClient/4.5.13 (Java/17.0.16)[\r][\n]"
14:33:59.863 [main] DEBUG org.apache.http.wire --  >> "Accept-Encoding: gzip,deflate[\r][\n]"
14:33:59.863 [main] DEBUG org.apache.http.wire --  >> "[\r][\n]"
14:33:59.864 [main] DEBUG org.apache.http.headers -- >> POST /v2/user HTTP/1.1
14:33:59.864 [main] DEBUG org.apache.http.headers -- >> Accept: application/json, application/javascript, text/javascript, text/json
14:33:59.864 [main] DEBUG org.apache.http.headers -- >> Content-Type: application/json
14:33:59.864 [main] DEBUG org.apache.http.headers -- >> Content-Length: 177
14:33:59.864 [main] DEBUG org.apache.http.headers -- >> Host: petstore.swagger.io
14:33:59.864 [main] DEBUG org.apache.http.headers -- >> Connection: Keep-Alive
14:33:59.864 [main] DEBUG org.apache.http.headers -- >> User-Agent: Apache-HttpClient/4.5.13 (Java/17.0.16)
14:33:59.864 [main] DEBUG org.apache.http.headers -- >> Accept-Encoding: gzip,deflate
14:33:59.864 [main] DEBUG org.apache.http.wire --  >> "{"id":10012,"username":"myrabose10012","firstName":"Myra","lastName":"Bose","email":"myra.bose10012@example.com","password":"My@10012!Bo","phone":"+919275068060","userStatus":1}"
14:34:00.195 [main] DEBUG org.apache.http.wire --  << "HTTP/1.1 200 OK[\r][\n]"
14:34:00.195 [main] DEBUG org.apache.http.wire --  << "Date: Tue, 02 Sep 2025 09:03:59 GMT[\r][\n]"
14:34:00.195 [main] DEBUG org.apache.http.wire --  << "Content-Type: application/json[\r][\n]"
14:34:00.195 [main] DEBUG org.apache.http.wire --  << "Transfer-Encoding: chunked[\r][\n]"
14:34:00.195 [main] DEBUG org.apache.http.wire --  << "Connection: keep-alive[\r][\n]"
14:34:00.195 [main] DEBUG org.apache.http.wire --  << "Access-Control-Allow-Origin: *[\r][\n]"
14:34:00.196 [main] DEBUG org.apache.http.wire --  << "Access-Control-Allow-Methods: GET, POST, DELETE, PUT[\r][\n]"
14:34:00.196 [main] DEBUG org.apache.http.wire --  << "Access-Control-Allow-Headers: Content-Type, api_key, Authorization[\r][\n]"
14:34:00.196 [main] DEBUG org.apache.http.wire --  << "Server: Jetty(9.2.9.v20150224)[\r][\n]"
14:34:00.196 [main] DEBUG org.apache.http.wire --  << "[\r][\n]"
14:34:00.196 [main] DEBUG org.apache.http.impl.conn.DefaultClientConnection -- Receiving response: HTTP/1.1 200 OK
14:34:00.196 [main] DEBUG org.apache.http.headers -- << HTTP/1.1 200 OK
14:34:00.196 [main] DEBUG org.apache.http.headers -- << Date: Tue, 02 Sep 2025 09:03:59 GMT
14:34:00.196 [main] DEBUG org.apache.http.headers -- << Content-Type: application/json
14:34:00.196 [main] DEBUG org.apache.http.headers -- << Transfer-Encoding: chunked
14:34:00.196 [main] DEBUG org.apache.http.headers -- << Connection: keep-alive
14:34:00.196 [main] DEBUG org.apache.http.headers -- << Access-Control-Allow-Origin: *
14:34:00.196 [main] DEBUG org.apache.http.headers -- << Access-Control-Allow-Methods: GET, POST, DELETE, PUT
14:34:00.196 [main] DEBUG org.apache.http.headers -- << Access-Control-Allow-Headers: Content-Type, api_key, Authorization
14:34:00.196 [main] DEBUG org.apache.http.headers -- << Server: Jetty(9.2.9.v20150224)
14:34:00.196 [main] DEBUG org.apache.http.impl.client.DefaultHttpClient -- Connection can be kept alive indefinitely
14:34:00.197 [main] DEBUG io.restassured.internal.RestAssuredHttpBuilder -- Parsing response as: application/json
14:34:00.197 [main] DEBUG io.restassured.internal.RestAssuredHttpBuilder -- Parsed data to instance of: class org.apache.http.conn.EofSensorInputStream
]]></system-out>
  </testcase>
  <testcase name="testPostUser[10013, raghavrastogi10013, Raghav, Rastogi, raghav.rastogi10013@example.com, Ra@10013!Ra, +917928492578, 1](13)" classname="api.test.DDTests" time="1.214">
    <system-out><![CDATA[14:34:00.236 [main] DEBUG org.apache.http.impl.conn.BasicClientConnectionManager -- Get connection for route {s}->https://petstore.swagger.io:443
14:34:00.236 [main] DEBUG org.apache.http.impl.conn.DefaultClientConnectionOperator -- Connecting to petstore.swagger.io:443
14:34:01.122 [main] DEBUG org.apache.http.client.protocol.RequestAddCookies -- CookieSpec selected: ignoreCookies
14:34:01.122 [main] DEBUG org.apache.http.client.protocol.RequestAuthCache -- Auth cache not set in the context
14:34:01.123 [main] DEBUG org.apache.http.client.protocol.RequestTargetAuthentication -- Target auth state: UNCHALLENGED
14:34:01.123 [main] DEBUG org.apache.http.client.protocol.RequestProxyAuthentication -- Proxy auth state: UNCHALLENGED
14:34:01.123 [main] DEBUG org.apache.http.impl.client.DefaultHttpClient -- Attempt 1 to execute request
14:34:01.123 [main] DEBUG org.apache.http.impl.conn.DefaultClientConnection -- Sending request: POST /v2/user HTTP/1.1
14:34:01.123 [main] DEBUG org.apache.http.wire --  >> "POST /v2/user HTTP/1.1[\r][\n]"
14:34:01.123 [main] DEBUG org.apache.http.wire --  >> "Accept: application/json, application/javascript, text/javascript, text/json[\r][\n]"
14:34:01.123 [main] DEBUG org.apache.http.wire --  >> "Content-Type: application/json[\r][\n]"
14:34:01.123 [main] DEBUG org.apache.http.wire --  >> "Content-Length: 192[\r][\n]"
14:34:01.123 [main] DEBUG org.apache.http.wire --  >> "Host: petstore.swagger.io[\r][\n]"
14:34:01.123 [main] DEBUG org.apache.http.wire --  >> "Connection: Keep-Alive[\r][\n]"
14:34:01.124 [main] DEBUG org.apache.http.wire --  >> "User-Agent: Apache-HttpClient/4.5.13 (Java/17.0.16)[\r][\n]"
14:34:01.124 [main] DEBUG org.apache.http.wire --  >> "Accept-Encoding: gzip,deflate[\r][\n]"
14:34:01.124 [main] DEBUG org.apache.http.wire --  >> "[\r][\n]"
14:34:01.124 [main] DEBUG org.apache.http.headers -- >> POST /v2/user HTTP/1.1
14:34:01.124 [main] DEBUG org.apache.http.headers -- >> Accept: application/json, application/javascript, text/javascript, text/json
14:34:01.124 [main] DEBUG org.apache.http.headers -- >> Content-Type: application/json
14:34:01.124 [main] DEBUG org.apache.http.headers -- >> Content-Length: 192
14:34:01.124 [main] DEBUG org.apache.http.headers -- >> Host: petstore.swagger.io
14:34:01.124 [main] DEBUG org.apache.http.headers -- >> Connection: Keep-Alive
14:34:01.124 [main] DEBUG org.apache.http.headers -- >> User-Agent: Apache-HttpClient/4.5.13 (Java/17.0.16)
14:34:01.125 [main] DEBUG org.apache.http.headers -- >> Accept-Encoding: gzip,deflate
14:34:01.125 [main] DEBUG org.apache.http.wire --  >> "{"id":10013,"username":"raghavrastogi10013","firstName":"Raghav","lastName":"Rastogi","email":"raghav.rastogi10013@example.com","password":"Ra@10013!Ra","phone":"+917928492578","userStatus":1}"
14:34:01.408 [main] DEBUG org.apache.http.wire --  << "HTTP/1.1 200 OK[\r][\n]"
14:34:01.409 [main] DEBUG org.apache.http.wire --  << "Date: Tue, 02 Sep 2025 09:04:00 GMT[\r][\n]"
14:34:01.409 [main] DEBUG org.apache.http.wire --  << "Content-Type: application/json[\r][\n]"
14:34:01.409 [main] DEBUG org.apache.http.wire --  << "Transfer-Encoding: chunked[\r][\n]"
14:34:01.409 [main] DEBUG org.apache.http.wire --  << "Connection: keep-alive[\r][\n]"
14:34:01.409 [main] DEBUG org.apache.http.wire --  << "Access-Control-Allow-Origin: *[\r][\n]"
14:34:01.409 [main] DEBUG org.apache.http.wire --  << "Access-Control-Allow-Methods: GET, POST, DELETE, PUT[\r][\n]"
14:34:01.409 [main] DEBUG org.apache.http.wire --  << "Access-Control-Allow-Headers: Content-Type, api_key, Authorization[\r][\n]"
14:34:01.409 [main] DEBUG org.apache.http.wire --  << "Server: Jetty(9.2.9.v20150224)[\r][\n]"
14:34:01.409 [main] DEBUG org.apache.http.wire --  << "[\r][\n]"
14:34:01.410 [main] DEBUG org.apache.http.impl.conn.DefaultClientConnection -- Receiving response: HTTP/1.1 200 OK
14:34:01.410 [main] DEBUG org.apache.http.headers -- << HTTP/1.1 200 OK
14:34:01.410 [main] DEBUG org.apache.http.headers -- << Date: Tue, 02 Sep 2025 09:04:00 GMT
14:34:01.410 [main] DEBUG org.apache.http.headers -- << Content-Type: application/json
14:34:01.410 [main] DEBUG org.apache.http.headers -- << Transfer-Encoding: chunked
14:34:01.410 [main] DEBUG org.apache.http.headers -- << Connection: keep-alive
14:34:01.410 [main] DEBUG org.apache.http.headers -- << Access-Control-Allow-Origin: *
14:34:01.410 [main] DEBUG org.apache.http.headers -- << Access-Control-Allow-Methods: GET, POST, DELETE, PUT
14:34:01.410 [main] DEBUG org.apache.http.headers -- << Access-Control-Allow-Headers: Content-Type, api_key, Authorization
14:34:01.410 [main] DEBUG org.apache.http.headers -- << Server: Jetty(9.2.9.v20150224)
14:34:01.410 [main] DEBUG org.apache.http.impl.client.DefaultHttpClient -- Connection can be kept alive indefinitely
14:34:01.410 [main] DEBUG io.restassured.internal.RestAssuredHttpBuilder -- Parsing response as: application/json
14:34:01.410 [main] DEBUG io.restassured.internal.RestAssuredHttpBuilder -- Parsed data to instance of: class org.apache.http.conn.EofSensorInputStream
]]></system-out>
  </testcase>
  <testcase name="testPostUser[10014, kirandesai10014, Kiran, Desai, kiran.desai10014@example.com, Ki@10014!De, +918093349316, 1](14)" classname="api.test.DDTests" time="1.059">
    <system-out><![CDATA[14:34:01.442 [main] DEBUG org.apache.http.impl.conn.BasicClientConnectionManager -- Get connection for route {s}->https://petstore.swagger.io:443
14:34:01.444 [main] DEBUG org.apache.http.impl.conn.DefaultClientConnectionOperator -- Connecting to petstore.swagger.io:443
14:34:02.206 [main] DEBUG org.apache.http.client.protocol.RequestAddCookies -- CookieSpec selected: ignoreCookies
14:34:02.206 [main] DEBUG org.apache.http.client.protocol.RequestAuthCache -- Auth cache not set in the context
14:34:02.206 [main] DEBUG org.apache.http.client.protocol.RequestTargetAuthentication -- Target auth state: UNCHALLENGED
14:34:02.206 [main] DEBUG org.apache.http.client.protocol.RequestProxyAuthentication -- Proxy auth state: UNCHALLENGED
14:34:02.206 [main] DEBUG org.apache.http.impl.client.DefaultHttpClient -- Attempt 1 to execute request
14:34:02.206 [main] DEBUG org.apache.http.impl.conn.DefaultClientConnection -- Sending request: POST /v2/user HTTP/1.1
14:34:02.206 [main] DEBUG org.apache.http.wire --  >> "POST /v2/user HTTP/1.1[\r][\n]"
14:34:02.206 [main] DEBUG org.apache.http.wire --  >> "Accept: application/json, application/javascript, text/javascript, text/json[\r][\n]"
14:34:02.208 [main] DEBUG org.apache.http.wire --  >> "Content-Type: application/json[\r][\n]"
14:34:02.208 [main] DEBUG org.apache.http.wire --  >> "Content-Length: 183[\r][\n]"
14:34:02.208 [main] DEBUG org.apache.http.wire --  >> "Host: petstore.swagger.io[\r][\n]"
14:34:02.208 [main] DEBUG org.apache.http.wire --  >> "Connection: Keep-Alive[\r][\n]"
14:34:02.208 [main] DEBUG org.apache.http.wire --  >> "User-Agent: Apache-HttpClient/4.5.13 (Java/17.0.16)[\r][\n]"
14:34:02.208 [main] DEBUG org.apache.http.wire --  >> "Accept-Encoding: gzip,deflate[\r][\n]"
14:34:02.208 [main] DEBUG org.apache.http.wire --  >> "[\r][\n]"
14:34:02.209 [main] DEBUG org.apache.http.headers -- >> POST /v2/user HTTP/1.1
14:34:02.209 [main] DEBUG org.apache.http.headers -- >> Accept: application/json, application/javascript, text/javascript, text/json
14:34:02.209 [main] DEBUG org.apache.http.headers -- >> Content-Type: application/json
14:34:02.209 [main] DEBUG org.apache.http.headers -- >> Content-Length: 183
14:34:02.209 [main] DEBUG org.apache.http.headers -- >> Host: petstore.swagger.io
14:34:02.209 [main] DEBUG org.apache.http.headers -- >> Connection: Keep-Alive
14:34:02.209 [main] DEBUG org.apache.http.headers -- >> User-Agent: Apache-HttpClient/4.5.13 (Java/17.0.16)
14:34:02.209 [main] DEBUG org.apache.http.headers -- >> Accept-Encoding: gzip,deflate
14:34:02.209 [main] DEBUG org.apache.http.wire --  >> "{"id":10014,"username":"kirandesai10014","firstName":"Kiran","lastName":"Desai","email":"kiran.desai10014@example.com","password":"Ki@10014!De","phone":"+918093349316","userStatus":1}"
14:34:02.473 [main] DEBUG org.apache.http.wire --  << "HTTP/1.1 200 OK[\r][\n]"
14:34:02.473 [main] DEBUG org.apache.http.wire --  << "Date: Tue, 02 Sep 2025 09:04:01 GMT[\r][\n]"
14:34:02.473 [main] DEBUG org.apache.http.wire --  << "Content-Type: application/json[\r][\n]"
14:34:02.473 [main] DEBUG org.apache.http.wire --  << "Transfer-Encoding: chunked[\r][\n]"
14:34:02.473 [main] DEBUG org.apache.http.wire --  << "Connection: keep-alive[\r][\n]"
14:34:02.473 [main] DEBUG org.apache.http.wire --  << "Access-Control-Allow-Origin: *[\r][\n]"
14:34:02.473 [main] DEBUG org.apache.http.wire --  << "Access-Control-Allow-Methods: GET, POST, DELETE, PUT[\r][\n]"
14:34:02.473 [main] DEBUG org.apache.http.wire --  << "Access-Control-Allow-Headers: Content-Type, api_key, Authorization[\r][\n]"
14:34:02.473 [main] DEBUG org.apache.http.wire --  << "Server: Jetty(9.2.9.v20150224)[\r][\n]"
14:34:02.473 [main] DEBUG org.apache.http.wire --  << "[\r][\n]"
14:34:02.473 [main] DEBUG org.apache.http.impl.conn.DefaultClientConnection -- Receiving response: HTTP/1.1 200 OK
14:34:02.473 [main] DEBUG org.apache.http.headers -- << HTTP/1.1 200 OK
14:34:02.473 [main] DEBUG org.apache.http.headers -- << Date: Tue, 02 Sep 2025 09:04:01 GMT
14:34:02.473 [main] DEBUG org.apache.http.headers -- << Content-Type: application/json
14:34:02.473 [main] DEBUG org.apache.http.headers -- << Transfer-Encoding: chunked
14:34:02.473 [main] DEBUG org.apache.http.headers -- << Connection: keep-alive
14:34:02.473 [main] DEBUG org.apache.http.headers -- << Access-Control-Allow-Origin: *
14:34:02.473 [main] DEBUG org.apache.http.headers -- << Access-Control-Allow-Methods: GET, POST, DELETE, PUT
14:34:02.473 [main] DEBUG org.apache.http.headers -- << Access-Control-Allow-Headers: Content-Type, api_key, Authorization
14:34:02.473 [main] DEBUG org.apache.http.headers -- << Server: Jetty(9.2.9.v20150224)
14:34:02.473 [main] DEBUG org.apache.http.impl.client.DefaultHttpClient -- Connection can be kept alive indefinitely
14:34:02.474 [main] DEBUG io.restassured.internal.RestAssuredHttpBuilder -- Parsing response as: application/json
14:34:02.474 [main] DEBUG io.restassured.internal.RestAssuredHttpBuilder -- Parsed data to instance of: class org.apache.http.conn.EofSensorInputStream
]]></system-out>
  </testcase>
  <testcase name="testPostUser[10015, myrarastogi10015, Myra, Rastogi, myra.rastogi10015@example.com, My@10015!Ra, +919173847861, 1](15)" classname="api.test.DDTests" time="1.224">
    <system-out><![CDATA[14:34:02.501 [main] DEBUG org.apache.http.impl.conn.BasicClientConnectionManager -- Get connection for route {s}->https://petstore.swagger.io:443
14:34:02.501 [main] DEBUG org.apache.http.impl.conn.DefaultClientConnectionOperator -- Connecting to petstore.swagger.io:443
14:34:03.435 [main] DEBUG org.apache.http.client.protocol.RequestAddCookies -- CookieSpec selected: ignoreCookies
14:34:03.435 [main] DEBUG org.apache.http.client.protocol.RequestAuthCache -- Auth cache not set in the context
14:34:03.435 [main] DEBUG org.apache.http.client.protocol.RequestTargetAuthentication -- Target auth state: UNCHALLENGED
14:34:03.435 [main] DEBUG org.apache.http.client.protocol.RequestProxyAuthentication -- Proxy auth state: UNCHALLENGED
14:34:03.435 [main] DEBUG org.apache.http.impl.client.DefaultHttpClient -- Attempt 1 to execute request
14:34:03.435 [main] DEBUG org.apache.http.impl.conn.DefaultClientConnection -- Sending request: POST /v2/user HTTP/1.1
14:34:03.435 [main] DEBUG org.apache.http.wire --  >> "POST /v2/user HTTP/1.1[\r][\n]"
14:34:03.435 [main] DEBUG org.apache.http.wire --  >> "Accept: application/json, application/javascript, text/javascript, text/json[\r][\n]"
14:34:03.435 [main] DEBUG org.apache.http.wire --  >> "Content-Type: application/json[\r][\n]"
14:34:03.435 [main] DEBUG org.apache.http.wire --  >> "Content-Length: 186[\r][\n]"
14:34:03.435 [main] DEBUG org.apache.http.wire --  >> "Host: petstore.swagger.io[\r][\n]"
14:34:03.435 [main] DEBUG org.apache.http.wire --  >> "Connection: Keep-Alive[\r][\n]"
14:34:03.435 [main] DEBUG org.apache.http.wire --  >> "User-Agent: Apache-HttpClient/4.5.13 (Java/17.0.16)[\r][\n]"
14:34:03.435 [main] DEBUG org.apache.http.wire --  >> "Accept-Encoding: gzip,deflate[\r][\n]"
14:34:03.435 [main] DEBUG org.apache.http.wire --  >> "[\r][\n]"
14:34:03.435 [main] DEBUG org.apache.http.headers -- >> POST /v2/user HTTP/1.1
14:34:03.435 [main] DEBUG org.apache.http.headers -- >> Accept: application/json, application/javascript, text/javascript, text/json
14:34:03.435 [main] DEBUG org.apache.http.headers -- >> Content-Type: application/json
14:34:03.435 [main] DEBUG org.apache.http.headers -- >> Content-Length: 186
14:34:03.435 [main] DEBUG org.apache.http.headers -- >> Host: petstore.swagger.io
14:34:03.435 [main] DEBUG org.apache.http.headers -- >> Connection: Keep-Alive
14:34:03.435 [main] DEBUG org.apache.http.headers -- >> User-Agent: Apache-HttpClient/4.5.13 (Java/17.0.16)
14:34:03.435 [main] DEBUG org.apache.http.headers -- >> Accept-Encoding: gzip,deflate
14:34:03.435 [main] DEBUG org.apache.http.wire --  >> "{"id":10015,"username":"myrarastogi10015","firstName":"Myra","lastName":"Rastogi","email":"myra.rastogi10015@example.com","password":"My@10015!Ra","phone":"+919173847861","userStatus":1}"
14:34:03.690 [main] DEBUG org.apache.http.wire --  << "HTTP/1.1 200 OK[\r][\n]"
14:34:03.691 [main] DEBUG org.apache.http.wire --  << "Date: Tue, 02 Sep 2025 09:04:03 GMT[\r][\n]"
14:34:03.691 [main] DEBUG org.apache.http.wire --  << "Content-Type: application/json[\r][\n]"
14:34:03.691 [main] DEBUG org.apache.http.wire --  << "Transfer-Encoding: chunked[\r][\n]"
14:34:03.691 [main] DEBUG org.apache.http.wire --  << "Connection: keep-alive[\r][\n]"
14:34:03.691 [main] DEBUG org.apache.http.wire --  << "Access-Control-Allow-Origin: *[\r][\n]"
14:34:03.691 [main] DEBUG org.apache.http.wire --  << "Access-Control-Allow-Methods: GET, POST, DELETE, PUT[\r][\n]"
14:34:03.691 [main] DEBUG org.apache.http.wire --  << "Access-Control-Allow-Headers: Content-Type, api_key, Authorization[\r][\n]"
14:34:03.691 [main] DEBUG org.apache.http.wire --  << "Server: Jetty(9.2.9.v20150224)[\r][\n]"
14:34:03.691 [main] DEBUG org.apache.http.wire --  << "[\r][\n]"
14:34:03.691 [main] DEBUG org.apache.http.impl.conn.DefaultClientConnection -- Receiving response: HTTP/1.1 200 OK
14:34:03.691 [main] DEBUG org.apache.http.headers -- << HTTP/1.1 200 OK
14:34:03.691 [main] DEBUG org.apache.http.headers -- << Date: Tue, 02 Sep 2025 09:04:03 GMT
14:34:03.691 [main] DEBUG org.apache.http.headers -- << Content-Type: application/json
14:34:03.691 [main] DEBUG org.apache.http.headers -- << Transfer-Encoding: chunked
14:34:03.691 [main] DEBUG org.apache.http.headers -- << Connection: keep-alive
14:34:03.691 [main] DEBUG org.apache.http.headers -- << Access-Control-Allow-Origin: *
14:34:03.691 [main] DEBUG org.apache.http.headers -- << Access-Control-Allow-Methods: GET, POST, DELETE, PUT
14:34:03.691 [main] DEBUG org.apache.http.headers -- << Access-Control-Allow-Headers: Content-Type, api_key, Authorization
14:34:03.691 [main] DEBUG org.apache.http.headers -- << Server: Jetty(9.2.9.v20150224)
14:34:03.692 [main] DEBUG org.apache.http.impl.client.DefaultHttpClient -- Connection can be kept alive indefinitely
14:34:03.693 [main] DEBUG io.restassured.internal.RestAssuredHttpBuilder -- Parsing response as: application/json
14:34:03.693 [main] DEBUG io.restassured.internal.RestAssuredHttpBuilder -- Parsed data to instance of: class org.apache.http.conn.EofSensorInputStream
]]></system-out>
  </testcase>
  <testcase name="testPostUser[10016, nehabose10016, Neha, Bose, neha.bose10016@example.com, Ne@10016!Bo, +919983013692, 1](16)" classname="api.test.DDTests" time="1.184">
    <system-out><![CDATA[14:34:03.733 [main] DEBUG org.apache.http.impl.conn.BasicClientConnectionManager -- Get connection for route {s}->https://petstore.swagger.io:443
14:34:03.733 [main] DEBUG org.apache.http.impl.conn.DefaultClientConnectionOperator -- Connecting to petstore.swagger.io:443
14:34:04.568 [main] DEBUG org.apache.http.client.protocol.RequestAddCookies -- CookieSpec selected: ignoreCookies
14:34:04.569 [main] DEBUG org.apache.http.client.protocol.RequestAuthCache -- Auth cache not set in the context
14:34:04.569 [main] DEBUG org.apache.http.client.protocol.RequestTargetAuthentication -- Target auth state: UNCHALLENGED
14:34:04.570 [main] DEBUG org.apache.http.client.protocol.RequestProxyAuthentication -- Proxy auth state: UNCHALLENGED
14:34:04.570 [main] DEBUG org.apache.http.impl.client.DefaultHttpClient -- Attempt 1 to execute request
14:34:04.570 [main] DEBUG org.apache.http.impl.conn.DefaultClientConnection -- Sending request: POST /v2/user HTTP/1.1
14:34:04.570 [main] DEBUG org.apache.http.wire --  >> "POST /v2/user HTTP/1.1[\r][\n]"
14:34:04.570 [main] DEBUG org.apache.http.wire --  >> "Accept: application/json, application/javascript, text/javascript, text/json[\r][\n]"
14:34:04.570 [main] DEBUG org.apache.http.wire --  >> "Content-Type: application/json[\r][\n]"
14:34:04.570 [main] DEBUG org.apache.http.wire --  >> "Content-Length: 177[\r][\n]"
14:34:04.570 [main] DEBUG org.apache.http.wire --  >> "Host: petstore.swagger.io[\r][\n]"
14:34:04.570 [main] DEBUG org.apache.http.wire --  >> "Connection: Keep-Alive[\r][\n]"
14:34:04.570 [main] DEBUG org.apache.http.wire --  >> "User-Agent: Apache-HttpClient/4.5.13 (Java/17.0.16)[\r][\n]"
14:34:04.570 [main] DEBUG org.apache.http.wire --  >> "Accept-Encoding: gzip,deflate[\r][\n]"
14:34:04.570 [main] DEBUG org.apache.http.wire --  >> "[\r][\n]"
14:34:04.570 [main] DEBUG org.apache.http.headers -- >> POST /v2/user HTTP/1.1
14:34:04.570 [main] DEBUG org.apache.http.headers -- >> Accept: application/json, application/javascript, text/javascript, text/json
14:34:04.570 [main] DEBUG org.apache.http.headers -- >> Content-Type: application/json
14:34:04.570 [main] DEBUG org.apache.http.headers -- >> Content-Length: 177
14:34:04.570 [main] DEBUG org.apache.http.headers -- >> Host: petstore.swagger.io
14:34:04.570 [main] DEBUG org.apache.http.headers -- >> Connection: Keep-Alive
14:34:04.570 [main] DEBUG org.apache.http.headers -- >> User-Agent: Apache-HttpClient/4.5.13 (Java/17.0.16)
14:34:04.572 [main] DEBUG org.apache.http.headers -- >> Accept-Encoding: gzip,deflate
14:34:04.572 [main] DEBUG org.apache.http.wire --  >> "{"id":10016,"username":"nehabose10016","firstName":"Neha","lastName":"Bose","email":"neha.bose10016@example.com","password":"Ne@10016!Bo","phone":"+919983013692","userStatus":1}"
14:34:04.881 [main] DEBUG org.apache.http.wire --  << "HTTP/1.1 200 OK[\r][\n]"
14:34:04.882 [main] DEBUG org.apache.http.wire --  << "Date: Tue, 02 Sep 2025 09:04:04 GMT[\r][\n]"
14:34:04.882 [main] DEBUG org.apache.http.wire --  << "Content-Type: application/json[\r][\n]"
14:34:04.882 [main] DEBUG org.apache.http.wire --  << "Transfer-Encoding: chunked[\r][\n]"
14:34:04.882 [main] DEBUG org.apache.http.wire --  << "Connection: keep-alive[\r][\n]"
14:34:04.882 [main] DEBUG org.apache.http.wire --  << "Access-Control-Allow-Origin: *[\r][\n]"
14:34:04.882 [main] DEBUG org.apache.http.wire --  << "Access-Control-Allow-Methods: GET, POST, DELETE, PUT[\r][\n]"
14:34:04.882 [main] DEBUG org.apache.http.wire --  << "Access-Control-Allow-Headers: Content-Type, api_key, Authorization[\r][\n]"
14:34:04.882 [main] DEBUG org.apache.http.wire --  << "Server: Jetty(9.2.9.v20150224)[\r][\n]"
14:34:04.882 [main] DEBUG org.apache.http.wire --  << "[\r][\n]"
14:34:04.882 [main] DEBUG org.apache.http.impl.conn.DefaultClientConnection -- Receiving response: HTTP/1.1 200 OK
14:34:04.882 [main] DEBUG org.apache.http.headers -- << HTTP/1.1 200 OK
14:34:04.882 [main] DEBUG org.apache.http.headers -- << Date: Tue, 02 Sep 2025 09:04:04 GMT
14:34:04.882 [main] DEBUG org.apache.http.headers -- << Content-Type: application/json
14:34:04.882 [main] DEBUG org.apache.http.headers -- << Transfer-Encoding: chunked
14:34:04.882 [main] DEBUG org.apache.http.headers -- << Connection: keep-alive
14:34:04.882 [main] DEBUG org.apache.http.headers -- << Access-Control-Allow-Origin: *
14:34:04.882 [main] DEBUG org.apache.http.headers -- << Access-Control-Allow-Methods: GET, POST, DELETE, PUT
14:34:04.882 [main] DEBUG org.apache.http.headers -- << Access-Control-Allow-Headers: Content-Type, api_key, Authorization
14:34:04.882 [main] DEBUG org.apache.http.headers -- << Server: Jetty(9.2.9.v20150224)
14:34:04.883 [main] DEBUG org.apache.http.impl.client.DefaultHttpClient -- Connection can be kept alive indefinitely
14:34:04.883 [main] DEBUG io.restassured.internal.RestAssuredHttpBuilder -- Parsing response as: application/json
14:34:04.883 [main] DEBUG io.restassured.internal.RestAssuredHttpBuilder -- Parsed data to instance of: class org.apache.http.conn.EofSensorInputStream
]]></system-out>
  </testcase>
  <testcase name="testPostUser[10017, riyamehta10017, Riya, Mehta, riya.mehta10017@example.com, Ri@10017!Me, +919116321387, 1](17)" classname="api.test.DDTests" time="1.023">
    <system-out><![CDATA[14:34:04.914 [main] DEBUG org.apache.http.impl.conn.BasicClientConnectionManager -- Get connection for route {s}->https://petstore.swagger.io:443
14:34:04.915 [main] DEBUG org.apache.http.impl.conn.DefaultClientConnectionOperator -- Connecting to petstore.swagger.io:443
14:34:05.672 [main] DEBUG org.apache.http.client.protocol.RequestAddCookies -- CookieSpec selected: ignoreCookies
14:34:05.672 [main] DEBUG org.apache.http.client.protocol.RequestAuthCache -- Auth cache not set in the context
14:34:05.672 [main] DEBUG org.apache.http.client.protocol.RequestTargetAuthentication -- Target auth state: UNCHALLENGED
14:34:05.672 [main] DEBUG org.apache.http.client.protocol.RequestProxyAuthentication -- Proxy auth state: UNCHALLENGED
14:34:05.672 [main] DEBUG org.apache.http.impl.client.DefaultHttpClient -- Attempt 1 to execute request
14:34:05.672 [main] DEBUG org.apache.http.impl.conn.DefaultClientConnection -- Sending request: POST /v2/user HTTP/1.1
14:34:05.672 [main] DEBUG org.apache.http.wire --  >> "POST /v2/user HTTP/1.1[\r][\n]"
14:34:05.672 [main] DEBUG org.apache.http.wire --  >> "Accept: application/json, application/javascript, text/javascript, text/json[\r][\n]"
14:34:05.672 [main] DEBUG org.apache.http.wire --  >> "Content-Type: application/json[\r][\n]"
14:34:05.672 [main] DEBUG org.apache.http.wire --  >> "Content-Length: 180[\r][\n]"
14:34:05.672 [main] DEBUG org.apache.http.wire --  >> "Host: petstore.swagger.io[\r][\n]"
14:34:05.672 [main] DEBUG org.apache.http.wire --  >> "Connection: Keep-Alive[\r][\n]"
14:34:05.672 [main] DEBUG org.apache.http.wire --  >> "User-Agent: Apache-HttpClient/4.5.13 (Java/17.0.16)[\r][\n]"
14:34:05.673 [main] DEBUG org.apache.http.wire --  >> "Accept-Encoding: gzip,deflate[\r][\n]"
14:34:05.673 [main] DEBUG org.apache.http.wire --  >> "[\r][\n]"
14:34:05.673 [main] DEBUG org.apache.http.headers -- >> POST /v2/user HTTP/1.1
14:34:05.673 [main] DEBUG org.apache.http.headers -- >> Accept: application/json, application/javascript, text/javascript, text/json
14:34:05.673 [main] DEBUG org.apache.http.headers -- >> Content-Type: application/json
14:34:05.673 [main] DEBUG org.apache.http.headers -- >> Content-Length: 180
14:34:05.673 [main] DEBUG org.apache.http.headers -- >> Host: petstore.swagger.io
14:34:05.673 [main] DEBUG org.apache.http.headers -- >> Connection: Keep-Alive
14:34:05.673 [main] DEBUG org.apache.http.headers -- >> User-Agent: Apache-HttpClient/4.5.13 (Java/17.0.16)
14:34:05.673 [main] DEBUG org.apache.http.headers -- >> Accept-Encoding: gzip,deflate
14:34:05.673 [main] DEBUG org.apache.http.wire --  >> "{"id":10017,"username":"riyamehta10017","firstName":"Riya","lastName":"Mehta","email":"riya.mehta10017@example.com","password":"Ri@10017!Me","phone":"+919116321387","userStatus":1}"
14:34:05.905 [main] DEBUG org.apache.http.wire --  << "HTTP/1.1 200 OK[\r][\n]"
14:34:05.905 [main] DEBUG org.apache.http.wire --  << "Date: Tue, 02 Sep 2025 09:04:05 GMT[\r][\n]"
14:34:05.905 [main] DEBUG org.apache.http.wire --  << "Content-Type: application/json[\r][\n]"
14:34:05.905 [main] DEBUG org.apache.http.wire --  << "Transfer-Encoding: chunked[\r][\n]"
14:34:05.905 [main] DEBUG org.apache.http.wire --  << "Connection: keep-alive[\r][\n]"
14:34:05.905 [main] DEBUG org.apache.http.wire --  << "Access-Control-Allow-Origin: *[\r][\n]"
14:34:05.905 [main] DEBUG org.apache.http.wire --  << "Access-Control-Allow-Methods: GET, POST, DELETE, PUT[\r][\n]"
14:34:05.905 [main] DEBUG org.apache.http.wire --  << "Access-Control-Allow-Headers: Content-Type, api_key, Authorization[\r][\n]"
14:34:05.905 [main] DEBUG org.apache.http.wire --  << "Server: Jetty(9.2.9.v20150224)[\r][\n]"
14:34:05.905 [main] DEBUG org.apache.http.wire --  << "[\r][\n]"
14:34:05.905 [main] DEBUG org.apache.http.impl.conn.DefaultClientConnection -- Receiving response: HTTP/1.1 200 OK
14:34:05.905 [main] DEBUG org.apache.http.headers -- << HTTP/1.1 200 OK
14:34:05.905 [main] DEBUG org.apache.http.headers -- << Date: Tue, 02 Sep 2025 09:04:05 GMT
14:34:05.905 [main] DEBUG org.apache.http.headers -- << Content-Type: application/json
14:34:05.905 [main] DEBUG org.apache.http.headers -- << Transfer-Encoding: chunked
14:34:05.905 [main] DEBUG org.apache.http.headers -- << Connection: keep-alive
14:34:05.905 [main] DEBUG org.apache.http.headers -- << Access-Control-Allow-Origin: *
14:34:05.905 [main] DEBUG org.apache.http.headers -- << Access-Control-Allow-Methods: GET, POST, DELETE, PUT
14:34:05.905 [main] DEBUG org.apache.http.headers -- << Access-Control-Allow-Headers: Content-Type, api_key, Authorization
14:34:05.905 [main] DEBUG org.apache.http.headers -- << Server: Jetty(9.2.9.v20150224)
14:34:05.905 [main] DEBUG org.apache.http.impl.client.DefaultHttpClient -- Connection can be kept alive indefinitely
14:34:05.905 [main] DEBUG io.restassured.internal.RestAssuredHttpBuilder -- Parsing response as: application/json
14:34:05.905 [main] DEBUG io.restassured.internal.RestAssuredHttpBuilder -- Parsed data to instance of: class org.apache.http.conn.EofSensorInputStream
]]></system-out>
  </testcase>
  <testcase name="testPostUser[10018, raghavkapoor10018, Raghav, Kapoor, raghav.kapoor10018@example.com, Ra@10018!Ka, +918856927087, 1](18)" classname="api.test.DDTests" time="1.087">
    <system-out><![CDATA[14:34:05.932 [main] DEBUG org.apache.http.impl.conn.BasicClientConnectionManager -- Get connection for route {s}->https://petstore.swagger.io:443
14:34:05.932 [main] DEBUG org.apache.http.impl.conn.DefaultClientConnectionOperator -- Connecting to petstore.swagger.io:443
14:34:06.744 [main] DEBUG org.apache.http.client.protocol.RequestAddCookies -- CookieSpec selected: ignoreCookies
14:34:06.745 [main] DEBUG org.apache.http.client.protocol.RequestAuthCache -- Auth cache not set in the context
14:34:06.745 [main] DEBUG org.apache.http.client.protocol.RequestTargetAuthentication -- Target auth state: UNCHALLENGED
14:34:06.745 [main] DEBUG org.apache.http.client.protocol.RequestProxyAuthentication -- Proxy auth state: UNCHALLENGED
14:34:06.745 [main] DEBUG org.apache.http.impl.client.DefaultHttpClient -- Attempt 1 to execute request
14:34:06.745 [main] DEBUG org.apache.http.impl.conn.DefaultClientConnection -- Sending request: POST /v2/user HTTP/1.1
14:34:06.745 [main] DEBUG org.apache.http.wire --  >> "POST /v2/user HTTP/1.1[\r][\n]"
14:34:06.745 [main] DEBUG org.apache.http.wire --  >> "Accept: application/json, application/javascript, text/javascript, text/json[\r][\n]"
14:34:06.745 [main] DEBUG org.apache.http.wire --  >> "Content-Type: application/json[\r][\n]"
14:34:06.745 [main] DEBUG org.apache.http.wire --  >> "Content-Length: 189[\r][\n]"
14:34:06.745 [main] DEBUG org.apache.http.wire --  >> "Host: petstore.swagger.io[\r][\n]"
14:34:06.745 [main] DEBUG org.apache.http.wire --  >> "Connection: Keep-Alive[\r][\n]"
14:34:06.745 [main] DEBUG org.apache.http.wire --  >> "User-Agent: Apache-HttpClient/4.5.13 (Java/17.0.16)[\r][\n]"
14:34:06.745 [main] DEBUG org.apache.http.wire --  >> "Accept-Encoding: gzip,deflate[\r][\n]"
14:34:06.745 [main] DEBUG org.apache.http.wire --  >> "[\r][\n]"
14:34:06.745 [main] DEBUG org.apache.http.headers -- >> POST /v2/user HTTP/1.1
14:34:06.745 [main] DEBUG org.apache.http.headers -- >> Accept: application/json, application/javascript, text/javascript, text/json
14:34:06.745 [main] DEBUG org.apache.http.headers -- >> Content-Type: application/json
14:34:06.745 [main] DEBUG org.apache.http.headers -- >> Content-Length: 189
14:34:06.746 [main] DEBUG org.apache.http.headers -- >> Host: petstore.swagger.io
14:34:06.746 [main] DEBUG org.apache.http.headers -- >> Connection: Keep-Alive
14:34:06.746 [main] DEBUG org.apache.http.headers -- >> User-Agent: Apache-HttpClient/4.5.13 (Java/17.0.16)
14:34:06.746 [main] DEBUG org.apache.http.headers -- >> Accept-Encoding: gzip,deflate
14:34:06.746 [main] DEBUG org.apache.http.wire --  >> "{"id":10018,"username":"raghavkapoor10018","firstName":"Raghav","lastName":"Kapoor","email":"raghav.kapoor10018@example.com","password":"Ra@10018!Ka","phone":"+918856927087","userStatus":1}"
14:34:06.996 [main] DEBUG org.apache.http.wire --  << "HTTP/1.1 200 OK[\r][\n]"
14:34:06.996 [main] DEBUG org.apache.http.wire --  << "Date: Tue, 02 Sep 2025 09:04:06 GMT[\r][\n]"
14:34:06.997 [main] DEBUG org.apache.http.wire --  << "Content-Type: application/json[\r][\n]"
14:34:06.997 [main] DEBUG org.apache.http.wire --  << "Transfer-Encoding: chunked[\r][\n]"
14:34:06.997 [main] DEBUG org.apache.http.wire --  << "Connection: keep-alive[\r][\n]"
14:34:06.997 [main] DEBUG org.apache.http.wire --  << "Access-Control-Allow-Origin: *[\r][\n]"
14:34:06.997 [main] DEBUG org.apache.http.wire --  << "Access-Control-Allow-Methods: GET, POST, DELETE, PUT[\r][\n]"
14:34:06.997 [main] DEBUG org.apache.http.wire --  << "Access-Control-Allow-Headers: Content-Type, api_key, Authorization[\r][\n]"
14:34:06.997 [main] DEBUG org.apache.http.wire --  << "Server: Jetty(9.2.9.v20150224)[\r][\n]"
14:34:06.997 [main] DEBUG org.apache.http.wire --  << "[\r][\n]"
14:34:06.997 [main] DEBUG org.apache.http.impl.conn.DefaultClientConnection -- Receiving response: HTTP/1.1 200 OK
14:34:06.997 [main] DEBUG org.apache.http.headers -- << HTTP/1.1 200 OK
14:34:06.997 [main] DEBUG org.apache.http.headers -- << Date: Tue, 02 Sep 2025 09:04:06 GMT
14:34:06.997 [main] DEBUG org.apache.http.headers -- << Content-Type: application/json
14:34:06.997 [main] DEBUG org.apache.http.headers -- << Transfer-Encoding: chunked
14:34:06.997 [main] DEBUG org.apache.http.headers -- << Connection: keep-alive
14:34:06.997 [main] DEBUG org.apache.http.headers -- << Access-Control-Allow-Origin: *
14:34:06.997 [main] DEBUG org.apache.http.headers -- << Access-Control-Allow-Methods: GET, POST, DELETE, PUT
14:34:06.997 [main] DEBUG org.apache.http.headers -- << Access-Control-Allow-Headers: Content-Type, api_key, Authorization
14:34:06.997 [main] DEBUG org.apache.http.headers -- << Server: Jetty(9.2.9.v20150224)
14:34:06.997 [main] DEBUG org.apache.http.impl.client.DefaultHttpClient -- Connection can be kept alive indefinitely
14:34:06.997 [main] DEBUG io.restassured.internal.RestAssuredHttpBuilder -- Parsing response as: application/json
14:34:06.997 [main] DEBUG io.restassured.internal.RestAssuredHttpBuilder -- Parsed data to instance of: class org.apache.http.conn.EofSensorInputStream
]]></system-out>
  </testcase>
  <testcase name="testPostUser[10019, ishaanyadav10019, Ishaan, Yadav, ishaan.yadav10019@example.com, Is@10019!Ya, +918216085820, 1](19)" classname="api.test.DDTests" time="1.192">
    <system-out><![CDATA[14:34:07.018 [main] DEBUG org.apache.http.impl.conn.BasicClientConnectionManager -- Get connection for route {s}->https://petstore.swagger.io:443
14:34:07.019 [main] DEBUG org.apache.http.impl.conn.DefaultClientConnectionOperator -- Connecting to petstore.swagger.io:443
14:34:07.877 [main] DEBUG org.apache.http.client.protocol.RequestAddCookies -- CookieSpec selected: ignoreCookies
14:34:07.877 [main] DEBUG org.apache.http.client.protocol.RequestAuthCache -- Auth cache not set in the context
14:34:07.877 [main] DEBUG org.apache.http.client.protocol.RequestTargetAuthentication -- Target auth state: UNCHALLENGED
14:34:07.877 [main] DEBUG org.apache.http.client.protocol.RequestProxyAuthentication -- Proxy auth state: UNCHALLENGED
14:34:07.877 [main] DEBUG org.apache.http.impl.client.DefaultHttpClient -- Attempt 1 to execute request
14:34:07.878 [main] DEBUG org.apache.http.impl.conn.DefaultClientConnection -- Sending request: POST /v2/user HTTP/1.1
14:34:07.878 [main] DEBUG org.apache.http.wire --  >> "POST /v2/user HTTP/1.1[\r][\n]"
14:34:07.878 [main] DEBUG org.apache.http.wire --  >> "Accept: application/json, application/javascript, text/javascript, text/json[\r][\n]"
14:34:07.878 [main] DEBUG org.apache.http.wire --  >> "Content-Type: application/json[\r][\n]"
14:34:07.878 [main] DEBUG org.apache.http.wire --  >> "Content-Length: 186[\r][\n]"
14:34:07.878 [main] DEBUG org.apache.http.wire --  >> "Host: petstore.swagger.io[\r][\n]"
14:34:07.878 [main] DEBUG org.apache.http.wire --  >> "Connection: Keep-Alive[\r][\n]"
14:34:07.878 [main] DEBUG org.apache.http.wire --  >> "User-Agent: Apache-HttpClient/4.5.13 (Java/17.0.16)[\r][\n]"
14:34:07.878 [main] DEBUG org.apache.http.wire --  >> "Accept-Encoding: gzip,deflate[\r][\n]"
14:34:07.878 [main] DEBUG org.apache.http.wire --  >> "[\r][\n]"
14:34:07.878 [main] DEBUG org.apache.http.headers -- >> POST /v2/user HTTP/1.1
14:34:07.878 [main] DEBUG org.apache.http.headers -- >> Accept: application/json, application/javascript, text/javascript, text/json
14:34:07.878 [main] DEBUG org.apache.http.headers -- >> Content-Type: application/json
14:34:07.878 [main] DEBUG org.apache.http.headers -- >> Content-Length: 186
14:34:07.878 [main] DEBUG org.apache.http.headers -- >> Host: petstore.swagger.io
14:34:07.878 [main] DEBUG org.apache.http.headers -- >> Connection: Keep-Alive
14:34:07.878 [main] DEBUG org.apache.http.headers -- >> User-Agent: Apache-HttpClient/4.5.13 (Java/17.0.16)
14:34:07.878 [main] DEBUG org.apache.http.headers -- >> Accept-Encoding: gzip,deflate
14:34:07.878 [main] DEBUG org.apache.http.wire --  >> "{"id":10019,"username":"ishaanyadav10019","firstName":"Ishaan","lastName":"Yadav","email":"ishaan.yadav10019@example.com","password":"Is@10019!Ya","phone":"+918216085820","userStatus":1}"
14:34:08.180 [main] DEBUG org.apache.http.wire --  << "HTTP/1.1 200 OK[\r][\n]"
14:34:08.181 [main] DEBUG org.apache.http.wire --  << "Date: Tue, 02 Sep 2025 09:04:07 GMT[\r][\n]"
14:34:08.181 [main] DEBUG org.apache.http.wire --  << "Content-Type: application/json[\r][\n]"
14:34:08.181 [main] DEBUG org.apache.http.wire --  << "Transfer-Encoding: chunked[\r][\n]"
14:34:08.181 [main] DEBUG org.apache.http.wire --  << "Connection: keep-alive[\r][\n]"
14:34:08.181 [main] DEBUG org.apache.http.wire --  << "Access-Control-Allow-Origin: *[\r][\n]"
14:34:08.181 [main] DEBUG org.apache.http.wire --  << "Access-Control-Allow-Methods: GET, POST, DELETE, PUT[\r][\n]"
14:34:08.181 [main] DEBUG org.apache.http.wire --  << "Access-Control-Allow-Headers: Content-Type, api_key, Authorization[\r][\n]"
14:34:08.181 [main] DEBUG org.apache.http.wire --  << "Server: Jetty(9.2.9.v20150224)[\r][\n]"
14:34:08.181 [main] DEBUG org.apache.http.wire --  << "[\r][\n]"
14:34:08.182 [main] DEBUG org.apache.http.impl.conn.DefaultClientConnection -- Receiving response: HTTP/1.1 200 OK
14:34:08.182 [main] DEBUG org.apache.http.headers -- << HTTP/1.1 200 OK
14:34:08.182 [main] DEBUG org.apache.http.headers -- << Date: Tue, 02 Sep 2025 09:04:07 GMT
14:34:08.182 [main] DEBUG org.apache.http.headers -- << Content-Type: application/json
14:34:08.182 [main] DEBUG org.apache.http.headers -- << Transfer-Encoding: chunked
14:34:08.182 [main] DEBUG org.apache.http.headers -- << Connection: keep-alive
14:34:08.182 [main] DEBUG org.apache.http.headers -- << Access-Control-Allow-Origin: *
14:34:08.182 [main] DEBUG org.apache.http.headers -- << Access-Control-Allow-Methods: GET, POST, DELETE, PUT
14:34:08.182 [main] DEBUG org.apache.http.headers -- << Access-Control-Allow-Headers: Content-Type, api_key, Authorization
14:34:08.182 [main] DEBUG org.apache.http.headers -- << Server: Jetty(9.2.9.v20150224)
14:34:08.183 [main] DEBUG org.apache.http.impl.client.DefaultHttpClient -- Connection can be kept alive indefinitely
14:34:08.184 [main] DEBUG io.restassured.internal.RestAssuredHttpBuilder -- Parsing response as: application/json
14:34:08.184 [main] DEBUG io.restassured.internal.RestAssuredHttpBuilder -- Parsed data to instance of: class org.apache.http.conn.EofSensorInputStream
]]></system-out>
  </testcase>
  <testcase name="testPostUser[10020, nehasharma10020, Neha, Sharma, neha.sharma10020@example.com, Ne@10020!Sh, +919468981221, 1](20)" classname="api.test.DDTests" time="1.15">
    <system-out><![CDATA[14:34:08.265 [main] DEBUG org.apache.http.impl.conn.BasicClientConnectionManager -- Get connection for route {s}->https://petstore.swagger.io:443
14:34:08.265 [main] DEBUG org.apache.http.impl.conn.DefaultClientConnectionOperator -- Connecting to petstore.swagger.io:443
14:34:09.099 [main] DEBUG org.apache.http.client.protocol.RequestAddCookies -- CookieSpec selected: ignoreCookies
14:34:09.100 [main] DEBUG org.apache.http.client.protocol.RequestAuthCache -- Auth cache not set in the context
14:34:09.100 [main] DEBUG org.apache.http.client.protocol.RequestTargetAuthentication -- Target auth state: UNCHALLENGED
14:34:09.100 [main] DEBUG org.apache.http.client.protocol.RequestProxyAuthentication -- Proxy auth state: UNCHALLENGED
14:34:09.100 [main] DEBUG org.apache.http.impl.client.DefaultHttpClient -- Attempt 1 to execute request
14:34:09.100 [main] DEBUG org.apache.http.impl.conn.DefaultClientConnection -- Sending request: POST /v2/user HTTP/1.1
14:34:09.100 [main] DEBUG org.apache.http.wire --  >> "POST /v2/user HTTP/1.1[\r][\n]"
14:34:09.100 [main] DEBUG org.apache.http.wire --  >> "Accept: application/json, application/javascript, text/javascript, text/json[\r][\n]"
14:34:09.100 [main] DEBUG org.apache.http.wire --  >> "Content-Type: application/json[\r][\n]"
14:34:09.100 [main] DEBUG org.apache.http.wire --  >> "Content-Length: 183[\r][\n]"
14:34:09.100 [main] DEBUG org.apache.http.wire --  >> "Host: petstore.swagger.io[\r][\n]"
14:34:09.100 [main] DEBUG org.apache.http.wire --  >> "Connection: Keep-Alive[\r][\n]"
14:34:09.100 [main] DEBUG org.apache.http.wire --  >> "User-Agent: Apache-HttpClient/4.5.13 (Java/17.0.16)[\r][\n]"
14:34:09.100 [main] DEBUG org.apache.http.wire --  >> "Accept-Encoding: gzip,deflate[\r][\n]"
14:34:09.100 [main] DEBUG org.apache.http.wire --  >> "[\r][\n]"
14:34:09.100 [main] DEBUG org.apache.http.headers -- >> POST /v2/user HTTP/1.1
14:34:09.100 [main] DEBUG org.apache.http.headers -- >> Accept: application/json, application/javascript, text/javascript, text/json
14:34:09.100 [main] DEBUG org.apache.http.headers -- >> Content-Type: application/json
14:34:09.100 [main] DEBUG org.apache.http.headers -- >> Content-Length: 183
14:34:09.100 [main] DEBUG org.apache.http.headers -- >> Host: petstore.swagger.io
14:34:09.100 [main] DEBUG org.apache.http.headers -- >> Connection: Keep-Alive
14:34:09.100 [main] DEBUG org.apache.http.headers -- >> User-Agent: Apache-HttpClient/4.5.13 (Java/17.0.16)
14:34:09.100 [main] DEBUG org.apache.http.headers -- >> Accept-Encoding: gzip,deflate
14:34:09.100 [main] DEBUG org.apache.http.wire --  >> "{"id":10020,"username":"nehasharma10020","firstName":"Neha","lastName":"Sharma","email":"neha.sharma10020@example.com","password":"Ne@10020!Sh","phone":"+919468981221","userStatus":1}"
14:34:09.341 [main] DEBUG org.apache.http.wire --  << "HTTP/1.1 200 OK[\r][\n]"
14:34:09.342 [main] DEBUG org.apache.http.wire --  << "Date: Tue, 02 Sep 2025 09:04:08 GMT[\r][\n]"
14:34:09.342 [main] DEBUG org.apache.http.wire --  << "Content-Type: application/json[\r][\n]"
14:34:09.342 [main] DEBUG org.apache.http.wire --  << "Transfer-Encoding: chunked[\r][\n]"
14:34:09.342 [main] DEBUG org.apache.http.wire --  << "Connection: keep-alive[\r][\n]"
14:34:09.342 [main] DEBUG org.apache.http.wire --  << "Access-Control-Allow-Origin: *[\r][\n]"
14:34:09.342 [main] DEBUG org.apache.http.wire --  << "Access-Control-Allow-Methods: GET, POST, DELETE, PUT[\r][\n]"
14:34:09.342 [main] DEBUG org.apache.http.wire --  << "Access-Control-Allow-Headers: Content-Type, api_key, Authorization[\r][\n]"
14:34:09.342 [main] DEBUG org.apache.http.wire --  << "Server: Jetty(9.2.9.v20150224)[\r][\n]"
14:34:09.342 [main] DEBUG org.apache.http.wire --  << "[\r][\n]"
14:34:09.342 [main] DEBUG org.apache.http.impl.conn.DefaultClientConnection -- Receiving response: HTTP/1.1 200 OK
14:34:09.342 [main] DEBUG org.apache.http.headers -- << HTTP/1.1 200 OK
14:34:09.342 [main] DEBUG org.apache.http.headers -- << Date: Tue, 02 Sep 2025 09:04:08 GMT
14:34:09.342 [main] DEBUG org.apache.http.headers -- << Content-Type: application/json
14:34:09.342 [main] DEBUG org.apache.http.headers -- << Transfer-Encoding: chunked
14:34:09.342 [main] DEBUG org.apache.http.headers -- << Connection: keep-alive
14:34:09.342 [main] DEBUG org.apache.http.headers -- << Access-Control-Allow-Origin: *
14:34:09.342 [main] DEBUG org.apache.http.headers -- << Access-Control-Allow-Methods: GET, POST, DELETE, PUT
14:34:09.342 [main] DEBUG org.apache.http.headers -- << Access-Control-Allow-Headers: Content-Type, api_key, Authorization
14:34:09.342 [main] DEBUG org.apache.http.headers -- << Server: Jetty(9.2.9.v20150224)
14:34:09.342 [main] DEBUG org.apache.http.impl.client.DefaultHttpClient -- Connection can be kept alive indefinitely
14:34:09.343 [main] DEBUG io.restassured.internal.RestAssuredHttpBuilder -- Parsing response as: application/json
14:34:09.343 [main] DEBUG io.restassured.internal.RestAssuredHttpBuilder -- Parsed data to instance of: class org.apache.http.conn.EofSensorInputStream
]]></system-out>
  </testcase>
  <testcase name="testPostUser[10021, kabirgupta10021, Kabir, Gupta, kabir.gupta10021@example.com, Ka@10021!Gu, +917356550768, 1](21)" classname="api.test.DDTests" time="1.055">
    <system-out><![CDATA[14:34:09.372 [main] DEBUG org.apache.http.impl.conn.BasicClientConnectionManager -- Get connection for route {s}->https://petstore.swagger.io:443
14:34:09.373 [main] DEBUG org.apache.http.impl.conn.DefaultClientConnectionOperator -- Connecting to petstore.swagger.io:443
14:34:10.145 [main] DEBUG org.apache.http.client.protocol.RequestAddCookies -- CookieSpec selected: ignoreCookies
14:34:10.145 [main] DEBUG org.apache.http.client.protocol.RequestAuthCache -- Auth cache not set in the context
14:34:10.145 [main] DEBUG org.apache.http.client.protocol.RequestTargetAuthentication -- Target auth state: UNCHALLENGED
14:34:10.145 [main] DEBUG org.apache.http.client.protocol.RequestProxyAuthentication -- Proxy auth state: UNCHALLENGED
14:34:10.145 [main] DEBUG org.apache.http.impl.client.DefaultHttpClient -- Attempt 1 to execute request
14:34:10.145 [main] DEBUG org.apache.http.impl.conn.DefaultClientConnection -- Sending request: POST /v2/user HTTP/1.1
14:34:10.145 [main] DEBUG org.apache.http.wire --  >> "POST /v2/user HTTP/1.1[\r][\n]"
14:34:10.145 [main] DEBUG org.apache.http.wire --  >> "Accept: application/json, application/javascript, text/javascript, text/json[\r][\n]"
14:34:10.145 [main] DEBUG org.apache.http.wire --  >> "Content-Type: application/json[\r][\n]"
14:34:10.145 [main] DEBUG org.apache.http.wire --  >> "Content-Length: 183[\r][\n]"
14:34:10.145 [main] DEBUG org.apache.http.wire --  >> "Host: petstore.swagger.io[\r][\n]"
14:34:10.145 [main] DEBUG org.apache.http.wire --  >> "Connection: Keep-Alive[\r][\n]"
14:34:10.145 [main] DEBUG org.apache.http.wire --  >> "User-Agent: Apache-HttpClient/4.5.13 (Java/17.0.16)[\r][\n]"
14:34:10.145 [main] DEBUG org.apache.http.wire --  >> "Accept-Encoding: gzip,deflate[\r][\n]"
14:34:10.145 [main] DEBUG org.apache.http.wire --  >> "[\r][\n]"
14:34:10.145 [main] DEBUG org.apache.http.headers -- >> POST /v2/user HTTP/1.1
14:34:10.145 [main] DEBUG org.apache.http.headers -- >> Accept: application/json, application/javascript, text/javascript, text/json
14:34:10.145 [main] DEBUG org.apache.http.headers -- >> Content-Type: application/json
14:34:10.145 [main] DEBUG org.apache.http.headers -- >> Content-Length: 183
14:34:10.145 [main] DEBUG org.apache.http.headers -- >> Host: petstore.swagger.io
14:34:10.145 [main] DEBUG org.apache.http.headers -- >> Connection: Keep-Alive
14:34:10.145 [main] DEBUG org.apache.http.headers -- >> User-Agent: Apache-HttpClient/4.5.13 (Java/17.0.16)
14:34:10.145 [main] DEBUG org.apache.http.headers -- >> Accept-Encoding: gzip,deflate
14:34:10.145 [main] DEBUG org.apache.http.wire --  >> "{"id":10021,"username":"kabirgupta10021","firstName":"Kabir","lastName":"Gupta","email":"kabir.gupta10021@example.com","password":"Ka@10021!Gu","phone":"+917356550768","userStatus":1}"
14:34:10.398 [main] DEBUG org.apache.http.wire --  << "HTTP/1.1 200 OK[\r][\n]"
14:34:10.398 [main] DEBUG org.apache.http.wire --  << "Date: Tue, 02 Sep 2025 09:04:09 GMT[\r][\n]"
14:34:10.398 [main] DEBUG org.apache.http.wire --  << "Content-Type: application/json[\r][\n]"
14:34:10.398 [main] DEBUG org.apache.http.wire --  << "Transfer-Encoding: chunked[\r][\n]"
14:34:10.398 [main] DEBUG org.apache.http.wire --  << "Connection: keep-alive[\r][\n]"
14:34:10.398 [main] DEBUG org.apache.http.wire --  << "Access-Control-Allow-Origin: *[\r][\n]"
14:34:10.398 [main] DEBUG org.apache.http.wire --  << "Access-Control-Allow-Methods: GET, POST, DELETE, PUT[\r][\n]"
14:34:10.398 [main] DEBUG org.apache.http.wire --  << "Access-Control-Allow-Headers: Content-Type, api_key, Authorization[\r][\n]"
14:34:10.398 [main] DEBUG org.apache.http.wire --  << "Server: Jetty(9.2.9.v20150224)[\r][\n]"
14:34:10.398 [main] DEBUG org.apache.http.wire --  << "[\r][\n]"
14:34:10.398 [main] DEBUG org.apache.http.impl.conn.DefaultClientConnection -- Receiving response: HTTP/1.1 200 OK
14:34:10.398 [main] DEBUG org.apache.http.headers -- << HTTP/1.1 200 OK
14:34:10.398 [main] DEBUG org.apache.http.headers -- << Date: Tue, 02 Sep 2025 09:04:09 GMT
14:34:10.398 [main] DEBUG org.apache.http.headers -- << Content-Type: application/json
14:34:10.398 [main] DEBUG org.apache.http.headers -- << Transfer-Encoding: chunked
14:34:10.398 [main] DEBUG org.apache.http.headers -- << Connection: keep-alive
14:34:10.398 [main] DEBUG org.apache.http.headers -- << Access-Control-Allow-Origin: *
14:34:10.398 [main] DEBUG org.apache.http.headers -- << Access-Control-Allow-Methods: GET, POST, DELETE, PUT
14:34:10.398 [main] DEBUG org.apache.http.headers -- << Access-Control-Allow-Headers: Content-Type, api_key, Authorization
14:34:10.398 [main] DEBUG org.apache.http.headers -- << Server: Jetty(9.2.9.v20150224)
14:34:10.399 [main] DEBUG org.apache.http.impl.client.DefaultHttpClient -- Connection can be kept alive indefinitely
14:34:10.399 [main] DEBUG io.restassured.internal.RestAssuredHttpBuilder -- Parsing response as: application/json
14:34:10.399 [main] DEBUG io.restassured.internal.RestAssuredHttpBuilder -- Parsed data to instance of: class org.apache.http.conn.EofSensorInputStream
]]></system-out>
  </testcase>
  <testcase name="testPostUser[10022, meerapillai10022, Meera, Pillai, meera.pillai10022@example.com, Me@10022!Pi, +919566489215, 1](22)" classname="api.test.DDTests" time="1.06">
    <system-out><![CDATA[14:34:10.422 [main] DEBUG org.apache.http.impl.conn.BasicClientConnectionManager -- Get connection for route {s}->https://petstore.swagger.io:443
14:34:10.422 [main] DEBUG org.apache.http.impl.conn.DefaultClientConnectionOperator -- Connecting to petstore.swagger.io:443
14:34:11.190 [main] DEBUG org.apache.http.client.protocol.RequestAddCookies -- CookieSpec selected: ignoreCookies
14:34:11.190 [main] DEBUG org.apache.http.client.protocol.RequestAuthCache -- Auth cache not set in the context
14:34:11.190 [main] DEBUG org.apache.http.client.protocol.RequestTargetAuthentication -- Target auth state: UNCHALLENGED
14:34:11.190 [main] DEBUG org.apache.http.client.protocol.RequestProxyAuthentication -- Proxy auth state: UNCHALLENGED
14:34:11.190 [main] DEBUG org.apache.http.impl.client.DefaultHttpClient -- Attempt 1 to execute request
14:34:11.190 [main] DEBUG org.apache.http.impl.conn.DefaultClientConnection -- Sending request: POST /v2/user HTTP/1.1
14:34:11.190 [main] DEBUG org.apache.http.wire --  >> "POST /v2/user HTTP/1.1[\r][\n]"
14:34:11.190 [main] DEBUG org.apache.http.wire --  >> "Accept: application/json, application/javascript, text/javascript, text/json[\r][\n]"
14:34:11.190 [main] DEBUG org.apache.http.wire --  >> "Content-Type: application/json[\r][\n]"
14:34:11.191 [main] DEBUG org.apache.http.wire --  >> "Content-Length: 186[\r][\n]"
14:34:11.191 [main] DEBUG org.apache.http.wire --  >> "Host: petstore.swagger.io[\r][\n]"
14:34:11.191 [main] DEBUG org.apache.http.wire --  >> "Connection: Keep-Alive[\r][\n]"
14:34:11.191 [main] DEBUG org.apache.http.wire --  >> "User-Agent: Apache-HttpClient/4.5.13 (Java/17.0.16)[\r][\n]"
14:34:11.191 [main] DEBUG org.apache.http.wire --  >> "Accept-Encoding: gzip,deflate[\r][\n]"
14:34:11.191 [main] DEBUG org.apache.http.wire --  >> "[\r][\n]"
14:34:11.191 [main] DEBUG org.apache.http.headers -- >> POST /v2/user HTTP/1.1
14:34:11.191 [main] DEBUG org.apache.http.headers -- >> Accept: application/json, application/javascript, text/javascript, text/json
14:34:11.191 [main] DEBUG org.apache.http.headers -- >> Content-Type: application/json
14:34:11.191 [main] DEBUG org.apache.http.headers -- >> Content-Length: 186
14:34:11.191 [main] DEBUG org.apache.http.headers -- >> Host: petstore.swagger.io
14:34:11.191 [main] DEBUG org.apache.http.headers -- >> Connection: Keep-Alive
14:34:11.191 [main] DEBUG org.apache.http.headers -- >> User-Agent: Apache-HttpClient/4.5.13 (Java/17.0.16)
14:34:11.191 [main] DEBUG org.apache.http.headers -- >> Accept-Encoding: gzip,deflate
14:34:11.191 [main] DEBUG org.apache.http.wire --  >> "{"id":10022,"username":"meerapillai10022","firstName":"Meera","lastName":"Pillai","email":"meera.pillai10022@example.com","password":"Me@10022!Pi","phone":"+919566489215","userStatus":1}"
14:34:11.460 [main] DEBUG org.apache.http.wire --  << "HTTP/1.1 200 OK[\r][\n]"
14:34:11.460 [main] DEBUG org.apache.http.wire --  << "Date: Tue, 02 Sep 2025 09:04:10 GMT[\r][\n]"
14:34:11.460 [main] DEBUG org.apache.http.wire --  << "Content-Type: application/json[\r][\n]"
14:34:11.460 [main] DEBUG org.apache.http.wire --  << "Transfer-Encoding: chunked[\r][\n]"
14:34:11.460 [main] DEBUG org.apache.http.wire --  << "Connection: keep-alive[\r][\n]"
14:34:11.460 [main] DEBUG org.apache.http.wire --  << "Access-Control-Allow-Origin: *[\r][\n]"
14:34:11.460 [main] DEBUG org.apache.http.wire --  << "Access-Control-Allow-Methods: GET, POST, DELETE, PUT[\r][\n]"
14:34:11.460 [main] DEBUG org.apache.http.wire --  << "Access-Control-Allow-Headers: Content-Type, api_key, Authorization[\r][\n]"
14:34:11.460 [main] DEBUG org.apache.http.wire --  << "Server: Jetty(9.2.9.v20150224)[\r][\n]"
14:34:11.460 [main] DEBUG org.apache.http.wire --  << "[\r][\n]"
14:34:11.460 [main] DEBUG org.apache.http.impl.conn.DefaultClientConnection -- Receiving response: HTTP/1.1 200 OK
14:34:11.460 [main] DEBUG org.apache.http.headers -- << HTTP/1.1 200 OK
14:34:11.460 [main] DEBUG org.apache.http.headers -- << Date: Tue, 02 Sep 2025 09:04:10 GMT
14:34:11.460 [main] DEBUG org.apache.http.headers -- << Content-Type: application/json
14:34:11.460 [main] DEBUG org.apache.http.headers -- << Transfer-Encoding: chunked
14:34:11.460 [main] DEBUG org.apache.http.headers -- << Connection: keep-alive
14:34:11.460 [main] DEBUG org.apache.http.headers -- << Access-Control-Allow-Origin: *
14:34:11.460 [main] DEBUG org.apache.http.headers -- << Access-Control-Allow-Methods: GET, POST, DELETE, PUT
14:34:11.460 [main] DEBUG org.apache.http.headers -- << Access-Control-Allow-Headers: Content-Type, api_key, Authorization
14:34:11.461 [main] DEBUG org.apache.http.headers -- << Server: Jetty(9.2.9.v20150224)
14:34:11.461 [main] DEBUG org.apache.http.impl.client.DefaultHttpClient -- Connection can be kept alive indefinitely
14:34:11.461 [main] DEBUG io.restassured.internal.RestAssuredHttpBuilder -- Parsing response as: application/json
14:34:11.461 [main] DEBUG io.restassured.internal.RestAssuredHttpBuilder -- Parsed data to instance of: class org.apache.http.conn.EofSensorInputStream
]]></system-out>
  </testcase>
  <testcase name="testPostUser[10023, adityasingh10023, Aditya, Singh, aditya.singh10023@example.com, Ad@10023!Si, +918530761674, 1](23)" classname="api.test.DDTests" time="1.166">
    <system-out><![CDATA[14:34:11.479 [main] DEBUG org.apache.http.impl.conn.BasicClientConnectionManager -- Get connection for route {s}->https://petstore.swagger.io:443
14:34:11.479 [main] DEBUG org.apache.http.impl.conn.DefaultClientConnectionOperator -- Connecting to petstore.swagger.io:443
14:34:12.340 [main] DEBUG org.apache.http.client.protocol.RequestAddCookies -- CookieSpec selected: ignoreCookies
14:34:12.341 [main] DEBUG org.apache.http.client.protocol.RequestAuthCache -- Auth cache not set in the context
14:34:12.341 [main] DEBUG org.apache.http.client.protocol.RequestTargetAuthentication -- Target auth state: UNCHALLENGED
14:34:12.341 [main] DEBUG org.apache.http.client.protocol.RequestProxyAuthentication -- Proxy auth state: UNCHALLENGED
14:34:12.341 [main] DEBUG org.apache.http.impl.client.DefaultHttpClient -- Attempt 1 to execute request
14:34:12.341 [main] DEBUG org.apache.http.impl.conn.DefaultClientConnection -- Sending request: POST /v2/user HTTP/1.1
14:34:12.341 [main] DEBUG org.apache.http.wire --  >> "POST /v2/user HTTP/1.1[\r][\n]"
14:34:12.341 [main] DEBUG org.apache.http.wire --  >> "Accept: application/json, application/javascript, text/javascript, text/json[\r][\n]"
14:34:12.341 [main] DEBUG org.apache.http.wire --  >> "Content-Type: application/json[\r][\n]"
14:34:12.341 [main] DEBUG org.apache.http.wire --  >> "Content-Length: 186[\r][\n]"
14:34:12.341 [main] DEBUG org.apache.http.wire --  >> "Host: petstore.swagger.io[\r][\n]"
14:34:12.341 [main] DEBUG org.apache.http.wire --  >> "Connection: Keep-Alive[\r][\n]"
14:34:12.341 [main] DEBUG org.apache.http.wire --  >> "User-Agent: Apache-HttpClient/4.5.13 (Java/17.0.16)[\r][\n]"
14:34:12.341 [main] DEBUG org.apache.http.wire --  >> "Accept-Encoding: gzip,deflate[\r][\n]"
14:34:12.341 [main] DEBUG org.apache.http.wire --  >> "[\r][\n]"
14:34:12.341 [main] DEBUG org.apache.http.headers -- >> POST /v2/user HTTP/1.1
14:34:12.341 [main] DEBUG org.apache.http.headers -- >> Accept: application/json, application/javascript, text/javascript, text/json
14:34:12.341 [main] DEBUG org.apache.http.headers -- >> Content-Type: application/json
14:34:12.341 [main] DEBUG org.apache.http.headers -- >> Content-Length: 186
14:34:12.341 [main] DEBUG org.apache.http.headers -- >> Host: petstore.swagger.io
14:34:12.341 [main] DEBUG org.apache.http.headers -- >> Connection: Keep-Alive
14:34:12.341 [main] DEBUG org.apache.http.headers -- >> User-Agent: Apache-HttpClient/4.5.13 (Java/17.0.16)
14:34:12.341 [main] DEBUG org.apache.http.headers -- >> Accept-Encoding: gzip,deflate
14:34:12.341 [main] DEBUG org.apache.http.wire --  >> "{"id":10023,"username":"adityasingh10023","firstName":"Aditya","lastName":"Singh","email":"aditya.singh10023@example.com","password":"Ad@10023!Si","phone":"+918530761674","userStatus":1}"
14:34:12.629 [main] DEBUG org.apache.http.wire --  << "HTTP/1.1 200 OK[\r][\n]"
14:34:12.629 [main] DEBUG org.apache.http.wire --  << "Date: Tue, 02 Sep 2025 09:04:11 GMT[\r][\n]"
14:34:12.629 [main] DEBUG org.apache.http.wire --  << "Content-Type: application/json[\r][\n]"
14:34:12.629 [main] DEBUG org.apache.http.wire --  << "Transfer-Encoding: chunked[\r][\n]"
14:34:12.629 [main] DEBUG org.apache.http.wire --  << "Connection: keep-alive[\r][\n]"
14:34:12.629 [main] DEBUG org.apache.http.wire --  << "Access-Control-Allow-Origin: *[\r][\n]"
14:34:12.629 [main] DEBUG org.apache.http.wire --  << "Access-Control-Allow-Methods: GET, POST, DELETE, PUT[\r][\n]"
14:34:12.629 [main] DEBUG org.apache.http.wire --  << "Access-Control-Allow-Headers: Content-Type, api_key, Authorization[\r][\n]"
14:34:12.629 [main] DEBUG org.apache.http.wire --  << "Server: Jetty(9.2.9.v20150224)[\r][\n]"
14:34:12.629 [main] DEBUG org.apache.http.wire --  << "[\r][\n]"
14:34:12.629 [main] DEBUG org.apache.http.impl.conn.DefaultClientConnection -- Receiving response: HTTP/1.1 200 OK
14:34:12.629 [main] DEBUG org.apache.http.headers -- << HTTP/1.1 200 OK
14:34:12.629 [main] DEBUG org.apache.http.headers -- << Date: Tue, 02 Sep 2025 09:04:11 GMT
14:34:12.629 [main] DEBUG org.apache.http.headers -- << Content-Type: application/json
14:34:12.629 [main] DEBUG org.apache.http.headers -- << Transfer-Encoding: chunked
14:34:12.629 [main] DEBUG org.apache.http.headers -- << Connection: keep-alive
14:34:12.629 [main] DEBUG org.apache.http.headers -- << Access-Control-Allow-Origin: *
14:34:12.629 [main] DEBUG org.apache.http.headers -- << Access-Control-Allow-Methods: GET, POST, DELETE, PUT
14:34:12.630 [main] DEBUG org.apache.http.headers -- << Access-Control-Allow-Headers: Content-Type, api_key, Authorization
14:34:12.630 [main] DEBUG org.apache.http.headers -- << Server: Jetty(9.2.9.v20150224)
14:34:12.630 [main] DEBUG org.apache.http.impl.client.DefaultHttpClient -- Connection can be kept alive indefinitely
14:34:12.630 [main] DEBUG io.restassured.internal.RestAssuredHttpBuilder -- Parsing response as: application/json
14:34:12.630 [main] DEBUG io.restassured.internal.RestAssuredHttpBuilder -- Parsed data to instance of: class org.apache.http.conn.EofSensorInputStream
]]></system-out>
  </testcase>
  <testcase name="testPostUser[10024, vihaankhanna10024, Vihaan, Khanna, vihaan.khanna10024@example.com, Vi@10024!Kh, +919428308794, 1](24)" classname="api.test.DDTests" time="1.287">
    <system-out><![CDATA[14:34:12.653 [main] DEBUG org.apache.http.impl.conn.BasicClientConnectionManager -- Get connection for route {s}->https://petstore.swagger.io:443
14:34:12.654 [main] DEBUG org.apache.http.impl.conn.DefaultClientConnectionOperator -- Connecting to petstore.swagger.io:443
14:34:13.611 [main] DEBUG org.apache.http.client.protocol.RequestAddCookies -- CookieSpec selected: ignoreCookies
14:34:13.611 [main] DEBUG org.apache.http.client.protocol.RequestAuthCache -- Auth cache not set in the context
14:34:13.611 [main] DEBUG org.apache.http.client.protocol.RequestTargetAuthentication -- Target auth state: UNCHALLENGED
14:34:13.611 [main] DEBUG org.apache.http.client.protocol.RequestProxyAuthentication -- Proxy auth state: UNCHALLENGED
14:34:13.612 [main] DEBUG org.apache.http.impl.client.DefaultHttpClient -- Attempt 1 to execute request
14:34:13.612 [main] DEBUG org.apache.http.impl.conn.DefaultClientConnection -- Sending request: POST /v2/user HTTP/1.1
14:34:13.612 [main] DEBUG org.apache.http.wire --  >> "POST /v2/user HTTP/1.1[\r][\n]"
14:34:13.612 [main] DEBUG org.apache.http.wire --  >> "Accept: application/json, application/javascript, text/javascript, text/json[\r][\n]"
14:34:13.612 [main] DEBUG org.apache.http.wire --  >> "Content-Type: application/json[\r][\n]"
14:34:13.612 [main] DEBUG org.apache.http.wire --  >> "Content-Length: 189[\r][\n]"
14:34:13.612 [main] DEBUG org.apache.http.wire --  >> "Host: petstore.swagger.io[\r][\n]"
14:34:13.612 [main] DEBUG org.apache.http.wire --  >> "Connection: Keep-Alive[\r][\n]"
14:34:13.612 [main] DEBUG org.apache.http.wire --  >> "User-Agent: Apache-HttpClient/4.5.13 (Java/17.0.16)[\r][\n]"
14:34:13.612 [main] DEBUG org.apache.http.wire --  >> "Accept-Encoding: gzip,deflate[\r][\n]"
14:34:13.612 [main] DEBUG org.apache.http.wire --  >> "[\r][\n]"
14:34:13.612 [main] DEBUG org.apache.http.headers -- >> POST /v2/user HTTP/1.1
14:34:13.612 [main] DEBUG org.apache.http.headers -- >> Accept: application/json, application/javascript, text/javascript, text/json
14:34:13.612 [main] DEBUG org.apache.http.headers -- >> Content-Type: application/json
14:34:13.612 [main] DEBUG org.apache.http.headers -- >> Content-Length: 189
14:34:13.612 [main] DEBUG org.apache.http.headers -- >> Host: petstore.swagger.io
14:34:13.612 [main] DEBUG org.apache.http.headers -- >> Connection: Keep-Alive
14:34:13.612 [main] DEBUG org.apache.http.headers -- >> User-Agent: Apache-HttpClient/4.5.13 (Java/17.0.16)
14:34:13.612 [main] DEBUG org.apache.http.headers -- >> Accept-Encoding: gzip,deflate
14:34:13.612 [main] DEBUG org.apache.http.wire --  >> "{"id":10024,"username":"vihaankhanna10024","firstName":"Vihaan","lastName":"Khanna","email":"vihaan.khanna10024@example.com","password":"Vi@10024!Kh","phone":"+919428308794","userStatus":1}"
14:34:13.916 [main] DEBUG org.apache.http.wire --  << "HTTP/1.1 200 OK[\r][\n]"
14:34:13.916 [main] DEBUG org.apache.http.wire --  << "Date: Tue, 02 Sep 2025 09:04:13 GMT[\r][\n]"
14:34:13.916 [main] DEBUG org.apache.http.wire --  << "Content-Type: application/json[\r][\n]"
14:34:13.916 [main] DEBUG org.apache.http.wire --  << "Transfer-Encoding: chunked[\r][\n]"
14:34:13.916 [main] DEBUG org.apache.http.wire --  << "Connection: keep-alive[\r][\n]"
14:34:13.916 [main] DEBUG org.apache.http.wire --  << "Access-Control-Allow-Origin: *[\r][\n]"
14:34:13.916 [main] DEBUG org.apache.http.wire --  << "Access-Control-Allow-Methods: GET, POST, DELETE, PUT[\r][\n]"
14:34:13.917 [main] DEBUG org.apache.http.wire --  << "Access-Control-Allow-Headers: Content-Type, api_key, Authorization[\r][\n]"
14:34:13.917 [main] DEBUG org.apache.http.wire --  << "Server: Jetty(9.2.9.v20150224)[\r][\n]"
14:34:13.917 [main] DEBUG org.apache.http.wire --  << "[\r][\n]"
14:34:13.917 [main] DEBUG org.apache.http.impl.conn.DefaultClientConnection -- Receiving response: HTTP/1.1 200 OK
14:34:13.917 [main] DEBUG org.apache.http.headers -- << HTTP/1.1 200 OK
14:34:13.917 [main] DEBUG org.apache.http.headers -- << Date: Tue, 02 Sep 2025 09:04:13 GMT
14:34:13.917 [main] DEBUG org.apache.http.headers -- << Content-Type: application/json
14:34:13.917 [main] DEBUG org.apache.http.headers -- << Transfer-Encoding: chunked
14:34:13.917 [main] DEBUG org.apache.http.headers -- << Connection: keep-alive
14:34:13.917 [main] DEBUG org.apache.http.headers -- << Access-Control-Allow-Origin: *
14:34:13.917 [main] DEBUG org.apache.http.headers -- << Access-Control-Allow-Methods: GET, POST, DELETE, PUT
14:34:13.917 [main] DEBUG org.apache.http.headers -- << Access-Control-Allow-Headers: Content-Type, api_key, Authorization
14:34:13.917 [main] DEBUG org.apache.http.headers -- << Server: Jetty(9.2.9.v20150224)
14:34:13.917 [main] DEBUG org.apache.http.impl.client.DefaultHttpClient -- Connection can be kept alive indefinitely
14:34:13.917 [main] DEBUG io.restassured.internal.RestAssuredHttpBuilder -- Parsing response as: application/json
14:34:13.918 [main] DEBUG io.restassured.internal.RestAssuredHttpBuilder -- Parsed data to instance of: class org.apache.http.conn.EofSensorInputStream
]]></system-out>
  </testcase>
  <testcase name="testPostUser[10025, simranverma10025, Simran, Verma, simran.verma10025@example.com, Si@10025!Ve, +917527159089, 1](25)" classname="api.test.DDTests" time="1.09">
    <system-out><![CDATA[14:34:13.943 [main] DEBUG org.apache.http.impl.conn.BasicClientConnectionManager -- Get connection for route {s}->https://petstore.swagger.io:443
14:34:13.944 [main] DEBUG org.apache.http.impl.conn.DefaultClientConnectionOperator -- Connecting to petstore.swagger.io:443
14:34:14.743 [main] DEBUG org.apache.http.client.protocol.RequestAddCookies -- CookieSpec selected: ignoreCookies
14:34:14.743 [main] DEBUG org.apache.http.client.protocol.RequestAuthCache -- Auth cache not set in the context
14:34:14.743 [main] DEBUG org.apache.http.client.protocol.RequestTargetAuthentication -- Target auth state: UNCHALLENGED
14:34:14.743 [main] DEBUG org.apache.http.client.protocol.RequestProxyAuthentication -- Proxy auth state: UNCHALLENGED
14:34:14.743 [main] DEBUG org.apache.http.impl.client.DefaultHttpClient -- Attempt 1 to execute request
14:34:14.743 [main] DEBUG org.apache.http.impl.conn.DefaultClientConnection -- Sending request: POST /v2/user HTTP/1.1
14:34:14.743 [main] DEBUG org.apache.http.wire --  >> "POST /v2/user HTTP/1.1[\r][\n]"
14:34:14.743 [main] DEBUG org.apache.http.wire --  >> "Accept: application/json, application/javascript, text/javascript, text/json[\r][\n]"
14:34:14.743 [main] DEBUG org.apache.http.wire --  >> "Content-Type: application/json[\r][\n]"
14:34:14.743 [main] DEBUG org.apache.http.wire --  >> "Content-Length: 186[\r][\n]"
14:34:14.743 [main] DEBUG org.apache.http.wire --  >> "Host: petstore.swagger.io[\r][\n]"
14:34:14.743 [main] DEBUG org.apache.http.wire --  >> "Connection: Keep-Alive[\r][\n]"
14:34:14.743 [main] DEBUG org.apache.http.wire --  >> "User-Agent: Apache-HttpClient/4.5.13 (Java/17.0.16)[\r][\n]"
14:34:14.743 [main] DEBUG org.apache.http.wire --  >> "Accept-Encoding: gzip,deflate[\r][\n]"
14:34:14.743 [main] DEBUG org.apache.http.wire --  >> "[\r][\n]"
14:34:14.743 [main] DEBUG org.apache.http.headers -- >> POST /v2/user HTTP/1.1
14:34:14.743 [main] DEBUG org.apache.http.headers -- >> Accept: application/json, application/javascript, text/javascript, text/json
14:34:14.743 [main] DEBUG org.apache.http.headers -- >> Content-Type: application/json
14:34:14.743 [main] DEBUG org.apache.http.headers -- >> Content-Length: 186
14:34:14.743 [main] DEBUG org.apache.http.headers -- >> Host: petstore.swagger.io
14:34:14.743 [main] DEBUG org.apache.http.headers -- >> Connection: Keep-Alive
14:34:14.743 [main] DEBUG org.apache.http.headers -- >> User-Agent: Apache-HttpClient/4.5.13 (Java/17.0.16)
14:34:14.743 [main] DEBUG org.apache.http.headers -- >> Accept-Encoding: gzip,deflate
14:34:14.743 [main] DEBUG org.apache.http.wire --  >> "{"id":10025,"username":"simranverma10025","firstName":"Simran","lastName":"Verma","email":"simran.verma10025@example.com","password":"Si@10025!Ve","phone":"+917527159089","userStatus":1}"
14:34:15.008 [main] DEBUG org.apache.http.wire --  << "HTTP/1.1 200 OK[\r][\n]"
14:34:15.008 [main] DEBUG org.apache.http.wire --  << "Date: Tue, 02 Sep 2025 09:04:14 GMT[\r][\n]"
14:34:15.008 [main] DEBUG org.apache.http.wire --  << "Content-Type: application/json[\r][\n]"
14:34:15.008 [main] DEBUG org.apache.http.wire --  << "Transfer-Encoding: chunked[\r][\n]"
14:34:15.008 [main] DEBUG org.apache.http.wire --  << "Connection: keep-alive[\r][\n]"
14:34:15.008 [main] DEBUG org.apache.http.wire --  << "Access-Control-Allow-Origin: *[\r][\n]"
14:34:15.008 [main] DEBUG org.apache.http.wire --  << "Access-Control-Allow-Methods: GET, POST, DELETE, PUT[\r][\n]"
14:34:15.008 [main] DEBUG org.apache.http.wire --  << "Access-Control-Allow-Headers: Content-Type, api_key, Authorization[\r][\n]"
14:34:15.008 [main] DEBUG org.apache.http.wire --  << "Server: Jetty(9.2.9.v20150224)[\r][\n]"
14:34:15.008 [main] DEBUG org.apache.http.wire --  << "[\r][\n]"
14:34:15.008 [main] DEBUG org.apache.http.impl.conn.DefaultClientConnection -- Receiving response: HTTP/1.1 200 OK
14:34:15.008 [main] DEBUG org.apache.http.headers -- << HTTP/1.1 200 OK
14:34:15.008 [main] DEBUG org.apache.http.headers -- << Date: Tue, 02 Sep 2025 09:04:14 GMT
14:34:15.008 [main] DEBUG org.apache.http.headers -- << Content-Type: application/json
14:34:15.008 [main] DEBUG org.apache.http.headers -- << Transfer-Encoding: chunked
14:34:15.008 [main] DEBUG org.apache.http.headers -- << Connection: keep-alive
14:34:15.008 [main] DEBUG org.apache.http.headers -- << Access-Control-Allow-Origin: *
14:34:15.008 [main] DEBUG org.apache.http.headers -- << Access-Control-Allow-Methods: GET, POST, DELETE, PUT
14:34:15.008 [main] DEBUG org.apache.http.headers -- << Access-Control-Allow-Headers: Content-Type, api_key, Authorization
14:34:15.008 [main] DEBUG org.apache.http.headers -- << Server: Jetty(9.2.9.v20150224)
14:34:15.008 [main] DEBUG org.apache.http.impl.client.DefaultHttpClient -- Connection can be kept alive indefinitely
14:34:15.009 [main] DEBUG io.restassured.internal.RestAssuredHttpBuilder -- Parsing response as: application/json
14:34:15.009 [main] DEBUG io.restassured.internal.RestAssuredHttpBuilder -- Parsed data to instance of: class org.apache.http.conn.EofSensorInputStream
]]></system-out>
  </testcase>
  <testcase name="testPostUser[10026, raghavkapoor10026, Raghav, Kapoor, raghav.kapoor10026@example.com, Ra@10026!Ka, +917678436297, 1](26)" classname="api.test.DDTests" time="1.095">
    <system-out><![CDATA[14:34:15.027 [main] DEBUG org.apache.http.impl.conn.BasicClientConnectionManager -- Get connection for route {s}->https://petstore.swagger.io:443
14:34:15.027 [main] DEBUG org.apache.http.impl.conn.DefaultClientConnectionOperator -- Connecting to petstore.swagger.io:443
14:34:15.859 [main] DEBUG org.apache.http.client.protocol.RequestAddCookies -- CookieSpec selected: ignoreCookies
14:34:15.859 [main] DEBUG org.apache.http.client.protocol.RequestAuthCache -- Auth cache not set in the context
14:34:15.859 [main] DEBUG org.apache.http.client.protocol.RequestTargetAuthentication -- Target auth state: UNCHALLENGED
14:34:15.859 [main] DEBUG org.apache.http.client.protocol.RequestProxyAuthentication -- Proxy auth state: UNCHALLENGED
14:34:15.860 [main] DEBUG org.apache.http.impl.client.DefaultHttpClient -- Attempt 1 to execute request
14:34:15.860 [main] DEBUG org.apache.http.impl.conn.DefaultClientConnection -- Sending request: POST /v2/user HTTP/1.1
14:34:15.860 [main] DEBUG org.apache.http.wire --  >> "POST /v2/user HTTP/1.1[\r][\n]"
14:34:15.860 [main] DEBUG org.apache.http.wire --  >> "Accept: application/json, application/javascript, text/javascript, text/json[\r][\n]"
14:34:15.860 [main] DEBUG org.apache.http.wire --  >> "Content-Type: application/json[\r][\n]"
14:34:15.860 [main] DEBUG org.apache.http.wire --  >> "Content-Length: 189[\r][\n]"
14:34:15.860 [main] DEBUG org.apache.http.wire --  >> "Host: petstore.swagger.io[\r][\n]"
14:34:15.860 [main] DEBUG org.apache.http.wire --  >> "Connection: Keep-Alive[\r][\n]"
14:34:15.860 [main] DEBUG org.apache.http.wire --  >> "User-Agent: Apache-HttpClient/4.5.13 (Java/17.0.16)[\r][\n]"
14:34:15.860 [main] DEBUG org.apache.http.wire --  >> "Accept-Encoding: gzip,deflate[\r][\n]"
14:34:15.860 [main] DEBUG org.apache.http.wire --  >> "[\r][\n]"
14:34:15.860 [main] DEBUG org.apache.http.headers -- >> POST /v2/user HTTP/1.1
14:34:15.860 [main] DEBUG org.apache.http.headers -- >> Accept: application/json, application/javascript, text/javascript, text/json
14:34:15.860 [main] DEBUG org.apache.http.headers -- >> Content-Type: application/json
14:34:15.860 [main] DEBUG org.apache.http.headers -- >> Content-Length: 189
14:34:15.860 [main] DEBUG org.apache.http.headers -- >> Host: petstore.swagger.io
14:34:15.860 [main] DEBUG org.apache.http.headers -- >> Connection: Keep-Alive
14:34:15.860 [main] DEBUG org.apache.http.headers -- >> User-Agent: Apache-HttpClient/4.5.13 (Java/17.0.16)
14:34:15.860 [main] DEBUG org.apache.http.headers -- >> Accept-Encoding: gzip,deflate
14:34:15.860 [main] DEBUG org.apache.http.wire --  >> "{"id":10026,"username":"raghavkapoor10026","firstName":"Raghav","lastName":"Kapoor","email":"raghav.kapoor10026@example.com","password":"Ra@10026!Ka","phone":"+917678436297","userStatus":1}"
14:34:16.104 [main] DEBUG org.apache.http.wire --  << "HTTP/1.1 200 OK[\r][\n]"
14:34:16.104 [main] DEBUG org.apache.http.wire --  << "Date: Tue, 02 Sep 2025 09:04:15 GMT[\r][\n]"
14:34:16.104 [main] DEBUG org.apache.http.wire --  << "Content-Type: application/json[\r][\n]"
14:34:16.104 [main] DEBUG org.apache.http.wire --  << "Transfer-Encoding: chunked[\r][\n]"
14:34:16.104 [main] DEBUG org.apache.http.wire --  << "Connection: keep-alive[\r][\n]"
14:34:16.104 [main] DEBUG org.apache.http.wire --  << "Access-Control-Allow-Origin: *[\r][\n]"
14:34:16.104 [main] DEBUG org.apache.http.wire --  << "Access-Control-Allow-Methods: GET, POST, DELETE, PUT[\r][\n]"
14:34:16.104 [main] DEBUG org.apache.http.wire --  << "Access-Control-Allow-Headers: Content-Type, api_key, Authorization[\r][\n]"
14:34:16.104 [main] DEBUG org.apache.http.wire --  << "Server: Jetty(9.2.9.v20150224)[\r][\n]"
14:34:16.104 [main] DEBUG org.apache.http.wire --  << "[\r][\n]"
14:34:16.105 [main] DEBUG org.apache.http.impl.conn.DefaultClientConnection -- Receiving response: HTTP/1.1 200 OK
14:34:16.105 [main] DEBUG org.apache.http.headers -- << HTTP/1.1 200 OK
14:34:16.105 [main] DEBUG org.apache.http.headers -- << Date: Tue, 02 Sep 2025 09:04:15 GMT
14:34:16.105 [main] DEBUG org.apache.http.headers -- << Content-Type: application/json
14:34:16.105 [main] DEBUG org.apache.http.headers -- << Transfer-Encoding: chunked
14:34:16.105 [main] DEBUG org.apache.http.headers -- << Connection: keep-alive
14:34:16.105 [main] DEBUG org.apache.http.headers -- << Access-Control-Allow-Origin: *
14:34:16.105 [main] DEBUG org.apache.http.headers -- << Access-Control-Allow-Methods: GET, POST, DELETE, PUT
14:34:16.105 [main] DEBUG org.apache.http.headers -- << Access-Control-Allow-Headers: Content-Type, api_key, Authorization
14:34:16.105 [main] DEBUG org.apache.http.headers -- << Server: Jetty(9.2.9.v20150224)
14:34:16.105 [main] DEBUG org.apache.http.impl.client.DefaultHttpClient -- Connection can be kept alive indefinitely
14:34:16.105 [main] DEBUG io.restassured.internal.RestAssuredHttpBuilder -- Parsing response as: application/json
14:34:16.105 [main] DEBUG io.restassured.internal.RestAssuredHttpBuilder -- Parsed data to instance of: class org.apache.http.conn.EofSensorInputStream
]]></system-out>
  </testcase>
  <testcase name="testPostUser[10027, anayapillai10027, Anaya, Pillai, anaya.pillai10027@example.com, An@10027!Pi, +918826373520, 1](27)" classname="api.test.DDTests" time="1.084">
    <system-out><![CDATA[14:34:16.123 [main] DEBUG org.apache.http.impl.conn.BasicClientConnectionManager -- Get connection for route {s}->https://petstore.swagger.io:443
14:34:16.124 [main] DEBUG org.apache.http.impl.conn.DefaultClientConnectionOperator -- Connecting to petstore.swagger.io:443
14:34:16.957 [main] DEBUG org.apache.http.client.protocol.RequestAddCookies -- CookieSpec selected: ignoreCookies
14:34:16.957 [main] DEBUG org.apache.http.client.protocol.RequestAuthCache -- Auth cache not set in the context
14:34:16.957 [main] DEBUG org.apache.http.client.protocol.RequestTargetAuthentication -- Target auth state: UNCHALLENGED
14:34:16.957 [main] DEBUG org.apache.http.client.protocol.RequestProxyAuthentication -- Proxy auth state: UNCHALLENGED
14:34:16.957 [main] DEBUG org.apache.http.impl.client.DefaultHttpClient -- Attempt 1 to execute request
14:34:16.957 [main] DEBUG org.apache.http.impl.conn.DefaultClientConnection -- Sending request: POST /v2/user HTTP/1.1
14:34:16.957 [main] DEBUG org.apache.http.wire --  >> "POST /v2/user HTTP/1.1[\r][\n]"
14:34:16.957 [main] DEBUG org.apache.http.wire --  >> "Accept: application/json, application/javascript, text/javascript, text/json[\r][\n]"
14:34:16.957 [main] DEBUG org.apache.http.wire --  >> "Content-Type: application/json[\r][\n]"
14:34:16.957 [main] DEBUG org.apache.http.wire --  >> "Content-Length: 186[\r][\n]"
14:34:16.958 [main] DEBUG org.apache.http.wire --  >> "Host: petstore.swagger.io[\r][\n]"
14:34:16.958 [main] DEBUG org.apache.http.wire --  >> "Connection: Keep-Alive[\r][\n]"
14:34:16.958 [main] DEBUG org.apache.http.wire --  >> "User-Agent: Apache-HttpClient/4.5.13 (Java/17.0.16)[\r][\n]"
14:34:16.958 [main] DEBUG org.apache.http.wire --  >> "Accept-Encoding: gzip,deflate[\r][\n]"
14:34:16.958 [main] DEBUG org.apache.http.wire --  >> "[\r][\n]"
14:34:16.958 [main] DEBUG org.apache.http.headers -- >> POST /v2/user HTTP/1.1
14:34:16.958 [main] DEBUG org.apache.http.headers -- >> Accept: application/json, application/javascript, text/javascript, text/json
14:34:16.958 [main] DEBUG org.apache.http.headers -- >> Content-Type: application/json
14:34:16.958 [main] DEBUG org.apache.http.headers -- >> Content-Length: 186
14:34:16.958 [main] DEBUG org.apache.http.headers -- >> Host: petstore.swagger.io
14:34:16.958 [main] DEBUG org.apache.http.headers -- >> Connection: Keep-Alive
14:34:16.958 [main] DEBUG org.apache.http.headers -- >> User-Agent: Apache-HttpClient/4.5.13 (Java/17.0.16)
14:34:16.958 [main] DEBUG org.apache.http.headers -- >> Accept-Encoding: gzip,deflate
14:34:16.958 [main] DEBUG org.apache.http.wire --  >> "{"id":10027,"username":"anayapillai10027","firstName":"Anaya","lastName":"Pillai","email":"anaya.pillai10027@example.com","password":"An@10027!Pi","phone":"+918826373520","userStatus":1}"
14:34:17.189 [main] DEBUG org.apache.http.wire --  << "HTTP/1.1 200 OK[\r][\n]"
14:34:17.190 [main] DEBUG org.apache.http.wire --  << "Date: Tue, 02 Sep 2025 09:04:16 GMT[\r][\n]"
14:34:17.190 [main] DEBUG org.apache.http.wire --  << "Content-Type: application/json[\r][\n]"
14:34:17.190 [main] DEBUG org.apache.http.wire --  << "Transfer-Encoding: chunked[\r][\n]"
14:34:17.190 [main] DEBUG org.apache.http.wire --  << "Connection: keep-alive[\r][\n]"
14:34:17.190 [main] DEBUG org.apache.http.wire --  << "Access-Control-Allow-Origin: *[\r][\n]"
14:34:17.190 [main] DEBUG org.apache.http.wire --  << "Access-Control-Allow-Methods: GET, POST, DELETE, PUT[\r][\n]"
14:34:17.190 [main] DEBUG org.apache.http.wire --  << "Access-Control-Allow-Headers: Content-Type, api_key, Authorization[\r][\n]"
14:34:17.190 [main] DEBUG org.apache.http.wire --  << "Server: Jetty(9.2.9.v20150224)[\r][\n]"
14:34:17.190 [main] DEBUG org.apache.http.wire --  << "[\r][\n]"
14:34:17.190 [main] DEBUG org.apache.http.impl.conn.DefaultClientConnection -- Receiving response: HTTP/1.1 200 OK
14:34:17.190 [main] DEBUG org.apache.http.headers -- << HTTP/1.1 200 OK
14:34:17.190 [main] DEBUG org.apache.http.headers -- << Date: Tue, 02 Sep 2025 09:04:16 GMT
14:34:17.190 [main] DEBUG org.apache.http.headers -- << Content-Type: application/json
14:34:17.190 [main] DEBUG org.apache.http.headers -- << Transfer-Encoding: chunked
14:34:17.190 [main] DEBUG org.apache.http.headers -- << Connection: keep-alive
14:34:17.190 [main] DEBUG org.apache.http.headers -- << Access-Control-Allow-Origin: *
14:34:17.190 [main] DEBUG org.apache.http.headers -- << Access-Control-Allow-Methods: GET, POST, DELETE, PUT
14:34:17.190 [main] DEBUG org.apache.http.headers -- << Access-Control-Allow-Headers: Content-Type, api_key, Authorization
14:34:17.190 [main] DEBUG org.apache.http.headers -- << Server: Jetty(9.2.9.v20150224)
14:34:17.190 [main] DEBUG org.apache.http.impl.client.DefaultHttpClient -- Connection can be kept alive indefinitely
14:34:17.190 [main] DEBUG io.restassured.internal.RestAssuredHttpBuilder -- Parsing response as: application/json
14:34:17.190 [main] DEBUG io.restassured.internal.RestAssuredHttpBuilder -- Parsed data to instance of: class org.apache.http.conn.EofSensorInputStream
]]></system-out>
  </testcase>
  <testcase name="testPostUser[10028, kabiriyer10028, Kabir, Iyer, kabir.iyer10028@example.com, Ka@10028!Iy, +918106174581, 1](28)" classname="api.test.DDTests" time="2.551">
    <system-out><![CDATA[14:34:17.203 [main] DEBUG org.apache.http.impl.conn.BasicClientConnectionManager -- Get connection for route {s}->https://petstore.swagger.io:443
14:34:17.204 [main] DEBUG org.apache.http.impl.conn.DefaultClientConnectionOperator -- Connecting to petstore.swagger.io:443
14:34:19.438 [main] DEBUG org.apache.http.client.protocol.RequestAddCookies -- CookieSpec selected: ignoreCookies
14:34:19.438 [main] DEBUG org.apache.http.client.protocol.RequestAuthCache -- Auth cache not set in the context
14:34:19.438 [main] DEBUG org.apache.http.client.protocol.RequestTargetAuthentication -- Target auth state: UNCHALLENGED
14:34:19.438 [main] DEBUG org.apache.http.client.protocol.RequestProxyAuthentication -- Proxy auth state: UNCHALLENGED
14:34:19.438 [main] DEBUG org.apache.http.impl.client.DefaultHttpClient -- Attempt 1 to execute request
14:34:19.439 [main] DEBUG org.apache.http.impl.conn.DefaultClientConnection -- Sending request: POST /v2/user HTTP/1.1
14:34:19.439 [main] DEBUG org.apache.http.wire --  >> "POST /v2/user HTTP/1.1[\r][\n]"
14:34:19.439 [main] DEBUG org.apache.http.wire --  >> "Accept: application/json, application/javascript, text/javascript, text/json[\r][\n]"
14:34:19.439 [main] DEBUG org.apache.http.wire --  >> "Content-Type: application/json[\r][\n]"
14:34:19.439 [main] DEBUG org.apache.http.wire --  >> "Content-Length: 180[\r][\n]"
14:34:19.439 [main] DEBUG org.apache.http.wire --  >> "Host: petstore.swagger.io[\r][\n]"
14:34:19.439 [main] DEBUG org.apache.http.wire --  >> "Connection: Keep-Alive[\r][\n]"
14:34:19.439 [main] DEBUG org.apache.http.wire --  >> "User-Agent: Apache-HttpClient/4.5.13 (Java/17.0.16)[\r][\n]"
14:34:19.439 [main] DEBUG org.apache.http.wire --  >> "Accept-Encoding: gzip,deflate[\r][\n]"
14:34:19.439 [main] DEBUG org.apache.http.wire --  >> "[\r][\n]"
14:34:19.439 [main] DEBUG org.apache.http.headers -- >> POST /v2/user HTTP/1.1
14:34:19.439 [main] DEBUG org.apache.http.headers -- >> Accept: application/json, application/javascript, text/javascript, text/json
14:34:19.439 [main] DEBUG org.apache.http.headers -- >> Content-Type: application/json
14:34:19.439 [main] DEBUG org.apache.http.headers -- >> Content-Length: 180
14:34:19.439 [main] DEBUG org.apache.http.headers -- >> Host: petstore.swagger.io
14:34:19.439 [main] DEBUG org.apache.http.headers -- >> Connection: Keep-Alive
14:34:19.439 [main] DEBUG org.apache.http.headers -- >> User-Agent: Apache-HttpClient/4.5.13 (Java/17.0.16)
14:34:19.439 [main] DEBUG org.apache.http.headers -- >> Accept-Encoding: gzip,deflate
14:34:19.439 [main] DEBUG org.apache.http.wire --  >> "{"id":10028,"username":"kabiriyer10028","firstName":"Kabir","lastName":"Iyer","email":"kabir.iyer10028@example.com","password":"Ka@10028!Iy","phone":"+918106174581","userStatus":1}"
14:34:19.746 [main] DEBUG org.apache.http.wire --  << "HTTP/1.1 200 OK[\r][\n]"
14:34:19.746 [main] DEBUG org.apache.http.wire --  << "Date: Tue, 02 Sep 2025 09:04:19 GMT[\r][\n]"
14:34:19.746 [main] DEBUG org.apache.http.wire --  << "Content-Type: application/json[\r][\n]"
14:34:19.746 [main] DEBUG org.apache.http.wire --  << "Transfer-Encoding: chunked[\r][\n]"
14:34:19.747 [main] DEBUG org.apache.http.wire --  << "Connection: keep-alive[\r][\n]"
14:34:19.747 [main] DEBUG org.apache.http.wire --  << "Access-Control-Allow-Origin: *[\r][\n]"
14:34:19.747 [main] DEBUG org.apache.http.wire --  << "Access-Control-Allow-Methods: GET, POST, DELETE, PUT[\r][\n]"
14:34:19.747 [main] DEBUG org.apache.http.wire --  << "Access-Control-Allow-Headers: Content-Type, api_key, Authorization[\r][\n]"
14:34:19.747 [main] DEBUG org.apache.http.wire --  << "Server: Jetty(9.2.9.v20150224)[\r][\n]"
14:34:19.747 [main] DEBUG org.apache.http.wire --  << "[\r][\n]"
14:34:19.747 [main] DEBUG org.apache.http.impl.conn.DefaultClientConnection -- Receiving response: HTTP/1.1 200 OK
14:34:19.747 [main] DEBUG org.apache.http.headers -- << HTTP/1.1 200 OK
14:34:19.747 [main] DEBUG org.apache.http.headers -- << Date: Tue, 02 Sep 2025 09:04:19 GMT
14:34:19.747 [main] DEBUG org.apache.http.headers -- << Content-Type: application/json
14:34:19.747 [main] DEBUG org.apache.http.headers -- << Transfer-Encoding: chunked
14:34:19.747 [main] DEBUG org.apache.http.headers -- << Connection: keep-alive
14:34:19.747 [main] DEBUG org.apache.http.headers -- << Access-Control-Allow-Origin: *
14:34:19.747 [main] DEBUG org.apache.http.headers -- << Access-Control-Allow-Methods: GET, POST, DELETE, PUT
14:34:19.747 [main] DEBUG org.apache.http.headers -- << Access-Control-Allow-Headers: Content-Type, api_key, Authorization
14:34:19.747 [main] DEBUG org.apache.http.headers -- << Server: Jetty(9.2.9.v20150224)
14:34:19.747 [main] DEBUG org.apache.http.impl.client.DefaultHttpClient -- Connection can be kept alive indefinitely
14:34:19.747 [main] DEBUG io.restassured.internal.RestAssuredHttpBuilder -- Parsing response as: application/json
14:34:19.747 [main] DEBUG io.restassured.internal.RestAssuredHttpBuilder -- Parsed data to instance of: class org.apache.http.conn.EofSensorInputStream
]]></system-out>
  </testcase>
  <testcase name="testPostUser[10029, simranrastogi10029, Simran, Rastogi, simran.rastogi10029@example.com, Si@10029!Ra, +918752643672, 1](29)" classname="api.test.DDTests" time="1.134">
    <system-out><![CDATA[14:34:19.761 [main] DEBUG org.apache.http.impl.conn.BasicClientConnectionManager -- Get connection for route {s}->https://petstore.swagger.io:443
14:34:19.761 [main] DEBUG org.apache.http.impl.conn.DefaultClientConnectionOperator -- Connecting to petstore.swagger.io:443
14:34:20.573 [main] DEBUG org.apache.http.client.protocol.RequestAddCookies -- CookieSpec selected: ignoreCookies
14:34:20.573 [main] DEBUG org.apache.http.client.protocol.RequestAuthCache -- Auth cache not set in the context
14:34:20.573 [main] DEBUG org.apache.http.client.protocol.RequestTargetAuthentication -- Target auth state: UNCHALLENGED
14:34:20.573 [main] DEBUG org.apache.http.client.protocol.RequestProxyAuthentication -- Proxy auth state: UNCHALLENGED
14:34:20.573 [main] DEBUG org.apache.http.impl.client.DefaultHttpClient -- Attempt 1 to execute request
14:34:20.573 [main] DEBUG org.apache.http.impl.conn.DefaultClientConnection -- Sending request: POST /v2/user HTTP/1.1
14:34:20.573 [main] DEBUG org.apache.http.wire --  >> "POST /v2/user HTTP/1.1[\r][\n]"
14:34:20.573 [main] DEBUG org.apache.http.wire --  >> "Accept: application/json, application/javascript, text/javascript, text/json[\r][\n]"
14:34:20.573 [main] DEBUG org.apache.http.wire --  >> "Content-Type: application/json[\r][\n]"
14:34:20.573 [main] DEBUG org.apache.http.wire --  >> "Content-Length: 192[\r][\n]"
14:34:20.573 [main] DEBUG org.apache.http.wire --  >> "Host: petstore.swagger.io[\r][\n]"
14:34:20.573 [main] DEBUG org.apache.http.wire --  >> "Connection: Keep-Alive[\r][\n]"
14:34:20.573 [main] DEBUG org.apache.http.wire --  >> "User-Agent: Apache-HttpClient/4.5.13 (Java/17.0.16)[\r][\n]"
14:34:20.573 [main] DEBUG org.apache.http.wire --  >> "Accept-Encoding: gzip,deflate[\r][\n]"
14:34:20.573 [main] DEBUG org.apache.http.wire --  >> "[\r][\n]"
14:34:20.573 [main] DEBUG org.apache.http.headers -- >> POST /v2/user HTTP/1.1
14:34:20.574 [main] DEBUG org.apache.http.headers -- >> Accept: application/json, application/javascript, text/javascript, text/json
14:34:20.574 [main] DEBUG org.apache.http.headers -- >> Content-Type: application/json
14:34:20.574 [main] DEBUG org.apache.http.headers -- >> Content-Length: 192
14:34:20.574 [main] DEBUG org.apache.http.headers -- >> Host: petstore.swagger.io
14:34:20.574 [main] DEBUG org.apache.http.headers -- >> Connection: Keep-Alive
14:34:20.574 [main] DEBUG org.apache.http.headers -- >> User-Agent: Apache-HttpClient/4.5.13 (Java/17.0.16)
14:34:20.574 [main] DEBUG org.apache.http.headers -- >> Accept-Encoding: gzip,deflate
14:34:20.574 [main] DEBUG org.apache.http.wire --  >> "{"id":10029,"username":"simranrastogi10029","firstName":"Simran","lastName":"Rastogi","email":"simran.rastogi10029@example.com","password":"Si@10029!Ra","phone":"+918752643672","userStatus":1}"
14:34:20.881 [main] DEBUG org.apache.http.wire --  << "HTTP/1.1 200 OK[\r][\n]"
14:34:20.881 [main] DEBUG org.apache.http.wire --  << "Date: Tue, 02 Sep 2025 09:04:20 GMT[\r][\n]"
14:34:20.881 [main] DEBUG org.apache.http.wire --  << "Content-Type: application/json[\r][\n]"
14:34:20.881 [main] DEBUG org.apache.http.wire --  << "Transfer-Encoding: chunked[\r][\n]"
14:34:20.881 [main] DEBUG org.apache.http.wire --  << "Connection: keep-alive[\r][\n]"
14:34:20.881 [main] DEBUG org.apache.http.wire --  << "Access-Control-Allow-Origin: *[\r][\n]"
14:34:20.881 [main] DEBUG org.apache.http.wire --  << "Access-Control-Allow-Methods: GET, POST, DELETE, PUT[\r][\n]"
14:34:20.881 [main] DEBUG org.apache.http.wire --  << "Access-Control-Allow-Headers: Content-Type, api_key, Authorization[\r][\n]"
14:34:20.881 [main] DEBUG org.apache.http.wire --  << "Server: Jetty(9.2.9.v20150224)[\r][\n]"
14:34:20.881 [main] DEBUG org.apache.http.wire --  << "[\r][\n]"
14:34:20.881 [main] DEBUG org.apache.http.impl.conn.DefaultClientConnection -- Receiving response: HTTP/1.1 200 OK
14:34:20.881 [main] DEBUG org.apache.http.headers -- << HTTP/1.1 200 OK
14:34:20.881 [main] DEBUG org.apache.http.headers -- << Date: Tue, 02 Sep 2025 09:04:20 GMT
14:34:20.881 [main] DEBUG org.apache.http.headers -- << Content-Type: application/json
14:34:20.881 [main] DEBUG org.apache.http.headers -- << Transfer-Encoding: chunked
14:34:20.881 [main] DEBUG org.apache.http.headers -- << Connection: keep-alive
14:34:20.881 [main] DEBUG org.apache.http.headers -- << Access-Control-Allow-Origin: *
14:34:20.881 [main] DEBUG org.apache.http.headers -- << Access-Control-Allow-Methods: GET, POST, DELETE, PUT
14:34:20.881 [main] DEBUG org.apache.http.headers -- << Access-Control-Allow-Headers: Content-Type, api_key, Authorization
14:34:20.881 [main] DEBUG org.apache.http.headers -- << Server: Jetty(9.2.9.v20150224)
14:34:20.881 [main] DEBUG org.apache.http.impl.client.DefaultHttpClient -- Connection can be kept alive indefinitely
14:34:20.882 [main] DEBUG io.restassured.internal.RestAssuredHttpBuilder -- Parsing response as: application/json
14:34:20.882 [main] DEBUG io.restassured.internal.RestAssuredHttpBuilder -- Parsed data to instance of: class org.apache.http.conn.EofSensorInputStream
]]></system-out>
  </testcase>
  <testcase name="testPostUser[10030, meerakapoor10030, Meera, Kapoor, meera.kapoor10030@example.com, Me@10030!Ka, +917266353957, 1](30)" classname="api.test.DDTests" time="1.22">
    <system-out><![CDATA[14:34:20.896 [main] DEBUG org.apache.http.impl.conn.BasicClientConnectionManager -- Get connection for route {s}->https://petstore.swagger.io:443
14:34:20.896 [main] DEBUG org.apache.http.impl.conn.DefaultClientConnectionOperator -- Connecting to petstore.swagger.io:443
14:34:21.795 [main] DEBUG org.apache.http.client.protocol.RequestAddCookies -- CookieSpec selected: ignoreCookies
14:34:21.795 [main] DEBUG org.apache.http.client.protocol.RequestAuthCache -- Auth cache not set in the context
14:34:21.795 [main] DEBUG org.apache.http.client.protocol.RequestTargetAuthentication -- Target auth state: UNCHALLENGED
14:34:21.795 [main] DEBUG org.apache.http.client.protocol.RequestProxyAuthentication -- Proxy auth state: UNCHALLENGED
14:34:21.795 [main] DEBUG org.apache.http.impl.client.DefaultHttpClient -- Attempt 1 to execute request
14:34:21.795 [main] DEBUG org.apache.http.impl.conn.DefaultClientConnection -- Sending request: POST /v2/user HTTP/1.1
14:34:21.795 [main] DEBUG org.apache.http.wire --  >> "POST /v2/user HTTP/1.1[\r][\n]"
14:34:21.795 [main] DEBUG org.apache.http.wire --  >> "Accept: application/json, application/javascript, text/javascript, text/json[\r][\n]"
14:34:21.795 [main] DEBUG org.apache.http.wire --  >> "Content-Type: application/json[\r][\n]"
14:34:21.795 [main] DEBUG org.apache.http.wire --  >> "Content-Length: 186[\r][\n]"
14:34:21.795 [main] DEBUG org.apache.http.wire --  >> "Host: petstore.swagger.io[\r][\n]"
14:34:21.795 [main] DEBUG org.apache.http.wire --  >> "Connection: Keep-Alive[\r][\n]"
14:34:21.795 [main] DEBUG org.apache.http.wire --  >> "User-Agent: Apache-HttpClient/4.5.13 (Java/17.0.16)[\r][\n]"
14:34:21.795 [main] DEBUG org.apache.http.wire --  >> "Accept-Encoding: gzip,deflate[\r][\n]"
14:34:21.795 [main] DEBUG org.apache.http.wire --  >> "[\r][\n]"
14:34:21.795 [main] DEBUG org.apache.http.headers -- >> POST /v2/user HTTP/1.1
14:34:21.795 [main] DEBUG org.apache.http.headers -- >> Accept: application/json, application/javascript, text/javascript, text/json
14:34:21.795 [main] DEBUG org.apache.http.headers -- >> Content-Type: application/json
14:34:21.795 [main] DEBUG org.apache.http.headers -- >> Content-Length: 186
14:34:21.795 [main] DEBUG org.apache.http.headers -- >> Host: petstore.swagger.io
14:34:21.795 [main] DEBUG org.apache.http.headers -- >> Connection: Keep-Alive
14:34:21.795 [main] DEBUG org.apache.http.headers -- >> User-Agent: Apache-HttpClient/4.5.13 (Java/17.0.16)
14:34:21.795 [main] DEBUG org.apache.http.headers -- >> Accept-Encoding: gzip,deflate
14:34:21.795 [main] DEBUG org.apache.http.wire --  >> "{"id":10030,"username":"meerakapoor10030","firstName":"Meera","lastName":"Kapoor","email":"meera.kapoor10030@example.com","password":"Me@10030!Ka","phone":"+917266353957","userStatus":1}"
14:34:22.102 [main] DEBUG org.apache.http.wire --  << "HTTP/1.1 200 OK[\r][\n]"
14:34:22.102 [main] DEBUG org.apache.http.wire --  << "Date: Tue, 02 Sep 2025 09:04:21 GMT[\r][\n]"
14:34:22.102 [main] DEBUG org.apache.http.wire --  << "Content-Type: application/json[\r][\n]"
14:34:22.102 [main] DEBUG org.apache.http.wire --  << "Transfer-Encoding: chunked[\r][\n]"
14:34:22.102 [main] DEBUG org.apache.http.wire --  << "Connection: keep-alive[\r][\n]"
14:34:22.102 [main] DEBUG org.apache.http.wire --  << "Access-Control-Allow-Origin: *[\r][\n]"
14:34:22.102 [main] DEBUG org.apache.http.wire --  << "Access-Control-Allow-Methods: GET, POST, DELETE, PUT[\r][\n]"
14:34:22.102 [main] DEBUG org.apache.http.wire --  << "Access-Control-Allow-Headers: Content-Type, api_key, Authorization[\r][\n]"
14:34:22.102 [main] DEBUG org.apache.http.wire --  << "Server: Jetty(9.2.9.v20150224)[\r][\n]"
14:34:22.102 [main] DEBUG org.apache.http.wire --  << "[\r][\n]"
14:34:22.103 [main] DEBUG org.apache.http.impl.conn.DefaultClientConnection -- Receiving response: HTTP/1.1 200 OK
14:34:22.103 [main] DEBUG org.apache.http.headers -- << HTTP/1.1 200 OK
14:34:22.103 [main] DEBUG org.apache.http.headers -- << Date: Tue, 02 Sep 2025 09:04:21 GMT
14:34:22.103 [main] DEBUG org.apache.http.headers -- << Content-Type: application/json
14:34:22.103 [main] DEBUG org.apache.http.headers -- << Transfer-Encoding: chunked
14:34:22.103 [main] DEBUG org.apache.http.headers -- << Connection: keep-alive
14:34:22.103 [main] DEBUG org.apache.http.headers -- << Access-Control-Allow-Origin: *
14:34:22.103 [main] DEBUG org.apache.http.headers -- << Access-Control-Allow-Methods: GET, POST, DELETE, PUT
14:34:22.103 [main] DEBUG org.apache.http.headers -- << Access-Control-Allow-Headers: Content-Type, api_key, Authorization
14:34:22.103 [main] DEBUG org.apache.http.headers -- << Server: Jetty(9.2.9.v20150224)
14:34:22.103 [main] DEBUG org.apache.http.impl.client.DefaultHttpClient -- Connection can be kept alive indefinitely
14:34:22.103 [main] DEBUG io.restassured.internal.RestAssuredHttpBuilder -- Parsing response as: application/json
14:34:22.103 [main] DEBUG io.restassured.internal.RestAssuredHttpBuilder -- Parsed data to instance of: class org.apache.http.conn.EofSensorInputStream
]]></system-out>
  </testcase>
  <testcase name="testPostUser[10031, irarastogi10031, Ira, Rastogi, ira.rastogi10031@example.com, Ir@10031!Ra, +917252238349, 1](31)" classname="api.test.DDTests" time="1.231">
    <system-out><![CDATA[14:34:22.120 [main] DEBUG org.apache.http.impl.conn.BasicClientConnectionManager -- Get connection for route {s}->https://petstore.swagger.io:443
14:34:22.121 [main] DEBUG org.apache.http.impl.conn.DefaultClientConnectionOperator -- Connecting to petstore.swagger.io:443
14:34:23.025 [main] DEBUG org.apache.http.client.protocol.RequestAddCookies -- CookieSpec selected: ignoreCookies
14:34:23.025 [main] DEBUG org.apache.http.client.protocol.RequestAuthCache -- Auth cache not set in the context
14:34:23.025 [main] DEBUG org.apache.http.client.protocol.RequestTargetAuthentication -- Target auth state: UNCHALLENGED
14:34:23.025 [main] DEBUG org.apache.http.client.protocol.RequestProxyAuthentication -- Proxy auth state: UNCHALLENGED
14:34:23.025 [main] DEBUG org.apache.http.impl.client.DefaultHttpClient -- Attempt 1 to execute request
14:34:23.025 [main] DEBUG org.apache.http.impl.conn.DefaultClientConnection -- Sending request: POST /v2/user HTTP/1.1
14:34:23.025 [main] DEBUG org.apache.http.wire --  >> "POST /v2/user HTTP/1.1[\r][\n]"
14:34:23.025 [main] DEBUG org.apache.http.wire --  >> "Accept: application/json, application/javascript, text/javascript, text/json[\r][\n]"
14:34:23.025 [main] DEBUG org.apache.http.wire --  >> "Content-Type: application/json[\r][\n]"
14:34:23.025 [main] DEBUG org.apache.http.wire --  >> "Content-Length: 183[\r][\n]"
14:34:23.025 [main] DEBUG org.apache.http.wire --  >> "Host: petstore.swagger.io[\r][\n]"
14:34:23.025 [main] DEBUG org.apache.http.wire --  >> "Connection: Keep-Alive[\r][\n]"
14:34:23.025 [main] DEBUG org.apache.http.wire --  >> "User-Agent: Apache-HttpClient/4.5.13 (Java/17.0.16)[\r][\n]"
14:34:23.025 [main] DEBUG org.apache.http.wire --  >> "Accept-Encoding: gzip,deflate[\r][\n]"
14:34:23.025 [main] DEBUG org.apache.http.wire --  >> "[\r][\n]"
14:34:23.025 [main] DEBUG org.apache.http.headers -- >> POST /v2/user HTTP/1.1
14:34:23.026 [main] DEBUG org.apache.http.headers -- >> Accept: application/json, application/javascript, text/javascript, text/json
14:34:23.026 [main] DEBUG org.apache.http.headers -- >> Content-Type: application/json
14:34:23.026 [main] DEBUG org.apache.http.headers -- >> Content-Length: 183
14:34:23.026 [main] DEBUG org.apache.http.headers -- >> Host: petstore.swagger.io
14:34:23.026 [main] DEBUG org.apache.http.headers -- >> Connection: Keep-Alive
14:34:23.026 [main] DEBUG org.apache.http.headers -- >> User-Agent: Apache-HttpClient/4.5.13 (Java/17.0.16)
14:34:23.026 [main] DEBUG org.apache.http.headers -- >> Accept-Encoding: gzip,deflate
14:34:23.026 [main] DEBUG org.apache.http.wire --  >> "{"id":10031,"username":"irarastogi10031","firstName":"Ira","lastName":"Rastogi","email":"ira.rastogi10031@example.com","password":"Ir@10031!Ra","phone":"+917252238349","userStatus":1}"
14:34:23.334 [main] DEBUG org.apache.http.wire --  << "HTTP/1.1 200 OK[\r][\n]"
14:34:23.334 [main] DEBUG org.apache.http.wire --  << "Date: Tue, 02 Sep 2025 09:04:22 GMT[\r][\n]"
14:34:23.334 [main] DEBUG org.apache.http.wire --  << "Content-Type: application/json[\r][\n]"
14:34:23.334 [main] DEBUG org.apache.http.wire --  << "Transfer-Encoding: chunked[\r][\n]"
14:34:23.334 [main] DEBUG org.apache.http.wire --  << "Connection: keep-alive[\r][\n]"
14:34:23.334 [main] DEBUG org.apache.http.wire --  << "Access-Control-Allow-Origin: *[\r][\n]"
14:34:23.334 [main] DEBUG org.apache.http.wire --  << "Access-Control-Allow-Methods: GET, POST, DELETE, PUT[\r][\n]"
14:34:23.336 [main] DEBUG org.apache.http.wire --  << "Access-Control-Allow-Headers: Content-Type, api_key, Authorization[\r][\n]"
14:34:23.336 [main] DEBUG org.apache.http.wire --  << "Server: Jetty(9.2.9.v20150224)[\r][\n]"
14:34:23.336 [main] DEBUG org.apache.http.wire --  << "[\r][\n]"
14:34:23.336 [main] DEBUG org.apache.http.impl.conn.DefaultClientConnection -- Receiving response: HTTP/1.1 200 OK
14:34:23.336 [main] DEBUG org.apache.http.headers -- << HTTP/1.1 200 OK
14:34:23.336 [main] DEBUG org.apache.http.headers -- << Date: Tue, 02 Sep 2025 09:04:22 GMT
14:34:23.336 [main] DEBUG org.apache.http.headers -- << Content-Type: application/json
14:34:23.336 [main] DEBUG org.apache.http.headers -- << Transfer-Encoding: chunked
14:34:23.336 [main] DEBUG org.apache.http.headers -- << Connection: keep-alive
14:34:23.336 [main] DEBUG org.apache.http.headers -- << Access-Control-Allow-Origin: *
14:34:23.336 [main] DEBUG org.apache.http.headers -- << Access-Control-Allow-Methods: GET, POST, DELETE, PUT
14:34:23.336 [main] DEBUG org.apache.http.headers -- << Access-Control-Allow-Headers: Content-Type, api_key, Authorization
14:34:23.336 [main] DEBUG org.apache.http.headers -- << Server: Jetty(9.2.9.v20150224)
14:34:23.336 [main] DEBUG org.apache.http.impl.client.DefaultHttpClient -- Connection can be kept alive indefinitely
14:34:23.336 [main] DEBUG io.restassured.internal.RestAssuredHttpBuilder -- Parsing response as: application/json
14:34:23.336 [main] DEBUG io.restassured.internal.RestAssuredHttpBuilder -- Parsed data to instance of: class org.apache.http.conn.EofSensorInputStream
]]></system-out>
  </testcase>
  <testcase name="testPostUser[10032, anayayadav10032, Anaya, Yadav, anaya.yadav10032@example.com, An@10032!Ya, +917704282571, 1](32)" classname="api.test.DDTests" time="1.088">
    <system-out><![CDATA[14:34:23.356 [main] DEBUG org.apache.http.impl.conn.BasicClientConnectionManager -- Get connection for route {s}->https://petstore.swagger.io:443
14:34:23.356 [main] DEBUG org.apache.http.impl.conn.DefaultClientConnectionOperator -- Connecting to petstore.swagger.io:443
14:34:24.176 [main] DEBUG org.apache.http.client.protocol.RequestAddCookies -- CookieSpec selected: ignoreCookies
14:34:24.176 [main] DEBUG org.apache.http.client.protocol.RequestAuthCache -- Auth cache not set in the context
14:34:24.176 [main] DEBUG org.apache.http.client.protocol.RequestTargetAuthentication -- Target auth state: UNCHALLENGED
14:34:24.176 [main] DEBUG org.apache.http.client.protocol.RequestProxyAuthentication -- Proxy auth state: UNCHALLENGED
14:34:24.176 [main] DEBUG org.apache.http.impl.client.DefaultHttpClient -- Attempt 1 to execute request
14:34:24.176 [main] DEBUG org.apache.http.impl.conn.DefaultClientConnection -- Sending request: POST /v2/user HTTP/1.1
14:34:24.176 [main] DEBUG org.apache.http.wire --  >> "POST /v2/user HTTP/1.1[\r][\n]"
14:34:24.176 [main] DEBUG org.apache.http.wire --  >> "Accept: application/json, application/javascript, text/javascript, text/json[\r][\n]"
14:34:24.176 [main] DEBUG org.apache.http.wire --  >> "Content-Type: application/json[\r][\n]"
14:34:24.176 [main] DEBUG org.apache.http.wire --  >> "Content-Length: 183[\r][\n]"
14:34:24.176 [main] DEBUG org.apache.http.wire --  >> "Host: petstore.swagger.io[\r][\n]"
14:34:24.176 [main] DEBUG org.apache.http.wire --  >> "Connection: Keep-Alive[\r][\n]"
14:34:24.176 [main] DEBUG org.apache.http.wire --  >> "User-Agent: Apache-HttpClient/4.5.13 (Java/17.0.16)[\r][\n]"
14:34:24.177 [main] DEBUG org.apache.http.wire --  >> "Accept-Encoding: gzip,deflate[\r][\n]"
14:34:24.177 [main] DEBUG org.apache.http.wire --  >> "[\r][\n]"
14:34:24.177 [main] DEBUG org.apache.http.headers -- >> POST /v2/user HTTP/1.1
14:34:24.177 [main] DEBUG org.apache.http.headers -- >> Accept: application/json, application/javascript, text/javascript, text/json
14:34:24.177 [main] DEBUG org.apache.http.headers -- >> Content-Type: application/json
14:34:24.177 [main] DEBUG org.apache.http.headers -- >> Content-Length: 183
14:34:24.177 [main] DEBUG org.apache.http.headers -- >> Host: petstore.swagger.io
14:34:24.177 [main] DEBUG org.apache.http.headers -- >> Connection: Keep-Alive
14:34:24.177 [main] DEBUG org.apache.http.headers -- >> User-Agent: Apache-HttpClient/4.5.13 (Java/17.0.16)
14:34:24.177 [main] DEBUG org.apache.http.headers -- >> Accept-Encoding: gzip,deflate
14:34:24.177 [main] DEBUG org.apache.http.wire --  >> "{"id":10032,"username":"anayayadav10032","firstName":"Anaya","lastName":"Yadav","email":"anaya.yadav10032@example.com","password":"An@10032!Ya","phone":"+917704282571","userStatus":1}"
14:34:24.423 [main] DEBUG org.apache.http.wire --  << "HTTP/1.1 200 OK[\r][\n]"
14:34:24.423 [main] DEBUG org.apache.http.wire --  << "Date: Tue, 02 Sep 2025 09:04:23 GMT[\r][\n]"
14:34:24.424 [main] DEBUG org.apache.http.wire --  << "Content-Type: application/json[\r][\n]"
14:34:24.424 [main] DEBUG org.apache.http.wire --  << "Transfer-Encoding: chunked[\r][\n]"
14:34:24.424 [main] DEBUG org.apache.http.wire --  << "Connection: keep-alive[\r][\n]"
14:34:24.424 [main] DEBUG org.apache.http.wire --  << "Access-Control-Allow-Origin: *[\r][\n]"
14:34:24.424 [main] DEBUG org.apache.http.wire --  << "Access-Control-Allow-Methods: GET, POST, DELETE, PUT[\r][\n]"
14:34:24.424 [main] DEBUG org.apache.http.wire --  << "Access-Control-Allow-Headers: Content-Type, api_key, Authorization[\r][\n]"
14:34:24.424 [main] DEBUG org.apache.http.wire --  << "Server: Jetty(9.2.9.v20150224)[\r][\n]"
14:34:24.424 [main] DEBUG org.apache.http.wire --  << "[\r][\n]"
14:34:24.424 [main] DEBUG org.apache.http.impl.conn.DefaultClientConnection -- Receiving response: HTTP/1.1 200 OK
14:34:24.424 [main] DEBUG org.apache.http.headers -- << HTTP/1.1 200 OK
14:34:24.424 [main] DEBUG org.apache.http.headers -- << Date: Tue, 02 Sep 2025 09:04:23 GMT
14:34:24.424 [main] DEBUG org.apache.http.headers -- << Content-Type: application/json
14:34:24.424 [main] DEBUG org.apache.http.headers -- << Transfer-Encoding: chunked
14:34:24.424 [main] DEBUG org.apache.http.headers -- << Connection: keep-alive
14:34:24.424 [main] DEBUG org.apache.http.headers -- << Access-Control-Allow-Origin: *
14:34:24.424 [main] DEBUG org.apache.http.headers -- << Access-Control-Allow-Methods: GET, POST, DELETE, PUT
14:34:24.424 [main] DEBUG org.apache.http.headers -- << Access-Control-Allow-Headers: Content-Type, api_key, Authorization
14:34:24.424 [main] DEBUG org.apache.http.headers -- << Server: Jetty(9.2.9.v20150224)
14:34:24.424 [main] DEBUG org.apache.http.impl.client.DefaultHttpClient -- Connection can be kept alive indefinitely
14:34:24.424 [main] DEBUG io.restassured.internal.RestAssuredHttpBuilder -- Parsing response as: application/json
14:34:24.424 [main] DEBUG io.restassured.internal.RestAssuredHttpBuilder -- Parsed data to instance of: class org.apache.http.conn.EofSensorInputStream
]]></system-out>
  </testcase>
  <testcase name="testPostUser[10033, meerapatel10033, Meera, Patel, meera.patel10033@example.com, Me@10033!Pa, +918902568672, 1](33)" classname="api.test.DDTests" time="1.027">
    <system-out><![CDATA[14:34:24.445 [main] DEBUG org.apache.http.impl.conn.BasicClientConnectionManager -- Get connection for route {s}->https://petstore.swagger.io:443
14:34:24.445 [main] DEBUG org.apache.http.impl.conn.DefaultClientConnectionOperator -- Connecting to petstore.swagger.io:443
14:34:25.206 [main] DEBUG org.apache.http.client.protocol.RequestAddCookies -- CookieSpec selected: ignoreCookies
14:34:25.206 [main] DEBUG org.apache.http.client.protocol.RequestAuthCache -- Auth cache not set in the context
14:34:25.206 [main] DEBUG org.apache.http.client.protocol.RequestTargetAuthentication -- Target auth state: UNCHALLENGED
14:34:25.206 [main] DEBUG org.apache.http.client.protocol.RequestProxyAuthentication -- Proxy auth state: UNCHALLENGED
14:34:25.206 [main] DEBUG org.apache.http.impl.client.DefaultHttpClient -- Attempt 1 to execute request
14:34:25.206 [main] DEBUG org.apache.http.impl.conn.DefaultClientConnection -- Sending request: POST /v2/user HTTP/1.1
14:34:25.206 [main] DEBUG org.apache.http.wire --  >> "POST /v2/user HTTP/1.1[\r][\n]"
14:34:25.206 [main] DEBUG org.apache.http.wire --  >> "Accept: application/json, application/javascript, text/javascript, text/json[\r][\n]"
14:34:25.206 [main] DEBUG org.apache.http.wire --  >> "Content-Type: application/json[\r][\n]"
14:34:25.206 [main] DEBUG org.apache.http.wire --  >> "Content-Length: 183[\r][\n]"
14:34:25.206 [main] DEBUG org.apache.http.wire --  >> "Host: petstore.swagger.io[\r][\n]"
14:34:25.206 [main] DEBUG org.apache.http.wire --  >> "Connection: Keep-Alive[\r][\n]"
14:34:25.206 [main] DEBUG org.apache.http.wire --  >> "User-Agent: Apache-HttpClient/4.5.13 (Java/17.0.16)[\r][\n]"
14:34:25.206 [main] DEBUG org.apache.http.wire --  >> "Accept-Encoding: gzip,deflate[\r][\n]"
14:34:25.206 [main] DEBUG org.apache.http.wire --  >> "[\r][\n]"
14:34:25.206 [main] DEBUG org.apache.http.headers -- >> POST /v2/user HTTP/1.1
14:34:25.207 [main] DEBUG org.apache.http.headers -- >> Accept: application/json, application/javascript, text/javascript, text/json
14:34:25.207 [main] DEBUG org.apache.http.headers -- >> Content-Type: application/json
14:34:25.207 [main] DEBUG org.apache.http.headers -- >> Content-Length: 183
14:34:25.207 [main] DEBUG org.apache.http.headers -- >> Host: petstore.swagger.io
14:34:25.207 [main] DEBUG org.apache.http.headers -- >> Connection: Keep-Alive
14:34:25.207 [main] DEBUG org.apache.http.headers -- >> User-Agent: Apache-HttpClient/4.5.13 (Java/17.0.16)
14:34:25.207 [main] DEBUG org.apache.http.headers -- >> Accept-Encoding: gzip,deflate
14:34:25.207 [main] DEBUG org.apache.http.wire --  >> "{"id":10033,"username":"meerapatel10033","firstName":"Meera","lastName":"Patel","email":"meera.patel10033@example.com","password":"Me@10033!Pa","phone":"+918902568672","userStatus":1}"
14:34:25.451 [main] DEBUG org.apache.http.wire --  << "HTTP/1.1 200 OK[\r][\n]"
14:34:25.451 [main] DEBUG org.apache.http.wire --  << "Date: Tue, 02 Sep 2025 09:04:24 GMT[\r][\n]"
14:34:25.451 [main] DEBUG org.apache.http.wire --  << "Content-Type: application/json[\r][\n]"
14:34:25.451 [main] DEBUG org.apache.http.wire --  << "Transfer-Encoding: chunked[\r][\n]"
14:34:25.451 [main] DEBUG org.apache.http.wire --  << "Connection: keep-alive[\r][\n]"
14:34:25.451 [main] DEBUG org.apache.http.wire --  << "Access-Control-Allow-Origin: *[\r][\n]"
14:34:25.451 [main] DEBUG org.apache.http.wire --  << "Access-Control-Allow-Methods: GET, POST, DELETE, PUT[\r][\n]"
14:34:25.451 [main] DEBUG org.apache.http.wire --  << "Access-Control-Allow-Headers: Content-Type, api_key, Authorization[\r][\n]"
14:34:25.452 [main] DEBUG org.apache.http.wire --  << "Server: Jetty(9.2.9.v20150224)[\r][\n]"
14:34:25.452 [main] DEBUG org.apache.http.wire --  << "[\r][\n]"
14:34:25.452 [main] DEBUG org.apache.http.impl.conn.DefaultClientConnection -- Receiving response: HTTP/1.1 200 OK
14:34:25.452 [main] DEBUG org.apache.http.headers -- << HTTP/1.1 200 OK
14:34:25.452 [main] DEBUG org.apache.http.headers -- << Date: Tue, 02 Sep 2025 09:04:24 GMT
14:34:25.452 [main] DEBUG org.apache.http.headers -- << Content-Type: application/json
14:34:25.452 [main] DEBUG org.apache.http.headers -- << Transfer-Encoding: chunked
14:34:25.452 [main] DEBUG org.apache.http.headers -- << Connection: keep-alive
14:34:25.452 [main] DEBUG org.apache.http.headers -- << Access-Control-Allow-Origin: *
14:34:25.452 [main] DEBUG org.apache.http.headers -- << Access-Control-Allow-Methods: GET, POST, DELETE, PUT
14:34:25.452 [main] DEBUG org.apache.http.headers -- << Access-Control-Allow-Headers: Content-Type, api_key, Authorization
14:34:25.452 [main] DEBUG org.apache.http.headers -- << Server: Jetty(9.2.9.v20150224)
14:34:25.452 [main] DEBUG org.apache.http.impl.client.DefaultHttpClient -- Connection can be kept alive indefinitely
14:34:25.452 [main] DEBUG io.restassured.internal.RestAssuredHttpBuilder -- Parsing response as: application/json
14:34:25.452 [main] DEBUG io.restassured.internal.RestAssuredHttpBuilder -- Parsed data to instance of: class org.apache.http.conn.EofSensorInputStream
]]></system-out>
  </testcase>
  <testcase name="testPostUser[10034, neharastogi10034, Neha, Rastogi, neha.rastogi10034@example.com, Ne@10034!Ra, +917681800419, 1](34)" classname="api.test.DDTests" time="1.163">
    <system-out><![CDATA[14:34:25.473 [main] DEBUG org.apache.http.impl.conn.BasicClientConnectionManager -- Get connection for route {s}->https://petstore.swagger.io:443
14:34:25.474 [main] DEBUG org.apache.http.impl.conn.DefaultClientConnectionOperator -- Connecting to petstore.swagger.io:443
14:34:26.312 [main] DEBUG org.apache.http.client.protocol.RequestAddCookies -- CookieSpec selected: ignoreCookies
14:34:26.312 [main] DEBUG org.apache.http.client.protocol.RequestAuthCache -- Auth cache not set in the context
14:34:26.312 [main] DEBUG org.apache.http.client.protocol.RequestTargetAuthentication -- Target auth state: UNCHALLENGED
14:34:26.312 [main] DEBUG org.apache.http.client.protocol.RequestProxyAuthentication -- Proxy auth state: UNCHALLENGED
14:34:26.312 [main] DEBUG org.apache.http.impl.client.DefaultHttpClient -- Attempt 1 to execute request
14:34:26.312 [main] DEBUG org.apache.http.impl.conn.DefaultClientConnection -- Sending request: POST /v2/user HTTP/1.1
14:34:26.312 [main] DEBUG org.apache.http.wire --  >> "POST /v2/user HTTP/1.1[\r][\n]"
14:34:26.312 [main] DEBUG org.apache.http.wire --  >> "Accept: application/json, application/javascript, text/javascript, text/json[\r][\n]"
14:34:26.312 [main] DEBUG org.apache.http.wire --  >> "Content-Type: application/json[\r][\n]"
14:34:26.312 [main] DEBUG org.apache.http.wire --  >> "Content-Length: 186[\r][\n]"
14:34:26.312 [main] DEBUG org.apache.http.wire --  >> "Host: petstore.swagger.io[\r][\n]"
14:34:26.312 [main] DEBUG org.apache.http.wire --  >> "Connection: Keep-Alive[\r][\n]"
14:34:26.312 [main] DEBUG org.apache.http.wire --  >> "User-Agent: Apache-HttpClient/4.5.13 (Java/17.0.16)[\r][\n]"
14:34:26.312 [main] DEBUG org.apache.http.wire --  >> "Accept-Encoding: gzip,deflate[\r][\n]"
14:34:26.312 [main] DEBUG org.apache.http.wire --  >> "[\r][\n]"
14:34:26.312 [main] DEBUG org.apache.http.headers -- >> POST /v2/user HTTP/1.1
14:34:26.312 [main] DEBUG org.apache.http.headers -- >> Accept: application/json, application/javascript, text/javascript, text/json
14:34:26.312 [main] DEBUG org.apache.http.headers -- >> Content-Type: application/json
14:34:26.312 [main] DEBUG org.apache.http.headers -- >> Content-Length: 186
14:34:26.312 [main] DEBUG org.apache.http.headers -- >> Host: petstore.swagger.io
14:34:26.312 [main] DEBUG org.apache.http.headers -- >> Connection: Keep-Alive
14:34:26.312 [main] DEBUG org.apache.http.headers -- >> User-Agent: Apache-HttpClient/4.5.13 (Java/17.0.16)
14:34:26.312 [main] DEBUG org.apache.http.headers -- >> Accept-Encoding: gzip,deflate
14:34:26.313 [main] DEBUG org.apache.http.wire --  >> "{"id":10034,"username":"neharastogi10034","firstName":"Neha","lastName":"Rastogi","email":"neha.rastogi10034@example.com","password":"Ne@10034!Ra","phone":"+917681800419","userStatus":1}"
14:34:26.614 [main] DEBUG org.apache.http.wire --  << "HTTP/1.1 200 OK[\r][\n]"
14:34:26.615 [main] DEBUG org.apache.http.wire --  << "Date: Tue, 02 Sep 2025 09:04:25 GMT[\r][\n]"
14:34:26.615 [main] DEBUG org.apache.http.wire --  << "Content-Type: application/json[\r][\n]"
14:34:26.615 [main] DEBUG org.apache.http.wire --  << "Transfer-Encoding: chunked[\r][\n]"
14:34:26.615 [main] DEBUG org.apache.http.wire --  << "Connection: keep-alive[\r][\n]"
14:34:26.615 [main] DEBUG org.apache.http.wire --  << "Access-Control-Allow-Origin: *[\r][\n]"
14:34:26.615 [main] DEBUG org.apache.http.wire --  << "Access-Control-Allow-Methods: GET, POST, DELETE, PUT[\r][\n]"
14:34:26.615 [main] DEBUG org.apache.http.wire --  << "Access-Control-Allow-Headers: Content-Type, api_key, Authorization[\r][\n]"
14:34:26.615 [main] DEBUG org.apache.http.wire --  << "Server: Jetty(9.2.9.v20150224)[\r][\n]"
14:34:26.615 [main] DEBUG org.apache.http.wire --  << "[\r][\n]"
14:34:26.615 [main] DEBUG org.apache.http.impl.conn.DefaultClientConnection -- Receiving response: HTTP/1.1 200 OK
14:34:26.615 [main] DEBUG org.apache.http.headers -- << HTTP/1.1 200 OK
14:34:26.616 [main] DEBUG org.apache.http.headers -- << Date: Tue, 02 Sep 2025 09:04:25 GMT
14:34:26.616 [main] DEBUG org.apache.http.headers -- << Content-Type: application/json
14:34:26.616 [main] DEBUG org.apache.http.headers -- << Transfer-Encoding: chunked
14:34:26.616 [main] DEBUG org.apache.http.headers -- << Connection: keep-alive
14:34:26.616 [main] DEBUG org.apache.http.headers -- << Access-Control-Allow-Origin: *
14:34:26.616 [main] DEBUG org.apache.http.headers -- << Access-Control-Allow-Methods: GET, POST, DELETE, PUT
14:34:26.616 [main] DEBUG org.apache.http.headers -- << Access-Control-Allow-Headers: Content-Type, api_key, Authorization
14:34:26.616 [main] DEBUG org.apache.http.headers -- << Server: Jetty(9.2.9.v20150224)
14:34:26.616 [main] DEBUG org.apache.http.impl.client.DefaultHttpClient -- Connection can be kept alive indefinitely
14:34:26.617 [main] DEBUG io.restassured.internal.RestAssuredHttpBuilder -- Parsing response as: application/json
14:34:26.617 [main] DEBUG io.restassured.internal.RestAssuredHttpBuilder -- Parsed data to instance of: class org.apache.http.conn.EofSensorInputStream
]]></system-out>
  </testcase>
  <testcase name="testPostUser[10035, saanviverma10035, Saanvi, Verma, saanvi.verma10035@example.com, Sa@10035!Ve, +917305368388, 1](35)" classname="api.test.DDTests" time="1.145">
    <system-out><![CDATA[14:34:26.635 [main] DEBUG org.apache.http.impl.conn.BasicClientConnectionManager -- Get connection for route {s}->https://petstore.swagger.io:443
14:34:26.635 [main] DEBUG org.apache.http.impl.conn.DefaultClientConnectionOperator -- Connecting to petstore.swagger.io:443
14:34:27.515 [main] DEBUG org.apache.http.client.protocol.RequestAddCookies -- CookieSpec selected: ignoreCookies
14:34:27.515 [main] DEBUG org.apache.http.client.protocol.RequestAuthCache -- Auth cache not set in the context
14:34:27.515 [main] DEBUG org.apache.http.client.protocol.RequestTargetAuthentication -- Target auth state: UNCHALLENGED
14:34:27.515 [main] DEBUG org.apache.http.client.protocol.RequestProxyAuthentication -- Proxy auth state: UNCHALLENGED
14:34:27.515 [main] DEBUG org.apache.http.impl.client.DefaultHttpClient -- Attempt 1 to execute request
14:34:27.515 [main] DEBUG org.apache.http.impl.conn.DefaultClientConnection -- Sending request: POST /v2/user HTTP/1.1
14:34:27.515 [main] DEBUG org.apache.http.wire --  >> "POST /v2/user HTTP/1.1[\r][\n]"
14:34:27.515 [main] DEBUG org.apache.http.wire --  >> "Accept: application/json, application/javascript, text/javascript, text/json[\r][\n]"
14:34:27.515 [main] DEBUG org.apache.http.wire --  >> "Content-Type: application/json[\r][\n]"
14:34:27.515 [main] DEBUG org.apache.http.wire --  >> "Content-Length: 186[\r][\n]"
14:34:27.515 [main] DEBUG org.apache.http.wire --  >> "Host: petstore.swagger.io[\r][\n]"
14:34:27.515 [main] DEBUG org.apache.http.wire --  >> "Connection: Keep-Alive[\r][\n]"
14:34:27.515 [main] DEBUG org.apache.http.wire --  >> "User-Agent: Apache-HttpClient/4.5.13 (Java/17.0.16)[\r][\n]"
14:34:27.515 [main] DEBUG org.apache.http.wire --  >> "Accept-Encoding: gzip,deflate[\r][\n]"
14:34:27.515 [main] DEBUG org.apache.http.wire --  >> "[\r][\n]"
14:34:27.515 [main] DEBUG org.apache.http.headers -- >> POST /v2/user HTTP/1.1
14:34:27.516 [main] DEBUG org.apache.http.headers -- >> Accept: application/json, application/javascript, text/javascript, text/json
14:34:27.516 [main] DEBUG org.apache.http.headers -- >> Content-Type: application/json
14:34:27.516 [main] DEBUG org.apache.http.headers -- >> Content-Length: 186
14:34:27.516 [main] DEBUG org.apache.http.headers -- >> Host: petstore.swagger.io
14:34:27.516 [main] DEBUG org.apache.http.headers -- >> Connection: Keep-Alive
14:34:27.516 [main] DEBUG org.apache.http.headers -- >> User-Agent: Apache-HttpClient/4.5.13 (Java/17.0.16)
14:34:27.516 [main] DEBUG org.apache.http.headers -- >> Accept-Encoding: gzip,deflate
14:34:27.516 [main] DEBUG org.apache.http.wire --  >> "{"id":10035,"username":"saanviverma10035","firstName":"Saanvi","lastName":"Verma","email":"saanvi.verma10035@example.com","password":"Sa@10035!Ve","phone":"+917305368388","userStatus":1}"
14:34:27.762 [main] DEBUG org.apache.http.wire --  << "HTTP/1.1 200 OK[\r][\n]"
14:34:27.762 [main] DEBUG org.apache.http.wire --  << "Date: Tue, 02 Sep 2025 09:04:27 GMT[\r][\n]"
14:34:27.763 [main] DEBUG org.apache.http.wire --  << "Content-Type: application/json[\r][\n]"
14:34:27.763 [main] DEBUG org.apache.http.wire --  << "Transfer-Encoding: chunked[\r][\n]"
14:34:27.763 [main] DEBUG org.apache.http.wire --  << "Connection: keep-alive[\r][\n]"
14:34:27.763 [main] DEBUG org.apache.http.wire --  << "Access-Control-Allow-Origin: *[\r][\n]"
14:34:27.763 [main] DEBUG org.apache.http.wire --  << "Access-Control-Allow-Methods: GET, POST, DELETE, PUT[\r][\n]"
14:34:27.763 [main] DEBUG org.apache.http.wire --  << "Access-Control-Allow-Headers: Content-Type, api_key, Authorization[\r][\n]"
14:34:27.763 [main] DEBUG org.apache.http.wire --  << "Server: Jetty(9.2.9.v20150224)[\r][\n]"
14:34:27.763 [main] DEBUG org.apache.http.wire --  << "[\r][\n]"
14:34:27.763 [main] DEBUG org.apache.http.impl.conn.DefaultClientConnection -- Receiving response: HTTP/1.1 200 OK
14:34:27.763 [main] DEBUG org.apache.http.headers -- << HTTP/1.1 200 OK
14:34:27.763 [main] DEBUG org.apache.http.headers -- << Date: Tue, 02 Sep 2025 09:04:27 GMT
14:34:27.763 [main] DEBUG org.apache.http.headers -- << Content-Type: application/json
14:34:27.763 [main] DEBUG org.apache.http.headers -- << Transfer-Encoding: chunked
14:34:27.763 [main] DEBUG org.apache.http.headers -- << Connection: keep-alive
14:34:27.763 [main] DEBUG org.apache.http.headers -- << Access-Control-Allow-Origin: *
14:34:27.763 [main] DEBUG org.apache.http.headers -- << Access-Control-Allow-Methods: GET, POST, DELETE, PUT
14:34:27.763 [main] DEBUG org.apache.http.headers -- << Access-Control-Allow-Headers: Content-Type, api_key, Authorization
14:34:27.763 [main] DEBUG org.apache.http.headers -- << Server: Jetty(9.2.9.v20150224)
14:34:27.763 [main] DEBUG org.apache.http.impl.client.DefaultHttpClient -- Connection can be kept alive indefinitely
14:34:27.764 [main] DEBUG io.restassured.internal.RestAssuredHttpBuilder -- Parsing response as: application/json
14:34:27.764 [main] DEBUG io.restassured.internal.RestAssuredHttpBuilder -- Parsed data to instance of: class org.apache.http.conn.EofSensorInputStream
]]></system-out>
  </testcase>
  <testcase name="testPostUser[10036, kavyapillai10036, Kavya, Pillai, kavya.pillai10036@example.com, Ka@10036!Pi, +919872590223, 1](36)" classname="api.test.DDTests" time="1.208">
    <system-out><![CDATA[14:34:27.781 [main] DEBUG org.apache.http.impl.conn.BasicClientConnectionManager -- Get connection for route {s}->https://petstore.swagger.io:443
14:34:27.782 [main] DEBUG org.apache.http.impl.conn.DefaultClientConnectionOperator -- Connecting to petstore.swagger.io:443
14:34:28.658 [main] DEBUG org.apache.http.client.protocol.RequestAddCookies -- CookieSpec selected: ignoreCookies
14:34:28.658 [main] DEBUG org.apache.http.client.protocol.RequestAuthCache -- Auth cache not set in the context
14:34:28.658 [main] DEBUG org.apache.http.client.protocol.RequestTargetAuthentication -- Target auth state: UNCHALLENGED
14:34:28.658 [main] DEBUG org.apache.http.client.protocol.RequestProxyAuthentication -- Proxy auth state: UNCHALLENGED
14:34:28.658 [main] DEBUG org.apache.http.impl.client.DefaultHttpClient -- Attempt 1 to execute request
14:34:28.658 [main] DEBUG org.apache.http.impl.conn.DefaultClientConnection -- Sending request: POST /v2/user HTTP/1.1
14:34:28.658 [main] DEBUG org.apache.http.wire --  >> "POST /v2/user HTTP/1.1[\r][\n]"
14:34:28.658 [main] DEBUG org.apache.http.wire --  >> "Accept: application/json, application/javascript, text/javascript, text/json[\r][\n]"
14:34:28.658 [main] DEBUG org.apache.http.wire --  >> "Content-Type: application/json[\r][\n]"
14:34:28.658 [main] DEBUG org.apache.http.wire --  >> "Content-Length: 186[\r][\n]"
14:34:28.658 [main] DEBUG org.apache.http.wire --  >> "Host: petstore.swagger.io[\r][\n]"
14:34:28.658 [main] DEBUG org.apache.http.wire --  >> "Connection: Keep-Alive[\r][\n]"
14:34:28.658 [main] DEBUG org.apache.http.wire --  >> "User-Agent: Apache-HttpClient/4.5.13 (Java/17.0.16)[\r][\n]"
14:34:28.658 [main] DEBUG org.apache.http.wire --  >> "Accept-Encoding: gzip,deflate[\r][\n]"
14:34:28.658 [main] DEBUG org.apache.http.wire --  >> "[\r][\n]"
14:34:28.658 [main] DEBUG org.apache.http.headers -- >> POST /v2/user HTTP/1.1
14:34:28.658 [main] DEBUG org.apache.http.headers -- >> Accept: application/json, application/javascript, text/javascript, text/json
14:34:28.658 [main] DEBUG org.apache.http.headers -- >> Content-Type: application/json
14:34:28.658 [main] DEBUG org.apache.http.headers -- >> Content-Length: 186
14:34:28.658 [main] DEBUG org.apache.http.headers -- >> Host: petstore.swagger.io
14:34:28.659 [main] DEBUG org.apache.http.headers -- >> Connection: Keep-Alive
14:34:28.659 [main] DEBUG org.apache.http.headers -- >> User-Agent: Apache-HttpClient/4.5.13 (Java/17.0.16)
14:34:28.659 [main] DEBUG org.apache.http.headers -- >> Accept-Encoding: gzip,deflate
14:34:28.659 [main] DEBUG org.apache.http.wire --  >> "{"id":10036,"username":"kavyapillai10036","firstName":"Kavya","lastName":"Pillai","email":"kavya.pillai10036@example.com","password":"Ka@10036!Pi","phone":"+919872590223","userStatus":1}"
14:34:28.972 [main] DEBUG org.apache.http.wire --  << "HTTP/1.1 200 OK[\r][\n]"
14:34:28.972 [main] DEBUG org.apache.http.wire --  << "Date: Tue, 02 Sep 2025 09:04:28 GMT[\r][\n]"
14:34:28.972 [main] DEBUG org.apache.http.wire --  << "Content-Type: application/json[\r][\n]"
14:34:28.972 [main] DEBUG org.apache.http.wire --  << "Transfer-Encoding: chunked[\r][\n]"
14:34:28.972 [main] DEBUG org.apache.http.wire --  << "Connection: keep-alive[\r][\n]"
14:34:28.972 [main] DEBUG org.apache.http.wire --  << "Access-Control-Allow-Origin: *[\r][\n]"
14:34:28.972 [main] DEBUG org.apache.http.wire --  << "Access-Control-Allow-Methods: GET, POST, DELETE, PUT[\r][\n]"
14:34:28.972 [main] DEBUG org.apache.http.wire --  << "Access-Control-Allow-Headers: Content-Type, api_key, Authorization[\r][\n]"
14:34:28.972 [main] DEBUG org.apache.http.wire --  << "Server: Jetty(9.2.9.v20150224)[\r][\n]"
14:34:28.972 [main] DEBUG org.apache.http.wire --  << "[\r][\n]"
14:34:28.973 [main] DEBUG org.apache.http.impl.conn.DefaultClientConnection -- Receiving response: HTTP/1.1 200 OK
14:34:28.973 [main] DEBUG org.apache.http.headers -- << HTTP/1.1 200 OK
14:34:28.973 [main] DEBUG org.apache.http.headers -- << Date: Tue, 02 Sep 2025 09:04:28 GMT
14:34:28.973 [main] DEBUG org.apache.http.headers -- << Content-Type: application/json
14:34:28.973 [main] DEBUG org.apache.http.headers -- << Transfer-Encoding: chunked
14:34:28.973 [main] DEBUG org.apache.http.headers -- << Connection: keep-alive
14:34:28.973 [main] DEBUG org.apache.http.headers -- << Access-Control-Allow-Origin: *
14:34:28.973 [main] DEBUG org.apache.http.headers -- << Access-Control-Allow-Methods: GET, POST, DELETE, PUT
14:34:28.973 [main] DEBUG org.apache.http.headers -- << Access-Control-Allow-Headers: Content-Type, api_key, Authorization
14:34:28.973 [main] DEBUG org.apache.http.headers -- << Server: Jetty(9.2.9.v20150224)
14:34:28.973 [main] DEBUG org.apache.http.impl.client.DefaultHttpClient -- Connection can be kept alive indefinitely
14:34:28.973 [main] DEBUG io.restassured.internal.RestAssuredHttpBuilder -- Parsing response as: application/json
14:34:28.973 [main] DEBUG io.restassured.internal.RestAssuredHttpBuilder -- Parsed data to instance of: class org.apache.http.conn.EofSensorInputStream
]]></system-out>
  </testcase>
  <testcase name="testPostUser[10037, ishaanmehta10037, Ishaan, Mehta, ishaan.mehta10037@example.com, Is@10037!Me, +919588107760, 1](37)" classname="api.test.DDTests" time="1.19">
    <system-out><![CDATA[14:34:28.995 [main] DEBUG org.apache.http.impl.conn.BasicClientConnectionManager -- Get connection for route {s}->https://petstore.swagger.io:443
14:34:28.996 [main] DEBUG org.apache.http.impl.conn.DefaultClientConnectionOperator -- Connecting to petstore.swagger.io:443
14:34:29.885 [main] DEBUG org.apache.http.client.protocol.RequestAddCookies -- CookieSpec selected: ignoreCookies
14:34:29.886 [main] DEBUG org.apache.http.client.protocol.RequestAuthCache -- Auth cache not set in the context
14:34:29.886 [main] DEBUG org.apache.http.client.protocol.RequestTargetAuthentication -- Target auth state: UNCHALLENGED
14:34:29.886 [main] DEBUG org.apache.http.client.protocol.RequestProxyAuthentication -- Proxy auth state: UNCHALLENGED
14:34:29.886 [main] DEBUG org.apache.http.impl.client.DefaultHttpClient -- Attempt 1 to execute request
14:34:29.886 [main] DEBUG org.apache.http.impl.conn.DefaultClientConnection -- Sending request: POST /v2/user HTTP/1.1
14:34:29.886 [main] DEBUG org.apache.http.wire --  >> "POST /v2/user HTTP/1.1[\r][\n]"
14:34:29.886 [main] DEBUG org.apache.http.wire --  >> "Accept: application/json, application/javascript, text/javascript, text/json[\r][\n]"
14:34:29.886 [main] DEBUG org.apache.http.wire --  >> "Content-Type: application/json[\r][\n]"
14:34:29.886 [main] DEBUG org.apache.http.wire --  >> "Content-Length: 186[\r][\n]"
14:34:29.886 [main] DEBUG org.apache.http.wire --  >> "Host: petstore.swagger.io[\r][\n]"
14:34:29.886 [main] DEBUG org.apache.http.wire --  >> "Connection: Keep-Alive[\r][\n]"
14:34:29.886 [main] DEBUG org.apache.http.wire --  >> "User-Agent: Apache-HttpClient/4.5.13 (Java/17.0.16)[\r][\n]"
14:34:29.887 [main] DEBUG org.apache.http.wire --  >> "Accept-Encoding: gzip,deflate[\r][\n]"
14:34:29.887 [main] DEBUG org.apache.http.wire --  >> "[\r][\n]"
14:34:29.887 [main] DEBUG org.apache.http.headers -- >> POST /v2/user HTTP/1.1
14:34:29.887 [main] DEBUG org.apache.http.headers -- >> Accept: application/json, application/javascript, text/javascript, text/json
14:34:29.887 [main] DEBUG org.apache.http.headers -- >> Content-Type: application/json
14:34:29.887 [main] DEBUG org.apache.http.headers -- >> Content-Length: 186
14:34:29.887 [main] DEBUG org.apache.http.headers -- >> Host: petstore.swagger.io
14:34:29.887 [main] DEBUG org.apache.http.headers -- >> Connection: Keep-Alive
14:34:29.887 [main] DEBUG org.apache.http.headers -- >> User-Agent: Apache-HttpClient/4.5.13 (Java/17.0.16)
14:34:29.887 [main] DEBUG org.apache.http.headers -- >> Accept-Encoding: gzip,deflate
14:34:29.887 [main] DEBUG org.apache.http.wire --  >> "{"id":10037,"username":"ishaanmehta10037","firstName":"Ishaan","lastName":"Mehta","email":"ishaan.mehta10037@example.com","password":"Is@10037!Me","phone":"+919588107760","userStatus":1}"
14:34:30.130 [main] DEBUG org.apache.http.wire --  << "HTTP/1.1 200 OK[\r][\n]"
14:34:30.130 [main] DEBUG org.apache.http.wire --  << "Date: Tue, 02 Sep 2025 09:04:29 GMT[\r][\n]"
14:34:30.131 [main] DEBUG org.apache.http.wire --  << "Content-Type: application/json[\r][\n]"
14:34:30.131 [main] DEBUG org.apache.http.wire --  << "Transfer-Encoding: chunked[\r][\n]"
14:34:30.131 [main] DEBUG org.apache.http.wire --  << "Connection: keep-alive[\r][\n]"
14:34:30.131 [main] DEBUG org.apache.http.wire --  << "Access-Control-Allow-Origin: *[\r][\n]"
14:34:30.131 [main] DEBUG org.apache.http.wire --  << "Access-Control-Allow-Methods: GET, POST, DELETE, PUT[\r][\n]"
14:34:30.131 [main] DEBUG org.apache.http.wire --  << "Access-Control-Allow-Headers: Content-Type, api_key, Authorization[\r][\n]"
14:34:30.131 [main] DEBUG org.apache.http.wire --  << "Server: Jetty(9.2.9.v20150224)[\r][\n]"
14:34:30.131 [main] DEBUG org.apache.http.wire --  << "[\r][\n]"
14:34:30.131 [main] DEBUG org.apache.http.impl.conn.DefaultClientConnection -- Receiving response: HTTP/1.1 200 OK
14:34:30.132 [main] DEBUG org.apache.http.headers -- << HTTP/1.1 200 OK
14:34:30.132 [main] DEBUG org.apache.http.headers -- << Date: Tue, 02 Sep 2025 09:04:29 GMT
14:34:30.132 [main] DEBUG org.apache.http.headers -- << Content-Type: application/json
14:34:30.132 [main] DEBUG org.apache.http.headers -- << Transfer-Encoding: chunked
14:34:30.132 [main] DEBUG org.apache.http.headers -- << Connection: keep-alive
14:34:30.132 [main] DEBUG org.apache.http.headers -- << Access-Control-Allow-Origin: *
14:34:30.132 [main] DEBUG org.apache.http.headers -- << Access-Control-Allow-Methods: GET, POST, DELETE, PUT
14:34:30.132 [main] DEBUG org.apache.http.headers -- << Access-Control-Allow-Headers: Content-Type, api_key, Authorization
14:34:30.132 [main] DEBUG org.apache.http.headers -- << Server: Jetty(9.2.9.v20150224)
14:34:30.132 [main] DEBUG org.apache.http.impl.client.DefaultHttpClient -- Connection can be kept alive indefinitely
14:34:30.133 [main] DEBUG io.restassured.internal.RestAssuredHttpBuilder -- Parsing response as: application/json
14:34:30.133 [main] DEBUG io.restassured.internal.RestAssuredHttpBuilder -- Parsed data to instance of: class org.apache.http.conn.EofSensorInputStream
]]></system-out>
  </testcase>
  <testcase name="testPostUser[10038, saanvichopra10038, Saanvi, Chopra, saanvi.chopra10038@example.com, Sa@10038!Ch, +917927744382, 1](38)" classname="api.test.DDTests" time="1.169">
    <system-out><![CDATA[14:34:30.162 [main] DEBUG org.apache.http.impl.conn.BasicClientConnectionManager -- Get connection for route {s}->https://petstore.swagger.io:443
14:34:30.162 [main] DEBUG org.apache.http.impl.conn.DefaultClientConnectionOperator -- Connecting to petstore.swagger.io:443
14:34:31.024 [main] DEBUG org.apache.http.client.protocol.RequestAddCookies -- CookieSpec selected: ignoreCookies
14:34:31.024 [main] DEBUG org.apache.http.client.protocol.RequestAuthCache -- Auth cache not set in the context
14:34:31.024 [main] DEBUG org.apache.http.client.protocol.RequestTargetAuthentication -- Target auth state: UNCHALLENGED
14:34:31.024 [main] DEBUG org.apache.http.client.protocol.RequestProxyAuthentication -- Proxy auth state: UNCHALLENGED
14:34:31.024 [main] DEBUG org.apache.http.impl.client.DefaultHttpClient -- Attempt 1 to execute request
14:34:31.024 [main] DEBUG org.apache.http.impl.conn.DefaultClientConnection -- Sending request: POST /v2/user HTTP/1.1
14:34:31.024 [main] DEBUG org.apache.http.wire --  >> "POST /v2/user HTTP/1.1[\r][\n]"
14:34:31.024 [main] DEBUG org.apache.http.wire --  >> "Accept: application/json, application/javascript, text/javascript, text/json[\r][\n]"
14:34:31.024 [main] DEBUG org.apache.http.wire --  >> "Content-Type: application/json[\r][\n]"
14:34:31.024 [main] DEBUG org.apache.http.wire --  >> "Content-Length: 189[\r][\n]"
14:34:31.024 [main] DEBUG org.apache.http.wire --  >> "Host: petstore.swagger.io[\r][\n]"
14:34:31.024 [main] DEBUG org.apache.http.wire --  >> "Connection: Keep-Alive[\r][\n]"
14:34:31.024 [main] DEBUG org.apache.http.wire --  >> "User-Agent: Apache-HttpClient/4.5.13 (Java/17.0.16)[\r][\n]"
14:34:31.024 [main] DEBUG org.apache.http.wire --  >> "Accept-Encoding: gzip,deflate[\r][\n]"
14:34:31.024 [main] DEBUG org.apache.http.wire --  >> "[\r][\n]"
14:34:31.024 [main] DEBUG org.apache.http.headers -- >> POST /v2/user HTTP/1.1
14:34:31.024 [main] DEBUG org.apache.http.headers -- >> Accept: application/json, application/javascript, text/javascript, text/json
14:34:31.024 [main] DEBUG org.apache.http.headers -- >> Content-Type: application/json
14:34:31.024 [main] DEBUG org.apache.http.headers -- >> Content-Length: 189
14:34:31.024 [main] DEBUG org.apache.http.headers -- >> Host: petstore.swagger.io
14:34:31.024 [main] DEBUG org.apache.http.headers -- >> Connection: Keep-Alive
14:34:31.024 [main] DEBUG org.apache.http.headers -- >> User-Agent: Apache-HttpClient/4.5.13 (Java/17.0.16)
14:34:31.024 [main] DEBUG org.apache.http.headers -- >> Accept-Encoding: gzip,deflate
14:34:31.024 [main] DEBUG org.apache.http.wire --  >> "{"id":10038,"username":"saanvichopra10038","firstName":"Saanvi","lastName":"Chopra","email":"saanvi.chopra10038@example.com","password":"Sa@10038!Ch","phone":"+917927744382","userStatus":1}"
14:34:31.336 [main] DEBUG org.apache.http.wire --  << "HTTP/1.1 200 OK[\r][\n]"
14:34:31.336 [main] DEBUG org.apache.http.wire --  << "Date: Tue, 02 Sep 2025 09:04:30 GMT[\r][\n]"
14:34:31.336 [main] DEBUG org.apache.http.wire --  << "Content-Type: application/json[\r][\n]"
14:34:31.336 [main] DEBUG org.apache.http.wire --  << "Transfer-Encoding: chunked[\r][\n]"
14:34:31.336 [main] DEBUG org.apache.http.wire --  << "Connection: keep-alive[\r][\n]"
14:34:31.336 [main] DEBUG org.apache.http.wire --  << "Access-Control-Allow-Origin: *[\r][\n]"
14:34:31.336 [main] DEBUG org.apache.http.wire --  << "Access-Control-Allow-Methods: GET, POST, DELETE, PUT[\r][\n]"
14:34:31.336 [main] DEBUG org.apache.http.wire --  << "Access-Control-Allow-Headers: Content-Type, api_key, Authorization[\r][\n]"
14:34:31.336 [main] DEBUG org.apache.http.wire --  << "Server: Jetty(9.2.9.v20150224)[\r][\n]"
14:34:31.336 [main] DEBUG org.apache.http.wire --  << "[\r][\n]"
14:34:31.337 [main] DEBUG org.apache.http.impl.conn.DefaultClientConnection -- Receiving response: HTTP/1.1 200 OK
14:34:31.337 [main] DEBUG org.apache.http.headers -- << HTTP/1.1 200 OK
14:34:31.337 [main] DEBUG org.apache.http.headers -- << Date: Tue, 02 Sep 2025 09:04:30 GMT
14:34:31.337 [main] DEBUG org.apache.http.headers -- << Content-Type: application/json
14:34:31.337 [main] DEBUG org.apache.http.headers -- << Transfer-Encoding: chunked
14:34:31.337 [main] DEBUG org.apache.http.headers -- << Connection: keep-alive
14:34:31.337 [main] DEBUG org.apache.http.headers -- << Access-Control-Allow-Origin: *
14:34:31.337 [main] DEBUG org.apache.http.headers -- << Access-Control-Allow-Methods: GET, POST, DELETE, PUT
14:34:31.337 [main] DEBUG org.apache.http.headers -- << Access-Control-Allow-Headers: Content-Type, api_key, Authorization
14:34:31.337 [main] DEBUG org.apache.http.headers -- << Server: Jetty(9.2.9.v20150224)
14:34:31.337 [main] DEBUG org.apache.http.impl.client.DefaultHttpClient -- Connection can be kept alive indefinitely
14:34:31.337 [main] DEBUG io.restassured.internal.RestAssuredHttpBuilder -- Parsing response as: application/json
14:34:31.337 [main] DEBUG io.restassured.internal.RestAssuredHttpBuilder -- Parsed data to instance of: class org.apache.http.conn.EofSensorInputStream
]]></system-out>
  </testcase>
  <testcase name="testPostUser[10039, diyasingh10039, Diya, Singh, diya.singh10039@example.com, Di@10039!Si, +918925272486, 1](39)" classname="api.test.DDTests" time="1.149">
    <system-out><![CDATA[14:34:31.360 [main] DEBUG org.apache.http.impl.conn.BasicClientConnectionManager -- Get connection for route {s}->https://petstore.swagger.io:443
14:34:31.361 [main] DEBUG org.apache.http.impl.conn.DefaultClientConnectionOperator -- Connecting to petstore.swagger.io:443
14:34:32.247 [main] DEBUG org.apache.http.client.protocol.RequestAddCookies -- CookieSpec selected: ignoreCookies
14:34:32.247 [main] DEBUG org.apache.http.client.protocol.RequestAuthCache -- Auth cache not set in the context
14:34:32.247 [main] DEBUG org.apache.http.client.protocol.RequestTargetAuthentication -- Target auth state: UNCHALLENGED
14:34:32.247 [main] DEBUG org.apache.http.client.protocol.RequestProxyAuthentication -- Proxy auth state: UNCHALLENGED
14:34:32.247 [main] DEBUG org.apache.http.impl.client.DefaultHttpClient -- Attempt 1 to execute request
14:34:32.247 [main] DEBUG org.apache.http.impl.conn.DefaultClientConnection -- Sending request: POST /v2/user HTTP/1.1
14:34:32.247 [main] DEBUG org.apache.http.wire --  >> "POST /v2/user HTTP/1.1[\r][\n]"
14:34:32.247 [main] DEBUG org.apache.http.wire --  >> "Accept: application/json, application/javascript, text/javascript, text/json[\r][\n]"
14:34:32.247 [main] DEBUG org.apache.http.wire --  >> "Content-Type: application/json[\r][\n]"
14:34:32.247 [main] DEBUG org.apache.http.wire --  >> "Content-Length: 180[\r][\n]"
14:34:32.247 [main] DEBUG org.apache.http.wire --  >> "Host: petstore.swagger.io[\r][\n]"
14:34:32.247 [main] DEBUG org.apache.http.wire --  >> "Connection: Keep-Alive[\r][\n]"
14:34:32.247 [main] DEBUG org.apache.http.wire --  >> "User-Agent: Apache-HttpClient/4.5.13 (Java/17.0.16)[\r][\n]"
14:34:32.247 [main] DEBUG org.apache.http.wire --  >> "Accept-Encoding: gzip,deflate[\r][\n]"
14:34:32.247 [main] DEBUG org.apache.http.wire --  >> "[\r][\n]"
14:34:32.247 [main] DEBUG org.apache.http.headers -- >> POST /v2/user HTTP/1.1
14:34:32.247 [main] DEBUG org.apache.http.headers -- >> Accept: application/json, application/javascript, text/javascript, text/json
14:34:32.247 [main] DEBUG org.apache.http.headers -- >> Content-Type: application/json
14:34:32.247 [main] DEBUG org.apache.http.headers -- >> Content-Length: 180
14:34:32.247 [main] DEBUG org.apache.http.headers -- >> Host: petstore.swagger.io
14:34:32.247 [main] DEBUG org.apache.http.headers -- >> Connection: Keep-Alive
14:34:32.247 [main] DEBUG org.apache.http.headers -- >> User-Agent: Apache-HttpClient/4.5.13 (Java/17.0.16)
14:34:32.247 [main] DEBUG org.apache.http.headers -- >> Accept-Encoding: gzip,deflate
14:34:32.248 [main] DEBUG org.apache.http.wire --  >> "{"id":10039,"username":"diyasingh10039","firstName":"Diya","lastName":"Singh","email":"diya.singh10039@example.com","password":"Di@10039!Si","phone":"+918925272486","userStatus":1}"
14:34:32.487 [main] DEBUG org.apache.http.wire --  << "HTTP/1.1 200 OK[\r][\n]"
14:34:32.488 [main] DEBUG org.apache.http.wire --  << "Date: Tue, 02 Sep 2025 09:04:31 GMT[\r][\n]"
14:34:32.488 [main] DEBUG org.apache.http.wire --  << "Content-Type: application/json[\r][\n]"
14:34:32.488 [main] DEBUG org.apache.http.wire --  << "Transfer-Encoding: chunked[\r][\n]"
14:34:32.488 [main] DEBUG org.apache.http.wire --  << "Connection: keep-alive[\r][\n]"
14:34:32.488 [main] DEBUG org.apache.http.wire --  << "Access-Control-Allow-Origin: *[\r][\n]"
14:34:32.488 [main] DEBUG org.apache.http.wire --  << "Access-Control-Allow-Methods: GET, POST, DELETE, PUT[\r][\n]"
14:34:32.488 [main] DEBUG org.apache.http.wire --  << "Access-Control-Allow-Headers: Content-Type, api_key, Authorization[\r][\n]"
14:34:32.488 [main] DEBUG org.apache.http.wire --  << "Server: Jetty(9.2.9.v20150224)[\r][\n]"
14:34:32.488 [main] DEBUG org.apache.http.wire --  << "[\r][\n]"
14:34:32.488 [main] DEBUG org.apache.http.impl.conn.DefaultClientConnection -- Receiving response: HTTP/1.1 200 OK
14:34:32.488 [main] DEBUG org.apache.http.headers -- << HTTP/1.1 200 OK
14:34:32.488 [main] DEBUG org.apache.http.headers -- << Date: Tue, 02 Sep 2025 09:04:31 GMT
14:34:32.488 [main] DEBUG org.apache.http.headers -- << Content-Type: application/json
14:34:32.488 [main] DEBUG org.apache.http.headers -- << Transfer-Encoding: chunked
14:34:32.488 [main] DEBUG org.apache.http.headers -- << Connection: keep-alive
14:34:32.488 [main] DEBUG org.apache.http.headers -- << Access-Control-Allow-Origin: *
14:34:32.488 [main] DEBUG org.apache.http.headers -- << Access-Control-Allow-Methods: GET, POST, DELETE, PUT
14:34:32.488 [main] DEBUG org.apache.http.headers -- << Access-Control-Allow-Headers: Content-Type, api_key, Authorization
14:34:32.488 [main] DEBUG org.apache.http.headers -- << Server: Jetty(9.2.9.v20150224)
14:34:32.488 [main] DEBUG org.apache.http.impl.client.DefaultHttpClient -- Connection can be kept alive indefinitely
14:34:32.489 [main] DEBUG io.restassured.internal.RestAssuredHttpBuilder -- Parsing response as: application/json
14:34:32.489 [main] DEBUG io.restassured.internal.RestAssuredHttpBuilder -- Parsed data to instance of: class org.apache.http.conn.EofSensorInputStream
]]></system-out>
  </testcase>
  <testcase name="testPostUser[10040, raghavmukherjee10040, Raghav, Mukherjee, raghav.mukherjee10040@example.com, Ra@10040!Mu, +918458015292, 1](40)" classname="api.test.DDTests" time="1.394">
    <system-out><![CDATA[14:34:32.511 [main] DEBUG org.apache.http.impl.conn.BasicClientConnectionManager -- Get connection for route {s}->https://petstore.swagger.io:443
14:34:32.559 [main] DEBUG org.apache.http.impl.conn.DefaultClientConnectionOperator -- Connecting to petstore.swagger.io:443
14:34:33.487 [main] DEBUG org.apache.http.client.protocol.RequestAddCookies -- CookieSpec selected: ignoreCookies
14:34:33.487 [main] DEBUG org.apache.http.client.protocol.RequestAuthCache -- Auth cache not set in the context
14:34:33.487 [main] DEBUG org.apache.http.client.protocol.RequestTargetAuthentication -- Target auth state: UNCHALLENGED
14:34:33.487 [main] DEBUG org.apache.http.client.protocol.RequestProxyAuthentication -- Proxy auth state: UNCHALLENGED
14:34:33.488 [main] DEBUG org.apache.http.impl.client.DefaultHttpClient -- Attempt 1 to execute request
14:34:33.488 [main] DEBUG org.apache.http.impl.conn.DefaultClientConnection -- Sending request: POST /v2/user HTTP/1.1
14:34:33.488 [main] DEBUG org.apache.http.wire --  >> "POST /v2/user HTTP/1.1[\r][\n]"
14:34:33.488 [main] DEBUG org.apache.http.wire --  >> "Accept: application/json, application/javascript, text/javascript, text/json[\r][\n]"
14:34:33.488 [main] DEBUG org.apache.http.wire --  >> "Content-Type: application/json[\r][\n]"
14:34:33.488 [main] DEBUG org.apache.http.wire --  >> "Content-Length: 198[\r][\n]"
14:34:33.488 [main] DEBUG org.apache.http.wire --  >> "Host: petstore.swagger.io[\r][\n]"
14:34:33.488 [main] DEBUG org.apache.http.wire --  >> "Connection: Keep-Alive[\r][\n]"
14:34:33.488 [main] DEBUG org.apache.http.wire --  >> "User-Agent: Apache-HttpClient/4.5.13 (Java/17.0.16)[\r][\n]"
14:34:33.488 [main] DEBUG org.apache.http.wire --  >> "Accept-Encoding: gzip,deflate[\r][\n]"
14:34:33.488 [main] DEBUG org.apache.http.wire --  >> "[\r][\n]"
14:34:33.488 [main] DEBUG org.apache.http.headers -- >> POST /v2/user HTTP/1.1
14:34:33.488 [main] DEBUG org.apache.http.headers -- >> Accept: application/json, application/javascript, text/javascript, text/json
14:34:33.488 [main] DEBUG org.apache.http.headers -- >> Content-Type: application/json
14:34:33.488 [main] DEBUG org.apache.http.headers -- >> Content-Length: 198
14:34:33.488 [main] DEBUG org.apache.http.headers -- >> Host: petstore.swagger.io
14:34:33.488 [main] DEBUG org.apache.http.headers -- >> Connection: Keep-Alive
14:34:33.488 [main] DEBUG org.apache.http.headers -- >> User-Agent: Apache-HttpClient/4.5.13 (Java/17.0.16)
14:34:33.488 [main] DEBUG org.apache.http.headers -- >> Accept-Encoding: gzip,deflate
14:34:33.488 [main] DEBUG org.apache.http.wire --  >> "{"id":10040,"username":"raghavmukherjee10040","firstName":"Raghav","lastName":"Mukherjee","email":"raghav.mukherjee10040@example.com","password":"Ra@10040!Mu","phone":"+918458015292","userStatus":1}"
14:34:33.879 [main] DEBUG org.apache.http.wire --  << "HTTP/1.1 200 OK[\r][\n]"
14:34:33.879 [main] DEBUG org.apache.http.wire --  << "Date: Tue, 02 Sep 2025 09:04:33 GMT[\r][\n]"
14:34:33.879 [main] DEBUG org.apache.http.wire --  << "Content-Type: application/json[\r][\n]"
14:34:33.879 [main] DEBUG org.apache.http.wire --  << "Transfer-Encoding: chunked[\r][\n]"
14:34:33.879 [main] DEBUG org.apache.http.wire --  << "Connection: keep-alive[\r][\n]"
14:34:33.879 [main] DEBUG org.apache.http.wire --  << "Access-Control-Allow-Origin: *[\r][\n]"
14:34:33.879 [main] DEBUG org.apache.http.wire --  << "Access-Control-Allow-Methods: GET, POST, DELETE, PUT[\r][\n]"
14:34:33.879 [main] DEBUG org.apache.http.wire --  << "Access-Control-Allow-Headers: Content-Type, api_key, Authorization[\r][\n]"
14:34:33.879 [main] DEBUG org.apache.http.wire --  << "Server: Jetty(9.2.9.v20150224)[\r][\n]"
14:34:33.879 [main] DEBUG org.apache.http.wire --  << "[\r][\n]"
14:34:33.879 [main] DEBUG org.apache.http.impl.conn.DefaultClientConnection -- Receiving response: HTTP/1.1 200 OK
14:34:33.880 [main] DEBUG org.apache.http.headers -- << HTTP/1.1 200 OK
14:34:33.880 [main] DEBUG org.apache.http.headers -- << Date: Tue, 02 Sep 2025 09:04:33 GMT
14:34:33.880 [main] DEBUG org.apache.http.headers -- << Content-Type: application/json
14:34:33.880 [main] DEBUG org.apache.http.headers -- << Transfer-Encoding: chunked
14:34:33.880 [main] DEBUG org.apache.http.headers -- << Connection: keep-alive
14:34:33.880 [main] DEBUG org.apache.http.headers -- << Access-Control-Allow-Origin: *
14:34:33.880 [main] DEBUG org.apache.http.headers -- << Access-Control-Allow-Methods: GET, POST, DELETE, PUT
14:34:33.880 [main] DEBUG org.apache.http.headers -- << Access-Control-Allow-Headers: Content-Type, api_key, Authorization
14:34:33.880 [main] DEBUG org.apache.http.headers -- << Server: Jetty(9.2.9.v20150224)
14:34:33.880 [main] DEBUG org.apache.http.impl.client.DefaultHttpClient -- Connection can be kept alive indefinitely
14:34:33.880 [main] DEBUG io.restassured.internal.RestAssuredHttpBuilder -- Parsing response as: application/json
14:34:33.880 [main] DEBUG io.restassured.internal.RestAssuredHttpBuilder -- Parsed data to instance of: class org.apache.http.conn.EofSensorInputStream
]]></system-out>
  </testcase>
  <testcase name="testPostUser[10041, arjunrastogi10041, Arjun, Rastogi, arjun.rastogi10041@example.com, Ar@10041!Ra, +917919321189, 1](41)" classname="api.test.DDTests" time="1.231">
    <system-out><![CDATA[14:34:33.908 [main] DEBUG org.apache.http.impl.conn.BasicClientConnectionManager -- Get connection for route {s}->https://petstore.swagger.io:443
14:34:33.909 [main] DEBUG org.apache.http.impl.conn.DefaultClientConnectionOperator -- Connecting to petstore.swagger.io:443
14:34:34.810 [main] DEBUG org.apache.http.client.protocol.RequestAddCookies -- CookieSpec selected: ignoreCookies
14:34:34.811 [main] DEBUG org.apache.http.client.protocol.RequestAuthCache -- Auth cache not set in the context
14:34:34.811 [main] DEBUG org.apache.http.client.protocol.RequestTargetAuthentication -- Target auth state: UNCHALLENGED
14:34:34.811 [main] DEBUG org.apache.http.client.protocol.RequestProxyAuthentication -- Proxy auth state: UNCHALLENGED
14:34:34.811 [main] DEBUG org.apache.http.impl.client.DefaultHttpClient -- Attempt 1 to execute request
14:34:34.811 [main] DEBUG org.apache.http.impl.conn.DefaultClientConnection -- Sending request: POST /v2/user HTTP/1.1
14:34:34.811 [main] DEBUG org.apache.http.wire --  >> "POST /v2/user HTTP/1.1[\r][\n]"
14:34:34.811 [main] DEBUG org.apache.http.wire --  >> "Accept: application/json, application/javascript, text/javascript, text/json[\r][\n]"
14:34:34.811 [main] DEBUG org.apache.http.wire --  >> "Content-Type: application/json[\r][\n]"
14:34:34.811 [main] DEBUG org.apache.http.wire --  >> "Content-Length: 189[\r][\n]"
14:34:34.811 [main] DEBUG org.apache.http.wire --  >> "Host: petstore.swagger.io[\r][\n]"
14:34:34.811 [main] DEBUG org.apache.http.wire --  >> "Connection: Keep-Alive[\r][\n]"
14:34:34.811 [main] DEBUG org.apache.http.wire --  >> "User-Agent: Apache-HttpClient/4.5.13 (Java/17.0.16)[\r][\n]"
14:34:34.812 [main] DEBUG org.apache.http.wire --  >> "Accept-Encoding: gzip,deflate[\r][\n]"
14:34:34.812 [main] DEBUG org.apache.http.wire --  >> "[\r][\n]"
14:34:34.812 [main] DEBUG org.apache.http.headers -- >> POST /v2/user HTTP/1.1
14:34:34.812 [main] DEBUG org.apache.http.headers -- >> Accept: application/json, application/javascript, text/javascript, text/json
14:34:34.812 [main] DEBUG org.apache.http.headers -- >> Content-Type: application/json
14:34:34.812 [main] DEBUG org.apache.http.headers -- >> Content-Length: 189
14:34:34.812 [main] DEBUG org.apache.http.headers -- >> Host: petstore.swagger.io
14:34:34.812 [main] DEBUG org.apache.http.headers -- >> Connection: Keep-Alive
14:34:34.812 [main] DEBUG org.apache.http.headers -- >> User-Agent: Apache-HttpClient/4.5.13 (Java/17.0.16)
14:34:34.812 [main] DEBUG org.apache.http.headers -- >> Accept-Encoding: gzip,deflate
14:34:34.812 [main] DEBUG org.apache.http.wire --  >> "{"id":10041,"username":"arjunrastogi10041","firstName":"Arjun","lastName":"Rastogi","email":"arjun.rastogi10041@example.com","password":"Ar@10041!Ra","phone":"+917919321189","userStatus":1}"
14:34:35.114 [main] DEBUG org.apache.http.wire --  << "HTTP/1.1 200 OK[\r][\n]"
14:34:35.114 [main] DEBUG org.apache.http.wire --  << "Date: Tue, 02 Sep 2025 09:04:34 GMT[\r][\n]"
14:34:35.114 [main] DEBUG org.apache.http.wire --  << "Content-Type: application/json[\r][\n]"
14:34:35.114 [main] DEBUG org.apache.http.wire --  << "Transfer-Encoding: chunked[\r][\n]"
14:34:35.114 [main] DEBUG org.apache.http.wire --  << "Connection: keep-alive[\r][\n]"
14:34:35.114 [main] DEBUG org.apache.http.wire --  << "Access-Control-Allow-Origin: *[\r][\n]"
14:34:35.114 [main] DEBUG org.apache.http.wire --  << "Access-Control-Allow-Methods: GET, POST, DELETE, PUT[\r][\n]"
14:34:35.114 [main] DEBUG org.apache.http.wire --  << "Access-Control-Allow-Headers: Content-Type, api_key, Authorization[\r][\n]"
14:34:35.114 [main] DEBUG org.apache.http.wire --  << "Server: Jetty(9.2.9.v20150224)[\r][\n]"
14:34:35.114 [main] DEBUG org.apache.http.wire --  << "[\r][\n]"
14:34:35.114 [main] DEBUG org.apache.http.impl.conn.DefaultClientConnection -- Receiving response: HTTP/1.1 200 OK
14:34:35.114 [main] DEBUG org.apache.http.headers -- << HTTP/1.1 200 OK
14:34:35.114 [main] DEBUG org.apache.http.headers -- << Date: Tue, 02 Sep 2025 09:04:34 GMT
14:34:35.115 [main] DEBUG org.apache.http.headers -- << Content-Type: application/json
14:34:35.115 [main] DEBUG org.apache.http.headers -- << Transfer-Encoding: chunked
14:34:35.115 [main] DEBUG org.apache.http.headers -- << Connection: keep-alive
14:34:35.115 [main] DEBUG org.apache.http.headers -- << Access-Control-Allow-Origin: *
14:34:35.115 [main] DEBUG org.apache.http.headers -- << Access-Control-Allow-Methods: GET, POST, DELETE, PUT
14:34:35.115 [main] DEBUG org.apache.http.headers -- << Access-Control-Allow-Headers: Content-Type, api_key, Authorization
14:34:35.115 [main] DEBUG org.apache.http.headers -- << Server: Jetty(9.2.9.v20150224)
14:34:35.115 [main] DEBUG org.apache.http.impl.client.DefaultHttpClient -- Connection can be kept alive indefinitely
14:34:35.115 [main] DEBUG io.restassured.internal.RestAssuredHttpBuilder -- Parsing response as: application/json
14:34:35.115 [main] DEBUG io.restassured.internal.RestAssuredHttpBuilder -- Parsed data to instance of: class org.apache.http.conn.EofSensorInputStream
]]></system-out>
  </testcase>
  <testcase name="testPostUser[10042, saanvigupta10042, Saanvi, Gupta, saanvi.gupta10042@example.com, Sa@10042!Gu, +917081364069, 1](42)" classname="api.test.DDTests" time="1.287">
    <system-out><![CDATA[14:34:35.133 [main] DEBUG org.apache.http.impl.conn.BasicClientConnectionManager -- Get connection for route {s}->https://petstore.swagger.io:443
14:34:35.134 [main] DEBUG org.apache.http.impl.conn.DefaultClientConnectionOperator -- Connecting to petstore.swagger.io:443
14:34:36.066 [main] DEBUG org.apache.http.client.protocol.RequestAddCookies -- CookieSpec selected: ignoreCookies
14:34:36.067 [main] DEBUG org.apache.http.client.protocol.RequestAuthCache -- Auth cache not set in the context
14:34:36.067 [main] DEBUG org.apache.http.client.protocol.RequestTargetAuthentication -- Target auth state: UNCHALLENGED
14:34:36.067 [main] DEBUG org.apache.http.client.protocol.RequestProxyAuthentication -- Proxy auth state: UNCHALLENGED
14:34:36.067 [main] DEBUG org.apache.http.impl.client.DefaultHttpClient -- Attempt 1 to execute request
14:34:36.067 [main] DEBUG org.apache.http.impl.conn.DefaultClientConnection -- Sending request: POST /v2/user HTTP/1.1
14:34:36.067 [main] DEBUG org.apache.http.wire --  >> "POST /v2/user HTTP/1.1[\r][\n]"
14:34:36.067 [main] DEBUG org.apache.http.wire --  >> "Accept: application/json, application/javascript, text/javascript, text/json[\r][\n]"
14:34:36.067 [main] DEBUG org.apache.http.wire --  >> "Content-Type: application/json[\r][\n]"
14:34:36.067 [main] DEBUG org.apache.http.wire --  >> "Content-Length: 186[\r][\n]"
14:34:36.067 [main] DEBUG org.apache.http.wire --  >> "Host: petstore.swagger.io[\r][\n]"
14:34:36.067 [main] DEBUG org.apache.http.wire --  >> "Connection: Keep-Alive[\r][\n]"
14:34:36.067 [main] DEBUG org.apache.http.wire --  >> "User-Agent: Apache-HttpClient/4.5.13 (Java/17.0.16)[\r][\n]"
14:34:36.067 [main] DEBUG org.apache.http.wire --  >> "Accept-Encoding: gzip,deflate[\r][\n]"
14:34:36.067 [main] DEBUG org.apache.http.wire --  >> "[\r][\n]"
14:34:36.067 [main] DEBUG org.apache.http.headers -- >> POST /v2/user HTTP/1.1
14:34:36.067 [main] DEBUG org.apache.http.headers -- >> Accept: application/json, application/javascript, text/javascript, text/json
14:34:36.067 [main] DEBUG org.apache.http.headers -- >> Content-Type: application/json
14:34:36.067 [main] DEBUG org.apache.http.headers -- >> Content-Length: 186
14:34:36.067 [main] DEBUG org.apache.http.headers -- >> Host: petstore.swagger.io
14:34:36.067 [main] DEBUG org.apache.http.headers -- >> Connection: Keep-Alive
14:34:36.067 [main] DEBUG org.apache.http.headers -- >> User-Agent: Apache-HttpClient/4.5.13 (Java/17.0.16)
14:34:36.067 [main] DEBUG org.apache.http.headers -- >> Accept-Encoding: gzip,deflate
14:34:36.067 [main] DEBUG org.apache.http.wire --  >> "{"id":10042,"username":"saanvigupta10042","firstName":"Saanvi","lastName":"Gupta","email":"saanvi.gupta10042@example.com","password":"Sa@10042!Gu","phone":"+917081364069","userStatus":1}"
14:34:36.357 [main] DEBUG org.apache.http.wire --  << "HTTP/1.1 200 OK[\r][\n]"
14:34:36.358 [main] DEBUG org.apache.http.wire --  << "Date: Tue, 02 Sep 2025 09:04:35 GMT[\r][\n]"
14:34:36.358 [main] DEBUG org.apache.http.wire --  << "Content-Type: application/json[\r][\n]"
14:34:36.358 [main] DEBUG org.apache.http.wire --  << "Transfer-Encoding: chunked[\r][\n]"
14:34:36.358 [main] DEBUG org.apache.http.wire --  << "Connection: keep-alive[\r][\n]"
14:34:36.358 [main] DEBUG org.apache.http.wire --  << "Access-Control-Allow-Origin: *[\r][\n]"
14:34:36.358 [main] DEBUG org.apache.http.wire --  << "Access-Control-Allow-Methods: GET, POST, DELETE, PUT[\r][\n]"
14:34:36.358 [main] DEBUG org.apache.http.wire --  << "Access-Control-Allow-Headers: Content-Type, api_key, Authorization[\r][\n]"
14:34:36.358 [main] DEBUG org.apache.http.wire --  << "Server: Jetty(9.2.9.v20150224)[\r][\n]"
14:34:36.358 [main] DEBUG org.apache.http.wire --  << "[\r][\n]"
14:34:36.358 [main] DEBUG org.apache.http.impl.conn.DefaultClientConnection -- Receiving response: HTTP/1.1 200 OK
14:34:36.358 [main] DEBUG org.apache.http.headers -- << HTTP/1.1 200 OK
14:34:36.358 [main] DEBUG org.apache.http.headers -- << Date: Tue, 02 Sep 2025 09:04:35 GMT
14:34:36.358 [main] DEBUG org.apache.http.headers -- << Content-Type: application/json
14:34:36.358 [main] DEBUG org.apache.http.headers -- << Transfer-Encoding: chunked
14:34:36.358 [main] DEBUG org.apache.http.headers -- << Connection: keep-alive
14:34:36.358 [main] DEBUG org.apache.http.headers -- << Access-Control-Allow-Origin: *
14:34:36.358 [main] DEBUG org.apache.http.headers -- << Access-Control-Allow-Methods: GET, POST, DELETE, PUT
14:34:36.358 [main] DEBUG org.apache.http.headers -- << Access-Control-Allow-Headers: Content-Type, api_key, Authorization
14:34:36.358 [main] DEBUG org.apache.http.headers -- << Server: Jetty(9.2.9.v20150224)
14:34:36.358 [main] DEBUG org.apache.http.impl.client.DefaultHttpClient -- Connection can be kept alive indefinitely
14:34:36.358 [main] DEBUG io.restassured.internal.RestAssuredHttpBuilder -- Parsing response as: application/json
14:34:36.358 [main] DEBUG io.restassured.internal.RestAssuredHttpBuilder -- Parsed data to instance of: class org.apache.http.conn.EofSensorInputStream
]]></system-out>
  </testcase>
  <testcase name="testPostUser[10043, anayasharma10043, Anaya, Sharma, anaya.sharma10043@example.com, An@10043!Sh, +918205315694, 1](43)" classname="api.test.DDTests" time="1.34">
    <system-out><![CDATA[14:34:36.383 [main] DEBUG org.apache.http.impl.conn.BasicClientConnectionManager -- Get connection for route {s}->https://petstore.swagger.io:443
14:34:36.383 [main] DEBUG org.apache.http.impl.conn.DefaultClientConnectionOperator -- Connecting to petstore.swagger.io:443
14:34:37.321 [main] DEBUG org.apache.http.client.protocol.RequestAddCookies -- CookieSpec selected: ignoreCookies
14:34:37.322 [main] DEBUG org.apache.http.client.protocol.RequestAuthCache -- Auth cache not set in the context
14:34:37.322 [main] DEBUG org.apache.http.client.protocol.RequestTargetAuthentication -- Target auth state: UNCHALLENGED
14:34:37.322 [main] DEBUG org.apache.http.client.protocol.RequestProxyAuthentication -- Proxy auth state: UNCHALLENGED
14:34:37.322 [main] DEBUG org.apache.http.impl.client.DefaultHttpClient -- Attempt 1 to execute request
14:34:37.322 [main] DEBUG org.apache.http.impl.conn.DefaultClientConnection -- Sending request: POST /v2/user HTTP/1.1
14:34:37.322 [main] DEBUG org.apache.http.wire --  >> "POST /v2/user HTTP/1.1[\r][\n]"
14:34:37.322 [main] DEBUG org.apache.http.wire --  >> "Accept: application/json, application/javascript, text/javascript, text/json[\r][\n]"
14:34:37.323 [main] DEBUG org.apache.http.wire --  >> "Content-Type: application/json[\r][\n]"
14:34:37.323 [main] DEBUG org.apache.http.wire --  >> "Content-Length: 186[\r][\n]"
14:34:37.323 [main] DEBUG org.apache.http.wire --  >> "Host: petstore.swagger.io[\r][\n]"
14:34:37.323 [main] DEBUG org.apache.http.wire --  >> "Connection: Keep-Alive[\r][\n]"
14:34:37.323 [main] DEBUG org.apache.http.wire --  >> "User-Agent: Apache-HttpClient/4.5.13 (Java/17.0.16)[\r][\n]"
14:34:37.323 [main] DEBUG org.apache.http.wire --  >> "Accept-Encoding: gzip,deflate[\r][\n]"
14:34:37.323 [main] DEBUG org.apache.http.wire --  >> "[\r][\n]"
14:34:37.323 [main] DEBUG org.apache.http.headers -- >> POST /v2/user HTTP/1.1
14:34:37.323 [main] DEBUG org.apache.http.headers -- >> Accept: application/json, application/javascript, text/javascript, text/json
14:34:37.323 [main] DEBUG org.apache.http.headers -- >> Content-Type: application/json
14:34:37.323 [main] DEBUG org.apache.http.headers -- >> Content-Length: 186
14:34:37.323 [main] DEBUG org.apache.http.headers -- >> Host: petstore.swagger.io
14:34:37.323 [main] DEBUG org.apache.http.headers -- >> Connection: Keep-Alive
14:34:37.323 [main] DEBUG org.apache.http.headers -- >> User-Agent: Apache-HttpClient/4.5.13 (Java/17.0.16)
14:34:37.323 [main] DEBUG org.apache.http.headers -- >> Accept-Encoding: gzip,deflate
14:34:37.323 [main] DEBUG org.apache.http.wire --  >> "{"id":10043,"username":"anayasharma10043","firstName":"Anaya","lastName":"Sharma","email":"anaya.sharma10043@example.com","password":"An@10043!Sh","phone":"+918205315694","userStatus":1}"
14:34:37.614 [main] DEBUG org.apache.http.wire --  << "HTTP/1.1 200 OK[\r][\n]"
14:34:37.614 [main] DEBUG org.apache.http.wire --  << "Date: Tue, 02 Sep 2025 09:04:36 GMT[\r][\n]"
14:34:37.614 [main] DEBUG org.apache.http.wire --  << "Content-Type: application/json[\r][\n]"
14:34:37.614 [main] DEBUG org.apache.http.wire --  << "Transfer-Encoding: chunked[\r][\n]"
14:34:37.614 [main] DEBUG org.apache.http.wire --  << "Connection: keep-alive[\r][\n]"
14:34:37.614 [main] DEBUG org.apache.http.wire --  << "Access-Control-Allow-Origin: *[\r][\n]"
14:34:37.614 [main] DEBUG org.apache.http.wire --  << "Access-Control-Allow-Methods: GET, POST, DELETE, PUT[\r][\n]"
14:34:37.614 [main] DEBUG org.apache.http.wire --  << "Access-Control-Allow-Headers: Content-Type, api_key, Authorization[\r][\n]"
14:34:37.614 [main] DEBUG org.apache.http.wire --  << "Server: Jetty(9.2.9.v20150224)[\r][\n]"
14:34:37.614 [main] DEBUG org.apache.http.wire --  << "[\r][\n]"
14:34:37.614 [main] DEBUG org.apache.http.impl.conn.DefaultClientConnection -- Receiving response: HTTP/1.1 200 OK
14:34:37.614 [main] DEBUG org.apache.http.headers -- << HTTP/1.1 200 OK
14:34:37.614 [main] DEBUG org.apache.http.headers -- << Date: Tue, 02 Sep 2025 09:04:36 GMT
14:34:37.614 [main] DEBUG org.apache.http.headers -- << Content-Type: application/json
14:34:37.614 [main] DEBUG org.apache.http.headers -- << Transfer-Encoding: chunked
14:34:37.614 [main] DEBUG org.apache.http.headers -- << Connection: keep-alive
14:34:37.614 [main] DEBUG org.apache.http.headers -- << Access-Control-Allow-Origin: *
14:34:37.614 [main] DEBUG org.apache.http.headers -- << Access-Control-Allow-Methods: GET, POST, DELETE, PUT
14:34:37.614 [main] DEBUG org.apache.http.headers -- << Access-Control-Allow-Headers: Content-Type, api_key, Authorization
14:34:37.614 [main] DEBUG org.apache.http.headers -- << Server: Jetty(9.2.9.v20150224)
14:34:37.615 [main] DEBUG org.apache.http.impl.client.DefaultHttpClient -- Connection can be kept alive indefinitely
14:34:37.615 [main] DEBUG io.restassured.internal.RestAssuredHttpBuilder -- Parsing response as: application/json
14:34:37.615 [main] DEBUG io.restassured.internal.RestAssuredHttpBuilder -- Parsed data to instance of: class org.apache.http.conn.EofSensorInputStream
]]></system-out>
  </testcase>
  <testcase name="testPostUser[10044, nehapatel10044, Neha, Patel, neha.patel10044@example.com, Ne@10044!Pa, +917427482827, 1](44)" classname="api.test.DDTests" time="1.371">
    <system-out><![CDATA[14:34:37.641 [main] DEBUG org.apache.http.impl.conn.BasicClientConnectionManager -- Get connection for route {s}->https://petstore.swagger.io:443
14:34:37.641 [main] DEBUG org.apache.http.impl.conn.DefaultClientConnectionOperator -- Connecting to petstore.swagger.io:443
14:34:38.606 [main] DEBUG org.apache.http.client.protocol.RequestAddCookies -- CookieSpec selected: ignoreCookies
14:34:38.606 [main] DEBUG org.apache.http.client.protocol.RequestAuthCache -- Auth cache not set in the context
14:34:38.606 [main] DEBUG org.apache.http.client.protocol.RequestTargetAuthentication -- Target auth state: UNCHALLENGED
14:34:38.606 [main] DEBUG org.apache.http.client.protocol.RequestProxyAuthentication -- Proxy auth state: UNCHALLENGED
14:34:38.606 [main] DEBUG org.apache.http.impl.client.DefaultHttpClient -- Attempt 1 to execute request
14:34:38.606 [main] DEBUG org.apache.http.impl.conn.DefaultClientConnection -- Sending request: POST /v2/user HTTP/1.1
14:34:38.606 [main] DEBUG org.apache.http.wire --  >> "POST /v2/user HTTP/1.1[\r][\n]"
14:34:38.606 [main] DEBUG org.apache.http.wire --  >> "Accept: application/json, application/javascript, text/javascript, text/json[\r][\n]"
14:34:38.606 [main] DEBUG org.apache.http.wire --  >> "Content-Type: application/json[\r][\n]"
14:34:38.606 [main] DEBUG org.apache.http.wire --  >> "Content-Length: 180[\r][\n]"
14:34:38.606 [main] DEBUG org.apache.http.wire --  >> "Host: petstore.swagger.io[\r][\n]"
14:34:38.606 [main] DEBUG org.apache.http.wire --  >> "Connection: Keep-Alive[\r][\n]"
14:34:38.606 [main] DEBUG org.apache.http.wire --  >> "User-Agent: Apache-HttpClient/4.5.13 (Java/17.0.16)[\r][\n]"
14:34:38.606 [main] DEBUG org.apache.http.wire --  >> "Accept-Encoding: gzip,deflate[\r][\n]"
14:34:38.606 [main] DEBUG org.apache.http.wire --  >> "[\r][\n]"
14:34:38.606 [main] DEBUG org.apache.http.headers -- >> POST /v2/user HTTP/1.1
14:34:38.606 [main] DEBUG org.apache.http.headers -- >> Accept: application/json, application/javascript, text/javascript, text/json
14:34:38.606 [main] DEBUG org.apache.http.headers -- >> Content-Type: application/json
14:34:38.606 [main] DEBUG org.apache.http.headers -- >> Content-Length: 180
14:34:38.606 [main] DEBUG org.apache.http.headers -- >> Host: petstore.swagger.io
14:34:38.606 [main] DEBUG org.apache.http.headers -- >> Connection: Keep-Alive
14:34:38.606 [main] DEBUG org.apache.http.headers -- >> User-Agent: Apache-HttpClient/4.5.13 (Java/17.0.16)
14:34:38.606 [main] DEBUG org.apache.http.headers -- >> Accept-Encoding: gzip,deflate
14:34:38.606 [main] DEBUG org.apache.http.wire --  >> "{"id":10044,"username":"nehapatel10044","firstName":"Neha","lastName":"Patel","email":"neha.patel10044@example.com","password":"Ne@10044!Pa","phone":"+917427482827","userStatus":1}"
14:34:39.008 [main] DEBUG org.apache.http.wire --  << "HTTP/1.1 200 OK[\r][\n]"
14:34:39.008 [main] DEBUG org.apache.http.wire --  << "Date: Tue, 02 Sep 2025 09:04:38 GMT[\r][\n]"
14:34:39.008 [main] DEBUG org.apache.http.wire --  << "Content-Type: application/json[\r][\n]"
14:34:39.008 [main] DEBUG org.apache.http.wire --  << "Transfer-Encoding: chunked[\r][\n]"
14:34:39.008 [main] DEBUG org.apache.http.wire --  << "Connection: keep-alive[\r][\n]"
14:34:39.008 [main] DEBUG org.apache.http.wire --  << "Access-Control-Allow-Origin: *[\r][\n]"
14:34:39.008 [main] DEBUG org.apache.http.wire --  << "Access-Control-Allow-Methods: GET, POST, DELETE, PUT[\r][\n]"
14:34:39.008 [main] DEBUG org.apache.http.wire --  << "Access-Control-Allow-Headers: Content-Type, api_key, Authorization[\r][\n]"
14:34:39.008 [main] DEBUG org.apache.http.wire --  << "Server: Jetty(9.2.9.v20150224)[\r][\n]"
14:34:39.008 [main] DEBUG org.apache.http.wire --  << "[\r][\n]"
14:34:39.008 [main] DEBUG org.apache.http.impl.conn.DefaultClientConnection -- Receiving response: HTTP/1.1 200 OK
14:34:39.008 [main] DEBUG org.apache.http.headers -- << HTTP/1.1 200 OK
14:34:39.008 [main] DEBUG org.apache.http.headers -- << Date: Tue, 02 Sep 2025 09:04:38 GMT
14:34:39.008 [main] DEBUG org.apache.http.headers -- << Content-Type: application/json
14:34:39.008 [main] DEBUG org.apache.http.headers -- << Transfer-Encoding: chunked
14:34:39.008 [main] DEBUG org.apache.http.headers -- << Connection: keep-alive
14:34:39.008 [main] DEBUG org.apache.http.headers -- << Access-Control-Allow-Origin: *
14:34:39.008 [main] DEBUG org.apache.http.headers -- << Access-Control-Allow-Methods: GET, POST, DELETE, PUT
14:34:39.008 [main] DEBUG org.apache.http.headers -- << Access-Control-Allow-Headers: Content-Type, api_key, Authorization
14:34:39.008 [main] DEBUG org.apache.http.headers -- << Server: Jetty(9.2.9.v20150224)
14:34:39.010 [main] DEBUG org.apache.http.impl.client.DefaultHttpClient -- Connection can be kept alive indefinitely
14:34:39.010 [main] DEBUG io.restassured.internal.RestAssuredHttpBuilder -- Parsing response as: application/json
14:34:39.010 [main] DEBUG io.restassured.internal.RestAssuredHttpBuilder -- Parsed data to instance of: class org.apache.http.conn.EofSensorInputStream
]]></system-out>
  </testcase>
  <testcase name="testPostUser[10045, irabose10045, Ira, Bose, ira.bose10045@example.com, Ir@10045!Bo, +917497518710, 1](45)" classname="api.test.DDTests" time="1.32">
    <system-out><![CDATA[14:34:39.122 [main] DEBUG org.apache.http.impl.conn.BasicClientConnectionManager -- Get connection for route {s}->https://petstore.swagger.io:443
14:34:39.122 [main] DEBUG org.apache.http.impl.conn.DefaultClientConnectionOperator -- Connecting to petstore.swagger.io:443
14:34:40.129 [main] DEBUG org.apache.http.client.protocol.RequestAddCookies -- CookieSpec selected: ignoreCookies
14:34:40.129 [main] DEBUG org.apache.http.client.protocol.RequestAuthCache -- Auth cache not set in the context
14:34:40.129 [main] DEBUG org.apache.http.client.protocol.RequestTargetAuthentication -- Target auth state: UNCHALLENGED
14:34:40.129 [main] DEBUG org.apache.http.client.protocol.RequestProxyAuthentication -- Proxy auth state: UNCHALLENGED
14:34:40.129 [main] DEBUG org.apache.http.impl.client.DefaultHttpClient -- Attempt 1 to execute request
14:34:40.129 [main] DEBUG org.apache.http.impl.conn.DefaultClientConnection -- Sending request: POST /v2/user HTTP/1.1
14:34:40.129 [main] DEBUG org.apache.http.wire --  >> "POST /v2/user HTTP/1.1[\r][\n]"
14:34:40.129 [main] DEBUG org.apache.http.wire --  >> "Accept: application/json, application/javascript, text/javascript, text/json[\r][\n]"
14:34:40.129 [main] DEBUG org.apache.http.wire --  >> "Content-Type: application/json[\r][\n]"
14:34:40.129 [main] DEBUG org.apache.http.wire --  >> "Content-Length: 174[\r][\n]"
14:34:40.129 [main] DEBUG org.apache.http.wire --  >> "Host: petstore.swagger.io[\r][\n]"
14:34:40.129 [main] DEBUG org.apache.http.wire --  >> "Connection: Keep-Alive[\r][\n]"
14:34:40.129 [main] DEBUG org.apache.http.wire --  >> "User-Agent: Apache-HttpClient/4.5.13 (Java/17.0.16)[\r][\n]"
14:34:40.129 [main] DEBUG org.apache.http.wire --  >> "Accept-Encoding: gzip,deflate[\r][\n]"
14:34:40.129 [main] DEBUG org.apache.http.wire --  >> "[\r][\n]"
14:34:40.129 [main] DEBUG org.apache.http.headers -- >> POST /v2/user HTTP/1.1
14:34:40.129 [main] DEBUG org.apache.http.headers -- >> Accept: application/json, application/javascript, text/javascript, text/json
14:34:40.129 [main] DEBUG org.apache.http.headers -- >> Content-Type: application/json
14:34:40.129 [main] DEBUG org.apache.http.headers -- >> Content-Length: 174
14:34:40.129 [main] DEBUG org.apache.http.headers -- >> Host: petstore.swagger.io
14:34:40.129 [main] DEBUG org.apache.http.headers -- >> Connection: Keep-Alive
14:34:40.129 [main] DEBUG org.apache.http.headers -- >> User-Agent: Apache-HttpClient/4.5.13 (Java/17.0.16)
14:34:40.129 [main] DEBUG org.apache.http.headers -- >> Accept-Encoding: gzip,deflate
14:34:40.129 [main] DEBUG org.apache.http.wire --  >> "{"id":10045,"username":"irabose10045","firstName":"Ira","lastName":"Bose","email":"ira.bose10045@example.com","password":"Ir@10045!Bo","phone":"+917497518710","userStatus":1}"
14:34:40.437 [main] DEBUG org.apache.http.wire --  << "HTTP/1.1 200 OK[\r][\n]"
14:34:40.437 [main] DEBUG org.apache.http.wire --  << "Date: Tue, 02 Sep 2025 09:04:39 GMT[\r][\n]"
14:34:40.437 [main] DEBUG org.apache.http.wire --  << "Content-Type: application/json[\r][\n]"
14:34:40.437 [main] DEBUG org.apache.http.wire --  << "Transfer-Encoding: chunked[\r][\n]"
14:34:40.437 [main] DEBUG org.apache.http.wire --  << "Connection: keep-alive[\r][\n]"
14:34:40.437 [main] DEBUG org.apache.http.wire --  << "Access-Control-Allow-Origin: *[\r][\n]"
14:34:40.437 [main] DEBUG org.apache.http.wire --  << "Access-Control-Allow-Methods: GET, POST, DELETE, PUT[\r][\n]"
14:34:40.437 [main] DEBUG org.apache.http.wire --  << "Access-Control-Allow-Headers: Content-Type, api_key, Authorization[\r][\n]"
14:34:40.437 [main] DEBUG org.apache.http.wire --  << "Server: Jetty(9.2.9.v20150224)[\r][\n]"
14:34:40.437 [main] DEBUG org.apache.http.wire --  << "[\r][\n]"
14:34:40.437 [main] DEBUG org.apache.http.impl.conn.DefaultClientConnection -- Receiving response: HTTP/1.1 200 OK
14:34:40.437 [main] DEBUG org.apache.http.headers -- << HTTP/1.1 200 OK
14:34:40.437 [main] DEBUG org.apache.http.headers -- << Date: Tue, 02 Sep 2025 09:04:39 GMT
14:34:40.437 [main] DEBUG org.apache.http.headers -- << Content-Type: application/json
14:34:40.437 [main] DEBUG org.apache.http.headers -- << Transfer-Encoding: chunked
14:34:40.437 [main] DEBUG org.apache.http.headers -- << Connection: keep-alive
14:34:40.437 [main] DEBUG org.apache.http.headers -- << Access-Control-Allow-Origin: *
14:34:40.437 [main] DEBUG org.apache.http.headers -- << Access-Control-Allow-Methods: GET, POST, DELETE, PUT
14:34:40.437 [main] DEBUG org.apache.http.headers -- << Access-Control-Allow-Headers: Content-Type, api_key, Authorization
14:34:40.437 [main] DEBUG org.apache.http.headers -- << Server: Jetty(9.2.9.v20150224)
14:34:40.437 [main] DEBUG org.apache.http.impl.client.DefaultHttpClient -- Connection can be kept alive indefinitely
14:34:40.437 [main] DEBUG io.restassured.internal.RestAssuredHttpBuilder -- Parsing response as: application/json
14:34:40.437 [main] DEBUG io.restassured.internal.RestAssuredHttpBuilder -- Parsed data to instance of: class org.apache.http.conn.EofSensorInputStream
]]></system-out>
  </testcase>
  <testcase name="testPostUser[10046, diyaiyer10046, Diya, Iyer, diya.iyer10046@example.com, Di@10046!Iy, +917868951344, 1](46)" classname="api.test.DDTests" time="1.372">
    <system-out><![CDATA[14:34:40.468 [main] DEBUG org.apache.http.impl.conn.BasicClientConnectionManager -- Get connection for route {s}->https://petstore.swagger.io:443
14:34:40.468 [main] DEBUG org.apache.http.impl.conn.DefaultClientConnectionOperator -- Connecting to petstore.swagger.io:443
14:34:41.509 [main] DEBUG org.apache.http.client.protocol.RequestAddCookies -- CookieSpec selected: ignoreCookies
14:34:41.509 [main] DEBUG org.apache.http.client.protocol.RequestAuthCache -- Auth cache not set in the context
14:34:41.509 [main] DEBUG org.apache.http.client.protocol.RequestTargetAuthentication -- Target auth state: UNCHALLENGED
14:34:41.509 [main] DEBUG org.apache.http.client.protocol.RequestProxyAuthentication -- Proxy auth state: UNCHALLENGED
14:34:41.509 [main] DEBUG org.apache.http.impl.client.DefaultHttpClient -- Attempt 1 to execute request
14:34:41.509 [main] DEBUG org.apache.http.impl.conn.DefaultClientConnection -- Sending request: POST /v2/user HTTP/1.1
14:34:41.509 [main] DEBUG org.apache.http.wire --  >> "POST /v2/user HTTP/1.1[\r][\n]"
14:34:41.511 [main] DEBUG org.apache.http.wire --  >> "Accept: application/json, application/javascript, text/javascript, text/json[\r][\n]"
14:34:41.513 [main] DEBUG org.apache.http.wire --  >> "Content-Type: application/json[\r][\n]"
14:34:41.513 [main] DEBUG org.apache.http.wire --  >> "Content-Length: 177[\r][\n]"
14:34:41.513 [main] DEBUG org.apache.http.wire --  >> "Host: petstore.swagger.io[\r][\n]"
14:34:41.513 [main] DEBUG org.apache.http.wire --  >> "Connection: Keep-Alive[\r][\n]"
14:34:41.513 [main] DEBUG org.apache.http.wire --  >> "User-Agent: Apache-HttpClient/4.5.13 (Java/17.0.16)[\r][\n]"
14:34:41.513 [main] DEBUG org.apache.http.wire --  >> "Accept-Encoding: gzip,deflate[\r][\n]"
14:34:41.513 [main] DEBUG org.apache.http.wire --  >> "[\r][\n]"
14:34:41.513 [main] DEBUG org.apache.http.headers -- >> POST /v2/user HTTP/1.1
14:34:41.513 [main] DEBUG org.apache.http.headers -- >> Accept: application/json, application/javascript, text/javascript, text/json
14:34:41.513 [main] DEBUG org.apache.http.headers -- >> Content-Type: application/json
14:34:41.513 [main] DEBUG org.apache.http.headers -- >> Content-Length: 177
14:34:41.513 [main] DEBUG org.apache.http.headers -- >> Host: petstore.swagger.io
14:34:41.513 [main] DEBUG org.apache.http.headers -- >> Connection: Keep-Alive
14:34:41.513 [main] DEBUG org.apache.http.headers -- >> User-Agent: Apache-HttpClient/4.5.13 (Java/17.0.16)
14:34:41.513 [main] DEBUG org.apache.http.headers -- >> Accept-Encoding: gzip,deflate
14:34:41.513 [main] DEBUG org.apache.http.wire --  >> "{"id":10046,"username":"diyaiyer10046","firstName":"Diya","lastName":"Iyer","email":"diya.iyer10046@example.com","password":"Di@10046!Iy","phone":"+917868951344","userStatus":1}"
14:34:41.813 [main] DEBUG org.apache.http.wire --  << "HTTP/1.1 200 OK[\r][\n]"
14:34:41.813 [main] DEBUG org.apache.http.wire --  << "Date: Tue, 02 Sep 2025 09:04:41 GMT[\r][\n]"
14:34:41.813 [main] DEBUG org.apache.http.wire --  << "Content-Type: application/json[\r][\n]"
14:34:41.813 [main] DEBUG org.apache.http.wire --  << "Transfer-Encoding: chunked[\r][\n]"
14:34:41.813 [main] DEBUG org.apache.http.wire --  << "Connection: keep-alive[\r][\n]"
14:34:41.813 [main] DEBUG org.apache.http.wire --  << "Access-Control-Allow-Origin: *[\r][\n]"
14:34:41.813 [main] DEBUG org.apache.http.wire --  << "Access-Control-Allow-Methods: GET, POST, DELETE, PUT[\r][\n]"
14:34:41.813 [main] DEBUG org.apache.http.wire --  << "Access-Control-Allow-Headers: Content-Type, api_key, Authorization[\r][\n]"
14:34:41.813 [main] DEBUG org.apache.http.wire --  << "Server: Jetty(9.2.9.v20150224)[\r][\n]"
14:34:41.813 [main] DEBUG org.apache.http.wire --  << "[\r][\n]"
14:34:41.813 [main] DEBUG org.apache.http.impl.conn.DefaultClientConnection -- Receiving response: HTTP/1.1 200 OK
14:34:41.813 [main] DEBUG org.apache.http.headers -- << HTTP/1.1 200 OK
14:34:41.813 [main] DEBUG org.apache.http.headers -- << Date: Tue, 02 Sep 2025 09:04:41 GMT
14:34:41.813 [main] DEBUG org.apache.http.headers -- << Content-Type: application/json
14:34:41.813 [main] DEBUG org.apache.http.headers -- << Transfer-Encoding: chunked
14:34:41.813 [main] DEBUG org.apache.http.headers -- << Connection: keep-alive
14:34:41.813 [main] DEBUG org.apache.http.headers -- << Access-Control-Allow-Origin: *
14:34:41.813 [main] DEBUG org.apache.http.headers -- << Access-Control-Allow-Methods: GET, POST, DELETE, PUT
14:34:41.813 [main] DEBUG org.apache.http.headers -- << Access-Control-Allow-Headers: Content-Type, api_key, Authorization
14:34:41.813 [main] DEBUG org.apache.http.headers -- << Server: Jetty(9.2.9.v20150224)
14:34:41.813 [main] DEBUG org.apache.http.impl.client.DefaultHttpClient -- Connection can be kept alive indefinitely
14:34:41.813 [main] DEBUG io.restassured.internal.RestAssuredHttpBuilder -- Parsing response as: application/json
14:34:41.813 [main] DEBUG io.restassured.internal.RestAssuredHttpBuilder -- Parsed data to instance of: class org.apache.http.conn.EofSensorInputStream
]]></system-out>
  </testcase>
  <testcase name="testPostUser[10047, kavyadesai10047, Kavya, Desai, kavya.desai10047@example.com, Ka@10047!De, +918434020648, 1](47)" classname="api.test.DDTests" time="1.662">
    <system-out><![CDATA[14:34:41.838 [main] DEBUG org.apache.http.impl.conn.BasicClientConnectionManager -- Get connection for route {s}->https://petstore.swagger.io:443
14:34:41.838 [main] DEBUG org.apache.http.impl.conn.DefaultClientConnectionOperator -- Connecting to petstore.swagger.io:443
14:34:42.994 [main] DEBUG org.apache.http.client.protocol.RequestAddCookies -- CookieSpec selected: ignoreCookies
14:34:42.994 [main] DEBUG org.apache.http.client.protocol.RequestAuthCache -- Auth cache not set in the context
14:34:42.994 [main] DEBUG org.apache.http.client.protocol.RequestTargetAuthentication -- Target auth state: UNCHALLENGED
14:34:42.994 [main] DEBUG org.apache.http.client.protocol.RequestProxyAuthentication -- Proxy auth state: UNCHALLENGED
14:34:42.994 [main] DEBUG org.apache.http.impl.client.DefaultHttpClient -- Attempt 1 to execute request
14:34:42.994 [main] DEBUG org.apache.http.impl.conn.DefaultClientConnection -- Sending request: POST /v2/user HTTP/1.1
14:34:42.994 [main] DEBUG org.apache.http.wire --  >> "POST /v2/user HTTP/1.1[\r][\n]"
14:34:42.996 [main] DEBUG org.apache.http.wire --  >> "Accept: application/json, application/javascript, text/javascript, text/json[\r][\n]"
14:34:42.996 [main] DEBUG org.apache.http.wire --  >> "Content-Type: application/json[\r][\n]"
14:34:42.996 [main] DEBUG org.apache.http.wire --  >> "Content-Length: 183[\r][\n]"
14:34:42.996 [main] DEBUG org.apache.http.wire --  >> "Host: petstore.swagger.io[\r][\n]"
14:34:42.996 [main] DEBUG org.apache.http.wire --  >> "Connection: Keep-Alive[\r][\n]"
14:34:42.996 [main] DEBUG org.apache.http.wire --  >> "User-Agent: Apache-HttpClient/4.5.13 (Java/17.0.16)[\r][\n]"
14:34:42.996 [main] DEBUG org.apache.http.wire --  >> "Accept-Encoding: gzip,deflate[\r][\n]"
14:34:42.996 [main] DEBUG org.apache.http.wire --  >> "[\r][\n]"
14:34:42.996 [main] DEBUG org.apache.http.headers -- >> POST /v2/user HTTP/1.1
14:34:42.996 [main] DEBUG org.apache.http.headers -- >> Accept: application/json, application/javascript, text/javascript, text/json
14:34:42.996 [main] DEBUG org.apache.http.headers -- >> Content-Type: application/json
14:34:42.996 [main] DEBUG org.apache.http.headers -- >> Content-Length: 183
14:34:42.996 [main] DEBUG org.apache.http.headers -- >> Host: petstore.swagger.io
14:34:42.996 [main] DEBUG org.apache.http.headers -- >> Connection: Keep-Alive
14:34:42.996 [main] DEBUG org.apache.http.headers -- >> User-Agent: Apache-HttpClient/4.5.13 (Java/17.0.16)
14:34:42.996 [main] DEBUG org.apache.http.headers -- >> Accept-Encoding: gzip,deflate
14:34:42.996 [main] DEBUG org.apache.http.wire --  >> "{"id":10047,"username":"kavyadesai10047","firstName":"Kavya","lastName":"Desai","email":"kavya.desai10047@example.com","password":"Ka@10047!De","phone":"+918434020648","userStatus":1}"
14:34:43.272 [main] DEBUG org.apache.http.wire --  << "HTTP/1.1 200 OK[\r][\n]"
14:34:43.273 [main] DEBUG org.apache.http.wire --  << "Date: Tue, 02 Sep 2025 09:04:42 GMT[\r][\n]"
14:34:43.273 [main] DEBUG org.apache.http.wire --  << "Content-Type: application/json[\r][\n]"
14:34:43.273 [main] DEBUG org.apache.http.wire --  << "Transfer-Encoding: chunked[\r][\n]"
14:34:43.273 [main] DEBUG org.apache.http.wire --  << "Connection: keep-alive[\r][\n]"
14:34:43.273 [main] DEBUG org.apache.http.wire --  << "Access-Control-Allow-Origin: *[\r][\n]"
14:34:43.273 [main] DEBUG org.apache.http.wire --  << "Access-Control-Allow-Methods: GET, POST, DELETE, PUT[\r][\n]"
14:34:43.273 [main] DEBUG org.apache.http.wire --  << "Access-Control-Allow-Headers: Content-Type, api_key, Authorization[\r][\n]"
14:34:43.273 [main] DEBUG org.apache.http.wire --  << "Server: Jetty(9.2.9.v20150224)[\r][\n]"
14:34:43.273 [main] DEBUG org.apache.http.wire --  << "[\r][\n]"
14:34:43.273 [main] DEBUG org.apache.http.impl.conn.DefaultClientConnection -- Receiving response: HTTP/1.1 200 OK
14:34:43.273 [main] DEBUG org.apache.http.headers -- << HTTP/1.1 200 OK
14:34:43.273 [main] DEBUG org.apache.http.headers -- << Date: Tue, 02 Sep 2025 09:04:42 GMT
14:34:43.273 [main] DEBUG org.apache.http.headers -- << Content-Type: application/json
14:34:43.273 [main] DEBUG org.apache.http.headers -- << Transfer-Encoding: chunked
14:34:43.273 [main] DEBUG org.apache.http.headers -- << Connection: keep-alive
14:34:43.273 [main] DEBUG org.apache.http.headers -- << Access-Control-Allow-Origin: *
14:34:43.273 [main] DEBUG org.apache.http.headers -- << Access-Control-Allow-Methods: GET, POST, DELETE, PUT
14:34:43.273 [main] DEBUG org.apache.http.headers -- << Access-Control-Allow-Headers: Content-Type, api_key, Authorization
14:34:43.273 [main] DEBUG org.apache.http.headers -- << Server: Jetty(9.2.9.v20150224)
14:34:43.273 [main] DEBUG org.apache.http.impl.client.DefaultHttpClient -- Connection can be kept alive indefinitely
14:34:43.273 [main] DEBUG io.restassured.internal.RestAssuredHttpBuilder -- Parsing response as: application/json
14:34:43.274 [main] DEBUG io.restassured.internal.RestAssuredHttpBuilder -- Parsed data to instance of: class org.apache.http.conn.EofSensorInputStream
]]></system-out>
  </testcase>
  <testcase name="testPostUser[10048, kavyamukherjee10048, Kavya, Mukherjee, kavya.mukherjee10048@example.com, Ka@10048!Mu, +917536485364, 1](48)" classname="api.test.DDTests" time="1.464">
    <system-out><![CDATA[14:34:43.368 [main] DEBUG org.apache.http.impl.conn.BasicClientConnectionManager -- Get connection for route {s}->https://petstore.swagger.io:443
14:34:43.369 [main] DEBUG org.apache.http.impl.conn.DefaultClientConnectionOperator -- Connecting to petstore.swagger.io:443
14:34:44.628 [main] DEBUG org.apache.http.client.protocol.RequestAddCookies -- CookieSpec selected: ignoreCookies
14:34:44.628 [main] DEBUG org.apache.http.client.protocol.RequestAuthCache -- Auth cache not set in the context
14:34:44.628 [main] DEBUG org.apache.http.client.protocol.RequestTargetAuthentication -- Target auth state: UNCHALLENGED
14:34:44.628 [main] DEBUG org.apache.http.client.protocol.RequestProxyAuthentication -- Proxy auth state: UNCHALLENGED
14:34:44.628 [main] DEBUG org.apache.http.impl.client.DefaultHttpClient -- Attempt 1 to execute request
14:34:44.628 [main] DEBUG org.apache.http.impl.conn.DefaultClientConnection -- Sending request: POST /v2/user HTTP/1.1
14:34:44.628 [main] DEBUG org.apache.http.wire --  >> "POST /v2/user HTTP/1.1[\r][\n]"
14:34:44.628 [main] DEBUG org.apache.http.wire --  >> "Accept: application/json, application/javascript, text/javascript, text/json[\r][\n]"
14:34:44.628 [main] DEBUG org.apache.http.wire --  >> "Content-Type: application/json[\r][\n]"
14:34:44.628 [main] DEBUG org.apache.http.wire --  >> "Content-Length: 195[\r][\n]"
14:34:44.628 [main] DEBUG org.apache.http.wire --  >> "Host: petstore.swagger.io[\r][\n]"
14:34:44.628 [main] DEBUG org.apache.http.wire --  >> "Connection: Keep-Alive[\r][\n]"
14:34:44.628 [main] DEBUG org.apache.http.wire --  >> "User-Agent: Apache-HttpClient/4.5.13 (Java/17.0.16)[\r][\n]"
14:34:44.628 [main] DEBUG org.apache.http.wire --  >> "Accept-Encoding: gzip,deflate[\r][\n]"
14:34:44.628 [main] DEBUG org.apache.http.wire --  >> "[\r][\n]"
14:34:44.628 [main] DEBUG org.apache.http.headers -- >> POST /v2/user HTTP/1.1
14:34:44.628 [main] DEBUG org.apache.http.headers -- >> Accept: application/json, application/javascript, text/javascript, text/json
14:34:44.628 [main] DEBUG org.apache.http.headers -- >> Content-Type: application/json
14:34:44.637 [main] DEBUG org.apache.http.headers -- >> Content-Length: 195
14:34:44.637 [main] DEBUG org.apache.http.headers -- >> Host: petstore.swagger.io
14:34:44.637 [main] DEBUG org.apache.http.headers -- >> Connection: Keep-Alive
14:34:44.637 [main] DEBUG org.apache.http.headers -- >> User-Agent: Apache-HttpClient/4.5.13 (Java/17.0.16)
14:34:44.637 [main] DEBUG org.apache.http.headers -- >> Accept-Encoding: gzip,deflate
14:34:44.637 [main] DEBUG org.apache.http.wire --  >> "{"id":10048,"username":"kavyamukherjee10048","firstName":"Kavya","lastName":"Mukherjee","email":"kavya.mukherjee10048@example.com","password":"Ka@10048!Mu","phone":"+917536485364","userStatus":1}"
14:34:44.928 [main] DEBUG org.apache.http.wire --  << "HTTP/1.1 200 OK[\r][\n]"
14:34:44.928 [main] DEBUG org.apache.http.wire --  << "Date: Tue, 02 Sep 2025 09:04:44 GMT[\r][\n]"
14:34:44.928 [main] DEBUG org.apache.http.wire --  << "Content-Type: application/json[\r][\n]"
14:34:44.928 [main] DEBUG org.apache.http.wire --  << "Transfer-Encoding: chunked[\r][\n]"
14:34:44.928 [main] DEBUG org.apache.http.wire --  << "Connection: keep-alive[\r][\n]"
14:34:44.928 [main] DEBUG org.apache.http.wire --  << "Access-Control-Allow-Origin: *[\r][\n]"
14:34:44.928 [main] DEBUG org.apache.http.wire --  << "Access-Control-Allow-Methods: GET, POST, DELETE, PUT[\r][\n]"
14:34:44.928 [main] DEBUG org.apache.http.wire --  << "Access-Control-Allow-Headers: Content-Type, api_key, Authorization[\r][\n]"
14:34:44.928 [main] DEBUG org.apache.http.wire --  << "Server: Jetty(9.2.9.v20150224)[\r][\n]"
14:34:44.928 [main] DEBUG org.apache.http.wire --  << "[\r][\n]"
14:34:44.928 [main] DEBUG org.apache.http.impl.conn.DefaultClientConnection -- Receiving response: HTTP/1.1 200 OK
14:34:44.928 [main] DEBUG org.apache.http.headers -- << HTTP/1.1 200 OK
14:34:44.928 [main] DEBUG org.apache.http.headers -- << Date: Tue, 02 Sep 2025 09:04:44 GMT
14:34:44.928 [main] DEBUG org.apache.http.headers -- << Content-Type: application/json
14:34:44.928 [main] DEBUG org.apache.http.headers -- << Transfer-Encoding: chunked
14:34:44.928 [main] DEBUG org.apache.http.headers -- << Connection: keep-alive
14:34:44.928 [main] DEBUG org.apache.http.headers -- << Access-Control-Allow-Origin: *
14:34:44.928 [main] DEBUG org.apache.http.headers -- << Access-Control-Allow-Methods: GET, POST, DELETE, PUT
14:34:44.928 [main] DEBUG org.apache.http.headers -- << Access-Control-Allow-Headers: Content-Type, api_key, Authorization
14:34:44.928 [main] DEBUG org.apache.http.headers -- << Server: Jetty(9.2.9.v20150224)
14:34:44.928 [main] DEBUG org.apache.http.impl.client.DefaultHttpClient -- Connection can be kept alive indefinitely
14:34:44.928 [main] DEBUG io.restassured.internal.RestAssuredHttpBuilder -- Parsing response as: application/json
14:34:44.930 [main] DEBUG io.restassured.internal.RestAssuredHttpBuilder -- Parsed data to instance of: class org.apache.http.conn.EofSensorInputStream
]]></system-out>
  </testcase>
  <testcase name="testPostUser[10049, adityakapoor10049, Aditya, Kapoor, aditya.kapoor10049@example.com, Ad@10049!Ka, +918715951419, 1](49)" classname="api.test.DDTests" time="1.219">
    <system-out><![CDATA[14:34:44.973 [main] DEBUG org.apache.http.impl.conn.BasicClientConnectionManager -- Get connection for route {s}->https://petstore.swagger.io:443
14:34:44.975 [main] DEBUG org.apache.http.impl.conn.DefaultClientConnectionOperator -- Connecting to petstore.swagger.io:443
14:34:45.894 [main] DEBUG org.apache.http.client.protocol.RequestAddCookies -- CookieSpec selected: ignoreCookies
14:34:45.894 [main] DEBUG org.apache.http.client.protocol.RequestAuthCache -- Auth cache not set in the context
14:34:45.894 [main] DEBUG org.apache.http.client.protocol.RequestTargetAuthentication -- Target auth state: UNCHALLENGED
14:34:45.894 [main] DEBUG org.apache.http.client.protocol.RequestProxyAuthentication -- Proxy auth state: UNCHALLENGED
14:34:45.894 [main] DEBUG org.apache.http.impl.client.DefaultHttpClient -- Attempt 1 to execute request
14:34:45.894 [main] DEBUG org.apache.http.impl.conn.DefaultClientConnection -- Sending request: POST /v2/user HTTP/1.1
14:34:45.894 [main] DEBUG org.apache.http.wire --  >> "POST /v2/user HTTP/1.1[\r][\n]"
14:34:45.894 [main] DEBUG org.apache.http.wire --  >> "Accept: application/json, application/javascript, text/javascript, text/json[\r][\n]"
14:34:45.894 [main] DEBUG org.apache.http.wire --  >> "Content-Type: application/json[\r][\n]"
14:34:45.894 [main] DEBUG org.apache.http.wire --  >> "Content-Length: 189[\r][\n]"
14:34:45.894 [main] DEBUG org.apache.http.wire --  >> "Host: petstore.swagger.io[\r][\n]"
14:34:45.894 [main] DEBUG org.apache.http.wire --  >> "Connection: Keep-Alive[\r][\n]"
14:34:45.894 [main] DEBUG org.apache.http.wire --  >> "User-Agent: Apache-HttpClient/4.5.13 (Java/17.0.16)[\r][\n]"
14:34:45.894 [main] DEBUG org.apache.http.wire --  >> "Accept-Encoding: gzip,deflate[\r][\n]"
14:34:45.894 [main] DEBUG org.apache.http.wire --  >> "[\r][\n]"
14:34:45.894 [main] DEBUG org.apache.http.headers -- >> POST /v2/user HTTP/1.1
14:34:45.894 [main] DEBUG org.apache.http.headers -- >> Accept: application/json, application/javascript, text/javascript, text/json
14:34:45.894 [main] DEBUG org.apache.http.headers -- >> Content-Type: application/json
14:34:45.894 [main] DEBUG org.apache.http.headers -- >> Content-Length: 189
14:34:45.894 [main] DEBUG org.apache.http.headers -- >> Host: petstore.swagger.io
14:34:45.894 [main] DEBUG org.apache.http.headers -- >> Connection: Keep-Alive
14:34:45.894 [main] DEBUG org.apache.http.headers -- >> User-Agent: Apache-HttpClient/4.5.13 (Java/17.0.16)
14:34:45.894 [main] DEBUG org.apache.http.headers -- >> Accept-Encoding: gzip,deflate
14:34:45.894 [main] DEBUG org.apache.http.wire --  >> "{"id":10049,"username":"adityakapoor10049","firstName":"Aditya","lastName":"Kapoor","email":"aditya.kapoor10049@example.com","password":"Ad@10049!Ka","phone":"+918715951419","userStatus":1}"
14:34:46.158 [main] DEBUG org.apache.http.wire --  << "HTTP/1.1 200 OK[\r][\n]"
14:34:46.158 [main] DEBUG org.apache.http.wire --  << "Date: Tue, 02 Sep 2025 09:04:45 GMT[\r][\n]"
14:34:46.158 [main] DEBUG org.apache.http.wire --  << "Content-Type: application/json[\r][\n]"
14:34:46.158 [main] DEBUG org.apache.http.wire --  << "Transfer-Encoding: chunked[\r][\n]"
14:34:46.158 [main] DEBUG org.apache.http.wire --  << "Connection: keep-alive[\r][\n]"
14:34:46.158 [main] DEBUG org.apache.http.wire --  << "Access-Control-Allow-Origin: *[\r][\n]"
14:34:46.158 [main] DEBUG org.apache.http.wire --  << "Access-Control-Allow-Methods: GET, POST, DELETE, PUT[\r][\n]"
14:34:46.158 [main] DEBUG org.apache.http.wire --  << "Access-Control-Allow-Headers: Content-Type, api_key, Authorization[\r][\n]"
14:34:46.158 [main] DEBUG org.apache.http.wire --  << "Server: Jetty(9.2.9.v20150224)[\r][\n]"
14:34:46.158 [main] DEBUG org.apache.http.wire --  << "[\r][\n]"
14:34:46.158 [main] DEBUG org.apache.http.impl.conn.DefaultClientConnection -- Receiving response: HTTP/1.1 200 OK
14:34:46.158 [main] DEBUG org.apache.http.headers -- << HTTP/1.1 200 OK
14:34:46.158 [main] DEBUG org.apache.http.headers -- << Date: Tue, 02 Sep 2025 09:04:45 GMT
14:34:46.158 [main] DEBUG org.apache.http.headers -- << Content-Type: application/json
14:34:46.158 [main] DEBUG org.apache.http.headers -- << Transfer-Encoding: chunked
14:34:46.158 [main] DEBUG org.apache.http.headers -- << Connection: keep-alive
14:34:46.158 [main] DEBUG org.apache.http.headers -- << Access-Control-Allow-Origin: *
14:34:46.158 [main] DEBUG org.apache.http.headers -- << Access-Control-Allow-Methods: GET, POST, DELETE, PUT
14:34:46.158 [main] DEBUG org.apache.http.headers -- << Access-Control-Allow-Headers: Content-Type, api_key, Authorization
14:34:46.158 [main] DEBUG org.apache.http.headers -- << Server: Jetty(9.2.9.v20150224)
14:34:46.158 [main] DEBUG org.apache.http.impl.client.DefaultHttpClient -- Connection can be kept alive indefinitely
14:34:46.158 [main] DEBUG io.restassured.internal.RestAssuredHttpBuilder -- Parsing response as: application/json
14:34:46.158 [main] DEBUG io.restassured.internal.RestAssuredHttpBuilder -- Parsed data to instance of: class org.apache.http.conn.EofSensorInputStream
]]></system-out>
  </testcase>
  <testcase name="testPostUser[10050, aryanrastogi10050, Aryan, Rastogi, aryan.rastogi10050@example.com, Ar@10050!Ra, +919271610569, 1](50)" classname="api.test.DDTests" time="1.213">
    <system-out><![CDATA[14:34:46.194 [main] DEBUG org.apache.http.impl.conn.BasicClientConnectionManager -- Get connection for route {s}->https://petstore.swagger.io:443
14:34:46.194 [main] DEBUG org.apache.http.impl.conn.DefaultClientConnectionOperator -- Connecting to petstore.swagger.io:443
14:34:47.097 [main] DEBUG org.apache.http.client.protocol.RequestAddCookies -- CookieSpec selected: ignoreCookies
14:34:47.097 [main] DEBUG org.apache.http.client.protocol.RequestAuthCache -- Auth cache not set in the context
14:34:47.097 [main] DEBUG org.apache.http.client.protocol.RequestTargetAuthentication -- Target auth state: UNCHALLENGED
14:34:47.097 [main] DEBUG org.apache.http.client.protocol.RequestProxyAuthentication -- Proxy auth state: UNCHALLENGED
14:34:47.097 [main] DEBUG org.apache.http.impl.client.DefaultHttpClient -- Attempt 1 to execute request
14:34:47.097 [main] DEBUG org.apache.http.impl.conn.DefaultClientConnection -- Sending request: POST /v2/user HTTP/1.1
14:34:47.097 [main] DEBUG org.apache.http.wire --  >> "POST /v2/user HTTP/1.1[\r][\n]"
14:34:47.097 [main] DEBUG org.apache.http.wire --  >> "Accept: application/json, application/javascript, text/javascript, text/json[\r][\n]"
14:34:47.097 [main] DEBUG org.apache.http.wire --  >> "Content-Type: application/json[\r][\n]"
14:34:47.097 [main] DEBUG org.apache.http.wire --  >> "Content-Length: 189[\r][\n]"
14:34:47.097 [main] DEBUG org.apache.http.wire --  >> "Host: petstore.swagger.io[\r][\n]"
14:34:47.097 [main] DEBUG org.apache.http.wire --  >> "Connection: Keep-Alive[\r][\n]"
14:34:47.097 [main] DEBUG org.apache.http.wire --  >> "User-Agent: Apache-HttpClient/4.5.13 (Java/17.0.16)[\r][\n]"
14:34:47.097 [main] DEBUG org.apache.http.wire --  >> "Accept-Encoding: gzip,deflate[\r][\n]"
14:34:47.097 [main] DEBUG org.apache.http.wire --  >> "[\r][\n]"
14:34:47.097 [main] DEBUG org.apache.http.headers -- >> POST /v2/user HTTP/1.1
14:34:47.097 [main] DEBUG org.apache.http.headers -- >> Accept: application/json, application/javascript, text/javascript, text/json
14:34:47.097 [main] DEBUG org.apache.http.headers -- >> Content-Type: application/json
14:34:47.097 [main] DEBUG org.apache.http.headers -- >> Content-Length: 189
14:34:47.097 [main] DEBUG org.apache.http.headers -- >> Host: petstore.swagger.io
14:34:47.097 [main] DEBUG org.apache.http.headers -- >> Connection: Keep-Alive
14:34:47.097 [main] DEBUG org.apache.http.headers -- >> User-Agent: Apache-HttpClient/4.5.13 (Java/17.0.16)
14:34:47.097 [main] DEBUG org.apache.http.headers -- >> Accept-Encoding: gzip,deflate
14:34:47.097 [main] DEBUG org.apache.http.wire --  >> "{"id":10050,"username":"aryanrastogi10050","firstName":"Aryan","lastName":"Rastogi","email":"aryan.rastogi10050@example.com","password":"Ar@10050!Ra","phone":"+919271610569","userStatus":1}"
14:34:47.379 [main] DEBUG org.apache.http.wire --  << "HTTP/1.1 200 OK[\r][\n]"
14:34:47.379 [main] DEBUG org.apache.http.wire --  << "Date: Tue, 02 Sep 2025 09:04:46 GMT[\r][\n]"
14:34:47.379 [main] DEBUG org.apache.http.wire --  << "Content-Type: application/json[\r][\n]"
14:34:47.379 [main] DEBUG org.apache.http.wire --  << "Transfer-Encoding: chunked[\r][\n]"
14:34:47.379 [main] DEBUG org.apache.http.wire --  << "Connection: keep-alive[\r][\n]"
14:34:47.379 [main] DEBUG org.apache.http.wire --  << "Access-Control-Allow-Origin: *[\r][\n]"
14:34:47.379 [main] DEBUG org.apache.http.wire --  << "Access-Control-Allow-Methods: GET, POST, DELETE, PUT[\r][\n]"
14:34:47.379 [main] DEBUG org.apache.http.wire --  << "Access-Control-Allow-Headers: Content-Type, api_key, Authorization[\r][\n]"
14:34:47.379 [main] DEBUG org.apache.http.wire --  << "Server: Jetty(9.2.9.v20150224)[\r][\n]"
14:34:47.379 [main] DEBUG org.apache.http.wire --  << "[\r][\n]"
14:34:47.379 [main] DEBUG org.apache.http.impl.conn.DefaultClientConnection -- Receiving response: HTTP/1.1 200 OK
14:34:47.379 [main] DEBUG org.apache.http.headers -- << HTTP/1.1 200 OK
14:34:47.379 [main] DEBUG org.apache.http.headers -- << Date: Tue, 02 Sep 2025 09:04:46 GMT
14:34:47.379 [main] DEBUG org.apache.http.headers -- << Content-Type: application/json
14:34:47.379 [main] DEBUG org.apache.http.headers -- << Transfer-Encoding: chunked
14:34:47.379 [main] DEBUG org.apache.http.headers -- << Connection: keep-alive
14:34:47.379 [main] DEBUG org.apache.http.headers -- << Access-Control-Allow-Origin: *
14:34:47.379 [main] DEBUG org.apache.http.headers -- << Access-Control-Allow-Methods: GET, POST, DELETE, PUT
14:34:47.379 [main] DEBUG org.apache.http.headers -- << Access-Control-Allow-Headers: Content-Type, api_key, Authorization
14:34:47.379 [main] DEBUG org.apache.http.headers -- << Server: Jetty(9.2.9.v20150224)
14:34:47.379 [main] DEBUG org.apache.http.impl.client.DefaultHttpClient -- Connection can be kept alive indefinitely
14:34:47.379 [main] DEBUG io.restassured.internal.RestAssuredHttpBuilder -- Parsing response as: application/json
14:34:47.379 [main] DEBUG io.restassured.internal.RestAssuredHttpBuilder -- Parsed data to instance of: class org.apache.http.conn.EofSensorInputStream
]]></system-out>
  </testcase>
  <testcase name="deleteAllUsers[raghavdesai10001](1)" classname="api.test.DDTests" time="1.291">
    <system-out><![CDATA[14:34:47.753 [main] DEBUG org.apache.http.impl.conn.BasicClientConnectionManager -- Get connection for route {s}->https://petstore.swagger.io:443
14:34:47.753 [main] DEBUG org.apache.http.impl.conn.DefaultClientConnectionOperator -- Connecting to petstore.swagger.io:443
14:34:48.655 [main] DEBUG org.apache.http.client.protocol.RequestAddCookies -- CookieSpec selected: ignoreCookies
14:34:48.655 [main] DEBUG org.apache.http.client.protocol.RequestAuthCache -- Auth cache not set in the context
14:34:48.655 [main] DEBUG org.apache.http.client.protocol.RequestTargetAuthentication -- Target auth state: UNCHALLENGED
14:34:48.655 [main] DEBUG org.apache.http.client.protocol.RequestProxyAuthentication -- Proxy auth state: UNCHALLENGED
14:34:48.655 [main] DEBUG org.apache.http.impl.client.DefaultHttpClient -- Attempt 1 to execute request
14:34:48.655 [main] DEBUG org.apache.http.impl.conn.DefaultClientConnection -- Sending request: DELETE /v2/user/raghavdesai10001 HTTP/1.1
14:34:48.655 [main] DEBUG org.apache.http.wire --  >> "DELETE /v2/user/raghavdesai10001 HTTP/1.1[\r][\n]"
14:34:48.657 [main] DEBUG org.apache.http.wire --  >> "Accept: */*[\r][\n]"
14:34:48.657 [main] DEBUG org.apache.http.wire --  >> "Host: petstore.swagger.io[\r][\n]"
14:34:48.657 [main] DEBUG org.apache.http.wire --  >> "Connection: Keep-Alive[\r][\n]"
14:34:48.657 [main] DEBUG org.apache.http.wire --  >> "User-Agent: Apache-HttpClient/4.5.13 (Java/17.0.16)[\r][\n]"
14:34:48.657 [main] DEBUG org.apache.http.wire --  >> "Accept-Encoding: gzip,deflate[\r][\n]"
14:34:48.657 [main] DEBUG org.apache.http.wire --  >> "[\r][\n]"
14:34:48.657 [main] DEBUG org.apache.http.headers -- >> DELETE /v2/user/raghavdesai10001 HTTP/1.1
14:34:48.657 [main] DEBUG org.apache.http.headers -- >> Accept: */*
14:34:48.657 [main] DEBUG org.apache.http.headers -- >> Host: petstore.swagger.io
14:34:48.657 [main] DEBUG org.apache.http.headers -- >> Connection: Keep-Alive
14:34:48.657 [main] DEBUG org.apache.http.headers -- >> User-Agent: Apache-HttpClient/4.5.13 (Java/17.0.16)
14:34:48.657 [main] DEBUG org.apache.http.headers -- >> Accept-Encoding: gzip,deflate
14:34:48.939 [main] DEBUG org.apache.http.wire --  << "HTTP/1.1 404 Not Found[\r][\n]"
14:34:48.941 [main] DEBUG org.apache.http.wire --  << "Date: Tue, 02 Sep 2025 09:04:48 GMT[\r][\n]"
14:34:48.941 [main] DEBUG org.apache.http.wire --  << "Content-Length: 0[\r][\n]"
14:34:48.941 [main] DEBUG org.apache.http.wire --  << "Connection: keep-alive[\r][\n]"
14:34:48.941 [main] DEBUG org.apache.http.wire --  << "Access-Control-Allow-Origin: *[\r][\n]"
14:34:48.941 [main] DEBUG org.apache.http.wire --  << "Access-Control-Allow-Methods: GET, POST, DELETE, PUT[\r][\n]"
14:34:48.941 [main] DEBUG org.apache.http.wire --  << "Access-Control-Allow-Headers: Content-Type, api_key, Authorization[\r][\n]"
14:34:48.941 [main] DEBUG org.apache.http.wire --  << "Server: Jetty(9.2.9.v20150224)[\r][\n]"
14:34:48.941 [main] DEBUG org.apache.http.wire --  << "[\r][\n]"
14:34:48.941 [main] DEBUG org.apache.http.impl.conn.DefaultClientConnection -- Receiving response: HTTP/1.1 404 Not Found
14:34:48.941 [main] DEBUG org.apache.http.headers -- << HTTP/1.1 404 Not Found
14:34:48.941 [main] DEBUG org.apache.http.headers -- << Date: Tue, 02 Sep 2025 09:04:48 GMT
14:34:48.941 [main] DEBUG org.apache.http.headers -- << Content-Length: 0
14:34:48.941 [main] DEBUG org.apache.http.headers -- << Connection: keep-alive
14:34:48.941 [main] DEBUG org.apache.http.headers -- << Access-Control-Allow-Origin: *
14:34:48.941 [main] DEBUG org.apache.http.headers -- << Access-Control-Allow-Methods: GET, POST, DELETE, PUT
14:34:48.941 [main] DEBUG org.apache.http.headers -- << Access-Control-Allow-Headers: Content-Type, api_key, Authorization
14:34:48.941 [main] DEBUG org.apache.http.headers -- << Server: Jetty(9.2.9.v20150224)
14:34:48.943 [main] DEBUG org.apache.http.impl.client.DefaultHttpClient -- Connection can be kept alive indefinitely
]]></system-out>
  </testcase>
  <testcase name="deleteAllUsers[arjunmalhotra10002](2)" classname="api.test.DDTests" time="1.464">
    <system-out><![CDATA[14:34:49.006 [main] DEBUG org.apache.http.impl.conn.BasicClientConnectionManager -- Get connection for route {s}->https://petstore.swagger.io:443
14:34:49.006 [main] DEBUG org.apache.http.impl.conn.DefaultClientConnectionOperator -- Connecting to petstore.swagger.io:443
14:34:50.044 [main] DEBUG org.apache.http.client.protocol.RequestAddCookies -- CookieSpec selected: ignoreCookies
14:34:50.044 [main] DEBUG org.apache.http.client.protocol.RequestAuthCache -- Auth cache not set in the context
14:34:50.044 [main] DEBUG org.apache.http.client.protocol.RequestTargetAuthentication -- Target auth state: UNCHALLENGED
14:34:50.044 [main] DEBUG org.apache.http.client.protocol.RequestProxyAuthentication -- Proxy auth state: UNCHALLENGED
14:34:50.044 [main] DEBUG org.apache.http.impl.client.DefaultHttpClient -- Attempt 1 to execute request
14:34:50.044 [main] DEBUG org.apache.http.impl.conn.DefaultClientConnection -- Sending request: DELETE /v2/user/arjunmalhotra10002 HTTP/1.1
14:34:50.044 [main] DEBUG org.apache.http.wire --  >> "DELETE /v2/user/arjunmalhotra10002 HTTP/1.1[\r][\n]"
14:34:50.044 [main] DEBUG org.apache.http.wire --  >> "Accept: */*[\r][\n]"
14:34:50.044 [main] DEBUG org.apache.http.wire --  >> "Host: petstore.swagger.io[\r][\n]"
14:34:50.044 [main] DEBUG org.apache.http.wire --  >> "Connection: Keep-Alive[\r][\n]"
14:34:50.044 [main] DEBUG org.apache.http.wire --  >> "User-Agent: Apache-HttpClient/4.5.13 (Java/17.0.16)[\r][\n]"
14:34:50.044 [main] DEBUG org.apache.http.wire --  >> "Accept-Encoding: gzip,deflate[\r][\n]"
14:34:50.044 [main] DEBUG org.apache.http.wire --  >> "[\r][\n]"
14:34:50.044 [main] DEBUG org.apache.http.headers -- >> DELETE /v2/user/arjunmalhotra10002 HTTP/1.1
14:34:50.044 [main] DEBUG org.apache.http.headers -- >> Accept: */*
14:34:50.044 [main] DEBUG org.apache.http.headers -- >> Host: petstore.swagger.io
14:34:50.044 [main] DEBUG org.apache.http.headers -- >> Connection: Keep-Alive
14:34:50.044 [main] DEBUG org.apache.http.headers -- >> User-Agent: Apache-HttpClient/4.5.13 (Java/17.0.16)
14:34:50.044 [main] DEBUG org.apache.http.headers -- >> Accept-Encoding: gzip,deflate
14:34:50.326 [main] DEBUG org.apache.http.wire --  << "HTTP/1.1 200 OK[\r][\n]"
14:34:50.326 [main] DEBUG org.apache.http.wire --  << "Date: Tue, 02 Sep 2025 09:04:49 GMT[\r][\n]"
14:34:50.326 [main] DEBUG org.apache.http.wire --  << "Content-Type: application/json[\r][\n]"
14:34:50.326 [main] DEBUG org.apache.http.wire --  << "Transfer-Encoding: chunked[\r][\n]"
14:34:50.326 [main] DEBUG org.apache.http.wire --  << "Connection: keep-alive[\r][\n]"
14:34:50.326 [main] DEBUG org.apache.http.wire --  << "Access-Control-Allow-Origin: *[\r][\n]"
14:34:50.326 [main] DEBUG org.apache.http.wire --  << "Access-Control-Allow-Methods: GET, POST, DELETE, PUT[\r][\n]"
14:34:50.326 [main] DEBUG org.apache.http.wire --  << "Access-Control-Allow-Headers: Content-Type, api_key, Authorization[\r][\n]"
14:34:50.326 [main] DEBUG org.apache.http.wire --  << "Server: Jetty(9.2.9.v20150224)[\r][\n]"
14:34:50.326 [main] DEBUG org.apache.http.wire --  << "[\r][\n]"
14:34:50.326 [main] DEBUG org.apache.http.impl.conn.DefaultClientConnection -- Receiving response: HTTP/1.1 200 OK
14:34:50.326 [main] DEBUG org.apache.http.headers -- << HTTP/1.1 200 OK
14:34:50.326 [main] DEBUG org.apache.http.headers -- << Date: Tue, 02 Sep 2025 09:04:49 GMT
14:34:50.326 [main] DEBUG org.apache.http.headers -- << Content-Type: application/json
14:34:50.326 [main] DEBUG org.apache.http.headers -- << Transfer-Encoding: chunked
14:34:50.326 [main] DEBUG org.apache.http.headers -- << Connection: keep-alive
14:34:50.326 [main] DEBUG org.apache.http.headers -- << Access-Control-Allow-Origin: *
14:34:50.326 [main] DEBUG org.apache.http.headers -- << Access-Control-Allow-Methods: GET, POST, DELETE, PUT
14:34:50.326 [main] DEBUG org.apache.http.headers -- << Access-Control-Allow-Headers: Content-Type, api_key, Authorization
14:34:50.326 [main] DEBUG org.apache.http.headers -- << Server: Jetty(9.2.9.v20150224)
14:34:50.326 [main] DEBUG org.apache.http.impl.client.DefaultHttpClient -- Connection can be kept alive indefinitely
14:34:50.326 [main] DEBUG io.restassured.internal.RestAssuredHttpBuilder -- Parsing response as: application/json
14:34:50.328 [main] DEBUG io.restassured.internal.RestAssuredHttpBuilder -- Parsed data to instance of: class org.apache.http.conn.EofSensorInputStream
]]></system-out>
  </testcase>
  <testcase name="deleteAllUsers[riyachopra10003](3)" classname="api.test.DDTests" time="1.731">
    <system-out><![CDATA[14:34:50.423 [main] DEBUG org.apache.http.impl.conn.BasicClientConnectionManager -- Get connection for route {s}->https://petstore.swagger.io:443
14:34:50.423 [main] DEBUG org.apache.http.impl.conn.DefaultClientConnectionOperator -- Connecting to petstore.swagger.io:443
14:34:50.472 [Finalizer] DEBUG org.apache.http.impl.conn.DefaultClientConnection -- Connection 0.0.0.0:63422<->34.195.39.161:443 closed
14:34:50.472 [Finalizer] DEBUG org.apache.http.impl.conn.DefaultClientConnection -- Connection 0.0.0.0:63423<->34.195.39.161:443 closed
14:34:50.474 [Finalizer] DEBUG org.apache.http.impl.conn.DefaultClientConnection -- Connection 0.0.0.0:63424<->34.195.39.161:443 closed
14:34:50.474 [Finalizer] DEBUG org.apache.http.impl.conn.DefaultClientConnection -- Connection 0.0.0.0:63425<->34.195.39.161:443 closed
14:34:50.476 [Finalizer] DEBUG org.apache.http.impl.conn.DefaultClientConnection -- Connection 0.0.0.0:63426<->34.195.39.161:443 closed
14:34:50.478 [Finalizer] DEBUG org.apache.http.impl.conn.DefaultClientConnection -- Connection 0.0.0.0:63427<->34.195.39.161:443 closed
14:34:50.480 [Finalizer] DEBUG org.apache.http.impl.conn.DefaultClientConnection -- Connection 0.0.0.0:63428<->34.195.39.161:443 closed
14:34:50.482 [Finalizer] DEBUG org.apache.http.impl.conn.DefaultClientConnection -- Connection 0.0.0.0:63429<->34.195.39.161:443 closed
14:34:50.482 [Finalizer] DEBUG org.apache.http.impl.conn.DefaultClientConnection -- Connection 0.0.0.0:63431<->34.195.39.161:443 closed
14:34:50.485 [Finalizer] DEBUG org.apache.http.impl.conn.DefaultClientConnection -- Connection 0.0.0.0:63432<->34.195.39.161:443 closed
14:34:50.485 [Finalizer] DEBUG org.apache.http.impl.conn.DefaultClientConnection -- Connection 0.0.0.0:63433<->34.195.39.161:443 closed
14:34:50.487 [Finalizer] DEBUG org.apache.http.impl.conn.DefaultClientConnection -- Connection 0.0.0.0:63434<->34.195.39.161:443 closed
14:34:50.487 [Finalizer] DEBUG org.apache.http.impl.conn.DefaultClientConnection -- Connection 0.0.0.0:63435<->3.226.50.91:443 closed
14:34:50.487 [Finalizer] DEBUG org.apache.http.impl.conn.DefaultClientConnection -- Connection 0.0.0.0:63440<->3.226.50.91:443 closed
14:34:50.489 [Finalizer] DEBUG org.apache.http.impl.conn.DefaultClientConnection -- Connection 0.0.0.0:63442<->3.226.50.91:443 closed
14:34:50.490 [Finalizer] DEBUG org.apache.http.impl.conn.DefaultClientConnection -- Connection 0.0.0.0:63445<->3.226.50.91:443 closed
14:34:50.491 [Finalizer] DEBUG org.apache.http.impl.conn.DefaultClientConnection -- Connection 0.0.0.0:63446<->3.226.50.91:443 closed
14:34:50.493 [Finalizer] DEBUG org.apache.http.impl.conn.DefaultClientConnection -- Connection 0.0.0.0:63447<->3.226.50.91:443 closed
14:34:50.496 [Finalizer] DEBUG org.apache.http.impl.conn.DefaultClientConnection -- Connection 0.0.0.0:63448<->3.226.50.91:443 closed
14:34:50.497 [Finalizer] DEBUG org.apache.http.impl.conn.DefaultClientConnection -- Connection 0.0.0.0:63450<->3.226.50.91:443 closed
14:34:50.500 [Finalizer] DEBUG org.apache.http.impl.conn.DefaultClientConnection -- Connection 0.0.0.0:63452<->3.226.50.91:443 closed
14:34:50.500 [Finalizer] DEBUG org.apache.http.impl.conn.DefaultClientConnection -- Connection 0.0.0.0:63454<->3.226.50.91:443 closed
14:34:50.501 [Finalizer] DEBUG org.apache.http.impl.conn.DefaultClientConnection -- Connection 0.0.0.0:63455<->3.226.50.91:443 closed
14:34:50.501 [Finalizer] DEBUG org.apache.http.impl.conn.DefaultClientConnection -- Connection 0.0.0.0:63459<->3.226.50.91:443 closed
14:34:50.503 [Finalizer] DEBUG org.apache.http.impl.conn.DefaultClientConnection -- Connection 0.0.0.0:63461<->3.226.50.91:443 closed
14:34:50.504 [Finalizer] DEBUG org.apache.http.impl.conn.DefaultClientConnection -- Connection 0.0.0.0:63394<->34.195.39.161:443 closed
14:34:50.504 [Finalizer] DEBUG org.apache.http.impl.conn.DefaultClientConnection -- Connection 0.0.0.0:63395<->34.195.39.161:443 closed
14:34:50.506 [Finalizer] DEBUG org.apache.http.impl.conn.DefaultClientConnection -- Connection 0.0.0.0:63396<->34.195.39.161:443 closed
14:34:50.507 [Finalizer] DEBUG org.apache.http.impl.conn.DefaultClientConnection -- Connection 0.0.0.0:63397<->34.195.39.161:443 closed
14:34:50.508 [Finalizer] DEBUG org.apache.http.impl.conn.DefaultClientConnection -- Connection 0.0.0.0:63398<->34.195.39.161:443 closed
14:34:50.508 [Finalizer] DEBUG org.apache.http.impl.conn.DefaultClientConnection -- Connection 0.0.0.0:63399<->34.195.39.161:443 closed
14:34:50.510 [Finalizer] DEBUG org.apache.http.impl.conn.DefaultClientConnection -- Connection 0.0.0.0:63400<->34.195.39.161:443 closed
14:34:50.511 [Finalizer] DEBUG org.apache.http.impl.conn.DefaultClientConnection -- Connection 0.0.0.0:63401<->34.195.39.161:443 closed
14:34:50.511 [Finalizer] DEBUG org.apache.http.impl.conn.DefaultClientConnection -- Connection 0.0.0.0:63402<->34.195.39.161:443 closed
14:34:50.513 [Finalizer] DEBUG org.apache.http.impl.conn.DefaultClientConnection -- Connection 0.0.0.0:63403<->34.195.39.161:443 closed
14:34:50.513 [Finalizer] DEBUG org.apache.http.impl.conn.DefaultClientConnection -- Connection 0.0.0.0:63404<->34.195.39.161:443 closed
14:34:50.515 [Finalizer] DEBUG org.apache.http.impl.conn.DefaultClientConnection -- Connection 0.0.0.0:63405<->34.195.39.161:443 closed
14:34:50.516 [Finalizer] DEBUG org.apache.http.impl.conn.DefaultClientConnection -- Connection 0.0.0.0:63406<->34.195.39.161:443 closed
14:34:50.516 [Finalizer] DEBUG org.apache.http.impl.conn.DefaultClientConnection -- Connection 0.0.0.0:63407<->34.195.39.161:443 closed
14:34:50.516 [Finalizer] DEBUG org.apache.http.impl.conn.DefaultClientConnection -- Connection 0.0.0.0:63408<->34.195.39.161:443 closed
14:34:50.519 [Finalizer] DEBUG org.apache.http.impl.conn.DefaultClientConnection -- Connection 0.0.0.0:63409<->34.195.39.161:443 closed
14:34:50.519 [Finalizer] DEBUG org.apache.http.impl.conn.DefaultClientConnection -- Connection 0.0.0.0:63410<->34.195.39.161:443 closed
14:34:50.522 [Finalizer] DEBUG org.apache.http.impl.conn.DefaultClientConnection -- Connection 0.0.0.0:63411<->34.195.39.161:443 closed
14:34:50.522 [Finalizer] DEBUG org.apache.http.impl.conn.DefaultClientConnection -- Connection 0.0.0.0:63414<->34.195.39.161:443 closed
14:34:50.524 [Finalizer] DEBUG org.apache.http.impl.conn.DefaultClientConnection -- Connection 0.0.0.0:63416<->34.195.39.161:443 closed
14:34:50.526 [Finalizer] DEBUG org.apache.http.impl.conn.DefaultClientConnection -- Connection 0.0.0.0:63417<->34.195.39.161:443 closed
14:34:50.530 [Finalizer] DEBUG org.apache.http.impl.conn.DefaultClientConnection -- Connection 0.0.0.0:63418<->34.195.39.161:443 closed
14:34:50.533 [Finalizer] DEBUG org.apache.http.impl.conn.DefaultClientConnection -- Connection 0.0.0.0:63419<->34.195.39.161:443 closed
14:34:50.533 [Finalizer] DEBUG org.apache.http.impl.conn.DefaultClientConnection -- Connection 0.0.0.0:63420<->34.195.39.161:443 closed
14:34:50.535 [Finalizer] DEBUG org.apache.http.impl.conn.DefaultClientConnection -- Connection 0.0.0.0:63421<->34.195.39.161:443 closed
14:34:51.591 [main] DEBUG org.apache.http.client.protocol.RequestAddCookies -- CookieSpec selected: ignoreCookies
14:34:51.593 [main] DEBUG org.apache.http.client.protocol.RequestAuthCache -- Auth cache not set in the context
14:34:51.593 [main] DEBUG org.apache.http.client.protocol.RequestTargetAuthentication -- Target auth state: UNCHALLENGED
14:34:51.593 [main] DEBUG org.apache.http.client.protocol.RequestProxyAuthentication -- Proxy auth state: UNCHALLENGED
14:34:51.593 [main] DEBUG org.apache.http.impl.client.DefaultHttpClient -- Attempt 1 to execute request
14:34:51.593 [main] DEBUG org.apache.http.impl.conn.DefaultClientConnection -- Sending request: DELETE /v2/user/riyachopra10003 HTTP/1.1
14:34:51.593 [main] DEBUG org.apache.http.wire --  >> "DELETE /v2/user/riyachopra10003 HTTP/1.1[\r][\n]"
14:34:51.593 [main] DEBUG org.apache.http.wire --  >> "Accept: */*[\r][\n]"
14:34:51.593 [main] DEBUG org.apache.http.wire --  >> "Host: petstore.swagger.io[\r][\n]"
14:34:51.593 [main] DEBUG org.apache.http.wire --  >> "Connection: Keep-Alive[\r][\n]"
14:34:51.593 [main] DEBUG org.apache.http.wire --  >> "User-Agent: Apache-HttpClient/4.5.13 (Java/17.0.16)[\r][\n]"
14:34:51.593 [main] DEBUG org.apache.http.wire --  >> "Accept-Encoding: gzip,deflate[\r][\n]"
14:34:51.593 [main] DEBUG org.apache.http.wire --  >> "[\r][\n]"
14:34:51.593 [main] DEBUG org.apache.http.headers -- >> DELETE /v2/user/riyachopra10003 HTTP/1.1
14:34:51.593 [main] DEBUG org.apache.http.headers -- >> Accept: */*
14:34:51.593 [main] DEBUG org.apache.http.headers -- >> Host: petstore.swagger.io
14:34:51.593 [main] DEBUG org.apache.http.headers -- >> Connection: Keep-Alive
14:34:51.593 [main] DEBUG org.apache.http.headers -- >> User-Agent: Apache-HttpClient/4.5.13 (Java/17.0.16)
14:34:51.593 [main] DEBUG org.apache.http.headers -- >> Accept-Encoding: gzip,deflate
14:34:51.868 [main] DEBUG org.apache.http.wire --  << "HTTP/1.1 200 OK[\r][\n]"
14:34:51.868 [main] DEBUG org.apache.http.wire --  << "Date: Tue, 02 Sep 2025 09:04:51 GMT[\r][\n]"
14:34:51.868 [main] DEBUG org.apache.http.wire --  << "Content-Type: application/json[\r][\n]"
14:34:51.868 [main] DEBUG org.apache.http.wire --  << "Transfer-Encoding: chunked[\r][\n]"
14:34:51.868 [main] DEBUG org.apache.http.wire --  << "Connection: keep-alive[\r][\n]"
14:34:51.868 [main] DEBUG org.apache.http.wire --  << "Access-Control-Allow-Origin: *[\r][\n]"
14:34:51.868 [main] DEBUG org.apache.http.wire --  << "Access-Control-Allow-Methods: GET, POST, DELETE, PUT[\r][\n]"
14:34:51.868 [main] DEBUG org.apache.http.wire --  << "Access-Control-Allow-Headers: Content-Type, api_key, Authorization[\r][\n]"
14:34:51.868 [main] DEBUG org.apache.http.wire --  << "Server: Jetty(9.2.9.v20150224)[\r][\n]"
14:34:51.868 [main] DEBUG org.apache.http.wire --  << "[\r][\n]"
14:34:51.871 [main] DEBUG org.apache.http.impl.conn.DefaultClientConnection -- Receiving response: HTTP/1.1 200 OK
14:34:51.871 [main] DEBUG org.apache.http.headers -- << HTTP/1.1 200 OK
14:34:51.871 [main] DEBUG org.apache.http.headers -- << Date: Tue, 02 Sep 2025 09:04:51 GMT
14:34:51.871 [main] DEBUG org.apache.http.headers -- << Content-Type: application/json
14:34:51.871 [main] DEBUG org.apache.http.headers -- << Transfer-Encoding: chunked
14:34:51.871 [main] DEBUG org.apache.http.headers -- << Connection: keep-alive
14:34:51.871 [main] DEBUG org.apache.http.headers -- << Access-Control-Allow-Origin: *
14:34:51.871 [main] DEBUG org.apache.http.headers -- << Access-Control-Allow-Methods: GET, POST, DELETE, PUT
14:34:51.871 [main] DEBUG org.apache.http.headers -- << Access-Control-Allow-Headers: Content-Type, api_key, Authorization
14:34:51.871 [main] DEBUG org.apache.http.headers -- << Server: Jetty(9.2.9.v20150224)
14:34:51.871 [main] DEBUG org.apache.http.impl.client.DefaultHttpClient -- Connection can be kept alive indefinitely
14:34:51.871 [main] DEBUG io.restassured.internal.RestAssuredHttpBuilder -- Parsing response as: application/json
14:34:51.871 [main] DEBUG io.restassured.internal.RestAssuredHttpBuilder -- Parsed data to instance of: class org.apache.http.conn.EofSensorInputStream
]]></system-out>
  </testcase>
  <testcase name="deleteAllUsers[kabirchopra10004](4)" classname="api.test.DDTests" time="2.131">
    <system-out><![CDATA[14:34:52.005 [main] DEBUG org.apache.http.impl.conn.BasicClientConnectionManager -- Get connection for route {s}->https://petstore.swagger.io:443
14:34:52.021 [main] DEBUG org.apache.http.impl.conn.DefaultClientConnectionOperator -- Connecting to petstore.swagger.io:443
14:34:53.034 [main] DEBUG org.apache.http.client.protocol.RequestAddCookies -- CookieSpec selected: ignoreCookies
14:34:53.034 [main] DEBUG org.apache.http.client.protocol.RequestAuthCache -- Auth cache not set in the context
14:34:53.034 [main] DEBUG org.apache.http.client.protocol.RequestTargetAuthentication -- Target auth state: UNCHALLENGED
14:34:53.034 [main] DEBUG org.apache.http.client.protocol.RequestProxyAuthentication -- Proxy auth state: UNCHALLENGED
14:34:53.034 [main] DEBUG org.apache.http.impl.client.DefaultHttpClient -- Attempt 1 to execute request
14:34:53.036 [main] DEBUG org.apache.http.impl.conn.DefaultClientConnection -- Sending request: DELETE /v2/user/kabirchopra10004 HTTP/1.1
14:34:53.036 [main] DEBUG org.apache.http.wire --  >> "DELETE /v2/user/kabirchopra10004 HTTP/1.1[\r][\n]"
14:34:53.036 [main] DEBUG org.apache.http.wire --  >> "Accept: */*[\r][\n]"
14:34:53.036 [main] DEBUG org.apache.http.wire --  >> "Host: petstore.swagger.io[\r][\n]"
14:34:53.036 [main] DEBUG org.apache.http.wire --  >> "Connection: Keep-Alive[\r][\n]"
14:34:53.036 [main] DEBUG org.apache.http.wire --  >> "User-Agent: Apache-HttpClient/4.5.13 (Java/17.0.16)[\r][\n]"
14:34:53.036 [main] DEBUG org.apache.http.wire --  >> "Accept-Encoding: gzip,deflate[\r][\n]"
14:34:53.036 [main] DEBUG org.apache.http.wire --  >> "[\r][\n]"
14:34:53.036 [main] DEBUG org.apache.http.headers -- >> DELETE /v2/user/kabirchopra10004 HTTP/1.1
14:34:53.036 [main] DEBUG org.apache.http.headers -- >> Accept: */*
14:34:53.036 [main] DEBUG org.apache.http.headers -- >> Host: petstore.swagger.io
14:34:53.036 [main] DEBUG org.apache.http.headers -- >> Connection: Keep-Alive
14:34:53.036 [main] DEBUG org.apache.http.headers -- >> User-Agent: Apache-HttpClient/4.5.13 (Java/17.0.16)
14:34:53.036 [main] DEBUG org.apache.http.headers -- >> Accept-Encoding: gzip,deflate
14:34:53.332 [main] DEBUG org.apache.http.wire --  << "HTTP/1.1 200 OK[\r][\n]"
14:34:53.332 [main] DEBUG org.apache.http.wire --  << "Date: Tue, 02 Sep 2025 09:04:52 GMT[\r][\n]"
14:34:53.332 [main] DEBUG org.apache.http.wire --  << "Content-Type: application/json[\r][\n]"
14:34:53.332 [main] DEBUG org.apache.http.wire --  << "Transfer-Encoding: chunked[\r][\n]"
14:34:53.332 [main] DEBUG org.apache.http.wire --  << "Connection: keep-alive[\r][\n]"
14:34:53.332 [main] DEBUG org.apache.http.wire --  << "Access-Control-Allow-Origin: *[\r][\n]"
14:34:53.332 [main] DEBUG org.apache.http.wire --  << "Access-Control-Allow-Methods: GET, POST, DELETE, PUT[\r][\n]"
14:34:53.334 [main] DEBUG org.apache.http.wire --  << "Access-Control-Allow-Headers: Content-Type, api_key, Authorization[\r][\n]"
14:34:53.334 [main] DEBUG org.apache.http.wire --  << "Server: Jetty(9.2.9.v20150224)[\r][\n]"
14:34:53.334 [main] DEBUG org.apache.http.wire --  << "[\r][\n]"
14:34:53.334 [main] DEBUG org.apache.http.impl.conn.DefaultClientConnection -- Receiving response: HTTP/1.1 200 OK
14:34:53.334 [main] DEBUG org.apache.http.headers -- << HTTP/1.1 200 OK
14:34:53.334 [main] DEBUG org.apache.http.headers -- << Date: Tue, 02 Sep 2025 09:04:52 GMT
14:34:53.334 [main] DEBUG org.apache.http.headers -- << Content-Type: application/json
14:34:53.334 [main] DEBUG org.apache.http.headers -- << Transfer-Encoding: chunked
14:34:53.334 [main] DEBUG org.apache.http.headers -- << Connection: keep-alive
14:34:53.334 [main] DEBUG org.apache.http.headers -- << Access-Control-Allow-Origin: *
14:34:53.334 [main] DEBUG org.apache.http.headers -- << Access-Control-Allow-Methods: GET, POST, DELETE, PUT
14:34:53.334 [main] DEBUG org.apache.http.headers -- << Access-Control-Allow-Headers: Content-Type, api_key, Authorization
14:34:53.334 [main] DEBUG org.apache.http.headers -- << Server: Jetty(9.2.9.v20150224)
14:34:53.334 [main] DEBUG org.apache.http.impl.client.DefaultHttpClient -- Connection can be kept alive indefinitely
14:34:53.334 [main] DEBUG io.restassured.internal.RestAssuredHttpBuilder -- Parsing response as: application/json
14:34:53.334 [main] DEBUG io.restassured.internal.RestAssuredHttpBuilder -- Parsed data to instance of: class org.apache.http.conn.EofSensorInputStream
]]></system-out>
  </testcase>
  <testcase name="deleteAllUsers[kiranyadav10005](5)" classname="api.test.DDTests" time="1.471">
    <system-out><![CDATA[14:34:53.422 [main] DEBUG org.apache.http.impl.conn.BasicClientConnectionManager -- Get connection for route {s}->https://petstore.swagger.io:443
14:34:53.422 [main] DEBUG org.apache.http.impl.conn.DefaultClientConnectionOperator -- Connecting to petstore.swagger.io:443
14:34:54.473 [main] DEBUG org.apache.http.client.protocol.RequestAddCookies -- CookieSpec selected: ignoreCookies
14:34:54.475 [main] DEBUG org.apache.http.client.protocol.RequestAuthCache -- Auth cache not set in the context
14:34:54.475 [main] DEBUG org.apache.http.client.protocol.RequestTargetAuthentication -- Target auth state: UNCHALLENGED
14:34:54.475 [main] DEBUG org.apache.http.client.protocol.RequestProxyAuthentication -- Proxy auth state: UNCHALLENGED
14:34:54.475 [main] DEBUG org.apache.http.impl.client.DefaultHttpClient -- Attempt 1 to execute request
14:34:54.475 [main] DEBUG org.apache.http.impl.conn.DefaultClientConnection -- Sending request: DELETE /v2/user/kiranyadav10005 HTTP/1.1
14:34:54.475 [main] DEBUG org.apache.http.wire --  >> "DELETE /v2/user/kiranyadav10005 HTTP/1.1[\r][\n]"
14:34:54.475 [main] DEBUG org.apache.http.wire --  >> "Accept: */*[\r][\n]"
14:34:54.475 [main] DEBUG org.apache.http.wire --  >> "Host: petstore.swagger.io[\r][\n]"
14:34:54.475 [main] DEBUG org.apache.http.wire --  >> "Connection: Keep-Alive[\r][\n]"
14:34:54.475 [main] DEBUG org.apache.http.wire --  >> "User-Agent: Apache-HttpClient/4.5.13 (Java/17.0.16)[\r][\n]"
14:34:54.475 [main] DEBUG org.apache.http.wire --  >> "Accept-Encoding: gzip,deflate[\r][\n]"
14:34:54.475 [main] DEBUG org.apache.http.wire --  >> "[\r][\n]"
14:34:54.475 [main] DEBUG org.apache.http.headers -- >> DELETE /v2/user/kiranyadav10005 HTTP/1.1
14:34:54.475 [main] DEBUG org.apache.http.headers -- >> Accept: */*
14:34:54.475 [main] DEBUG org.apache.http.headers -- >> Host: petstore.swagger.io
14:34:54.475 [main] DEBUG org.apache.http.headers -- >> Connection: Keep-Alive
14:34:54.475 [main] DEBUG org.apache.http.headers -- >> User-Agent: Apache-HttpClient/4.5.13 (Java/17.0.16)
14:34:54.475 [main] DEBUG org.apache.http.headers -- >> Accept-Encoding: gzip,deflate
14:34:54.805 [main] DEBUG org.apache.http.wire --  << "HTTP/1.1 200 OK[\r][\n]"
14:34:54.805 [main] DEBUG org.apache.http.wire --  << "Date: Tue, 02 Sep 2025 09:04:54 GMT[\r][\n]"
14:34:54.805 [main] DEBUG org.apache.http.wire --  << "Content-Type: application/json[\r][\n]"
14:34:54.805 [main] DEBUG org.apache.http.wire --  << "Transfer-Encoding: chunked[\r][\n]"
14:34:54.805 [main] DEBUG org.apache.http.wire --  << "Connection: keep-alive[\r][\n]"
14:34:54.805 [main] DEBUG org.apache.http.wire --  << "Access-Control-Allow-Origin: *[\r][\n]"
14:34:54.805 [main] DEBUG org.apache.http.wire --  << "Access-Control-Allow-Methods: GET, POST, DELETE, PUT[\r][\n]"
14:34:54.805 [main] DEBUG org.apache.http.wire --  << "Access-Control-Allow-Headers: Content-Type, api_key, Authorization[\r][\n]"
14:34:54.805 [main] DEBUG org.apache.http.wire --  << "Server: Jetty(9.2.9.v20150224)[\r][\n]"
14:34:54.805 [main] DEBUG org.apache.http.wire --  << "[\r][\n]"
14:34:54.805 [main] DEBUG org.apache.http.impl.conn.DefaultClientConnection -- Receiving response: HTTP/1.1 200 OK
14:34:54.805 [main] DEBUG org.apache.http.headers -- << HTTP/1.1 200 OK
14:34:54.807 [main] DEBUG org.apache.http.headers -- << Date: Tue, 02 Sep 2025 09:04:54 GMT
14:34:54.807 [main] DEBUG org.apache.http.headers -- << Content-Type: application/json
14:34:54.807 [main] DEBUG org.apache.http.headers -- << Transfer-Encoding: chunked
14:34:54.807 [main] DEBUG org.apache.http.headers -- << Connection: keep-alive
14:34:54.807 [main] DEBUG org.apache.http.headers -- << Access-Control-Allow-Origin: *
14:34:54.807 [main] DEBUG org.apache.http.headers -- << Access-Control-Allow-Methods: GET, POST, DELETE, PUT
14:34:54.807 [main] DEBUG org.apache.http.headers -- << Access-Control-Allow-Headers: Content-Type, api_key, Authorization
14:34:54.807 [main] DEBUG org.apache.http.headers -- << Server: Jetty(9.2.9.v20150224)
14:34:54.807 [main] DEBUG org.apache.http.impl.client.DefaultHttpClient -- Connection can be kept alive indefinitely
14:34:54.808 [main] DEBUG io.restassured.internal.RestAssuredHttpBuilder -- Parsing response as: application/json
14:34:54.808 [main] DEBUG io.restassured.internal.RestAssuredHttpBuilder -- Parsed data to instance of: class org.apache.http.conn.EofSensorInputStream
]]></system-out>
  </testcase>
  <testcase name="deleteAllUsers[kiranyadav10006](6)" classname="api.test.DDTests" time="0.312">
    <system-out><![CDATA[14:34:54.864 [main] DEBUG org.apache.http.impl.conn.BasicClientConnectionManager -- Get connection for route {s}->https://petstore.swagger.io:443
14:34:54.867 [main] DEBUG org.apache.http.impl.conn.DefaultClientConnectionOperator -- Connecting to petstore.swagger.io:443
14:34:55.899 [main] DEBUG org.apache.http.client.protocol.RequestAddCookies -- CookieSpec selected: ignoreCookies
14:34:55.899 [main] DEBUG org.apache.http.client.protocol.RequestAuthCache -- Auth cache not set in the context
14:34:55.899 [main] DEBUG org.apache.http.client.protocol.RequestTargetAuthentication -- Target auth state: UNCHALLENGED
14:34:55.899 [main] DEBUG org.apache.http.client.protocol.RequestProxyAuthentication -- Proxy auth state: UNCHALLENGED
14:34:55.899 [main] DEBUG org.apache.http.impl.client.DefaultHttpClient -- Attempt 1 to execute request
14:34:55.899 [main] DEBUG org.apache.http.impl.conn.DefaultClientConnection -- Sending request: DELETE /v2/user/kiranyadav10006 HTTP/1.1
14:34:55.899 [main] DEBUG org.apache.http.wire --  >> "DELETE /v2/user/kiranyadav10006 HTTP/1.1[\r][\n]"
14:34:55.899 [main] DEBUG org.apache.http.wire --  >> "Accept: */*[\r][\n]"
14:34:55.899 [main] DEBUG org.apache.http.wire --  >> "Host: petstore.swagger.io[\r][\n]"
14:34:55.899 [main] DEBUG org.apache.http.wire --  >> "Connection: Keep-Alive[\r][\n]"
14:34:55.899 [main] DEBUG org.apache.http.wire --  >> "User-Agent: Apache-HttpClient/4.5.13 (Java/17.0.16)[\r][\n]"
14:34:55.899 [main] DEBUG org.apache.http.wire --  >> "Accept-Encoding: gzip,deflate[\r][\n]"
14:34:55.899 [main] DEBUG org.apache.http.wire --  >> "[\r][\n]"
14:34:55.899 [main] DEBUG org.apache.http.headers -- >> DELETE /v2/user/kiranyadav10006 HTTP/1.1
14:34:55.899 [main] DEBUG org.apache.http.headers -- >> Accept: */*
14:34:55.899 [main] DEBUG org.apache.http.headers -- >> Host: petstore.swagger.io
14:34:55.899 [main] DEBUG org.apache.http.headers -- >> Connection: Keep-Alive
14:34:55.899 [main] DEBUG org.apache.http.headers -- >> User-Agent: Apache-HttpClient/4.5.13 (Java/17.0.16)
14:34:55.899 [main] DEBUG org.apache.http.headers -- >> Accept-Encoding: gzip,deflate
14:34:56.210 [main] DEBUG org.apache.http.wire --  << "HTTP/1.1 200 OK[\r][\n]"
14:34:56.210 [main] DEBUG org.apache.http.wire --  << "Date: Tue, 02 Sep 2025 09:04:55 GMT[\r][\n]"
14:34:56.210 [main] DEBUG org.apache.http.wire --  << "Content-Type: application/json[\r][\n]"
14:34:56.210 [main] DEBUG org.apache.http.wire --  << "Transfer-Encoding: chunked[\r][\n]"
14:34:56.210 [main] DEBUG org.apache.http.wire --  << "Connection: keep-alive[\r][\n]"
14:34:56.210 [main] DEBUG org.apache.http.wire --  << "Access-Control-Allow-Origin: *[\r][\n]"
14:34:56.210 [main] DEBUG org.apache.http.wire --  << "Access-Control-Allow-Methods: GET, POST, DELETE, PUT[\r][\n]"
14:34:56.210 [main] DEBUG org.apache.http.wire --  << "Access-Control-Allow-Headers: Content-Type, api_key, Authorization[\r][\n]"
14:34:56.211 [main] DEBUG org.apache.http.wire --  << "Server: Jetty(9.2.9.v20150224)[\r][\n]"
14:34:56.211 [main] DEBUG org.apache.http.wire --  << "[\r][\n]"
14:34:56.211 [main] DEBUG org.apache.http.impl.conn.DefaultClientConnection -- Receiving response: HTTP/1.1 200 OK
14:34:56.211 [main] DEBUG org.apache.http.headers -- << HTTP/1.1 200 OK
14:34:56.211 [main] DEBUG org.apache.http.headers -- << Date: Tue, 02 Sep 2025 09:04:55 GMT
14:34:56.211 [main] DEBUG org.apache.http.headers -- << Content-Type: application/json
14:34:56.211 [main] DEBUG org.apache.http.headers -- << Transfer-Encoding: chunked
14:34:56.211 [main] DEBUG org.apache.http.headers -- << Connection: keep-alive
14:34:56.211 [main] DEBUG org.apache.http.headers -- << Access-Control-Allow-Origin: *
14:34:56.211 [main] DEBUG org.apache.http.headers -- << Access-Control-Allow-Methods: GET, POST, DELETE, PUT
14:34:56.211 [main] DEBUG org.apache.http.headers -- << Access-Control-Allow-Headers: Content-Type, api_key, Authorization
14:34:56.211 [main] DEBUG org.apache.http.headers -- << Server: Jetty(9.2.9.v20150224)
14:34:56.211 [main] DEBUG org.apache.http.impl.client.DefaultHttpClient -- Connection can be kept alive indefinitely
14:34:56.212 [main] DEBUG io.restassured.internal.RestAssuredHttpBuilder -- Parsing response as: application/json
14:34:56.212 [main] DEBUG io.restassured.internal.RestAssuredHttpBuilder -- Parsed data to instance of: class org.apache.http.conn.EofSensorInputStream
]]></system-out>
  </testcase>
  <testcase name="deleteAllUsers[anayamalhotra10007](7)" classname="api.test.DDTests" time="1.396">
    <system-out><![CDATA[14:34:56.257 [main] DEBUG org.apache.http.impl.conn.BasicClientConnectionManager -- Get connection for route {s}->https://petstore.swagger.io:443
14:34:56.258 [main] DEBUG org.apache.http.impl.conn.DefaultClientConnectionOperator -- Connecting to petstore.swagger.io:443
14:34:57.236 [main] DEBUG org.apache.http.client.protocol.RequestAddCookies -- CookieSpec selected: ignoreCookies
14:34:57.237 [main] DEBUG org.apache.http.client.protocol.RequestAuthCache -- Auth cache not set in the context
14:34:57.237 [main] DEBUG org.apache.http.client.protocol.RequestTargetAuthentication -- Target auth state: UNCHALLENGED
14:34:57.237 [main] DEBUG org.apache.http.client.protocol.RequestProxyAuthentication -- Proxy auth state: UNCHALLENGED
14:34:57.237 [main] DEBUG org.apache.http.impl.client.DefaultHttpClient -- Attempt 1 to execute request
14:34:57.237 [main] DEBUG org.apache.http.impl.conn.DefaultClientConnection -- Sending request: DELETE /v2/user/anayamalhotra10007 HTTP/1.1
14:34:57.237 [main] DEBUG org.apache.http.wire --  >> "DELETE /v2/user/anayamalhotra10007 HTTP/1.1[\r][\n]"
14:34:57.237 [main] DEBUG org.apache.http.wire --  >> "Accept: */*[\r][\n]"
14:34:57.237 [main] DEBUG org.apache.http.wire --  >> "Host: petstore.swagger.io[\r][\n]"
14:34:57.237 [main] DEBUG org.apache.http.wire --  >> "Connection: Keep-Alive[\r][\n]"
14:34:57.237 [main] DEBUG org.apache.http.wire --  >> "User-Agent: Apache-HttpClient/4.5.13 (Java/17.0.16)[\r][\n]"
14:34:57.237 [main] DEBUG org.apache.http.wire --  >> "Accept-Encoding: gzip,deflate[\r][\n]"
14:34:57.237 [main] DEBUG org.apache.http.wire --  >> "[\r][\n]"
14:34:57.237 [main] DEBUG org.apache.http.headers -- >> DELETE /v2/user/anayamalhotra10007 HTTP/1.1
14:34:57.237 [main] DEBUG org.apache.http.headers -- >> Accept: */*
14:34:57.237 [main] DEBUG org.apache.http.headers -- >> Host: petstore.swagger.io
14:34:57.237 [main] DEBUG org.apache.http.headers -- >> Connection: Keep-Alive
14:34:57.237 [main] DEBUG org.apache.http.headers -- >> User-Agent: Apache-HttpClient/4.5.13 (Java/17.0.16)
14:34:57.237 [main] DEBUG org.apache.http.headers -- >> Accept-Encoding: gzip,deflate
14:34:57.535 [main] DEBUG org.apache.http.wire --  << "HTTP/1.1 200 OK[\r][\n]"
14:34:57.536 [main] DEBUG org.apache.http.wire --  << "Date: Tue, 02 Sep 2025 09:04:56 GMT[\r][\n]"
14:34:57.536 [main] DEBUG org.apache.http.wire --  << "Content-Type: application/json[\r][\n]"
14:34:57.536 [main] DEBUG org.apache.http.wire --  << "Transfer-Encoding: chunked[\r][\n]"
14:34:57.536 [main] DEBUG org.apache.http.wire --  << "Connection: keep-alive[\r][\n]"
14:34:57.536 [main] DEBUG org.apache.http.wire --  << "Access-Control-Allow-Origin: *[\r][\n]"
14:34:57.536 [main] DEBUG org.apache.http.wire --  << "Access-Control-Allow-Methods: GET, POST, DELETE, PUT[\r][\n]"
14:34:57.536 [main] DEBUG org.apache.http.wire --  << "Access-Control-Allow-Headers: Content-Type, api_key, Authorization[\r][\n]"
14:34:57.536 [main] DEBUG org.apache.http.wire --  << "Server: Jetty(9.2.9.v20150224)[\r][\n]"
14:34:57.536 [main] DEBUG org.apache.http.wire --  << "[\r][\n]"
14:34:57.536 [main] DEBUG org.apache.http.impl.conn.DefaultClientConnection -- Receiving response: HTTP/1.1 200 OK
14:34:57.536 [main] DEBUG org.apache.http.headers -- << HTTP/1.1 200 OK
14:34:57.536 [main] DEBUG org.apache.http.headers -- << Date: Tue, 02 Sep 2025 09:04:56 GMT
14:34:57.536 [main] DEBUG org.apache.http.headers -- << Content-Type: application/json
14:34:57.536 [main] DEBUG org.apache.http.headers -- << Transfer-Encoding: chunked
14:34:57.536 [main] DEBUG org.apache.http.headers -- << Connection: keep-alive
14:34:57.536 [main] DEBUG org.apache.http.headers -- << Access-Control-Allow-Origin: *
14:34:57.536 [main] DEBUG org.apache.http.headers -- << Access-Control-Allow-Methods: GET, POST, DELETE, PUT
14:34:57.536 [main] DEBUG org.apache.http.headers -- << Access-Control-Allow-Headers: Content-Type, api_key, Authorization
14:34:57.536 [main] DEBUG org.apache.http.headers -- << Server: Jetty(9.2.9.v20150224)
14:34:57.537 [main] DEBUG org.apache.http.impl.client.DefaultHttpClient -- Connection can be kept alive indefinitely
14:34:57.537 [main] DEBUG io.restassured.internal.RestAssuredHttpBuilder -- Parsing response as: application/json
14:34:57.537 [main] DEBUG io.restassured.internal.RestAssuredHttpBuilder -- Parsed data to instance of: class org.apache.http.conn.EofSensorInputStream
]]></system-out>
  </testcase>
  <testcase name="deleteAllUsers[diyabansal10008](8)" classname="api.test.DDTests" time="1.326">
    <system-out><![CDATA[14:34:57.625 [main] DEBUG org.apache.http.impl.conn.BasicClientConnectionManager -- Get connection for route {s}->https://petstore.swagger.io:443
14:34:57.626 [main] DEBUG org.apache.http.impl.conn.DefaultClientConnectionOperator -- Connecting to petstore.swagger.io:443
14:34:58.663 [main] DEBUG org.apache.http.client.protocol.RequestAddCookies -- CookieSpec selected: ignoreCookies
14:34:58.664 [main] DEBUG org.apache.http.client.protocol.RequestAuthCache -- Auth cache not set in the context
14:34:58.664 [main] DEBUG org.apache.http.client.protocol.RequestTargetAuthentication -- Target auth state: UNCHALLENGED
14:34:58.664 [main] DEBUG org.apache.http.client.protocol.RequestProxyAuthentication -- Proxy auth state: UNCHALLENGED
14:34:58.664 [main] DEBUG org.apache.http.impl.client.DefaultHttpClient -- Attempt 1 to execute request
14:34:58.664 [main] DEBUG org.apache.http.impl.conn.DefaultClientConnection -- Sending request: DELETE /v2/user/diyabansal10008 HTTP/1.1
14:34:58.664 [main] DEBUG org.apache.http.wire --  >> "DELETE /v2/user/diyabansal10008 HTTP/1.1[\r][\n]"
14:34:58.664 [main] DEBUG org.apache.http.wire --  >> "Accept: */*[\r][\n]"
14:34:58.664 [main] DEBUG org.apache.http.wire --  >> "Host: petstore.swagger.io[\r][\n]"
14:34:58.664 [main] DEBUG org.apache.http.wire --  >> "Connection: Keep-Alive[\r][\n]"
14:34:58.664 [main] DEBUG org.apache.http.wire --  >> "User-Agent: Apache-HttpClient/4.5.13 (Java/17.0.16)[\r][\n]"
14:34:58.664 [main] DEBUG org.apache.http.wire --  >> "Accept-Encoding: gzip,deflate[\r][\n]"
14:34:58.664 [main] DEBUG org.apache.http.wire --  >> "[\r][\n]"
14:34:58.664 [main] DEBUG org.apache.http.headers -- >> DELETE /v2/user/diyabansal10008 HTTP/1.1
14:34:58.664 [main] DEBUG org.apache.http.headers -- >> Accept: */*
14:34:58.664 [main] DEBUG org.apache.http.headers -- >> Host: petstore.swagger.io
14:34:58.664 [main] DEBUG org.apache.http.headers -- >> Connection: Keep-Alive
14:34:58.664 [main] DEBUG org.apache.http.headers -- >> User-Agent: Apache-HttpClient/4.5.13 (Java/17.0.16)
14:34:58.664 [main] DEBUG org.apache.http.headers -- >> Accept-Encoding: gzip,deflate
14:34:58.977 [main] DEBUG org.apache.http.wire --  << "HTTP/1.1 200 OK[\r][\n]"
14:34:58.977 [main] DEBUG org.apache.http.wire --  << "Date: Tue, 02 Sep 2025 09:04:58 GMT[\r][\n]"
14:34:58.977 [main] DEBUG org.apache.http.wire --  << "Content-Type: application/json[\r][\n]"
14:34:58.977 [main] DEBUG org.apache.http.wire --  << "Transfer-Encoding: chunked[\r][\n]"
14:34:58.977 [main] DEBUG org.apache.http.wire --  << "Connection: keep-alive[\r][\n]"
14:34:58.977 [main] DEBUG org.apache.http.wire --  << "Access-Control-Allow-Origin: *[\r][\n]"
14:34:58.977 [main] DEBUG org.apache.http.wire --  << "Access-Control-Allow-Methods: GET, POST, DELETE, PUT[\r][\n]"
14:34:58.977 [main] DEBUG org.apache.http.wire --  << "Access-Control-Allow-Headers: Content-Type, api_key, Authorization[\r][\n]"
14:34:58.977 [main] DEBUG org.apache.http.wire --  << "Server: Jetty(9.2.9.v20150224)[\r][\n]"
14:34:58.977 [main] DEBUG org.apache.http.wire --  << "[\r][\n]"
14:34:58.978 [main] DEBUG org.apache.http.impl.conn.DefaultClientConnection -- Receiving response: HTTP/1.1 200 OK
14:34:58.978 [main] DEBUG org.apache.http.headers -- << HTTP/1.1 200 OK
14:34:58.978 [main] DEBUG org.apache.http.headers -- << Date: Tue, 02 Sep 2025 09:04:58 GMT
14:34:58.978 [main] DEBUG org.apache.http.headers -- << Content-Type: application/json
14:34:58.978 [main] DEBUG org.apache.http.headers -- << Transfer-Encoding: chunked
14:34:58.978 [main] DEBUG org.apache.http.headers -- << Connection: keep-alive
14:34:58.978 [main] DEBUG org.apache.http.headers -- << Access-Control-Allow-Origin: *
14:34:58.978 [main] DEBUG org.apache.http.headers -- << Access-Control-Allow-Methods: GET, POST, DELETE, PUT
14:34:58.978 [main] DEBUG org.apache.http.headers -- << Access-Control-Allow-Headers: Content-Type, api_key, Authorization
14:34:58.978 [main] DEBUG org.apache.http.headers -- << Server: Jetty(9.2.9.v20150224)
14:34:58.979 [main] DEBUG org.apache.http.impl.client.DefaultHttpClient -- Connection can be kept alive indefinitely
14:34:58.979 [main] DEBUG io.restassured.internal.RestAssuredHttpBuilder -- Parsing response as: application/json
14:34:58.979 [main] DEBUG io.restassured.internal.RestAssuredHttpBuilder -- Parsed data to instance of: class org.apache.http.conn.EofSensorInputStream
]]></system-out>
  </testcase>
  <testcase name="deleteAllUsers[myrabose10009](9)" classname="api.test.DDTests" time="1.31">
    <system-out><![CDATA[14:34:59.010 [main] DEBUG org.apache.http.impl.conn.BasicClientConnectionManager -- Get connection for route {s}->https://petstore.swagger.io:443
14:34:59.010 [main] DEBUG org.apache.http.impl.conn.DefaultClientConnectionOperator -- Connecting to petstore.swagger.io:443
14:34:59.998 [main] DEBUG org.apache.http.client.protocol.RequestAddCookies -- CookieSpec selected: ignoreCookies
14:34:59.999 [main] DEBUG org.apache.http.client.protocol.RequestAuthCache -- Auth cache not set in the context
14:35:00.000 [main] DEBUG org.apache.http.client.protocol.RequestTargetAuthentication -- Target auth state: UNCHALLENGED
14:35:00.000 [main] DEBUG org.apache.http.client.protocol.RequestProxyAuthentication -- Proxy auth state: UNCHALLENGED
14:35:00.000 [main] DEBUG org.apache.http.impl.client.DefaultHttpClient -- Attempt 1 to execute request
14:35:00.000 [main] DEBUG org.apache.http.impl.conn.DefaultClientConnection -- Sending request: DELETE /v2/user/myrabose10009 HTTP/1.1
14:35:00.000 [main] DEBUG org.apache.http.wire --  >> "DELETE /v2/user/myrabose10009 HTTP/1.1[\r][\n]"
14:35:00.000 [main] DEBUG org.apache.http.wire --  >> "Accept: */*[\r][\n]"
14:35:00.000 [main] DEBUG org.apache.http.wire --  >> "Host: petstore.swagger.io[\r][\n]"
14:35:00.000 [main] DEBUG org.apache.http.wire --  >> "Connection: Keep-Alive[\r][\n]"
14:35:00.000 [main] DEBUG org.apache.http.wire --  >> "User-Agent: Apache-HttpClient/4.5.13 (Java/17.0.16)[\r][\n]"
14:35:00.000 [main] DEBUG org.apache.http.wire --  >> "Accept-Encoding: gzip,deflate[\r][\n]"
14:35:00.000 [main] DEBUG org.apache.http.wire --  >> "[\r][\n]"
14:35:00.000 [main] DEBUG org.apache.http.headers -- >> DELETE /v2/user/myrabose10009 HTTP/1.1
14:35:00.000 [main] DEBUG org.apache.http.headers -- >> Accept: */*
14:35:00.000 [main] DEBUG org.apache.http.headers -- >> Host: petstore.swagger.io
14:35:00.000 [main] DEBUG org.apache.http.headers -- >> Connection: Keep-Alive
14:35:00.000 [main] DEBUG org.apache.http.headers -- >> User-Agent: Apache-HttpClient/4.5.13 (Java/17.0.16)
14:35:00.000 [main] DEBUG org.apache.http.headers -- >> Accept-Encoding: gzip,deflate
14:35:00.285 [main] DEBUG org.apache.http.wire --  << "HTTP/1.1 404 Not Found[\r][\n]"
14:35:00.285 [main] DEBUG org.apache.http.wire --  << "Date: Tue, 02 Sep 2025 09:04:59 GMT[\r][\n]"
14:35:00.285 [main] DEBUG org.apache.http.wire --  << "Content-Length: 0[\r][\n]"
14:35:00.285 [main] DEBUG org.apache.http.wire --  << "Connection: keep-alive[\r][\n]"
14:35:00.285 [main] DEBUG org.apache.http.wire --  << "Access-Control-Allow-Origin: *[\r][\n]"
14:35:00.285 [main] DEBUG org.apache.http.wire --  << "Access-Control-Allow-Methods: GET, POST, DELETE, PUT[\r][\n]"
14:35:00.285 [main] DEBUG org.apache.http.wire --  << "Access-Control-Allow-Headers: Content-Type, api_key, Authorization[\r][\n]"
14:35:00.285 [main] DEBUG org.apache.http.wire --  << "Server: Jetty(9.2.9.v20150224)[\r][\n]"
14:35:00.285 [main] DEBUG org.apache.http.wire --  << "[\r][\n]"
14:35:00.285 [main] DEBUG org.apache.http.impl.conn.DefaultClientConnection -- Receiving response: HTTP/1.1 404 Not Found
14:35:00.285 [main] DEBUG org.apache.http.headers -- << HTTP/1.1 404 Not Found
14:35:00.285 [main] DEBUG org.apache.http.headers -- << Date: Tue, 02 Sep 2025 09:04:59 GMT
14:35:00.285 [main] DEBUG org.apache.http.headers -- << Content-Length: 0
14:35:00.285 [main] DEBUG org.apache.http.headers -- << Connection: keep-alive
14:35:00.285 [main] DEBUG org.apache.http.headers -- << Access-Control-Allow-Origin: *
14:35:00.285 [main] DEBUG org.apache.http.headers -- << Access-Control-Allow-Methods: GET, POST, DELETE, PUT
14:35:00.285 [main] DEBUG org.apache.http.headers -- << Access-Control-Allow-Headers: Content-Type, api_key, Authorization
14:35:00.285 [main] DEBUG org.apache.http.headers -- << Server: Jetty(9.2.9.v20150224)
14:35:00.286 [main] DEBUG org.apache.http.impl.client.DefaultHttpClient -- Connection can be kept alive indefinitely
]]></system-out>
  </testcase>
  <testcase name="deleteAllUsers[aryangupta10010](10)" classname="api.test.DDTests" time="2.092">
    <system-out><![CDATA[14:35:00.358 [main] DEBUG org.apache.http.impl.conn.BasicClientConnectionManager -- Get connection for route {s}->https://petstore.swagger.io:443
14:35:00.358 [main] DEBUG org.apache.http.impl.conn.DefaultClientConnectionOperator -- Connecting to petstore.swagger.io:443
14:35:01.435 [main] DEBUG org.apache.http.client.protocol.RequestAddCookies -- CookieSpec selected: ignoreCookies
14:35:01.435 [main] DEBUG org.apache.http.client.protocol.RequestAuthCache -- Auth cache not set in the context
14:35:01.435 [main] DEBUG org.apache.http.client.protocol.RequestTargetAuthentication -- Target auth state: UNCHALLENGED
14:35:01.435 [main] DEBUG org.apache.http.client.protocol.RequestProxyAuthentication -- Proxy auth state: UNCHALLENGED
14:35:01.435 [main] DEBUG org.apache.http.impl.client.DefaultHttpClient -- Attempt 1 to execute request
14:35:01.435 [main] DEBUG org.apache.http.impl.conn.DefaultClientConnection -- Sending request: DELETE /v2/user/aryangupta10010 HTTP/1.1
14:35:01.435 [main] DEBUG org.apache.http.wire --  >> "DELETE /v2/user/aryangupta10010 HTTP/1.1[\r][\n]"
14:35:01.435 [main] DEBUG org.apache.http.wire --  >> "Accept: */*[\r][\n]"
14:35:01.435 [main] DEBUG org.apache.http.wire --  >> "Host: petstore.swagger.io[\r][\n]"
14:35:01.435 [main] DEBUG org.apache.http.wire --  >> "Connection: Keep-Alive[\r][\n]"
14:35:01.435 [main] DEBUG org.apache.http.wire --  >> "User-Agent: Apache-HttpClient/4.5.13 (Java/17.0.16)[\r][\n]"
14:35:01.436 [main] DEBUG org.apache.http.wire --  >> "Accept-Encoding: gzip,deflate[\r][\n]"
14:35:01.436 [main] DEBUG org.apache.http.wire --  >> "[\r][\n]"
14:35:01.436 [main] DEBUG org.apache.http.headers -- >> DELETE /v2/user/aryangupta10010 HTTP/1.1
14:35:01.436 [main] DEBUG org.apache.http.headers -- >> Accept: */*
14:35:01.436 [main] DEBUG org.apache.http.headers -- >> Host: petstore.swagger.io
14:35:01.436 [main] DEBUG org.apache.http.headers -- >> Connection: Keep-Alive
14:35:01.436 [main] DEBUG org.apache.http.headers -- >> User-Agent: Apache-HttpClient/4.5.13 (Java/17.0.16)
14:35:01.436 [main] DEBUG org.apache.http.headers -- >> Accept-Encoding: gzip,deflate
14:35:01.736 [main] DEBUG org.apache.http.wire --  << "HTTP/1.1 200 OK[\r][\n]"
14:35:01.736 [main] DEBUG org.apache.http.wire --  << "Date: Tue, 02 Sep 2025 09:05:01 GMT[\r][\n]"
14:35:01.736 [main] DEBUG org.apache.http.wire --  << "Content-Type: application/json[\r][\n]"
14:35:01.736 [main] DEBUG org.apache.http.wire --  << "Transfer-Encoding: chunked[\r][\n]"
14:35:01.736 [main] DEBUG org.apache.http.wire --  << "Connection: keep-alive[\r][\n]"
14:35:01.736 [main] DEBUG org.apache.http.wire --  << "Access-Control-Allow-Origin: *[\r][\n]"
14:35:01.737 [main] DEBUG org.apache.http.wire --  << "Access-Control-Allow-Methods: GET, POST, DELETE, PUT[\r][\n]"
14:35:01.737 [main] DEBUG org.apache.http.wire --  << "Access-Control-Allow-Headers: Content-Type, api_key, Authorization[\r][\n]"
14:35:01.737 [main] DEBUG org.apache.http.wire --  << "Server: Jetty(9.2.9.v20150224)[\r][\n]"
14:35:01.737 [main] DEBUG org.apache.http.wire --  << "[\r][\n]"
14:35:01.737 [main] DEBUG org.apache.http.impl.conn.DefaultClientConnection -- Receiving response: HTTP/1.1 200 OK
14:35:01.737 [main] DEBUG org.apache.http.headers -- << HTTP/1.1 200 OK
14:35:01.737 [main] DEBUG org.apache.http.headers -- << Date: Tue, 02 Sep 2025 09:05:01 GMT
14:35:01.737 [main] DEBUG org.apache.http.headers -- << Content-Type: application/json
14:35:01.737 [main] DEBUG org.apache.http.headers -- << Transfer-Encoding: chunked
14:35:01.738 [main] DEBUG org.apache.http.headers -- << Connection: keep-alive
14:35:01.738 [main] DEBUG org.apache.http.headers -- << Access-Control-Allow-Origin: *
14:35:01.738 [main] DEBUG org.apache.http.headers -- << Access-Control-Allow-Methods: GET, POST, DELETE, PUT
14:35:01.738 [main] DEBUG org.apache.http.headers -- << Access-Control-Allow-Headers: Content-Type, api_key, Authorization
14:35:01.738 [main] DEBUG org.apache.http.headers -- << Server: Jetty(9.2.9.v20150224)
14:35:01.738 [main] DEBUG org.apache.http.impl.client.DefaultHttpClient -- Connection can be kept alive indefinitely
14:35:01.739 [main] DEBUG io.restassured.internal.RestAssuredHttpBuilder -- Parsing response as: application/json
14:35:01.739 [main] DEBUG io.restassured.internal.RestAssuredHttpBuilder -- Parsed data to instance of: class org.apache.http.conn.EofSensorInputStream
]]></system-out>
  </testcase>
  <testcase name="deleteAllUsers[kabirbose10011](11)" classname="api.test.DDTests" time="1.042">
    <system-out><![CDATA[14:35:01.829 [main] DEBUG org.apache.http.impl.conn.BasicClientConnectionManager -- Get connection for route {s}->https://petstore.swagger.io:443
14:35:01.830 [main] DEBUG org.apache.http.impl.conn.DefaultClientConnectionOperator -- Connecting to petstore.swagger.io:443
14:35:02.968 [main] DEBUG org.apache.http.client.protocol.RequestAddCookies -- CookieSpec selected: ignoreCookies
14:35:02.968 [main] DEBUG org.apache.http.client.protocol.RequestAuthCache -- Auth cache not set in the context
14:35:02.968 [main] DEBUG org.apache.http.client.protocol.RequestTargetAuthentication -- Target auth state: UNCHALLENGED
14:35:02.968 [main] DEBUG org.apache.http.client.protocol.RequestProxyAuthentication -- Proxy auth state: UNCHALLENGED
14:35:02.968 [main] DEBUG org.apache.http.impl.client.DefaultHttpClient -- Attempt 1 to execute request
14:35:02.968 [main] DEBUG org.apache.http.impl.conn.DefaultClientConnection -- Sending request: DELETE /v2/user/kabirbose10011 HTTP/1.1
14:35:02.968 [main] DEBUG org.apache.http.wire --  >> "DELETE /v2/user/kabirbose10011 HTTP/1.1[\r][\n]"
14:35:02.968 [main] DEBUG org.apache.http.wire --  >> "Accept: */*[\r][\n]"
14:35:02.968 [main] DEBUG org.apache.http.wire --  >> "Host: petstore.swagger.io[\r][\n]"
14:35:02.968 [main] DEBUG org.apache.http.wire --  >> "Connection: Keep-Alive[\r][\n]"
14:35:02.968 [main] DEBUG org.apache.http.wire --  >> "User-Agent: Apache-HttpClient/4.5.13 (Java/17.0.16)[\r][\n]"
14:35:02.968 [main] DEBUG org.apache.http.wire --  >> "Accept-Encoding: gzip,deflate[\r][\n]"
14:35:02.968 [main] DEBUG org.apache.http.wire --  >> "[\r][\n]"
14:35:02.968 [main] DEBUG org.apache.http.headers -- >> DELETE /v2/user/kabirbose10011 HTTP/1.1
14:35:02.968 [main] DEBUG org.apache.http.headers -- >> Accept: */*
14:35:02.968 [main] DEBUG org.apache.http.headers -- >> Host: petstore.swagger.io
14:35:02.968 [main] DEBUG org.apache.http.headers -- >> Connection: Keep-Alive
14:35:02.968 [main] DEBUG org.apache.http.headers -- >> User-Agent: Apache-HttpClient/4.5.13 (Java/17.0.16)
14:35:02.968 [main] DEBUG org.apache.http.headers -- >> Accept-Encoding: gzip,deflate
14:35:03.344 [main] DEBUG org.apache.http.wire --  << "HTTP/1.1 200 OK[\r][\n]"
14:35:03.345 [main] DEBUG org.apache.http.wire --  << "Date: Tue, 02 Sep 2025 09:05:02 GMT[\r][\n]"
14:35:03.345 [main] DEBUG org.apache.http.wire --  << "Content-Type: application/json[\r][\n]"
14:35:03.345 [main] DEBUG org.apache.http.wire --  << "Transfer-Encoding: chunked[\r][\n]"
14:35:03.345 [main] DEBUG org.apache.http.wire --  << "Connection: keep-alive[\r][\n]"
14:35:03.345 [main] DEBUG org.apache.http.wire --  << "Access-Control-Allow-Origin: *[\r][\n]"
14:35:03.345 [main] DEBUG org.apache.http.wire --  << "Access-Control-Allow-Methods: GET, POST, DELETE, PUT[\r][\n]"
14:35:03.345 [main] DEBUG org.apache.http.wire --  << "Access-Control-Allow-Headers: Content-Type, api_key, Authorization[\r][\n]"
14:35:03.345 [main] DEBUG org.apache.http.wire --  << "Server: Jetty(9.2.9.v20150224)[\r][\n]"
14:35:03.345 [main] DEBUG org.apache.http.wire --  << "[\r][\n]"
14:35:03.346 [main] DEBUG org.apache.http.impl.conn.DefaultClientConnection -- Receiving response: HTTP/1.1 200 OK
14:35:03.346 [main] DEBUG org.apache.http.headers -- << HTTP/1.1 200 OK
14:35:03.346 [main] DEBUG org.apache.http.headers -- << Date: Tue, 02 Sep 2025 09:05:02 GMT
14:35:03.346 [main] DEBUG org.apache.http.headers -- << Content-Type: application/json
14:35:03.346 [main] DEBUG org.apache.http.headers -- << Transfer-Encoding: chunked
14:35:03.346 [main] DEBUG org.apache.http.headers -- << Connection: keep-alive
14:35:03.346 [main] DEBUG org.apache.http.headers -- << Access-Control-Allow-Origin: *
14:35:03.346 [main] DEBUG org.apache.http.headers -- << Access-Control-Allow-Methods: GET, POST, DELETE, PUT
14:35:03.346 [main] DEBUG org.apache.http.headers -- << Access-Control-Allow-Headers: Content-Type, api_key, Authorization
14:35:03.346 [main] DEBUG org.apache.http.headers -- << Server: Jetty(9.2.9.v20150224)
14:35:03.346 [main] DEBUG org.apache.http.impl.client.DefaultHttpClient -- Connection can be kept alive indefinitely
14:35:03.346 [main] DEBUG io.restassured.internal.RestAssuredHttpBuilder -- Parsing response as: application/json
14:35:03.346 [main] DEBUG io.restassured.internal.RestAssuredHttpBuilder -- Parsed data to instance of: class org.apache.http.conn.EofSensorInputStream
]]></system-out>
  </testcase>
  <testcase name="deleteAllUsers[myrabose10012](12)" classname="api.test.DDTests" time="1.849">
    <system-out><![CDATA[14:35:03.435 [main] DEBUG org.apache.http.impl.conn.BasicClientConnectionManager -- Get connection for route {s}->https://petstore.swagger.io:443
14:35:03.439 [main] DEBUG org.apache.http.impl.conn.DefaultClientConnectionOperator -- Connecting to petstore.swagger.io:443
14:35:04.363 [main] DEBUG org.apache.http.client.protocol.RequestAddCookies -- CookieSpec selected: ignoreCookies
14:35:04.363 [main] DEBUG org.apache.http.client.protocol.RequestAuthCache -- Auth cache not set in the context
14:35:04.363 [main] DEBUG org.apache.http.client.protocol.RequestTargetAuthentication -- Target auth state: UNCHALLENGED
14:35:04.363 [main] DEBUG org.apache.http.client.protocol.RequestProxyAuthentication -- Proxy auth state: UNCHALLENGED
14:35:04.363 [main] DEBUG org.apache.http.impl.client.DefaultHttpClient -- Attempt 1 to execute request
14:35:04.363 [main] DEBUG org.apache.http.impl.conn.DefaultClientConnection -- Sending request: DELETE /v2/user/myrabose10012 HTTP/1.1
14:35:04.363 [main] DEBUG org.apache.http.wire --  >> "DELETE /v2/user/myrabose10012 HTTP/1.1[\r][\n]"
14:35:04.363 [main] DEBUG org.apache.http.wire --  >> "Accept: */*[\r][\n]"
14:35:04.363 [main] DEBUG org.apache.http.wire --  >> "Host: petstore.swagger.io[\r][\n]"
14:35:04.363 [main] DEBUG org.apache.http.wire --  >> "Connection: Keep-Alive[\r][\n]"
14:35:04.363 [main] DEBUG org.apache.http.wire --  >> "User-Agent: Apache-HttpClient/4.5.13 (Java/17.0.16)[\r][\n]"
14:35:04.364 [main] DEBUG org.apache.http.wire --  >> "Accept-Encoding: gzip,deflate[\r][\n]"
14:35:04.364 [main] DEBUG org.apache.http.wire --  >> "[\r][\n]"
14:35:04.364 [main] DEBUG org.apache.http.headers -- >> DELETE /v2/user/myrabose10012 HTTP/1.1
14:35:04.364 [main] DEBUG org.apache.http.headers -- >> Accept: */*
14:35:04.364 [main] DEBUG org.apache.http.headers -- >> Host: petstore.swagger.io
14:35:04.364 [main] DEBUG org.apache.http.headers -- >> Connection: Keep-Alive
14:35:04.364 [main] DEBUG org.apache.http.headers -- >> User-Agent: Apache-HttpClient/4.5.13 (Java/17.0.16)
14:35:04.364 [main] DEBUG org.apache.http.headers -- >> Accept-Encoding: gzip,deflate
14:35:04.659 [main] DEBUG org.apache.http.wire --  << "HTTP/1.1 200 OK[\r][\n]"
14:35:04.660 [main] DEBUG org.apache.http.wire --  << "Date: Tue, 02 Sep 2025 09:05:04 GMT[\r][\n]"
14:35:04.660 [main] DEBUG org.apache.http.wire --  << "Content-Type: application/json[\r][\n]"
14:35:04.660 [main] DEBUG org.apache.http.wire --  << "Transfer-Encoding: chunked[\r][\n]"
14:35:04.660 [main] DEBUG org.apache.http.wire --  << "Connection: keep-alive[\r][\n]"
14:35:04.660 [main] DEBUG org.apache.http.wire --  << "Access-Control-Allow-Origin: *[\r][\n]"
14:35:04.660 [main] DEBUG org.apache.http.wire --  << "Access-Control-Allow-Methods: GET, POST, DELETE, PUT[\r][\n]"
14:35:04.660 [main] DEBUG org.apache.http.wire --  << "Access-Control-Allow-Headers: Content-Type, api_key, Authorization[\r][\n]"
14:35:04.660 [main] DEBUG org.apache.http.wire --  << "Server: Jetty(9.2.9.v20150224)[\r][\n]"
14:35:04.660 [main] DEBUG org.apache.http.wire --  << "[\r][\n]"
14:35:04.660 [main] DEBUG org.apache.http.impl.conn.DefaultClientConnection -- Receiving response: HTTP/1.1 200 OK
14:35:04.660 [main] DEBUG org.apache.http.headers -- << HTTP/1.1 200 OK
14:35:04.660 [main] DEBUG org.apache.http.headers -- << Date: Tue, 02 Sep 2025 09:05:04 GMT
14:35:04.660 [main] DEBUG org.apache.http.headers -- << Content-Type: application/json
14:35:04.660 [main] DEBUG org.apache.http.headers -- << Transfer-Encoding: chunked
14:35:04.660 [main] DEBUG org.apache.http.headers -- << Connection: keep-alive
14:35:04.660 [main] DEBUG org.apache.http.headers -- << Access-Control-Allow-Origin: *
14:35:04.660 [main] DEBUG org.apache.http.headers -- << Access-Control-Allow-Methods: GET, POST, DELETE, PUT
14:35:04.660 [main] DEBUG org.apache.http.headers -- << Access-Control-Allow-Headers: Content-Type, api_key, Authorization
14:35:04.660 [main] DEBUG org.apache.http.headers -- << Server: Jetty(9.2.9.v20150224)
14:35:04.660 [main] DEBUG org.apache.http.impl.client.DefaultHttpClient -- Connection can be kept alive indefinitely
14:35:04.661 [main] DEBUG io.restassured.internal.RestAssuredHttpBuilder -- Parsing response as: application/json
14:35:04.661 [main] DEBUG io.restassured.internal.RestAssuredHttpBuilder -- Parsed data to instance of: class org.apache.http.conn.EofSensorInputStream
]]></system-out>
  </testcase>
  <testcase name="deleteAllUsers[raghavrastogi10013](13)" classname="api.test.DDTests" time="1.298">
    <system-out><![CDATA[14:35:04.769 [main] DEBUG org.apache.http.impl.conn.BasicClientConnectionManager -- Get connection for route {s}->https://petstore.swagger.io:443
14:35:04.769 [main] DEBUG org.apache.http.impl.conn.DefaultClientConnectionOperator -- Connecting to petstore.swagger.io:443
14:35:05.717 [main] DEBUG org.apache.http.client.protocol.RequestAddCookies -- CookieSpec selected: ignoreCookies
14:35:05.717 [main] DEBUG org.apache.http.client.protocol.RequestAuthCache -- Auth cache not set in the context
14:35:05.717 [main] DEBUG org.apache.http.client.protocol.RequestTargetAuthentication -- Target auth state: UNCHALLENGED
14:35:05.717 [main] DEBUG org.apache.http.client.protocol.RequestProxyAuthentication -- Proxy auth state: UNCHALLENGED
14:35:05.717 [main] DEBUG org.apache.http.impl.client.DefaultHttpClient -- Attempt 1 to execute request
14:35:05.717 [main] DEBUG org.apache.http.impl.conn.DefaultClientConnection -- Sending request: DELETE /v2/user/raghavrastogi10013 HTTP/1.1
14:35:05.726 [main] DEBUG org.apache.http.wire --  >> "DELETE /v2/user/raghavrastogi10013 HTTP/1.1[\r][\n]"
14:35:05.726 [main] DEBUG org.apache.http.wire --  >> "Accept: */*[\r][\n]"
14:35:05.726 [main] DEBUG org.apache.http.wire --  >> "Host: petstore.swagger.io[\r][\n]"
14:35:05.726 [main] DEBUG org.apache.http.wire --  >> "Connection: Keep-Alive[\r][\n]"
14:35:05.726 [main] DEBUG org.apache.http.wire --  >> "User-Agent: Apache-HttpClient/4.5.13 (Java/17.0.16)[\r][\n]"
14:35:05.726 [main] DEBUG org.apache.http.wire --  >> "Accept-Encoding: gzip,deflate[\r][\n]"
14:35:05.726 [main] DEBUG org.apache.http.wire --  >> "[\r][\n]"
14:35:05.726 [main] DEBUG org.apache.http.headers -- >> DELETE /v2/user/raghavrastogi10013 HTTP/1.1
14:35:05.726 [main] DEBUG org.apache.http.headers -- >> Accept: */*
14:35:05.726 [main] DEBUG org.apache.http.headers -- >> Host: petstore.swagger.io
14:35:05.726 [main] DEBUG org.apache.http.headers -- >> Connection: Keep-Alive
14:35:05.726 [main] DEBUG org.apache.http.headers -- >> User-Agent: Apache-HttpClient/4.5.13 (Java/17.0.16)
14:35:05.726 [main] DEBUG org.apache.http.headers -- >> Accept-Encoding: gzip,deflate
14:35:06.045 [main] DEBUG org.apache.http.wire --  << "HTTP/1.1 200 OK[\r][\n]"
14:35:06.046 [main] DEBUG org.apache.http.wire --  << "Date: Tue, 02 Sep 2025 09:05:05 GMT[\r][\n]"
14:35:06.046 [main] DEBUG org.apache.http.wire --  << "Content-Type: application/json[\r][\n]"
14:35:06.047 [main] DEBUG org.apache.http.wire --  << "Transfer-Encoding: chunked[\r][\n]"
14:35:06.047 [main] DEBUG org.apache.http.wire --  << "Connection: keep-alive[\r][\n]"
14:35:06.047 [main] DEBUG org.apache.http.wire --  << "Access-Control-Allow-Origin: *[\r][\n]"
14:35:06.047 [main] DEBUG org.apache.http.wire --  << "Access-Control-Allow-Methods: GET, POST, DELETE, PUT[\r][\n]"
14:35:06.047 [main] DEBUG org.apache.http.wire --  << "Access-Control-Allow-Headers: Content-Type, api_key, Authorization[\r][\n]"
14:35:06.047 [main] DEBUG org.apache.http.wire --  << "Server: Jetty(9.2.9.v20150224)[\r][\n]"
14:35:06.047 [main] DEBUG org.apache.http.wire --  << "[\r][\n]"
14:35:06.048 [main] DEBUG org.apache.http.impl.conn.DefaultClientConnection -- Receiving response: HTTP/1.1 200 OK
14:35:06.048 [main] DEBUG org.apache.http.headers -- << HTTP/1.1 200 OK
14:35:06.048 [main] DEBUG org.apache.http.headers -- << Date: Tue, 02 Sep 2025 09:05:05 GMT
14:35:06.048 [main] DEBUG org.apache.http.headers -- << Content-Type: application/json
14:35:06.048 [main] DEBUG org.apache.http.headers -- << Transfer-Encoding: chunked
14:35:06.048 [main] DEBUG org.apache.http.headers -- << Connection: keep-alive
14:35:06.048 [main] DEBUG org.apache.http.headers -- << Access-Control-Allow-Origin: *
14:35:06.048 [main] DEBUG org.apache.http.headers -- << Access-Control-Allow-Methods: GET, POST, DELETE, PUT
14:35:06.048 [main] DEBUG org.apache.http.headers -- << Access-Control-Allow-Headers: Content-Type, api_key, Authorization
14:35:06.048 [main] DEBUG org.apache.http.headers -- << Server: Jetty(9.2.9.v20150224)
14:35:06.048 [main] DEBUG org.apache.http.impl.client.DefaultHttpClient -- Connection can be kept alive indefinitely
14:35:06.049 [main] DEBUG io.restassured.internal.RestAssuredHttpBuilder -- Parsing response as: application/json
14:35:06.049 [main] DEBUG io.restassured.internal.RestAssuredHttpBuilder -- Parsed data to instance of: class org.apache.http.conn.EofSensorInputStream
]]></system-out>
  </testcase>
  <testcase name="deleteAllUsers[kirandesai10014](14)" classname="api.test.DDTests" time="3.129">
    <system-out><![CDATA[14:35:06.306 [main] DEBUG org.apache.http.impl.conn.BasicClientConnectionManager -- Get connection for route {s}->https://petstore.swagger.io:443
14:35:06.307 [main] DEBUG org.apache.http.impl.conn.DefaultClientConnectionOperator -- Connecting to petstore.swagger.io:443
14:35:07.366 [main] DEBUG org.apache.http.client.protocol.RequestAddCookies -- CookieSpec selected: ignoreCookies
14:35:07.366 [main] DEBUG org.apache.http.client.protocol.RequestAuthCache -- Auth cache not set in the context
14:35:07.366 [main] DEBUG org.apache.http.client.protocol.RequestTargetAuthentication -- Target auth state: UNCHALLENGED
14:35:07.366 [main] DEBUG org.apache.http.client.protocol.RequestProxyAuthentication -- Proxy auth state: UNCHALLENGED
14:35:07.366 [main] DEBUG org.apache.http.impl.client.DefaultHttpClient -- Attempt 1 to execute request
14:35:07.366 [main] DEBUG org.apache.http.impl.conn.DefaultClientConnection -- Sending request: DELETE /v2/user/kirandesai10014 HTTP/1.1
14:35:07.366 [main] DEBUG org.apache.http.wire --  >> "DELETE /v2/user/kirandesai10014 HTTP/1.1[\r][\n]"
14:35:07.366 [main] DEBUG org.apache.http.wire --  >> "Accept: */*[\r][\n]"
14:35:07.366 [main] DEBUG org.apache.http.wire --  >> "Host: petstore.swagger.io[\r][\n]"
14:35:07.366 [main] DEBUG org.apache.http.wire --  >> "Connection: Keep-Alive[\r][\n]"
14:35:07.366 [main] DEBUG org.apache.http.wire --  >> "User-Agent: Apache-HttpClient/4.5.13 (Java/17.0.16)[\r][\n]"
14:35:07.366 [main] DEBUG org.apache.http.wire --  >> "Accept-Encoding: gzip,deflate[\r][\n]"
14:35:07.366 [main] DEBUG org.apache.http.wire --  >> "[\r][\n]"
14:35:07.366 [main] DEBUG org.apache.http.headers -- >> DELETE /v2/user/kirandesai10014 HTTP/1.1
14:35:07.366 [main] DEBUG org.apache.http.headers -- >> Accept: */*
14:35:07.366 [main] DEBUG org.apache.http.headers -- >> Host: petstore.swagger.io
14:35:07.367 [main] DEBUG org.apache.http.headers -- >> Connection: Keep-Alive
14:35:07.367 [main] DEBUG org.apache.http.headers -- >> User-Agent: Apache-HttpClient/4.5.13 (Java/17.0.16)
14:35:07.367 [main] DEBUG org.apache.http.headers -- >> Accept-Encoding: gzip,deflate
14:35:07.646 [main] DEBUG org.apache.http.wire --  << "HTTP/1.1 404 Not Found[\r][\n]"
14:35:07.646 [main] DEBUG org.apache.http.wire --  << "Date: Tue, 02 Sep 2025 09:05:07 GMT[\r][\n]"
14:35:07.646 [main] DEBUG org.apache.http.wire --  << "Content-Length: 0[\r][\n]"
14:35:07.646 [main] DEBUG org.apache.http.wire --  << "Connection: keep-alive[\r][\n]"
14:35:07.646 [main] DEBUG org.apache.http.wire --  << "Access-Control-Allow-Origin: *[\r][\n]"
14:35:07.646 [main] DEBUG org.apache.http.wire --  << "Access-Control-Allow-Methods: GET, POST, DELETE, PUT[\r][\n]"
14:35:07.646 [main] DEBUG org.apache.http.wire --  << "Access-Control-Allow-Headers: Content-Type, api_key, Authorization[\r][\n]"
14:35:07.646 [main] DEBUG org.apache.http.wire --  << "Server: Jetty(9.2.9.v20150224)[\r][\n]"
14:35:07.646 [main] DEBUG org.apache.http.wire --  << "[\r][\n]"
14:35:07.646 [main] DEBUG org.apache.http.impl.conn.DefaultClientConnection -- Receiving response: HTTP/1.1 404 Not Found
14:35:07.646 [main] DEBUG org.apache.http.headers -- << HTTP/1.1 404 Not Found
14:35:07.646 [main] DEBUG org.apache.http.headers -- << Date: Tue, 02 Sep 2025 09:05:07 GMT
14:35:07.646 [main] DEBUG org.apache.http.headers -- << Content-Length: 0
14:35:07.646 [main] DEBUG org.apache.http.headers -- << Connection: keep-alive
14:35:07.646 [main] DEBUG org.apache.http.headers -- << Access-Control-Allow-Origin: *
14:35:07.646 [main] DEBUG org.apache.http.headers -- << Access-Control-Allow-Methods: GET, POST, DELETE, PUT
14:35:07.646 [main] DEBUG org.apache.http.headers -- << Access-Control-Allow-Headers: Content-Type, api_key, Authorization
14:35:07.646 [main] DEBUG org.apache.http.headers -- << Server: Jetty(9.2.9.v20150224)
14:35:07.647 [main] DEBUG org.apache.http.impl.client.DefaultHttpClient -- Connection can be kept alive indefinitely
]]></system-out>
  </testcase>
  <testcase name="deleteAllUsers[myrarastogi10015](15)" classname="api.test.DDTests" time="1.232">
    <system-out><![CDATA[14:35:07.907 [main] DEBUG org.apache.http.impl.conn.BasicClientConnectionManager -- Get connection for route {s}->https://petstore.swagger.io:443
14:35:07.908 [main] DEBUG org.apache.http.impl.conn.DefaultClientConnectionOperator -- Connecting to petstore.swagger.io:443
14:35:09.368 [main] DEBUG org.apache.http.client.protocol.RequestAddCookies -- CookieSpec selected: ignoreCookies
14:35:09.373 [main] DEBUG org.apache.http.client.protocol.RequestAuthCache -- Auth cache not set in the context
14:35:09.373 [main] DEBUG org.apache.http.client.protocol.RequestTargetAuthentication -- Target auth state: UNCHALLENGED
14:35:09.373 [main] DEBUG org.apache.http.client.protocol.RequestProxyAuthentication -- Proxy auth state: UNCHALLENGED
14:35:09.374 [main] DEBUG org.apache.http.impl.client.DefaultHttpClient -- Attempt 1 to execute request
14:35:09.375 [main] DEBUG org.apache.http.impl.conn.DefaultClientConnection -- Sending request: DELETE /v2/user/myrarastogi10015 HTTP/1.1
14:35:09.377 [main] DEBUG org.apache.http.wire --  >> "DELETE /v2/user/myrarastogi10015 HTTP/1.1[\r][\n]"
14:35:09.377 [main] DEBUG org.apache.http.wire --  >> "Accept: */*[\r][\n]"
14:35:09.377 [main] DEBUG org.apache.http.wire --  >> "Host: petstore.swagger.io[\r][\n]"
14:35:09.377 [main] DEBUG org.apache.http.wire --  >> "Connection: Keep-Alive[\r][\n]"
14:35:09.377 [main] DEBUG org.apache.http.wire --  >> "User-Agent: Apache-HttpClient/4.5.13 (Java/17.0.16)[\r][\n]"
14:35:09.377 [main] DEBUG org.apache.http.wire --  >> "Accept-Encoding: gzip,deflate[\r][\n]"
14:35:09.377 [main] DEBUG org.apache.http.wire --  >> "[\r][\n]"
14:35:09.377 [main] DEBUG org.apache.http.headers -- >> DELETE /v2/user/myrarastogi10015 HTTP/1.1
14:35:09.377 [main] DEBUG org.apache.http.headers -- >> Accept: */*
14:35:09.377 [main] DEBUG org.apache.http.headers -- >> Host: petstore.swagger.io
14:35:09.378 [main] DEBUG org.apache.http.headers -- >> Connection: Keep-Alive
14:35:09.378 [main] DEBUG org.apache.http.headers -- >> User-Agent: Apache-HttpClient/4.5.13 (Java/17.0.16)
14:35:09.378 [main] DEBUG org.apache.http.headers -- >> Accept-Encoding: gzip,deflate
14:35:09.719 [main] DEBUG org.apache.http.wire --  << "HTTP/1.1 404 Not Found[\r][\n]"
14:35:09.719 [main] DEBUG org.apache.http.wire --  << "Date: Tue, 02 Sep 2025 09:05:09 GMT[\r][\n]"
14:35:09.719 [main] DEBUG org.apache.http.wire --  << "Content-Length: 0[\r][\n]"
14:35:09.719 [main] DEBUG org.apache.http.wire --  << "Connection: keep-alive[\r][\n]"
14:35:09.719 [main] DEBUG org.apache.http.wire --  << "Access-Control-Allow-Origin: *[\r][\n]"
14:35:09.719 [main] DEBUG org.apache.http.wire --  << "Access-Control-Allow-Methods: GET, POST, DELETE, PUT[\r][\n]"
14:35:09.719 [main] DEBUG org.apache.http.wire --  << "Access-Control-Allow-Headers: Content-Type, api_key, Authorization[\r][\n]"
14:35:09.719 [main] DEBUG org.apache.http.wire --  << "Server: Jetty(9.2.9.v20150224)[\r][\n]"
14:35:09.719 [main] DEBUG org.apache.http.wire --  << "[\r][\n]"
14:35:09.719 [main] DEBUG org.apache.http.impl.conn.DefaultClientConnection -- Receiving response: HTTP/1.1 404 Not Found
14:35:09.719 [main] DEBUG org.apache.http.headers -- << HTTP/1.1 404 Not Found
14:35:09.719 [main] DEBUG org.apache.http.headers -- << Date: Tue, 02 Sep 2025 09:05:09 GMT
14:35:09.719 [main] DEBUG org.apache.http.headers -- << Content-Length: 0
14:35:09.719 [main] DEBUG org.apache.http.headers -- << Connection: keep-alive
14:35:09.719 [main] DEBUG org.apache.http.headers -- << Access-Control-Allow-Origin: *
14:35:09.719 [main] DEBUG org.apache.http.headers -- << Access-Control-Allow-Methods: GET, POST, DELETE, PUT
14:35:09.719 [main] DEBUG org.apache.http.headers -- << Access-Control-Allow-Headers: Content-Type, api_key, Authorization
14:35:09.719 [main] DEBUG org.apache.http.headers -- << Server: Jetty(9.2.9.v20150224)
14:35:09.720 [main] DEBUG org.apache.http.impl.client.DefaultHttpClient -- Connection can be kept alive indefinitely
]]></system-out>
  </testcase>
  <testcase name="deleteAllUsers[nehabose10016](16)" classname="api.test.DDTests" time="2.266">
    <system-out><![CDATA[14:35:09.893 [main] DEBUG org.apache.http.impl.conn.BasicClientConnectionManager -- Get connection for route {s}->https://petstore.swagger.io:443
14:35:09.893 [main] DEBUG org.apache.http.impl.conn.DefaultClientConnectionOperator -- Connecting to petstore.swagger.io:443
14:35:11.856 [main] DEBUG org.apache.http.client.protocol.RequestAddCookies -- CookieSpec selected: ignoreCookies
14:35:11.856 [main] DEBUG org.apache.http.client.protocol.RequestAuthCache -- Auth cache not set in the context
14:35:11.856 [main] DEBUG org.apache.http.client.protocol.RequestTargetAuthentication -- Target auth state: UNCHALLENGED
14:35:11.856 [main] DEBUG org.apache.http.client.protocol.RequestProxyAuthentication -- Proxy auth state: UNCHALLENGED
14:35:11.856 [main] DEBUG org.apache.http.impl.client.DefaultHttpClient -- Attempt 1 to execute request
14:35:11.856 [main] DEBUG org.apache.http.impl.conn.DefaultClientConnection -- Sending request: DELETE /v2/user/nehabose10016 HTTP/1.1
14:35:11.857 [main] DEBUG org.apache.http.wire --  >> "DELETE /v2/user/nehabose10016 HTTP/1.1[\r][\n]"
14:35:11.857 [main] DEBUG org.apache.http.wire --  >> "Accept: */*[\r][\n]"
14:35:11.857 [main] DEBUG org.apache.http.wire --  >> "Host: petstore.swagger.io[\r][\n]"
14:35:11.857 [main] DEBUG org.apache.http.wire --  >> "Connection: Keep-Alive[\r][\n]"
14:35:11.857 [main] DEBUG org.apache.http.wire --  >> "User-Agent: Apache-HttpClient/4.5.13 (Java/17.0.16)[\r][\n]"
14:35:11.857 [main] DEBUG org.apache.http.wire --  >> "Accept-Encoding: gzip,deflate[\r][\n]"
14:35:11.857 [main] DEBUG org.apache.http.wire --  >> "[\r][\n]"
14:35:11.857 [main] DEBUG org.apache.http.headers -- >> DELETE /v2/user/nehabose10016 HTTP/1.1
14:35:11.857 [main] DEBUG org.apache.http.headers -- >> Accept: */*
14:35:11.857 [main] DEBUG org.apache.http.headers -- >> Host: petstore.swagger.io
14:35:11.857 [main] DEBUG org.apache.http.headers -- >> Connection: Keep-Alive
14:35:11.857 [main] DEBUG org.apache.http.headers -- >> User-Agent: Apache-HttpClient/4.5.13 (Java/17.0.16)
14:35:11.857 [main] DEBUG org.apache.http.headers -- >> Accept-Encoding: gzip,deflate
14:35:12.152 [main] DEBUG org.apache.http.wire --  << "HTTP/1.1 404 Not Found[\r][\n]"
14:35:12.152 [main] DEBUG org.apache.http.wire --  << "Date: Tue, 02 Sep 2025 09:05:11 GMT[\r][\n]"
14:35:12.152 [main] DEBUG org.apache.http.wire --  << "Content-Length: 0[\r][\n]"
14:35:12.152 [main] DEBUG org.apache.http.wire --  << "Connection: keep-alive[\r][\n]"
14:35:12.152 [main] DEBUG org.apache.http.wire --  << "Access-Control-Allow-Origin: *[\r][\n]"
14:35:12.152 [main] DEBUG org.apache.http.wire --  << "Access-Control-Allow-Methods: GET, POST, DELETE, PUT[\r][\n]"
14:35:12.152 [main] DEBUG org.apache.http.wire --  << "Access-Control-Allow-Headers: Content-Type, api_key, Authorization[\r][\n]"
14:35:12.152 [main] DEBUG org.apache.http.wire --  << "Server: Jetty(9.2.9.v20150224)[\r][\n]"
14:35:12.152 [main] DEBUG org.apache.http.wire --  << "[\r][\n]"
14:35:12.152 [main] DEBUG org.apache.http.impl.conn.DefaultClientConnection -- Receiving response: HTTP/1.1 404 Not Found
14:35:12.152 [main] DEBUG org.apache.http.headers -- << HTTP/1.1 404 Not Found
14:35:12.152 [main] DEBUG org.apache.http.headers -- << Date: Tue, 02 Sep 2025 09:05:11 GMT
14:35:12.152 [main] DEBUG org.apache.http.headers -- << Content-Length: 0
14:35:12.152 [main] DEBUG org.apache.http.headers -- << Connection: keep-alive
14:35:12.152 [main] DEBUG org.apache.http.headers -- << Access-Control-Allow-Origin: *
14:35:12.152 [main] DEBUG org.apache.http.headers -- << Access-Control-Allow-Methods: GET, POST, DELETE, PUT
14:35:12.152 [main] DEBUG org.apache.http.headers -- << Access-Control-Allow-Headers: Content-Type, api_key, Authorization
14:35:12.152 [main] DEBUG org.apache.http.headers -- << Server: Jetty(9.2.9.v20150224)
14:35:12.152 [main] DEBUG org.apache.http.impl.client.DefaultHttpClient -- Connection can be kept alive indefinitely
]]></system-out>
  </testcase>
  <testcase name="deleteAllUsers[riyamehta10017](17)" classname="api.test.DDTests" time="0.688">
    <system-out><![CDATA[14:35:12.535 [main] DEBUG org.apache.http.impl.conn.BasicClientConnectionManager -- Get connection for route {s}->https://petstore.swagger.io:443
14:35:12.535 [main] DEBUG org.apache.http.impl.conn.DefaultClientConnectionOperator -- Connecting to petstore.swagger.io:443
14:35:13.600 [main] DEBUG org.apache.http.client.protocol.RequestAddCookies -- CookieSpec selected: ignoreCookies
14:35:13.600 [main] DEBUG org.apache.http.client.protocol.RequestAuthCache -- Auth cache not set in the context
14:35:13.600 [main] DEBUG org.apache.http.client.protocol.RequestTargetAuthentication -- Target auth state: UNCHALLENGED
14:35:13.600 [main] DEBUG org.apache.http.client.protocol.RequestProxyAuthentication -- Proxy auth state: UNCHALLENGED
14:35:13.600 [main] DEBUG org.apache.http.impl.client.DefaultHttpClient -- Attempt 1 to execute request
14:35:13.600 [main] DEBUG org.apache.http.impl.conn.DefaultClientConnection -- Sending request: DELETE /v2/user/riyamehta10017 HTTP/1.1
14:35:13.600 [main] DEBUG org.apache.http.wire --  >> "DELETE /v2/user/riyamehta10017 HTTP/1.1[\r][\n]"
14:35:13.600 [main] DEBUG org.apache.http.wire --  >> "Accept: */*[\r][\n]"
14:35:13.600 [main] DEBUG org.apache.http.wire --  >> "Host: petstore.swagger.io[\r][\n]"
14:35:13.600 [main] DEBUG org.apache.http.wire --  >> "Connection: Keep-Alive[\r][\n]"
14:35:13.600 [main] DEBUG org.apache.http.wire --  >> "User-Agent: Apache-HttpClient/4.5.13 (Java/17.0.16)[\r][\n]"
14:35:13.600 [main] DEBUG org.apache.http.wire --  >> "Accept-Encoding: gzip,deflate[\r][\n]"
14:35:13.600 [main] DEBUG org.apache.http.wire --  >> "[\r][\n]"
14:35:13.600 [main] DEBUG org.apache.http.headers -- >> DELETE /v2/user/riyamehta10017 HTTP/1.1
14:35:13.600 [main] DEBUG org.apache.http.headers -- >> Accept: */*
14:35:13.600 [main] DEBUG org.apache.http.headers -- >> Host: petstore.swagger.io
14:35:13.600 [main] DEBUG org.apache.http.headers -- >> Connection: Keep-Alive
14:35:13.600 [main] DEBUG org.apache.http.headers -- >> User-Agent: Apache-HttpClient/4.5.13 (Java/17.0.16)
14:35:13.600 [main] DEBUG org.apache.http.headers -- >> Accept-Encoding: gzip,deflate
14:35:13.879 [main] DEBUG org.apache.http.wire --  << "HTTP/1.1 404 Not Found[\r][\n]"
14:35:13.880 [main] DEBUG org.apache.http.wire --  << "Date: Tue, 02 Sep 2025 09:05:13 GMT[\r][\n]"
14:35:13.880 [main] DEBUG org.apache.http.wire --  << "Content-Length: 0[\r][\n]"
14:35:13.880 [main] DEBUG org.apache.http.wire --  << "Connection: keep-alive[\r][\n]"
14:35:13.880 [main] DEBUG org.apache.http.wire --  << "Access-Control-Allow-Origin: *[\r][\n]"
14:35:13.880 [main] DEBUG org.apache.http.wire --  << "Access-Control-Allow-Methods: GET, POST, DELETE, PUT[\r][\n]"
14:35:13.880 [main] DEBUG org.apache.http.wire --  << "Access-Control-Allow-Headers: Content-Type, api_key, Authorization[\r][\n]"
14:35:13.880 [main] DEBUG org.apache.http.wire --  << "Server: Jetty(9.2.9.v20150224)[\r][\n]"
14:35:13.880 [main] DEBUG org.apache.http.wire --  << "[\r][\n]"
14:35:13.880 [main] DEBUG org.apache.http.impl.conn.DefaultClientConnection -- Receiving response: HTTP/1.1 404 Not Found
14:35:13.880 [main] DEBUG org.apache.http.headers -- << HTTP/1.1 404 Not Found
14:35:13.880 [main] DEBUG org.apache.http.headers -- << Date: Tue, 02 Sep 2025 09:05:13 GMT
14:35:13.880 [main] DEBUG org.apache.http.headers -- << Content-Length: 0
14:35:13.880 [main] DEBUG org.apache.http.headers -- << Connection: keep-alive
14:35:13.880 [main] DEBUG org.apache.http.headers -- << Access-Control-Allow-Origin: *
14:35:13.880 [main] DEBUG org.apache.http.headers -- << Access-Control-Allow-Methods: GET, POST, DELETE, PUT
14:35:13.880 [main] DEBUG org.apache.http.headers -- << Access-Control-Allow-Headers: Content-Type, api_key, Authorization
14:35:13.880 [main] DEBUG org.apache.http.headers -- << Server: Jetty(9.2.9.v20150224)
14:35:13.881 [main] DEBUG org.apache.http.impl.client.DefaultHttpClient -- Connection can be kept alive indefinitely
]]></system-out>
  </testcase>
  <testcase name="deleteAllUsers[raghavkapoor10018](18)" classname="api.test.DDTests" time="2.55">
    <system-out><![CDATA[14:35:13.904 [main] DEBUG org.apache.http.impl.conn.BasicClientConnectionManager -- Get connection for route {s}->https://petstore.swagger.io:443
14:35:13.904 [main] DEBUG org.apache.http.impl.conn.DefaultClientConnectionOperator -- Connecting to petstore.swagger.io:443
14:35:15.638 [main] DEBUG org.apache.http.client.protocol.RequestAddCookies -- CookieSpec selected: ignoreCookies
14:35:15.638 [main] DEBUG org.apache.http.client.protocol.RequestAuthCache -- Auth cache not set in the context
14:35:15.638 [main] DEBUG org.apache.http.client.protocol.RequestTargetAuthentication -- Target auth state: UNCHALLENGED
14:35:15.638 [main] DEBUG org.apache.http.client.protocol.RequestProxyAuthentication -- Proxy auth state: UNCHALLENGED
14:35:15.638 [main] DEBUG org.apache.http.impl.client.DefaultHttpClient -- Attempt 1 to execute request
14:35:15.638 [main] DEBUG org.apache.http.impl.conn.DefaultClientConnection -- Sending request: DELETE /v2/user/raghavkapoor10018 HTTP/1.1
14:35:15.638 [main] DEBUG org.apache.http.wire --  >> "DELETE /v2/user/raghavkapoor10018 HTTP/1.1[\r][\n]"
14:35:15.638 [main] DEBUG org.apache.http.wire --  >> "Accept: */*[\r][\n]"
14:35:15.638 [main] DEBUG org.apache.http.wire --  >> "Host: petstore.swagger.io[\r][\n]"
14:35:15.638 [main] DEBUG org.apache.http.wire --  >> "Connection: Keep-Alive[\r][\n]"
14:35:15.638 [main] DEBUG org.apache.http.wire --  >> "User-Agent: Apache-HttpClient/4.5.13 (Java/17.0.16)[\r][\n]"
14:35:15.638 [main] DEBUG org.apache.http.wire --  >> "Accept-Encoding: gzip,deflate[\r][\n]"
14:35:15.638 [main] DEBUG org.apache.http.wire --  >> "[\r][\n]"
14:35:15.638 [main] DEBUG org.apache.http.headers -- >> DELETE /v2/user/raghavkapoor10018 HTTP/1.1
14:35:15.638 [main] DEBUG org.apache.http.headers -- >> Accept: */*
14:35:15.638 [main] DEBUG org.apache.http.headers -- >> Host: petstore.swagger.io
14:35:15.638 [main] DEBUG org.apache.http.headers -- >> Connection: Keep-Alive
14:35:15.638 [main] DEBUG org.apache.http.headers -- >> User-Agent: Apache-HttpClient/4.5.13 (Java/17.0.16)
14:35:15.638 [main] DEBUG org.apache.http.headers -- >> Accept-Encoding: gzip,deflate
14:35:15.918 [main] DEBUG org.apache.http.wire --  << "HTTP/1.1 200 OK[\r][\n]"
14:35:15.918 [main] DEBUG org.apache.http.wire --  << "Date: Tue, 02 Sep 2025 09:05:15 GMT[\r][\n]"
14:35:15.918 [main] DEBUG org.apache.http.wire --  << "Content-Type: application/json[\r][\n]"
14:35:15.918 [main] DEBUG org.apache.http.wire --  << "Transfer-Encoding: chunked[\r][\n]"
14:35:15.918 [main] DEBUG org.apache.http.wire --  << "Connection: keep-alive[\r][\n]"
14:35:15.918 [main] DEBUG org.apache.http.wire --  << "Access-Control-Allow-Origin: *[\r][\n]"
14:35:15.918 [main] DEBUG org.apache.http.wire --  << "Access-Control-Allow-Methods: GET, POST, DELETE, PUT[\r][\n]"
14:35:15.918 [main] DEBUG org.apache.http.wire --  << "Access-Control-Allow-Headers: Content-Type, api_key, Authorization[\r][\n]"
14:35:15.918 [main] DEBUG org.apache.http.wire --  << "Server: Jetty(9.2.9.v20150224)[\r][\n]"
14:35:15.918 [main] DEBUG org.apache.http.wire --  << "[\r][\n]"
14:35:15.918 [main] DEBUG org.apache.http.impl.conn.DefaultClientConnection -- Receiving response: HTTP/1.1 200 OK
14:35:15.918 [main] DEBUG org.apache.http.headers -- << HTTP/1.1 200 OK
14:35:15.918 [main] DEBUG org.apache.http.headers -- << Date: Tue, 02 Sep 2025 09:05:15 GMT
14:35:15.918 [main] DEBUG org.apache.http.headers -- << Content-Type: application/json
14:35:15.918 [main] DEBUG org.apache.http.headers -- << Transfer-Encoding: chunked
14:35:15.918 [main] DEBUG org.apache.http.headers -- << Connection: keep-alive
14:35:15.918 [main] DEBUG org.apache.http.headers -- << Access-Control-Allow-Origin: *
14:35:15.918 [main] DEBUG org.apache.http.headers -- << Access-Control-Allow-Methods: GET, POST, DELETE, PUT
14:35:15.918 [main] DEBUG org.apache.http.headers -- << Access-Control-Allow-Headers: Content-Type, api_key, Authorization
14:35:15.918 [main] DEBUG org.apache.http.headers -- << Server: Jetty(9.2.9.v20150224)
14:35:15.918 [main] DEBUG org.apache.http.impl.client.DefaultHttpClient -- Connection can be kept alive indefinitely
14:35:15.918 [main] DEBUG io.restassured.internal.RestAssuredHttpBuilder -- Parsing response as: application/json
14:35:15.918 [main] DEBUG io.restassured.internal.RestAssuredHttpBuilder -- Parsed data to instance of: class org.apache.http.conn.EofSensorInputStream
]]></system-out>
  </testcase>
  <testcase name="deleteAllUsers[ishaanyadav10019](19)" classname="api.test.DDTests" time="1.343">
    <system-out><![CDATA[14:35:16.178 [main] DEBUG org.apache.http.impl.conn.BasicClientConnectionManager -- Get connection for route {s}->https://petstore.swagger.io:443
14:35:16.192 [main] DEBUG org.apache.http.impl.conn.DefaultClientConnectionOperator -- Connecting to petstore.swagger.io:443
14:35:17.442 [main] DEBUG org.apache.http.client.protocol.RequestAddCookies -- CookieSpec selected: ignoreCookies
14:35:17.442 [main] DEBUG org.apache.http.client.protocol.RequestAuthCache -- Auth cache not set in the context
14:35:17.442 [main] DEBUG org.apache.http.client.protocol.RequestTargetAuthentication -- Target auth state: UNCHALLENGED
14:35:17.442 [main] DEBUG org.apache.http.client.protocol.RequestProxyAuthentication -- Proxy auth state: UNCHALLENGED
14:35:17.442 [main] DEBUG org.apache.http.impl.client.DefaultHttpClient -- Attempt 1 to execute request
14:35:17.442 [main] DEBUG org.apache.http.impl.conn.DefaultClientConnection -- Sending request: DELETE /v2/user/ishaanyadav10019 HTTP/1.1
14:35:17.442 [main] DEBUG org.apache.http.wire --  >> "DELETE /v2/user/ishaanyadav10019 HTTP/1.1[\r][\n]"
14:35:17.442 [main] DEBUG org.apache.http.wire --  >> "Accept: */*[\r][\n]"
14:35:17.442 [main] DEBUG org.apache.http.wire --  >> "Host: petstore.swagger.io[\r][\n]"
14:35:17.442 [main] DEBUG org.apache.http.wire --  >> "Connection: Keep-Alive[\r][\n]"
14:35:17.442 [main] DEBUG org.apache.http.wire --  >> "User-Agent: Apache-HttpClient/4.5.13 (Java/17.0.16)[\r][\n]"
14:35:17.443 [main] DEBUG org.apache.http.wire --  >> "Accept-Encoding: gzip,deflate[\r][\n]"
14:35:17.443 [main] DEBUG org.apache.http.wire --  >> "[\r][\n]"
14:35:17.443 [main] DEBUG org.apache.http.headers -- >> DELETE /v2/user/ishaanyadav10019 HTTP/1.1
14:35:17.443 [main] DEBUG org.apache.http.headers -- >> Accept: */*
14:35:17.443 [main] DEBUG org.apache.http.headers -- >> Host: petstore.swagger.io
14:35:17.443 [main] DEBUG org.apache.http.headers -- >> Connection: Keep-Alive
14:35:17.443 [main] DEBUG org.apache.http.headers -- >> User-Agent: Apache-HttpClient/4.5.13 (Java/17.0.16)
14:35:17.443 [main] DEBUG org.apache.http.headers -- >> Accept-Encoding: gzip,deflate
14:35:17.777 [main] DEBUG org.apache.http.wire --  << "HTTP/1.1 200 OK[\r][\n]"
14:35:17.777 [main] DEBUG org.apache.http.wire --  << "Date: Tue, 02 Sep 2025 09:05:17 GMT[\r][\n]"
14:35:17.777 [main] DEBUG org.apache.http.wire --  << "Content-Type: application/json[\r][\n]"
14:35:17.777 [main] DEBUG org.apache.http.wire --  << "Transfer-Encoding: chunked[\r][\n]"
14:35:17.777 [main] DEBUG org.apache.http.wire --  << "Connection: keep-alive[\r][\n]"
14:35:17.777 [main] DEBUG org.apache.http.wire --  << "Access-Control-Allow-Origin: *[\r][\n]"
14:35:17.777 [main] DEBUG org.apache.http.wire --  << "Access-Control-Allow-Methods: GET, POST, DELETE, PUT[\r][\n]"
14:35:17.778 [main] DEBUG org.apache.http.wire --  << "Access-Control-Allow-Headers: Content-Type, api_key, Authorization[\r][\n]"
14:35:17.778 [main] DEBUG org.apache.http.wire --  << "Server: Jetty(9.2.9.v20150224)[\r][\n]"
14:35:17.778 [main] DEBUG org.apache.http.wire --  << "[\r][\n]"
14:35:17.778 [main] DEBUG org.apache.http.impl.conn.DefaultClientConnection -- Receiving response: HTTP/1.1 200 OK
14:35:17.778 [main] DEBUG org.apache.http.headers -- << HTTP/1.1 200 OK
14:35:17.778 [main] DEBUG org.apache.http.headers -- << Date: Tue, 02 Sep 2025 09:05:17 GMT
14:35:17.778 [main] DEBUG org.apache.http.headers -- << Content-Type: application/json
14:35:17.778 [main] DEBUG org.apache.http.headers -- << Transfer-Encoding: chunked
14:35:17.778 [main] DEBUG org.apache.http.headers -- << Connection: keep-alive
14:35:17.778 [main] DEBUG org.apache.http.headers -- << Access-Control-Allow-Origin: *
14:35:17.778 [main] DEBUG org.apache.http.headers -- << Access-Control-Allow-Methods: GET, POST, DELETE, PUT
14:35:17.778 [main] DEBUG org.apache.http.headers -- << Access-Control-Allow-Headers: Content-Type, api_key, Authorization
14:35:17.778 [main] DEBUG org.apache.http.headers -- << Server: Jetty(9.2.9.v20150224)
14:35:17.778 [main] DEBUG org.apache.http.impl.client.DefaultHttpClient -- Connection can be kept alive indefinitely
14:35:17.779 [main] DEBUG io.restassured.internal.RestAssuredHttpBuilder -- Parsing response as: application/json
14:35:17.779 [main] DEBUG io.restassured.internal.RestAssuredHttpBuilder -- Parsed data to instance of: class org.apache.http.conn.EofSensorInputStream
]]></system-out>
  </testcase>
  <testcase name="deleteAllUsers[nehasharma10020](20)" classname="api.test.DDTests" time="1.574">
    <system-out><![CDATA[14:35:17.878 [main] DEBUG org.apache.http.impl.conn.BasicClientConnectionManager -- Get connection for route {s}->https://petstore.swagger.io:443
14:35:17.878 [main] DEBUG org.apache.http.impl.conn.DefaultClientConnectionOperator -- Connecting to petstore.swagger.io:443
14:35:19.078 [main] DEBUG org.apache.http.client.protocol.RequestAddCookies -- CookieSpec selected: ignoreCookies
14:35:19.078 [main] DEBUG org.apache.http.client.protocol.RequestAuthCache -- Auth cache not set in the context
14:35:19.080 [main] DEBUG org.apache.http.client.protocol.RequestTargetAuthentication -- Target auth state: UNCHALLENGED
14:35:19.080 [main] DEBUG org.apache.http.client.protocol.RequestProxyAuthentication -- Proxy auth state: UNCHALLENGED
14:35:19.080 [main] DEBUG org.apache.http.impl.client.DefaultHttpClient -- Attempt 1 to execute request
14:35:19.080 [main] DEBUG org.apache.http.impl.conn.DefaultClientConnection -- Sending request: DELETE /v2/user/nehasharma10020 HTTP/1.1
14:35:19.080 [main] DEBUG org.apache.http.wire --  >> "DELETE /v2/user/nehasharma10020 HTTP/1.1[\r][\n]"
14:35:19.080 [main] DEBUG org.apache.http.wire --  >> "Accept: */*[\r][\n]"
14:35:19.080 [main] DEBUG org.apache.http.wire --  >> "Host: petstore.swagger.io[\r][\n]"
14:35:19.080 [main] DEBUG org.apache.http.wire --  >> "Connection: Keep-Alive[\r][\n]"
14:35:19.080 [main] DEBUG org.apache.http.wire --  >> "User-Agent: Apache-HttpClient/4.5.13 (Java/17.0.16)[\r][\n]"
14:35:19.080 [main] DEBUG org.apache.http.wire --  >> "Accept-Encoding: gzip,deflate[\r][\n]"
14:35:19.080 [main] DEBUG org.apache.http.wire --  >> "[\r][\n]"
14:35:19.080 [main] DEBUG org.apache.http.headers -- >> DELETE /v2/user/nehasharma10020 HTTP/1.1
14:35:19.080 [main] DEBUG org.apache.http.headers -- >> Accept: */*
14:35:19.080 [main] DEBUG org.apache.http.headers -- >> Host: petstore.swagger.io
14:35:19.080 [main] DEBUG org.apache.http.headers -- >> Connection: Keep-Alive
14:35:19.080 [main] DEBUG org.apache.http.headers -- >> User-Agent: Apache-HttpClient/4.5.13 (Java/17.0.16)
14:35:19.080 [main] DEBUG org.apache.http.headers -- >> Accept-Encoding: gzip,deflate
14:35:19.367 [main] DEBUG org.apache.http.wire --  << "HTTP/1.1 404 Not Found[\r][\n]"
14:35:19.368 [main] DEBUG org.apache.http.wire --  << "Date: Tue, 02 Sep 2025 09:05:18 GMT[\r][\n]"
14:35:19.368 [main] DEBUG org.apache.http.wire --  << "Content-Length: 0[\r][\n]"
14:35:19.368 [main] DEBUG org.apache.http.wire --  << "Connection: keep-alive[\r][\n]"
14:35:19.368 [main] DEBUG org.apache.http.wire --  << "Access-Control-Allow-Origin: *[\r][\n]"
14:35:19.368 [main] DEBUG org.apache.http.wire --  << "Access-Control-Allow-Methods: GET, POST, DELETE, PUT[\r][\n]"
14:35:19.368 [main] DEBUG org.apache.http.wire --  << "Access-Control-Allow-Headers: Content-Type, api_key, Authorization[\r][\n]"
14:35:19.368 [main] DEBUG org.apache.http.wire --  << "Server: Jetty(9.2.9.v20150224)[\r][\n]"
14:35:19.368 [main] DEBUG org.apache.http.wire --  << "[\r][\n]"
14:35:19.368 [main] DEBUG org.apache.http.impl.conn.DefaultClientConnection -- Receiving response: HTTP/1.1 404 Not Found
14:35:19.368 [main] DEBUG org.apache.http.headers -- << HTTP/1.1 404 Not Found
14:35:19.368 [main] DEBUG org.apache.http.headers -- << Date: Tue, 02 Sep 2025 09:05:18 GMT
14:35:19.368 [main] DEBUG org.apache.http.headers -- << Content-Length: 0
14:35:19.368 [main] DEBUG org.apache.http.headers -- << Connection: keep-alive
14:35:19.368 [main] DEBUG org.apache.http.headers -- << Access-Control-Allow-Origin: *
14:35:19.368 [main] DEBUG org.apache.http.headers -- << Access-Control-Allow-Methods: GET, POST, DELETE, PUT
14:35:19.368 [main] DEBUG org.apache.http.headers -- << Access-Control-Allow-Headers: Content-Type, api_key, Authorization
14:35:19.368 [main] DEBUG org.apache.http.headers -- << Server: Jetty(9.2.9.v20150224)
14:35:19.368 [main] DEBUG org.apache.http.impl.client.DefaultHttpClient -- Connection can be kept alive indefinitely
]]></system-out>
  </testcase>
  <testcase name="deleteAllUsers[kabirgupta10021](21)" classname="api.test.DDTests" time="1.472">
    <system-out><![CDATA[14:35:19.409 [main] DEBUG org.apache.http.impl.conn.BasicClientConnectionManager -- Get connection for route {s}->https://petstore.swagger.io:443
14:35:19.410 [main] DEBUG org.apache.http.impl.conn.DefaultClientConnectionOperator -- Connecting to petstore.swagger.io:443
14:35:20.482 [main] DEBUG org.apache.http.client.protocol.RequestAddCookies -- CookieSpec selected: ignoreCookies
14:35:20.482 [main] DEBUG org.apache.http.client.protocol.RequestAuthCache -- Auth cache not set in the context
14:35:20.482 [main] DEBUG org.apache.http.client.protocol.RequestTargetAuthentication -- Target auth state: UNCHALLENGED
14:35:20.482 [main] DEBUG org.apache.http.client.protocol.RequestProxyAuthentication -- Proxy auth state: UNCHALLENGED
14:35:20.482 [main] DEBUG org.apache.http.impl.client.DefaultHttpClient -- Attempt 1 to execute request
14:35:20.482 [main] DEBUG org.apache.http.impl.conn.DefaultClientConnection -- Sending request: DELETE /v2/user/kabirgupta10021 HTTP/1.1
14:35:20.482 [main] DEBUG org.apache.http.wire --  >> "DELETE /v2/user/kabirgupta10021 HTTP/1.1[\r][\n]"
14:35:20.482 [main] DEBUG org.apache.http.wire --  >> "Accept: */*[\r][\n]"
14:35:20.482 [main] DEBUG org.apache.http.wire --  >> "Host: petstore.swagger.io[\r][\n]"
14:35:20.482 [main] DEBUG org.apache.http.wire --  >> "Connection: Keep-Alive[\r][\n]"
14:35:20.482 [main] DEBUG org.apache.http.wire --  >> "User-Agent: Apache-HttpClient/4.5.13 (Java/17.0.16)[\r][\n]"
14:35:20.482 [main] DEBUG org.apache.http.wire --  >> "Accept-Encoding: gzip,deflate[\r][\n]"
14:35:20.482 [main] DEBUG org.apache.http.wire --  >> "[\r][\n]"
14:35:20.482 [main] DEBUG org.apache.http.headers -- >> DELETE /v2/user/kabirgupta10021 HTTP/1.1
14:35:20.482 [main] DEBUG org.apache.http.headers -- >> Accept: */*
14:35:20.482 [main] DEBUG org.apache.http.headers -- >> Host: petstore.swagger.io
14:35:20.482 [main] DEBUG org.apache.http.headers -- >> Connection: Keep-Alive
14:35:20.482 [main] DEBUG org.apache.http.headers -- >> User-Agent: Apache-HttpClient/4.5.13 (Java/17.0.16)
14:35:20.482 [main] DEBUG org.apache.http.headers -- >> Accept-Encoding: gzip,deflate
14:35:20.780 [main] DEBUG org.apache.http.wire --  << "HTTP/1.1 200 OK[\r][\n]"
14:35:20.780 [main] DEBUG org.apache.http.wire --  << "Date: Tue, 02 Sep 2025 09:05:20 GMT[\r][\n]"
14:35:20.780 [main] DEBUG org.apache.http.wire --  << "Content-Type: application/json[\r][\n]"
14:35:20.780 [main] DEBUG org.apache.http.wire --  << "Transfer-Encoding: chunked[\r][\n]"
14:35:20.780 [main] DEBUG org.apache.http.wire --  << "Connection: keep-alive[\r][\n]"
14:35:20.780 [main] DEBUG org.apache.http.wire --  << "Access-Control-Allow-Origin: *[\r][\n]"
14:35:20.780 [main] DEBUG org.apache.http.wire --  << "Access-Control-Allow-Methods: GET, POST, DELETE, PUT[\r][\n]"
14:35:20.780 [main] DEBUG org.apache.http.wire --  << "Access-Control-Allow-Headers: Content-Type, api_key, Authorization[\r][\n]"
14:35:20.780 [main] DEBUG org.apache.http.wire --  << "Server: Jetty(9.2.9.v20150224)[\r][\n]"
14:35:20.780 [main] DEBUG org.apache.http.wire --  << "[\r][\n]"
14:35:20.780 [main] DEBUG org.apache.http.impl.conn.DefaultClientConnection -- Receiving response: HTTP/1.1 200 OK
14:35:20.780 [main] DEBUG org.apache.http.headers -- << HTTP/1.1 200 OK
14:35:20.780 [main] DEBUG org.apache.http.headers -- << Date: Tue, 02 Sep 2025 09:05:20 GMT
14:35:20.780 [main] DEBUG org.apache.http.headers -- << Content-Type: application/json
14:35:20.780 [main] DEBUG org.apache.http.headers -- << Transfer-Encoding: chunked
14:35:20.780 [main] DEBUG org.apache.http.headers -- << Connection: keep-alive
14:35:20.780 [main] DEBUG org.apache.http.headers -- << Access-Control-Allow-Origin: *
14:35:20.780 [main] DEBUG org.apache.http.headers -- << Access-Control-Allow-Methods: GET, POST, DELETE, PUT
14:35:20.780 [main] DEBUG org.apache.http.headers -- << Access-Control-Allow-Headers: Content-Type, api_key, Authorization
14:35:20.780 [main] DEBUG org.apache.http.headers -- << Server: Jetty(9.2.9.v20150224)
14:35:20.782 [main] DEBUG org.apache.http.impl.client.DefaultHttpClient -- Connection can be kept alive indefinitely
14:35:20.782 [main] DEBUG io.restassured.internal.RestAssuredHttpBuilder -- Parsing response as: application/json
14:35:20.782 [main] DEBUG io.restassured.internal.RestAssuredHttpBuilder -- Parsed data to instance of: class org.apache.http.conn.EofSensorInputStream
]]></system-out>
  </testcase>
  <testcase name="deleteAllUsers[meerapillai10022](22)" classname="api.test.DDTests" time="1.938">
    <system-out><![CDATA[14:35:20.830 [main] DEBUG org.apache.http.impl.conn.BasicClientConnectionManager -- Get connection for route {s}->https://petstore.swagger.io:443
14:35:20.834 [main] DEBUG org.apache.http.impl.conn.DefaultClientConnectionOperator -- Connecting to petstore.swagger.io:443
14:35:21.839 [main] DEBUG org.apache.http.client.protocol.RequestAddCookies -- CookieSpec selected: ignoreCookies
14:35:21.839 [main] DEBUG org.apache.http.client.protocol.RequestAuthCache -- Auth cache not set in the context
14:35:21.839 [main] DEBUG org.apache.http.client.protocol.RequestTargetAuthentication -- Target auth state: UNCHALLENGED
14:35:21.839 [main] DEBUG org.apache.http.client.protocol.RequestProxyAuthentication -- Proxy auth state: UNCHALLENGED
14:35:21.839 [main] DEBUG org.apache.http.impl.client.DefaultHttpClient -- Attempt 1 to execute request
14:35:21.839 [main] DEBUG org.apache.http.impl.conn.DefaultClientConnection -- Sending request: DELETE /v2/user/meerapillai10022 HTTP/1.1
14:35:21.839 [main] DEBUG org.apache.http.wire --  >> "DELETE /v2/user/meerapillai10022 HTTP/1.1[\r][\n]"
14:35:21.839 [main] DEBUG org.apache.http.wire --  >> "Accept: */*[\r][\n]"
14:35:21.839 [main] DEBUG org.apache.http.wire --  >> "Host: petstore.swagger.io[\r][\n]"
14:35:21.839 [main] DEBUG org.apache.http.wire --  >> "Connection: Keep-Alive[\r][\n]"
14:35:21.839 [main] DEBUG org.apache.http.wire --  >> "User-Agent: Apache-HttpClient/4.5.13 (Java/17.0.16)[\r][\n]"
14:35:21.839 [main] DEBUG org.apache.http.wire --  >> "Accept-Encoding: gzip,deflate[\r][\n]"
14:35:21.839 [main] DEBUG org.apache.http.wire --  >> "[\r][\n]"
14:35:21.839 [main] DEBUG org.apache.http.headers -- >> DELETE /v2/user/meerapillai10022 HTTP/1.1
14:35:21.839 [main] DEBUG org.apache.http.headers -- >> Accept: */*
14:35:21.839 [main] DEBUG org.apache.http.headers -- >> Host: petstore.swagger.io
14:35:21.839 [main] DEBUG org.apache.http.headers -- >> Connection: Keep-Alive
14:35:21.839 [main] DEBUG org.apache.http.headers -- >> User-Agent: Apache-HttpClient/4.5.13 (Java/17.0.16)
14:35:21.839 [main] DEBUG org.apache.http.headers -- >> Accept-Encoding: gzip,deflate
14:35:22.134 [main] DEBUG org.apache.http.wire --  << "HTTP/1.1 200 OK[\r][\n]"
14:35:22.134 [main] DEBUG org.apache.http.wire --  << "Date: Tue, 02 Sep 2025 09:05:21 GMT[\r][\n]"
14:35:22.134 [main] DEBUG org.apache.http.wire --  << "Content-Type: application/json[\r][\n]"
14:35:22.134 [main] DEBUG org.apache.http.wire --  << "Transfer-Encoding: chunked[\r][\n]"
14:35:22.134 [main] DEBUG org.apache.http.wire --  << "Connection: keep-alive[\r][\n]"
14:35:22.134 [main] DEBUG org.apache.http.wire --  << "Access-Control-Allow-Origin: *[\r][\n]"
14:35:22.134 [main] DEBUG org.apache.http.wire --  << "Access-Control-Allow-Methods: GET, POST, DELETE, PUT[\r][\n]"
14:35:22.134 [main] DEBUG org.apache.http.wire --  << "Access-Control-Allow-Headers: Content-Type, api_key, Authorization[\r][\n]"
14:35:22.134 [main] DEBUG org.apache.http.wire --  << "Server: Jetty(9.2.9.v20150224)[\r][\n]"
14:35:22.134 [main] DEBUG org.apache.http.wire --  << "[\r][\n]"
14:35:22.135 [main] DEBUG org.apache.http.impl.conn.DefaultClientConnection -- Receiving response: HTTP/1.1 200 OK
14:35:22.135 [main] DEBUG org.apache.http.headers -- << HTTP/1.1 200 OK
14:35:22.135 [main] DEBUG org.apache.http.headers -- << Date: Tue, 02 Sep 2025 09:05:21 GMT
14:35:22.135 [main] DEBUG org.apache.http.headers -- << Content-Type: application/json
14:35:22.135 [main] DEBUG org.apache.http.headers -- << Transfer-Encoding: chunked
14:35:22.135 [main] DEBUG org.apache.http.headers -- << Connection: keep-alive
14:35:22.135 [main] DEBUG org.apache.http.headers -- << Access-Control-Allow-Origin: *
14:35:22.135 [main] DEBUG org.apache.http.headers -- << Access-Control-Allow-Methods: GET, POST, DELETE, PUT
14:35:22.135 [main] DEBUG org.apache.http.headers -- << Access-Control-Allow-Headers: Content-Type, api_key, Authorization
14:35:22.136 [main] DEBUG org.apache.http.headers -- << Server: Jetty(9.2.9.v20150224)
14:35:22.136 [main] DEBUG org.apache.http.impl.client.DefaultHttpClient -- Connection can be kept alive indefinitely
14:35:22.136 [main] DEBUG io.restassured.internal.RestAssuredHttpBuilder -- Parsing response as: application/json
14:35:22.136 [main] DEBUG io.restassured.internal.RestAssuredHttpBuilder -- Parsed data to instance of: class org.apache.http.conn.EofSensorInputStream
]]></system-out>
  </testcase>
  <testcase name="deleteAllUsers[adityasingh10023](23)" classname="api.test.DDTests" time="1.214">
    <system-out><![CDATA[14:35:22.175 [main] DEBUG org.apache.http.impl.conn.BasicClientConnectionManager -- Get connection for route {s}->https://petstore.swagger.io:443
14:35:22.177 [main] DEBUG org.apache.http.impl.conn.DefaultClientConnectionOperator -- Connecting to petstore.swagger.io:443
14:35:23.451 [main] DEBUG org.apache.http.client.protocol.RequestAddCookies -- CookieSpec selected: ignoreCookies
14:35:23.451 [main] DEBUG org.apache.http.client.protocol.RequestAuthCache -- Auth cache not set in the context
14:35:23.451 [main] DEBUG org.apache.http.client.protocol.RequestTargetAuthentication -- Target auth state: UNCHALLENGED
14:35:23.451 [main] DEBUG org.apache.http.client.protocol.RequestProxyAuthentication -- Proxy auth state: UNCHALLENGED
14:35:23.451 [main] DEBUG org.apache.http.impl.client.DefaultHttpClient -- Attempt 1 to execute request
14:35:23.451 [main] DEBUG org.apache.http.impl.conn.DefaultClientConnection -- Sending request: DELETE /v2/user/adityasingh10023 HTTP/1.1
14:35:23.451 [main] DEBUG org.apache.http.wire --  >> "DELETE /v2/user/adityasingh10023 HTTP/1.1[\r][\n]"
14:35:23.453 [main] DEBUG org.apache.http.wire --  >> "Accept: */*[\r][\n]"
14:35:23.453 [main] DEBUG org.apache.http.wire --  >> "Host: petstore.swagger.io[\r][\n]"
14:35:23.453 [main] DEBUG org.apache.http.wire --  >> "Connection: Keep-Alive[\r][\n]"
14:35:23.453 [main] DEBUG org.apache.http.wire --  >> "User-Agent: Apache-HttpClient/4.5.13 (Java/17.0.16)[\r][\n]"
14:35:23.453 [main] DEBUG org.apache.http.wire --  >> "Accept-Encoding: gzip,deflate[\r][\n]"
14:35:23.453 [main] DEBUG org.apache.http.wire --  >> "[\r][\n]"
14:35:23.453 [main] DEBUG org.apache.http.headers -- >> DELETE /v2/user/adityasingh10023 HTTP/1.1
14:35:23.453 [main] DEBUG org.apache.http.headers -- >> Accept: */*
14:35:23.453 [main] DEBUG org.apache.http.headers -- >> Host: petstore.swagger.io
14:35:23.453 [main] DEBUG org.apache.http.headers -- >> Connection: Keep-Alive
14:35:23.453 [main] DEBUG org.apache.http.headers -- >> User-Agent: Apache-HttpClient/4.5.13 (Java/17.0.16)
14:35:23.453 [main] DEBUG org.apache.http.headers -- >> Accept-Encoding: gzip,deflate
14:35:23.855 [main] DEBUG org.apache.http.wire --  << "HTTP/1.1 200 OK[\r][\n]"
14:35:23.856 [main] DEBUG org.apache.http.wire --  << "Date: Tue, 02 Sep 2025 09:05:23 GMT[\r][\n]"
14:35:23.856 [main] DEBUG org.apache.http.wire --  << "Content-Type: application/json[\r][\n]"
14:35:23.856 [main] DEBUG org.apache.http.wire --  << "Transfer-Encoding: chunked[\r][\n]"
14:35:23.856 [main] DEBUG org.apache.http.wire --  << "Connection: keep-alive[\r][\n]"
14:35:23.856 [main] DEBUG org.apache.http.wire --  << "Access-Control-Allow-Origin: *[\r][\n]"
14:35:23.856 [main] DEBUG org.apache.http.wire --  << "Access-Control-Allow-Methods: GET, POST, DELETE, PUT[\r][\n]"
14:35:23.856 [main] DEBUG org.apache.http.wire --  << "Access-Control-Allow-Headers: Content-Type, api_key, Authorization[\r][\n]"
14:35:23.856 [main] DEBUG org.apache.http.wire --  << "Server: Jetty(9.2.9.v20150224)[\r][\n]"
14:35:23.856 [main] DEBUG org.apache.http.wire --  << "[\r][\n]"
14:35:23.856 [main] DEBUG org.apache.http.impl.conn.DefaultClientConnection -- Receiving response: HTTP/1.1 200 OK
14:35:23.856 [main] DEBUG org.apache.http.headers -- << HTTP/1.1 200 OK
14:35:23.856 [main] DEBUG org.apache.http.headers -- << Date: Tue, 02 Sep 2025 09:05:23 GMT
14:35:23.856 [main] DEBUG org.apache.http.headers -- << Content-Type: application/json
14:35:23.856 [main] DEBUG org.apache.http.headers -- << Transfer-Encoding: chunked
14:35:23.856 [main] DEBUG org.apache.http.headers -- << Connection: keep-alive
14:35:23.856 [main] DEBUG org.apache.http.headers -- << Access-Control-Allow-Origin: *
14:35:23.856 [main] DEBUG org.apache.http.headers -- << Access-Control-Allow-Methods: GET, POST, DELETE, PUT
14:35:23.856 [main] DEBUG org.apache.http.headers -- << Access-Control-Allow-Headers: Content-Type, api_key, Authorization
14:35:23.856 [main] DEBUG org.apache.http.headers -- << Server: Jetty(9.2.9.v20150224)
14:35:23.857 [main] DEBUG org.apache.http.impl.client.DefaultHttpClient -- Connection can be kept alive indefinitely
14:35:23.858 [main] DEBUG io.restassured.internal.RestAssuredHttpBuilder -- Parsing response as: application/json
14:35:23.858 [main] DEBUG io.restassured.internal.RestAssuredHttpBuilder -- Parsed data to instance of: class org.apache.http.conn.EofSensorInputStream
]]></system-out>
  </testcase>
  <testcase name="deleteAllUsers[vihaankhanna10024](24)" classname="api.test.DDTests" time="2.318">
    <system-out><![CDATA[14:35:23.985 [main] DEBUG org.apache.http.impl.conn.BasicClientConnectionManager -- Get connection for route {s}->https://petstore.swagger.io:443
14:35:23.985 [main] DEBUG org.apache.http.impl.conn.DefaultClientConnectionOperator -- Connecting to petstore.swagger.io:443
14:35:25.602 [main] DEBUG org.apache.http.client.protocol.RequestAddCookies -- CookieSpec selected: ignoreCookies
14:35:25.602 [main] DEBUG org.apache.http.client.protocol.RequestAuthCache -- Auth cache not set in the context
14:35:25.602 [main] DEBUG org.apache.http.client.protocol.RequestTargetAuthentication -- Target auth state: UNCHALLENGED
14:35:25.602 [main] DEBUG org.apache.http.client.protocol.RequestProxyAuthentication -- Proxy auth state: UNCHALLENGED
14:35:25.602 [main] DEBUG org.apache.http.impl.client.DefaultHttpClient -- Attempt 1 to execute request
14:35:25.602 [main] DEBUG org.apache.http.impl.conn.DefaultClientConnection -- Sending request: DELETE /v2/user/vihaankhanna10024 HTTP/1.1
14:35:25.602 [main] DEBUG org.apache.http.wire --  >> "DELETE /v2/user/vihaankhanna10024 HTTP/1.1[\r][\n]"
14:35:25.602 [main] DEBUG org.apache.http.wire --  >> "Accept: */*[\r][\n]"
14:35:25.602 [main] DEBUG org.apache.http.wire --  >> "Host: petstore.swagger.io[\r][\n]"
14:35:25.602 [main] DEBUG org.apache.http.wire --  >> "Connection: Keep-Alive[\r][\n]"
14:35:25.602 [main] DEBUG org.apache.http.wire --  >> "User-Agent: Apache-HttpClient/4.5.13 (Java/17.0.16)[\r][\n]"
14:35:25.602 [main] DEBUG org.apache.http.wire --  >> "Accept-Encoding: gzip,deflate[\r][\n]"
14:35:25.602 [main] DEBUG org.apache.http.wire --  >> "[\r][\n]"
14:35:25.602 [main] DEBUG org.apache.http.headers -- >> DELETE /v2/user/vihaankhanna10024 HTTP/1.1
14:35:25.602 [main] DEBUG org.apache.http.headers -- >> Accept: */*
14:35:25.602 [main] DEBUG org.apache.http.headers -- >> Host: petstore.swagger.io
14:35:25.602 [main] DEBUG org.apache.http.headers -- >> Connection: Keep-Alive
14:35:25.602 [main] DEBUG org.apache.http.headers -- >> User-Agent: Apache-HttpClient/4.5.13 (Java/17.0.16)
14:35:25.602 [main] DEBUG org.apache.http.headers -- >> Accept-Encoding: gzip,deflate
14:35:25.912 [main] DEBUG org.apache.http.wire --  << "HTTP/1.1 404 Not Found[\r][\n]"
14:35:25.912 [main] DEBUG org.apache.http.wire --  << "Date: Tue, 02 Sep 2025 09:05:25 GMT[\r][\n]"
14:35:25.912 [main] DEBUG org.apache.http.wire --  << "Content-Length: 0[\r][\n]"
14:35:25.912 [main] DEBUG org.apache.http.wire --  << "Connection: keep-alive[\r][\n]"
14:35:25.912 [main] DEBUG org.apache.http.wire --  << "Access-Control-Allow-Origin: *[\r][\n]"
14:35:25.912 [main] DEBUG org.apache.http.wire --  << "Access-Control-Allow-Methods: GET, POST, DELETE, PUT[\r][\n]"
14:35:25.912 [main] DEBUG org.apache.http.wire --  << "Access-Control-Allow-Headers: Content-Type, api_key, Authorization[\r][\n]"
14:35:25.912 [main] DEBUG org.apache.http.wire --  << "Server: Jetty(9.2.9.v20150224)[\r][\n]"
14:35:25.912 [main] DEBUG org.apache.http.wire --  << "[\r][\n]"
14:35:25.912 [main] DEBUG org.apache.http.impl.conn.DefaultClientConnection -- Receiving response: HTTP/1.1 404 Not Found
14:35:25.912 [main] DEBUG org.apache.http.headers -- << HTTP/1.1 404 Not Found
14:35:25.912 [main] DEBUG org.apache.http.headers -- << Date: Tue, 02 Sep 2025 09:05:25 GMT
14:35:25.912 [main] DEBUG org.apache.http.headers -- << Content-Length: 0
14:35:25.912 [main] DEBUG org.apache.http.headers -- << Connection: keep-alive
14:35:25.912 [main] DEBUG org.apache.http.headers -- << Access-Control-Allow-Origin: *
14:35:25.912 [main] DEBUG org.apache.http.headers -- << Access-Control-Allow-Methods: GET, POST, DELETE, PUT
14:35:25.912 [main] DEBUG org.apache.http.headers -- << Access-Control-Allow-Headers: Content-Type, api_key, Authorization
14:35:25.912 [main] DEBUG org.apache.http.headers -- << Server: Jetty(9.2.9.v20150224)
14:35:25.912 [main] DEBUG org.apache.http.impl.client.DefaultHttpClient -- Connection can be kept alive indefinitely
]]></system-out>
  </testcase>
  <testcase name="deleteAllUsers[simranverma10025](25)" classname="api.test.DDTests" time="1.528">
    <system-out><![CDATA[14:35:26.366 [main] DEBUG org.apache.http.impl.conn.BasicClientConnectionManager -- Get connection for route {s}->https://petstore.swagger.io:443
14:35:26.366 [main] DEBUG org.apache.http.impl.conn.DefaultClientConnectionOperator -- Connecting to petstore.swagger.io:443
14:35:27.374 [main] DEBUG org.apache.http.client.protocol.RequestAddCookies -- CookieSpec selected: ignoreCookies
14:35:27.376 [main] DEBUG org.apache.http.client.protocol.RequestAuthCache -- Auth cache not set in the context
14:35:27.376 [main] DEBUG org.apache.http.client.protocol.RequestTargetAuthentication -- Target auth state: UNCHALLENGED
14:35:27.376 [main] DEBUG org.apache.http.client.protocol.RequestProxyAuthentication -- Proxy auth state: UNCHALLENGED
14:35:27.376 [main] DEBUG org.apache.http.impl.client.DefaultHttpClient -- Attempt 1 to execute request
14:35:27.376 [main] DEBUG org.apache.http.impl.conn.DefaultClientConnection -- Sending request: DELETE /v2/user/simranverma10025 HTTP/1.1
14:35:27.376 [main] DEBUG org.apache.http.wire --  >> "DELETE /v2/user/simranverma10025 HTTP/1.1[\r][\n]"
14:35:27.376 [main] DEBUG org.apache.http.wire --  >> "Accept: */*[\r][\n]"
14:35:27.376 [main] DEBUG org.apache.http.wire --  >> "Host: petstore.swagger.io[\r][\n]"
14:35:27.376 [main] DEBUG org.apache.http.wire --  >> "Connection: Keep-Alive[\r][\n]"
14:35:27.376 [main] DEBUG org.apache.http.wire --  >> "User-Agent: Apache-HttpClient/4.5.13 (Java/17.0.16)[\r][\n]"
14:35:27.376 [main] DEBUG org.apache.http.wire --  >> "Accept-Encoding: gzip,deflate[\r][\n]"
14:35:27.376 [main] DEBUG org.apache.http.wire --  >> "[\r][\n]"
14:35:27.376 [main] DEBUG org.apache.http.headers -- >> DELETE /v2/user/simranverma10025 HTTP/1.1
14:35:27.376 [main] DEBUG org.apache.http.headers -- >> Accept: */*
14:35:27.376 [main] DEBUG org.apache.http.headers -- >> Host: petstore.swagger.io
14:35:27.376 [main] DEBUG org.apache.http.headers -- >> Connection: Keep-Alive
14:35:27.376 [main] DEBUG org.apache.http.headers -- >> User-Agent: Apache-HttpClient/4.5.13 (Java/17.0.16)
14:35:27.376 [main] DEBUG org.apache.http.headers -- >> Accept-Encoding: gzip,deflate
14:35:27.694 [main] DEBUG org.apache.http.wire --  << "HTTP/1.1 200 OK[\r][\n]"
14:35:27.694 [main] DEBUG org.apache.http.wire --  << "Date: Tue, 02 Sep 2025 09:05:27 GMT[\r][\n]"
14:35:27.694 [main] DEBUG org.apache.http.wire --  << "Content-Type: application/json[\r][\n]"
14:35:27.694 [main] DEBUG org.apache.http.wire --  << "Transfer-Encoding: chunked[\r][\n]"
14:35:27.694 [main] DEBUG org.apache.http.wire --  << "Connection: keep-alive[\r][\n]"
14:35:27.694 [main] DEBUG org.apache.http.wire --  << "Access-Control-Allow-Origin: *[\r][\n]"
14:35:27.694 [main] DEBUG org.apache.http.wire --  << "Access-Control-Allow-Methods: GET, POST, DELETE, PUT[\r][\n]"
14:35:27.694 [main] DEBUG org.apache.http.wire --  << "Access-Control-Allow-Headers: Content-Type, api_key, Authorization[\r][\n]"
14:35:27.694 [main] DEBUG org.apache.http.wire --  << "Server: Jetty(9.2.9.v20150224)[\r][\n]"
14:35:27.694 [main] DEBUG org.apache.http.wire --  << "[\r][\n]"
14:35:27.694 [main] DEBUG org.apache.http.impl.conn.DefaultClientConnection -- Receiving response: HTTP/1.1 200 OK
14:35:27.694 [main] DEBUG org.apache.http.headers -- << HTTP/1.1 200 OK
14:35:27.694 [main] DEBUG org.apache.http.headers -- << Date: Tue, 02 Sep 2025 09:05:27 GMT
14:35:27.694 [main] DEBUG org.apache.http.headers -- << Content-Type: application/json
14:35:27.694 [main] DEBUG org.apache.http.headers -- << Transfer-Encoding: chunked
14:35:27.696 [main] DEBUG org.apache.http.headers -- << Connection: keep-alive
14:35:27.696 [main] DEBUG org.apache.http.headers -- << Access-Control-Allow-Origin: *
14:35:27.696 [main] DEBUG org.apache.http.headers -- << Access-Control-Allow-Methods: GET, POST, DELETE, PUT
14:35:27.696 [main] DEBUG org.apache.http.headers -- << Access-Control-Allow-Headers: Content-Type, api_key, Authorization
14:35:27.696 [main] DEBUG org.apache.http.headers -- << Server: Jetty(9.2.9.v20150224)
14:35:27.696 [main] DEBUG org.apache.http.impl.client.DefaultHttpClient -- Connection can be kept alive indefinitely
14:35:27.698 [main] DEBUG io.restassured.internal.RestAssuredHttpBuilder -- Parsing response as: application/json
14:35:27.698 [main] DEBUG io.restassured.internal.RestAssuredHttpBuilder -- Parsed data to instance of: class org.apache.http.conn.EofSensorInputStream
]]></system-out>
  </testcase>
  <testcase name="deleteAllUsers[raghavkapoor10026](26)" classname="api.test.DDTests" time="1.338">
    <system-out><![CDATA[14:35:27.797 [main] DEBUG org.apache.http.impl.conn.BasicClientConnectionManager -- Get connection for route {s}->https://petstore.swagger.io:443
14:35:27.797 [main] DEBUG org.apache.http.impl.conn.DefaultClientConnectionOperator -- Connecting to petstore.swagger.io:443
14:35:28.758 [main] DEBUG org.apache.http.client.protocol.RequestAddCookies -- CookieSpec selected: ignoreCookies
14:35:28.758 [main] DEBUG org.apache.http.client.protocol.RequestAuthCache -- Auth cache not set in the context
14:35:28.758 [main] DEBUG org.apache.http.client.protocol.RequestTargetAuthentication -- Target auth state: UNCHALLENGED
14:35:28.758 [main] DEBUG org.apache.http.client.protocol.RequestProxyAuthentication -- Proxy auth state: UNCHALLENGED
14:35:28.758 [main] DEBUG org.apache.http.impl.client.DefaultHttpClient -- Attempt 1 to execute request
14:35:28.758 [main] DEBUG org.apache.http.impl.conn.DefaultClientConnection -- Sending request: DELETE /v2/user/raghavkapoor10026 HTTP/1.1
14:35:28.758 [main] DEBUG org.apache.http.wire --  >> "DELETE /v2/user/raghavkapoor10026 HTTP/1.1[\r][\n]"
14:35:28.758 [main] DEBUG org.apache.http.wire --  >> "Accept: */*[\r][\n]"
14:35:28.758 [main] DEBUG org.apache.http.wire --  >> "Host: petstore.swagger.io[\r][\n]"
14:35:28.758 [main] DEBUG org.apache.http.wire --  >> "Connection: Keep-Alive[\r][\n]"
14:35:28.758 [main] DEBUG org.apache.http.wire --  >> "User-Agent: Apache-HttpClient/4.5.13 (Java/17.0.16)[\r][\n]"
14:35:28.758 [main] DEBUG org.apache.http.wire --  >> "Accept-Encoding: gzip,deflate[\r][\n]"
14:35:28.758 [main] DEBUG org.apache.http.wire --  >> "[\r][\n]"
14:35:28.758 [main] DEBUG org.apache.http.headers -- >> DELETE /v2/user/raghavkapoor10026 HTTP/1.1
14:35:28.758 [main] DEBUG org.apache.http.headers -- >> Accept: */*
14:35:28.758 [main] DEBUG org.apache.http.headers -- >> Host: petstore.swagger.io
14:35:28.758 [main] DEBUG org.apache.http.headers -- >> Connection: Keep-Alive
14:35:28.758 [main] DEBUG org.apache.http.headers -- >> User-Agent: Apache-HttpClient/4.5.13 (Java/17.0.16)
14:35:28.758 [main] DEBUG org.apache.http.headers -- >> Accept-Encoding: gzip,deflate
14:35:29.058 [main] DEBUG org.apache.http.wire --  << "HTTP/1.1 404 Not Found[\r][\n]"
14:35:29.058 [main] DEBUG org.apache.http.wire --  << "Date: Tue, 02 Sep 2025 09:05:28 GMT[\r][\n]"
14:35:29.058 [main] DEBUG org.apache.http.wire --  << "Content-Length: 0[\r][\n]"
14:35:29.058 [main] DEBUG org.apache.http.wire --  << "Connection: keep-alive[\r][\n]"
14:35:29.058 [main] DEBUG org.apache.http.wire --  << "Access-Control-Allow-Origin: *[\r][\n]"
14:35:29.058 [main] DEBUG org.apache.http.wire --  << "Access-Control-Allow-Methods: GET, POST, DELETE, PUT[\r][\n]"
14:35:29.058 [main] DEBUG org.apache.http.wire --  << "Access-Control-Allow-Headers: Content-Type, api_key, Authorization[\r][\n]"
14:35:29.058 [main] DEBUG org.apache.http.wire --  << "Server: Jetty(9.2.9.v20150224)[\r][\n]"
14:35:29.058 [main] DEBUG org.apache.http.wire --  << "[\r][\n]"
14:35:29.058 [main] DEBUG org.apache.http.impl.conn.DefaultClientConnection -- Receiving response: HTTP/1.1 404 Not Found
14:35:29.058 [main] DEBUG org.apache.http.headers -- << HTTP/1.1 404 Not Found
14:35:29.058 [main] DEBUG org.apache.http.headers -- << Date: Tue, 02 Sep 2025 09:05:28 GMT
14:35:29.058 [main] DEBUG org.apache.http.headers -- << Content-Length: 0
14:35:29.058 [main] DEBUG org.apache.http.headers -- << Connection: keep-alive
14:35:29.058 [main] DEBUG org.apache.http.headers -- << Access-Control-Allow-Origin: *
14:35:29.058 [main] DEBUG org.apache.http.headers -- << Access-Control-Allow-Methods: GET, POST, DELETE, PUT
14:35:29.058 [main] DEBUG org.apache.http.headers -- << Access-Control-Allow-Headers: Content-Type, api_key, Authorization
14:35:29.058 [main] DEBUG org.apache.http.headers -- << Server: Jetty(9.2.9.v20150224)
14:35:29.060 [main] DEBUG org.apache.http.impl.client.DefaultHttpClient -- Connection can be kept alive indefinitely
]]></system-out>
  </testcase>
  <testcase name="deleteAllUsers[anayapillai10027](27)" classname="api.test.DDTests" time="1.482">
    <system-out><![CDATA[14:35:29.204 [main] DEBUG org.apache.http.impl.conn.BasicClientConnectionManager -- Get connection for route {s}->https://petstore.swagger.io:443
14:35:29.204 [main] DEBUG org.apache.http.impl.conn.DefaultClientConnectionOperator -- Connecting to petstore.swagger.io:443
14:35:30.278 [main] DEBUG org.apache.http.client.protocol.RequestAddCookies -- CookieSpec selected: ignoreCookies
14:35:30.278 [main] DEBUG org.apache.http.client.protocol.RequestAuthCache -- Auth cache not set in the context
14:35:30.278 [main] DEBUG org.apache.http.client.protocol.RequestTargetAuthentication -- Target auth state: UNCHALLENGED
14:35:30.278 [main] DEBUG org.apache.http.client.protocol.RequestProxyAuthentication -- Proxy auth state: UNCHALLENGED
14:35:30.278 [main] DEBUG org.apache.http.impl.client.DefaultHttpClient -- Attempt 1 to execute request
14:35:30.280 [main] DEBUG org.apache.http.impl.conn.DefaultClientConnection -- Sending request: DELETE /v2/user/anayapillai10027 HTTP/1.1
14:35:30.280 [main] DEBUG org.apache.http.wire --  >> "DELETE /v2/user/anayapillai10027 HTTP/1.1[\r][\n]"
14:35:30.280 [main] DEBUG org.apache.http.wire --  >> "Accept: */*[\r][\n]"
14:35:30.280 [main] DEBUG org.apache.http.wire --  >> "Host: petstore.swagger.io[\r][\n]"
14:35:30.280 [main] DEBUG org.apache.http.wire --  >> "Connection: Keep-Alive[\r][\n]"
14:35:30.280 [main] DEBUG org.apache.http.wire --  >> "User-Agent: Apache-HttpClient/4.5.13 (Java/17.0.16)[\r][\n]"
14:35:30.280 [main] DEBUG org.apache.http.wire --  >> "Accept-Encoding: gzip,deflate[\r][\n]"
14:35:30.280 [main] DEBUG org.apache.http.wire --  >> "[\r][\n]"
14:35:30.280 [main] DEBUG org.apache.http.headers -- >> DELETE /v2/user/anayapillai10027 HTTP/1.1
14:35:30.280 [main] DEBUG org.apache.http.headers -- >> Accept: */*
14:35:30.280 [main] DEBUG org.apache.http.headers -- >> Host: petstore.swagger.io
14:35:30.280 [main] DEBUG org.apache.http.headers -- >> Connection: Keep-Alive
14:35:30.280 [main] DEBUG org.apache.http.headers -- >> User-Agent: Apache-HttpClient/4.5.13 (Java/17.0.16)
14:35:30.280 [main] DEBUG org.apache.http.headers -- >> Accept-Encoding: gzip,deflate
14:35:30.589 [main] DEBUG org.apache.http.wire --  << "HTTP/1.1 200 OK[\r][\n]"
14:35:30.590 [main] DEBUG org.apache.http.wire --  << "Date: Tue, 02 Sep 2025 09:05:29 GMT[\r][\n]"
14:35:30.590 [main] DEBUG org.apache.http.wire --  << "Content-Type: application/json[\r][\n]"
14:35:30.590 [main] DEBUG org.apache.http.wire --  << "Transfer-Encoding: chunked[\r][\n]"
14:35:30.590 [main] DEBUG org.apache.http.wire --  << "Connection: keep-alive[\r][\n]"
14:35:30.590 [main] DEBUG org.apache.http.wire --  << "Access-Control-Allow-Origin: *[\r][\n]"
14:35:30.590 [main] DEBUG org.apache.http.wire --  << "Access-Control-Allow-Methods: GET, POST, DELETE, PUT[\r][\n]"
14:35:30.590 [main] DEBUG org.apache.http.wire --  << "Access-Control-Allow-Headers: Content-Type, api_key, Authorization[\r][\n]"
14:35:30.590 [main] DEBUG org.apache.http.wire --  << "Server: Jetty(9.2.9.v20150224)[\r][\n]"
14:35:30.590 [main] DEBUG org.apache.http.wire --  << "[\r][\n]"
14:35:30.590 [main] DEBUG org.apache.http.impl.conn.DefaultClientConnection -- Receiving response: HTTP/1.1 200 OK
14:35:30.590 [main] DEBUG org.apache.http.headers -- << HTTP/1.1 200 OK
14:35:30.590 [main] DEBUG org.apache.http.headers -- << Date: Tue, 02 Sep 2025 09:05:29 GMT
14:35:30.590 [main] DEBUG org.apache.http.headers -- << Content-Type: application/json
14:35:30.590 [main] DEBUG org.apache.http.headers -- << Transfer-Encoding: chunked
14:35:30.590 [main] DEBUG org.apache.http.headers -- << Connection: keep-alive
14:35:30.590 [main] DEBUG org.apache.http.headers -- << Access-Control-Allow-Origin: *
14:35:30.590 [main] DEBUG org.apache.http.headers -- << Access-Control-Allow-Methods: GET, POST, DELETE, PUT
14:35:30.590 [main] DEBUG org.apache.http.headers -- << Access-Control-Allow-Headers: Content-Type, api_key, Authorization
14:35:30.590 [main] DEBUG org.apache.http.headers -- << Server: Jetty(9.2.9.v20150224)
14:35:30.590 [main] DEBUG org.apache.http.impl.client.DefaultHttpClient -- Connection can be kept alive indefinitely
14:35:30.590 [main] DEBUG io.restassured.internal.RestAssuredHttpBuilder -- Parsing response as: application/json
14:35:30.590 [main] DEBUG io.restassured.internal.RestAssuredHttpBuilder -- Parsed data to instance of: class org.apache.http.conn.EofSensorInputStream
]]></system-out>
  </testcase>
  <testcase name="deleteAllUsers[kabiriyer10028](28)" classname="api.test.DDTests" time="1.424">
    <system-out><![CDATA[14:35:30.684 [main] DEBUG org.apache.http.impl.conn.BasicClientConnectionManager -- Get connection for route {s}->https://petstore.swagger.io:443
14:35:30.684 [main] DEBUG org.apache.http.impl.conn.DefaultClientConnectionOperator -- Connecting to petstore.swagger.io:443
14:35:31.741 [main] DEBUG org.apache.http.client.protocol.RequestAddCookies -- CookieSpec selected: ignoreCookies
14:35:31.741 [main] DEBUG org.apache.http.client.protocol.RequestAuthCache -- Auth cache not set in the context
14:35:31.741 [main] DEBUG org.apache.http.client.protocol.RequestTargetAuthentication -- Target auth state: UNCHALLENGED
14:35:31.741 [main] DEBUG org.apache.http.client.protocol.RequestProxyAuthentication -- Proxy auth state: UNCHALLENGED
14:35:31.741 [main] DEBUG org.apache.http.impl.client.DefaultHttpClient -- Attempt 1 to execute request
14:35:31.741 [main] DEBUG org.apache.http.impl.conn.DefaultClientConnection -- Sending request: DELETE /v2/user/kabiriyer10028 HTTP/1.1
14:35:31.743 [main] DEBUG org.apache.http.wire --  >> "DELETE /v2/user/kabiriyer10028 HTTP/1.1[\r][\n]"
14:35:31.743 [main] DEBUG org.apache.http.wire --  >> "Accept: */*[\r][\n]"
14:35:31.743 [main] DEBUG org.apache.http.wire --  >> "Host: petstore.swagger.io[\r][\n]"
14:35:31.743 [main] DEBUG org.apache.http.wire --  >> "Connection: Keep-Alive[\r][\n]"
14:35:31.743 [main] DEBUG org.apache.http.wire --  >> "User-Agent: Apache-HttpClient/4.5.13 (Java/17.0.16)[\r][\n]"
14:35:31.743 [main] DEBUG org.apache.http.wire --  >> "Accept-Encoding: gzip,deflate[\r][\n]"
14:35:31.743 [main] DEBUG org.apache.http.wire --  >> "[\r][\n]"
14:35:31.743 [main] DEBUG org.apache.http.headers -- >> DELETE /v2/user/kabiriyer10028 HTTP/1.1
14:35:31.743 [main] DEBUG org.apache.http.headers -- >> Accept: */*
14:35:31.743 [main] DEBUG org.apache.http.headers -- >> Host: petstore.swagger.io
14:35:31.743 [main] DEBUG org.apache.http.headers -- >> Connection: Keep-Alive
14:35:31.743 [main] DEBUG org.apache.http.headers -- >> User-Agent: Apache-HttpClient/4.5.13 (Java/17.0.16)
14:35:31.743 [main] DEBUG org.apache.http.headers -- >> Accept-Encoding: gzip,deflate
14:35:32.047 [main] DEBUG org.apache.http.wire --  << "HTTP/1.1 404 Not Found[\r][\n]"
14:35:32.047 [main] DEBUG org.apache.http.wire --  << "Date: Tue, 02 Sep 2025 09:05:31 GMT[\r][\n]"
14:35:32.047 [main] DEBUG org.apache.http.wire --  << "Content-Length: 0[\r][\n]"
14:35:32.047 [main] DEBUG org.apache.http.wire --  << "Connection: keep-alive[\r][\n]"
14:35:32.047 [main] DEBUG org.apache.http.wire --  << "Access-Control-Allow-Origin: *[\r][\n]"
14:35:32.047 [main] DEBUG org.apache.http.wire --  << "Access-Control-Allow-Methods: GET, POST, DELETE, PUT[\r][\n]"
14:35:32.047 [main] DEBUG org.apache.http.wire --  << "Access-Control-Allow-Headers: Content-Type, api_key, Authorization[\r][\n]"
14:35:32.047 [main] DEBUG org.apache.http.wire --  << "Server: Jetty(9.2.9.v20150224)[\r][\n]"
14:35:32.047 [main] DEBUG org.apache.http.wire --  << "[\r][\n]"
14:35:32.047 [main] DEBUG org.apache.http.impl.conn.DefaultClientConnection -- Receiving response: HTTP/1.1 404 Not Found
14:35:32.047 [main] DEBUG org.apache.http.headers -- << HTTP/1.1 404 Not Found
14:35:32.047 [main] DEBUG org.apache.http.headers -- << Date: Tue, 02 Sep 2025 09:05:31 GMT
14:35:32.047 [main] DEBUG org.apache.http.headers -- << Content-Length: 0
14:35:32.047 [main] DEBUG org.apache.http.headers -- << Connection: keep-alive
14:35:32.047 [main] DEBUG org.apache.http.headers -- << Access-Control-Allow-Origin: *
14:35:32.047 [main] DEBUG org.apache.http.headers -- << Access-Control-Allow-Methods: GET, POST, DELETE, PUT
14:35:32.047 [main] DEBUG org.apache.http.headers -- << Access-Control-Allow-Headers: Content-Type, api_key, Authorization
14:35:32.047 [main] DEBUG org.apache.http.headers -- << Server: Jetty(9.2.9.v20150224)
14:35:32.047 [main] DEBUG org.apache.http.impl.client.DefaultHttpClient -- Connection can be kept alive indefinitely
]]></system-out>
  </testcase>
  <testcase name="deleteAllUsers[simranrastogi10029](29)" classname="api.test.DDTests" time="1.333">
    <system-out><![CDATA[14:35:32.086 [main] DEBUG org.apache.http.impl.conn.BasicClientConnectionManager -- Get connection for route {s}->https://petstore.swagger.io:443
14:35:32.087 [main] DEBUG org.apache.http.impl.conn.DefaultClientConnectionOperator -- Connecting to petstore.swagger.io:443
14:35:33.175 [main] DEBUG org.apache.http.client.protocol.RequestAddCookies -- CookieSpec selected: ignoreCookies
14:35:33.175 [main] DEBUG org.apache.http.client.protocol.RequestAuthCache -- Auth cache not set in the context
14:35:33.175 [main] DEBUG org.apache.http.client.protocol.RequestTargetAuthentication -- Target auth state: UNCHALLENGED
14:35:33.177 [main] DEBUG org.apache.http.client.protocol.RequestProxyAuthentication -- Proxy auth state: UNCHALLENGED
14:35:33.178 [main] DEBUG org.apache.http.impl.client.DefaultHttpClient -- Attempt 1 to execute request
14:35:33.178 [main] DEBUG org.apache.http.impl.conn.DefaultClientConnection -- Sending request: DELETE /v2/user/simranrastogi10029 HTTP/1.1
14:35:33.178 [main] DEBUG org.apache.http.wire --  >> "DELETE /v2/user/simranrastogi10029 HTTP/1.1[\r][\n]"
14:35:33.178 [main] DEBUG org.apache.http.wire --  >> "Accept: */*[\r][\n]"
14:35:33.178 [main] DEBUG org.apache.http.wire --  >> "Host: petstore.swagger.io[\r][\n]"
14:35:33.179 [main] DEBUG org.apache.http.wire --  >> "Connection: Keep-Alive[\r][\n]"
14:35:33.180 [main] DEBUG org.apache.http.wire --  >> "User-Agent: Apache-HttpClient/4.5.13 (Java/17.0.16)[\r][\n]"
14:35:33.180 [main] DEBUG org.apache.http.wire --  >> "Accept-Encoding: gzip,deflate[\r][\n]"
14:35:33.180 [main] DEBUG org.apache.http.wire --  >> "[\r][\n]"
14:35:33.180 [main] DEBUG org.apache.http.headers -- >> DELETE /v2/user/simranrastogi10029 HTTP/1.1
14:35:33.180 [main] DEBUG org.apache.http.headers -- >> Accept: */*
14:35:33.180 [main] DEBUG org.apache.http.headers -- >> Host: petstore.swagger.io
14:35:33.180 [main] DEBUG org.apache.http.headers -- >> Connection: Keep-Alive
14:35:33.180 [main] DEBUG org.apache.http.headers -- >> User-Agent: Apache-HttpClient/4.5.13 (Java/17.0.16)
14:35:33.180 [main] DEBUG org.apache.http.headers -- >> Accept-Encoding: gzip,deflate
14:35:33.490 [main] DEBUG org.apache.http.wire --  << "HTTP/1.1 200 OK[\r][\n]"
14:35:33.490 [main] DEBUG org.apache.http.wire --  << "Date: Tue, 02 Sep 2025 09:05:32 GMT[\r][\n]"
14:35:33.491 [main] DEBUG org.apache.http.wire --  << "Content-Type: application/json[\r][\n]"
14:35:33.491 [main] DEBUG org.apache.http.wire --  << "Transfer-Encoding: chunked[\r][\n]"
14:35:33.491 [main] DEBUG org.apache.http.wire --  << "Connection: keep-alive[\r][\n]"
14:35:33.491 [main] DEBUG org.apache.http.wire --  << "Access-Control-Allow-Origin: *[\r][\n]"
14:35:33.491 [main] DEBUG org.apache.http.wire --  << "Access-Control-Allow-Methods: GET, POST, DELETE, PUT[\r][\n]"
14:35:33.491 [main] DEBUG org.apache.http.wire --  << "Access-Control-Allow-Headers: Content-Type, api_key, Authorization[\r][\n]"
14:35:33.491 [main] DEBUG org.apache.http.wire --  << "Server: Jetty(9.2.9.v20150224)[\r][\n]"
14:35:33.491 [main] DEBUG org.apache.http.wire --  << "[\r][\n]"
14:35:33.491 [main] DEBUG org.apache.http.impl.conn.DefaultClientConnection -- Receiving response: HTTP/1.1 200 OK
14:35:33.491 [main] DEBUG org.apache.http.headers -- << HTTP/1.1 200 OK
14:35:33.491 [main] DEBUG org.apache.http.headers -- << Date: Tue, 02 Sep 2025 09:05:32 GMT
14:35:33.491 [main] DEBUG org.apache.http.headers -- << Content-Type: application/json
14:35:33.491 [main] DEBUG org.apache.http.headers -- << Transfer-Encoding: chunked
14:35:33.491 [main] DEBUG org.apache.http.headers -- << Connection: keep-alive
14:35:33.491 [main] DEBUG org.apache.http.headers -- << Access-Control-Allow-Origin: *
14:35:33.491 [main] DEBUG org.apache.http.headers -- << Access-Control-Allow-Methods: GET, POST, DELETE, PUT
14:35:33.491 [main] DEBUG org.apache.http.headers -- << Access-Control-Allow-Headers: Content-Type, api_key, Authorization
14:35:33.491 [main] DEBUG org.apache.http.headers -- << Server: Jetty(9.2.9.v20150224)
14:35:33.491 [main] DEBUG org.apache.http.impl.client.DefaultHttpClient -- Connection can be kept alive indefinitely
14:35:33.491 [main] DEBUG io.restassured.internal.RestAssuredHttpBuilder -- Parsing response as: application/json
14:35:33.491 [main] DEBUG io.restassured.internal.RestAssuredHttpBuilder -- Parsed data to instance of: class org.apache.http.conn.EofSensorInputStream
]]></system-out>
  </testcase>
  <testcase name="deleteAllUsers[meerakapoor10030](30)" classname="api.test.DDTests" time="1.545">
    <system-out><![CDATA[14:35:33.552 [main] DEBUG org.apache.http.impl.conn.BasicClientConnectionManager -- Get connection for route {s}->https://petstore.swagger.io:443
14:35:33.811 [main] DEBUG org.apache.http.impl.conn.DefaultClientConnectionOperator -- Connecting to petstore.swagger.io:443
14:35:34.757 [main] DEBUG org.apache.http.client.protocol.RequestAddCookies -- CookieSpec selected: ignoreCookies
14:35:34.758 [main] DEBUG org.apache.http.client.protocol.RequestAuthCache -- Auth cache not set in the context
14:35:34.758 [main] DEBUG org.apache.http.client.protocol.RequestTargetAuthentication -- Target auth state: UNCHALLENGED
14:35:34.758 [main] DEBUG org.apache.http.client.protocol.RequestProxyAuthentication -- Proxy auth state: UNCHALLENGED
14:35:34.758 [main] DEBUG org.apache.http.impl.client.DefaultHttpClient -- Attempt 1 to execute request
14:35:34.759 [main] DEBUG org.apache.http.impl.conn.DefaultClientConnection -- Sending request: DELETE /v2/user/meerakapoor10030 HTTP/1.1
14:35:34.759 [main] DEBUG org.apache.http.wire --  >> "DELETE /v2/user/meerakapoor10030 HTTP/1.1[\r][\n]"
14:35:34.759 [main] DEBUG org.apache.http.wire --  >> "Accept: */*[\r][\n]"
14:35:34.759 [main] DEBUG org.apache.http.wire --  >> "Host: petstore.swagger.io[\r][\n]"
14:35:34.759 [main] DEBUG org.apache.http.wire --  >> "Connection: Keep-Alive[\r][\n]"
14:35:34.759 [main] DEBUG org.apache.http.wire --  >> "User-Agent: Apache-HttpClient/4.5.13 (Java/17.0.16)[\r][\n]"
14:35:34.759 [main] DEBUG org.apache.http.wire --  >> "Accept-Encoding: gzip,deflate[\r][\n]"
14:35:34.759 [main] DEBUG org.apache.http.wire --  >> "[\r][\n]"
14:35:34.759 [main] DEBUG org.apache.http.headers -- >> DELETE /v2/user/meerakapoor10030 HTTP/1.1
14:35:34.759 [main] DEBUG org.apache.http.headers -- >> Accept: */*
14:35:34.759 [main] DEBUG org.apache.http.headers -- >> Host: petstore.swagger.io
14:35:34.759 [main] DEBUG org.apache.http.headers -- >> Connection: Keep-Alive
14:35:34.759 [main] DEBUG org.apache.http.headers -- >> User-Agent: Apache-HttpClient/4.5.13 (Java/17.0.16)
14:35:34.759 [main] DEBUG org.apache.http.headers -- >> Accept-Encoding: gzip,deflate
14:35:35.036 [main] DEBUG org.apache.http.wire --  << "HTTP/1.1 200 OK[\r][\n]"
14:35:35.037 [main] DEBUG org.apache.http.wire --  << "Date: Tue, 02 Sep 2025 09:05:34 GMT[\r][\n]"
14:35:35.037 [main] DEBUG org.apache.http.wire --  << "Content-Type: application/json[\r][\n]"
14:35:35.037 [main] DEBUG org.apache.http.wire --  << "Transfer-Encoding: chunked[\r][\n]"
14:35:35.037 [main] DEBUG org.apache.http.wire --  << "Connection: keep-alive[\r][\n]"
14:35:35.037 [main] DEBUG org.apache.http.wire --  << "Access-Control-Allow-Origin: *[\r][\n]"
14:35:35.037 [main] DEBUG org.apache.http.wire --  << "Access-Control-Allow-Methods: GET, POST, DELETE, PUT[\r][\n]"
14:35:35.037 [main] DEBUG org.apache.http.wire --  << "Access-Control-Allow-Headers: Content-Type, api_key, Authorization[\r][\n]"
14:35:35.037 [main] DEBUG org.apache.http.wire --  << "Server: Jetty(9.2.9.v20150224)[\r][\n]"
14:35:35.037 [main] DEBUG org.apache.http.wire --  << "[\r][\n]"
14:35:35.039 [main] DEBUG org.apache.http.impl.conn.DefaultClientConnection -- Receiving response: HTTP/1.1 200 OK
14:35:35.039 [main] DEBUG org.apache.http.headers -- << HTTP/1.1 200 OK
14:35:35.039 [main] DEBUG org.apache.http.headers -- << Date: Tue, 02 Sep 2025 09:05:34 GMT
14:35:35.039 [main] DEBUG org.apache.http.headers -- << Content-Type: application/json
14:35:35.039 [main] DEBUG org.apache.http.headers -- << Transfer-Encoding: chunked
14:35:35.039 [main] DEBUG org.apache.http.headers -- << Connection: keep-alive
14:35:35.039 [main] DEBUG org.apache.http.headers -- << Access-Control-Allow-Origin: *
14:35:35.039 [main] DEBUG org.apache.http.headers -- << Access-Control-Allow-Methods: GET, POST, DELETE, PUT
14:35:35.039 [main] DEBUG org.apache.http.headers -- << Access-Control-Allow-Headers: Content-Type, api_key, Authorization
14:35:35.039 [main] DEBUG org.apache.http.headers -- << Server: Jetty(9.2.9.v20150224)
14:35:35.039 [main] DEBUG org.apache.http.impl.client.DefaultHttpClient -- Connection can be kept alive indefinitely
14:35:35.040 [main] DEBUG io.restassured.internal.RestAssuredHttpBuilder -- Parsing response as: application/json
14:35:35.040 [main] DEBUG io.restassured.internal.RestAssuredHttpBuilder -- Parsed data to instance of: class org.apache.http.conn.EofSensorInputStream
]]></system-out>
  </testcase>
  <testcase name="deleteAllUsers[irarastogi10031](31)" classname="api.test.DDTests" time="1.297">
    <system-out><![CDATA[14:35:35.090 [main] DEBUG org.apache.http.impl.conn.BasicClientConnectionManager -- Get connection for route {s}->https://petstore.swagger.io:443
14:35:35.090 [main] DEBUG org.apache.http.impl.conn.DefaultClientConnectionOperator -- Connecting to petstore.swagger.io:443
14:35:36.053 [main] DEBUG org.apache.http.client.protocol.RequestAddCookies -- CookieSpec selected: ignoreCookies
14:35:36.053 [main] DEBUG org.apache.http.client.protocol.RequestAuthCache -- Auth cache not set in the context
14:35:36.053 [main] DEBUG org.apache.http.client.protocol.RequestTargetAuthentication -- Target auth state: UNCHALLENGED
14:35:36.053 [main] DEBUG org.apache.http.client.protocol.RequestProxyAuthentication -- Proxy auth state: UNCHALLENGED
14:35:36.053 [main] DEBUG org.apache.http.impl.client.DefaultHttpClient -- Attempt 1 to execute request
14:35:36.053 [main] DEBUG org.apache.http.impl.conn.DefaultClientConnection -- Sending request: DELETE /v2/user/irarastogi10031 HTTP/1.1
14:35:36.053 [main] DEBUG org.apache.http.wire --  >> "DELETE /v2/user/irarastogi10031 HTTP/1.1[\r][\n]"
14:35:36.054 [main] DEBUG org.apache.http.wire --  >> "Accept: */*[\r][\n]"
14:35:36.054 [main] DEBUG org.apache.http.wire --  >> "Host: petstore.swagger.io[\r][\n]"
14:35:36.054 [main] DEBUG org.apache.http.wire --  >> "Connection: Keep-Alive[\r][\n]"
14:35:36.054 [main] DEBUG org.apache.http.wire --  >> "User-Agent: Apache-HttpClient/4.5.13 (Java/17.0.16)[\r][\n]"
14:35:36.054 [main] DEBUG org.apache.http.wire --  >> "Accept-Encoding: gzip,deflate[\r][\n]"
14:35:36.054 [main] DEBUG org.apache.http.wire --  >> "[\r][\n]"
14:35:36.054 [main] DEBUG org.apache.http.headers -- >> DELETE /v2/user/irarastogi10031 HTTP/1.1
14:35:36.060 [main] DEBUG org.apache.http.headers -- >> Accept: */*
14:35:36.060 [main] DEBUG org.apache.http.headers -- >> Host: petstore.swagger.io
14:35:36.060 [main] DEBUG org.apache.http.headers -- >> Connection: Keep-Alive
14:35:36.060 [main] DEBUG org.apache.http.headers -- >> User-Agent: Apache-HttpClient/4.5.13 (Java/17.0.16)
14:35:36.060 [main] DEBUG org.apache.http.headers -- >> Accept-Encoding: gzip,deflate
14:35:36.351 [main] DEBUG org.apache.http.wire --  << "HTTP/1.1 200 OK[\r][\n]"
14:35:36.351 [main] DEBUG org.apache.http.wire --  << "Date: Tue, 02 Sep 2025 09:05:35 GMT[\r][\n]"
14:35:36.351 [main] DEBUG org.apache.http.wire --  << "Content-Type: application/json[\r][\n]"
14:35:36.351 [main] DEBUG org.apache.http.wire --  << "Transfer-Encoding: chunked[\r][\n]"
14:35:36.351 [main] DEBUG org.apache.http.wire --  << "Connection: keep-alive[\r][\n]"
14:35:36.351 [main] DEBUG org.apache.http.wire --  << "Access-Control-Allow-Origin: *[\r][\n]"
14:35:36.351 [main] DEBUG org.apache.http.wire --  << "Access-Control-Allow-Methods: GET, POST, DELETE, PUT[\r][\n]"
14:35:36.351 [main] DEBUG org.apache.http.wire --  << "Access-Control-Allow-Headers: Content-Type, api_key, Authorization[\r][\n]"
14:35:36.351 [main] DEBUG org.apache.http.wire --  << "Server: Jetty(9.2.9.v20150224)[\r][\n]"
14:35:36.351 [main] DEBUG org.apache.http.wire --  << "[\r][\n]"
14:35:36.352 [main] DEBUG org.apache.http.impl.conn.DefaultClientConnection -- Receiving response: HTTP/1.1 200 OK
14:35:36.352 [main] DEBUG org.apache.http.headers -- << HTTP/1.1 200 OK
14:35:36.352 [main] DEBUG org.apache.http.headers -- << Date: Tue, 02 Sep 2025 09:05:35 GMT
14:35:36.352 [main] DEBUG org.apache.http.headers -- << Content-Type: application/json
14:35:36.352 [main] DEBUG org.apache.http.headers -- << Transfer-Encoding: chunked
14:35:36.352 [main] DEBUG org.apache.http.headers -- << Connection: keep-alive
14:35:36.352 [main] DEBUG org.apache.http.headers -- << Access-Control-Allow-Origin: *
14:35:36.352 [main] DEBUG org.apache.http.headers -- << Access-Control-Allow-Methods: GET, POST, DELETE, PUT
14:35:36.352 [main] DEBUG org.apache.http.headers -- << Access-Control-Allow-Headers: Content-Type, api_key, Authorization
14:35:36.352 [main] DEBUG org.apache.http.headers -- << Server: Jetty(9.2.9.v20150224)
14:35:36.352 [main] DEBUG org.apache.http.impl.client.DefaultHttpClient -- Connection can be kept alive indefinitely
14:35:36.352 [main] DEBUG io.restassured.internal.RestAssuredHttpBuilder -- Parsing response as: application/json
14:35:36.352 [main] DEBUG io.restassured.internal.RestAssuredHttpBuilder -- Parsed data to instance of: class org.apache.http.conn.EofSensorInputStream
]]></system-out>
  </testcase>
  <testcase name="deleteAllUsers[anayayadav10032](32)" classname="api.test.DDTests" time="1.476">
    <system-out><![CDATA[14:35:36.395 [main] DEBUG org.apache.http.impl.conn.BasicClientConnectionManager -- Get connection for route {s}->https://petstore.swagger.io:443
14:35:36.396 [main] DEBUG org.apache.http.impl.conn.DefaultClientConnectionOperator -- Connecting to petstore.swagger.io:443
14:35:37.373 [main] DEBUG org.apache.http.client.protocol.RequestAddCookies -- CookieSpec selected: ignoreCookies
14:35:37.373 [main] DEBUG org.apache.http.client.protocol.RequestAuthCache -- Auth cache not set in the context
14:35:37.373 [main] DEBUG org.apache.http.client.protocol.RequestTargetAuthentication -- Target auth state: UNCHALLENGED
14:35:37.373 [main] DEBUG org.apache.http.client.protocol.RequestProxyAuthentication -- Proxy auth state: UNCHALLENGED
14:35:37.373 [main] DEBUG org.apache.http.impl.client.DefaultHttpClient -- Attempt 1 to execute request
14:35:37.373 [main] DEBUG org.apache.http.impl.conn.DefaultClientConnection -- Sending request: DELETE /v2/user/anayayadav10032 HTTP/1.1
14:35:37.374 [main] DEBUG org.apache.http.wire --  >> "DELETE /v2/user/anayayadav10032 HTTP/1.1[\r][\n]"
14:35:37.374 [main] DEBUG org.apache.http.wire --  >> "Accept: */*[\r][\n]"
14:35:37.374 [main] DEBUG org.apache.http.wire --  >> "Host: petstore.swagger.io[\r][\n]"
14:35:37.374 [main] DEBUG org.apache.http.wire --  >> "Connection: Keep-Alive[\r][\n]"
14:35:37.374 [main] DEBUG org.apache.http.wire --  >> "User-Agent: Apache-HttpClient/4.5.13 (Java/17.0.16)[\r][\n]"
14:35:37.374 [main] DEBUG org.apache.http.wire --  >> "Accept-Encoding: gzip,deflate[\r][\n]"
14:35:37.374 [main] DEBUG org.apache.http.wire --  >> "[\r][\n]"
14:35:37.374 [main] DEBUG org.apache.http.headers -- >> DELETE /v2/user/anayayadav10032 HTTP/1.1
14:35:37.374 [main] DEBUG org.apache.http.headers -- >> Accept: */*
14:35:37.374 [main] DEBUG org.apache.http.headers -- >> Host: petstore.swagger.io
14:35:37.374 [main] DEBUG org.apache.http.headers -- >> Connection: Keep-Alive
14:35:37.374 [main] DEBUG org.apache.http.headers -- >> User-Agent: Apache-HttpClient/4.5.13 (Java/17.0.16)
14:35:37.374 [main] DEBUG org.apache.http.headers -- >> Accept-Encoding: gzip,deflate
14:35:37.638 [main] DEBUG org.apache.http.wire --  << "HTTP/1.1 200 OK[\r][\n]"
14:35:37.638 [main] DEBUG org.apache.http.wire --  << "Date: Tue, 02 Sep 2025 09:05:36 GMT[\r][\n]"
14:35:37.638 [main] DEBUG org.apache.http.wire --  << "Content-Type: application/json[\r][\n]"
14:35:37.638 [main] DEBUG org.apache.http.wire --  << "Transfer-Encoding: chunked[\r][\n]"
14:35:37.638 [main] DEBUG org.apache.http.wire --  << "Connection: keep-alive[\r][\n]"
14:35:37.638 [main] DEBUG org.apache.http.wire --  << "Access-Control-Allow-Origin: *[\r][\n]"
14:35:37.638 [main] DEBUG org.apache.http.wire --  << "Access-Control-Allow-Methods: GET, POST, DELETE, PUT[\r][\n]"
14:35:37.638 [main] DEBUG org.apache.http.wire --  << "Access-Control-Allow-Headers: Content-Type, api_key, Authorization[\r][\n]"
14:35:37.638 [main] DEBUG org.apache.http.wire --  << "Server: Jetty(9.2.9.v20150224)[\r][\n]"
14:35:37.638 [main] DEBUG org.apache.http.wire --  << "[\r][\n]"
14:35:37.639 [main] DEBUG org.apache.http.impl.conn.DefaultClientConnection -- Receiving response: HTTP/1.1 200 OK
14:35:37.639 [main] DEBUG org.apache.http.headers -- << HTTP/1.1 200 OK
14:35:37.639 [main] DEBUG org.apache.http.headers -- << Date: Tue, 02 Sep 2025 09:05:36 GMT
14:35:37.639 [main] DEBUG org.apache.http.headers -- << Content-Type: application/json
14:35:37.639 [main] DEBUG org.apache.http.headers -- << Transfer-Encoding: chunked
14:35:37.639 [main] DEBUG org.apache.http.headers -- << Connection: keep-alive
14:35:37.639 [main] DEBUG org.apache.http.headers -- << Access-Control-Allow-Origin: *
14:35:37.639 [main] DEBUG org.apache.http.headers -- << Access-Control-Allow-Methods: GET, POST, DELETE, PUT
14:35:37.639 [main] DEBUG org.apache.http.headers -- << Access-Control-Allow-Headers: Content-Type, api_key, Authorization
14:35:37.639 [main] DEBUG org.apache.http.headers -- << Server: Jetty(9.2.9.v20150224)
14:35:37.639 [main] DEBUG org.apache.http.impl.client.DefaultHttpClient -- Connection can be kept alive indefinitely
14:35:37.645 [main] DEBUG io.restassured.internal.RestAssuredHttpBuilder -- Parsing response as: application/json
14:35:37.645 [main] DEBUG io.restassured.internal.RestAssuredHttpBuilder -- Parsed data to instance of: class org.apache.http.conn.EofSensorInputStream
]]></system-out>
  </testcase>
  <testcase name="deleteAllUsers[meerapatel10033](33)" classname="api.test.DDTests" time="1.313">
    <system-out><![CDATA[14:35:37.809 [main] DEBUG org.apache.http.impl.conn.BasicClientConnectionManager -- Get connection for route {s}->https://petstore.swagger.io:443
14:35:37.810 [main] DEBUG org.apache.http.impl.conn.DefaultClientConnectionOperator -- Connecting to petstore.swagger.io:443
14:35:38.706 [main] DEBUG org.apache.http.client.protocol.RequestAddCookies -- CookieSpec selected: ignoreCookies
14:35:38.706 [main] DEBUG org.apache.http.client.protocol.RequestAuthCache -- Auth cache not set in the context
14:35:38.706 [main] DEBUG org.apache.http.client.protocol.RequestTargetAuthentication -- Target auth state: UNCHALLENGED
14:35:38.706 [main] DEBUG org.apache.http.client.protocol.RequestProxyAuthentication -- Proxy auth state: UNCHALLENGED
14:35:38.706 [main] DEBUG org.apache.http.impl.client.DefaultHttpClient -- Attempt 1 to execute request
14:35:38.706 [main] DEBUG org.apache.http.impl.conn.DefaultClientConnection -- Sending request: DELETE /v2/user/meerapatel10033 HTTP/1.1
14:35:38.706 [main] DEBUG org.apache.http.wire --  >> "DELETE /v2/user/meerapatel10033 HTTP/1.1[\r][\n]"
14:35:38.706 [main] DEBUG org.apache.http.wire --  >> "Accept: */*[\r][\n]"
14:35:38.707 [main] DEBUG org.apache.http.wire --  >> "Host: petstore.swagger.io[\r][\n]"
14:35:38.707 [main] DEBUG org.apache.http.wire --  >> "Connection: Keep-Alive[\r][\n]"
14:35:38.707 [main] DEBUG org.apache.http.wire --  >> "User-Agent: Apache-HttpClient/4.5.13 (Java/17.0.16)[\r][\n]"
14:35:38.707 [main] DEBUG org.apache.http.wire --  >> "Accept-Encoding: gzip,deflate[\r][\n]"
14:35:38.707 [main] DEBUG org.apache.http.wire --  >> "[\r][\n]"
14:35:38.707 [main] DEBUG org.apache.http.headers -- >> DELETE /v2/user/meerapatel10033 HTTP/1.1
14:35:38.707 [main] DEBUG org.apache.http.headers -- >> Accept: */*
14:35:38.707 [main] DEBUG org.apache.http.headers -- >> Host: petstore.swagger.io
14:35:38.707 [main] DEBUG org.apache.http.headers -- >> Connection: Keep-Alive
14:35:38.707 [main] DEBUG org.apache.http.headers -- >> User-Agent: Apache-HttpClient/4.5.13 (Java/17.0.16)
14:35:38.707 [main] DEBUG org.apache.http.headers -- >> Accept-Encoding: gzip,deflate
14:35:39.006 [main] DEBUG org.apache.http.wire --  << "HTTP/1.1 200 OK[\r][\n]"
14:35:39.006 [main] DEBUG org.apache.http.wire --  << "Date: Tue, 02 Sep 2025 09:05:38 GMT[\r][\n]"
14:35:39.006 [main] DEBUG org.apache.http.wire --  << "Content-Type: application/json[\r][\n]"
14:35:39.006 [main] DEBUG org.apache.http.wire --  << "Transfer-Encoding: chunked[\r][\n]"
14:35:39.006 [main] DEBUG org.apache.http.wire --  << "Connection: keep-alive[\r][\n]"
14:35:39.006 [main] DEBUG org.apache.http.wire --  << "Access-Control-Allow-Origin: *[\r][\n]"
14:35:39.006 [main] DEBUG org.apache.http.wire --  << "Access-Control-Allow-Methods: GET, POST, DELETE, PUT[\r][\n]"
14:35:39.006 [main] DEBUG org.apache.http.wire --  << "Access-Control-Allow-Headers: Content-Type, api_key, Authorization[\r][\n]"
14:35:39.006 [main] DEBUG org.apache.http.wire --  << "Server: Jetty(9.2.9.v20150224)[\r][\n]"
14:35:39.006 [main] DEBUG org.apache.http.wire --  << "[\r][\n]"
14:35:39.006 [main] DEBUG org.apache.http.impl.conn.DefaultClientConnection -- Receiving response: HTTP/1.1 200 OK
14:35:39.007 [main] DEBUG org.apache.http.headers -- << HTTP/1.1 200 OK
14:35:39.007 [main] DEBUG org.apache.http.headers -- << Date: Tue, 02 Sep 2025 09:05:38 GMT
14:35:39.007 [main] DEBUG org.apache.http.headers -- << Content-Type: application/json
14:35:39.007 [main] DEBUG org.apache.http.headers -- << Transfer-Encoding: chunked
14:35:39.007 [main] DEBUG org.apache.http.headers -- << Connection: keep-alive
14:35:39.007 [main] DEBUG org.apache.http.headers -- << Access-Control-Allow-Origin: *
14:35:39.007 [main] DEBUG org.apache.http.headers -- << Access-Control-Allow-Methods: GET, POST, DELETE, PUT
14:35:39.007 [main] DEBUG org.apache.http.headers -- << Access-Control-Allow-Headers: Content-Type, api_key, Authorization
14:35:39.007 [main] DEBUG org.apache.http.headers -- << Server: Jetty(9.2.9.v20150224)
14:35:39.008 [main] DEBUG org.apache.http.impl.client.DefaultHttpClient -- Connection can be kept alive indefinitely
14:35:39.008 [main] DEBUG io.restassured.internal.RestAssuredHttpBuilder -- Parsing response as: application/json
14:35:39.008 [main] DEBUG io.restassured.internal.RestAssuredHttpBuilder -- Parsed data to instance of: class org.apache.http.conn.EofSensorInputStream
]]></system-out>
  </testcase>
  <testcase name="deleteAllUsers[neharastogi10034](34)" classname="api.test.DDTests" time="1.895">
    <system-out><![CDATA[14:35:39.093 [main] DEBUG org.apache.http.impl.conn.BasicClientConnectionManager -- Get connection for route {s}->https://petstore.swagger.io:443
14:35:39.094 [main] DEBUG org.apache.http.impl.conn.DefaultClientConnectionOperator -- Connecting to petstore.swagger.io:443
14:35:40.030 [main] DEBUG org.apache.http.client.protocol.RequestAddCookies -- CookieSpec selected: ignoreCookies
14:35:40.031 [main] DEBUG org.apache.http.client.protocol.RequestAuthCache -- Auth cache not set in the context
14:35:40.031 [main] DEBUG org.apache.http.client.protocol.RequestTargetAuthentication -- Target auth state: UNCHALLENGED
14:35:40.031 [main] DEBUG org.apache.http.client.protocol.RequestProxyAuthentication -- Proxy auth state: UNCHALLENGED
14:35:40.031 [main] DEBUG org.apache.http.impl.client.DefaultHttpClient -- Attempt 1 to execute request
14:35:40.031 [main] DEBUG org.apache.http.impl.conn.DefaultClientConnection -- Sending request: DELETE /v2/user/neharastogi10034 HTTP/1.1
14:35:40.031 [main] DEBUG org.apache.http.wire --  >> "DELETE /v2/user/neharastogi10034 HTTP/1.1[\r][\n]"
14:35:40.031 [main] DEBUG org.apache.http.wire --  >> "Accept: */*[\r][\n]"
14:35:40.031 [main] DEBUG org.apache.http.wire --  >> "Host: petstore.swagger.io[\r][\n]"
14:35:40.031 [main] DEBUG org.apache.http.wire --  >> "Connection: Keep-Alive[\r][\n]"
14:35:40.031 [main] DEBUG org.apache.http.wire --  >> "User-Agent: Apache-HttpClient/4.5.13 (Java/17.0.16)[\r][\n]"
14:35:40.031 [main] DEBUG org.apache.http.wire --  >> "Accept-Encoding: gzip,deflate[\r][\n]"
14:35:40.031 [main] DEBUG org.apache.http.wire --  >> "[\r][\n]"
14:35:40.031 [main] DEBUG org.apache.http.headers -- >> DELETE /v2/user/neharastogi10034 HTTP/1.1
14:35:40.031 [main] DEBUG org.apache.http.headers -- >> Accept: */*
14:35:40.031 [main] DEBUG org.apache.http.headers -- >> Host: petstore.swagger.io
14:35:40.031 [main] DEBUG org.apache.http.headers -- >> Connection: Keep-Alive
14:35:40.032 [main] DEBUG org.apache.http.headers -- >> User-Agent: Apache-HttpClient/4.5.13 (Java/17.0.16)
14:35:40.032 [main] DEBUG org.apache.http.headers -- >> Accept-Encoding: gzip,deflate
14:35:40.439 [main] DEBUG org.apache.http.wire --  << "HTTP/1.1 404 Not Found[\r][\n]"
14:35:40.439 [main] DEBUG org.apache.http.wire --  << "Date: Tue, 02 Sep 2025 09:05:39 GMT[\r][\n]"
14:35:40.439 [main] DEBUG org.apache.http.wire --  << "Content-Length: 0[\r][\n]"
14:35:40.439 [main] DEBUG org.apache.http.wire --  << "Connection: keep-alive[\r][\n]"
14:35:40.439 [main] DEBUG org.apache.http.wire --  << "Access-Control-Allow-Origin: *[\r][\n]"
14:35:40.439 [main] DEBUG org.apache.http.wire --  << "Access-Control-Allow-Methods: GET, POST, DELETE, PUT[\r][\n]"
14:35:40.439 [main] DEBUG org.apache.http.wire --  << "Access-Control-Allow-Headers: Content-Type, api_key, Authorization[\r][\n]"
14:35:40.439 [main] DEBUG org.apache.http.wire --  << "Server: Jetty(9.2.9.v20150224)[\r][\n]"
14:35:40.439 [main] DEBUG org.apache.http.wire --  << "[\r][\n]"
14:35:40.439 [main] DEBUG org.apache.http.impl.conn.DefaultClientConnection -- Receiving response: HTTP/1.1 404 Not Found
14:35:40.439 [main] DEBUG org.apache.http.headers -- << HTTP/1.1 404 Not Found
14:35:40.440 [main] DEBUG org.apache.http.headers -- << Date: Tue, 02 Sep 2025 09:05:39 GMT
14:35:40.440 [main] DEBUG org.apache.http.headers -- << Content-Length: 0
14:35:40.440 [main] DEBUG org.apache.http.headers -- << Connection: keep-alive
14:35:40.440 [main] DEBUG org.apache.http.headers -- << Access-Control-Allow-Origin: *
14:35:40.440 [main] DEBUG org.apache.http.headers -- << Access-Control-Allow-Methods: GET, POST, DELETE, PUT
14:35:40.440 [main] DEBUG org.apache.http.headers -- << Access-Control-Allow-Headers: Content-Type, api_key, Authorization
14:35:40.440 [main] DEBUG org.apache.http.headers -- << Server: Jetty(9.2.9.v20150224)
14:35:40.440 [main] DEBUG org.apache.http.impl.client.DefaultHttpClient -- Connection can be kept alive indefinitely
]]></system-out>
  </testcase>
  <testcase name="deleteAllUsers[saanviverma10035](35)" classname="api.test.DDTests" time="1.187">
    <system-out><![CDATA[14:35:40.898 [main] DEBUG org.apache.http.impl.conn.BasicClientConnectionManager -- Get connection for route {s}->https://petstore.swagger.io:443
14:35:40.899 [main] DEBUG org.apache.http.impl.conn.DefaultClientConnectionOperator -- Connecting to petstore.swagger.io:443
14:35:41.982 [main] DEBUG org.apache.http.client.protocol.RequestAddCookies -- CookieSpec selected: ignoreCookies
14:35:41.982 [main] DEBUG org.apache.http.client.protocol.RequestAuthCache -- Auth cache not set in the context
14:35:41.982 [main] DEBUG org.apache.http.client.protocol.RequestTargetAuthentication -- Target auth state: UNCHALLENGED
14:35:41.982 [main] DEBUG org.apache.http.client.protocol.RequestProxyAuthentication -- Proxy auth state: UNCHALLENGED
14:35:41.982 [main] DEBUG org.apache.http.impl.client.DefaultHttpClient -- Attempt 1 to execute request
14:35:41.983 [main] DEBUG org.apache.http.impl.conn.DefaultClientConnection -- Sending request: DELETE /v2/user/saanviverma10035 HTTP/1.1
14:35:41.983 [main] DEBUG org.apache.http.wire --  >> "DELETE /v2/user/saanviverma10035 HTTP/1.1[\r][\n]"
14:35:41.983 [main] DEBUG org.apache.http.wire --  >> "Accept: */*[\r][\n]"
14:35:41.983 [main] DEBUG org.apache.http.wire --  >> "Host: petstore.swagger.io[\r][\n]"
14:35:41.983 [main] DEBUG org.apache.http.wire --  >> "Connection: Keep-Alive[\r][\n]"
14:35:41.983 [main] DEBUG org.apache.http.wire --  >> "User-Agent: Apache-HttpClient/4.5.13 (Java/17.0.16)[\r][\n]"
14:35:41.983 [main] DEBUG org.apache.http.wire --  >> "Accept-Encoding: gzip,deflate[\r][\n]"
14:35:41.983 [main] DEBUG org.apache.http.wire --  >> "[\r][\n]"
14:35:41.983 [main] DEBUG org.apache.http.headers -- >> DELETE /v2/user/saanviverma10035 HTTP/1.1
14:35:41.983 [main] DEBUG org.apache.http.headers -- >> Accept: */*
14:35:41.983 [main] DEBUG org.apache.http.headers -- >> Host: petstore.swagger.io
14:35:41.983 [main] DEBUG org.apache.http.headers -- >> Connection: Keep-Alive
14:35:41.983 [main] DEBUG org.apache.http.headers -- >> User-Agent: Apache-HttpClient/4.5.13 (Java/17.0.16)
14:35:41.983 [main] DEBUG org.apache.http.headers -- >> Accept-Encoding: gzip,deflate
14:35:42.253 [main] DEBUG org.apache.http.wire --  << "HTTP/1.1 200 OK[\r][\n]"
14:35:42.253 [main] DEBUG org.apache.http.wire --  << "Date: Tue, 02 Sep 2025 09:05:41 GMT[\r][\n]"
14:35:42.253 [main] DEBUG org.apache.http.wire --  << "Content-Type: application/json[\r][\n]"
14:35:42.253 [main] DEBUG org.apache.http.wire --  << "Transfer-Encoding: chunked[\r][\n]"
14:35:42.253 [main] DEBUG org.apache.http.wire --  << "Connection: keep-alive[\r][\n]"
14:35:42.253 [main] DEBUG org.apache.http.wire --  << "Access-Control-Allow-Origin: *[\r][\n]"
14:35:42.253 [main] DEBUG org.apache.http.wire --  << "Access-Control-Allow-Methods: GET, POST, DELETE, PUT[\r][\n]"
14:35:42.253 [main] DEBUG org.apache.http.wire --  << "Access-Control-Allow-Headers: Content-Type, api_key, Authorization[\r][\n]"
14:35:42.253 [main] DEBUG org.apache.http.wire --  << "Server: Jetty(9.2.9.v20150224)[\r][\n]"
14:35:42.253 [main] DEBUG org.apache.http.wire --  << "[\r][\n]"
14:35:42.253 [main] DEBUG org.apache.http.impl.conn.DefaultClientConnection -- Receiving response: HTTP/1.1 200 OK
14:35:42.253 [main] DEBUG org.apache.http.headers -- << HTTP/1.1 200 OK
14:35:42.253 [main] DEBUG org.apache.http.headers -- << Date: Tue, 02 Sep 2025 09:05:41 GMT
14:35:42.253 [main] DEBUG org.apache.http.headers -- << Content-Type: application/json
14:35:42.253 [main] DEBUG org.apache.http.headers -- << Transfer-Encoding: chunked
14:35:42.254 [main] DEBUG org.apache.http.headers -- << Connection: keep-alive
14:35:42.254 [main] DEBUG org.apache.http.headers -- << Access-Control-Allow-Origin: *
14:35:42.254 [main] DEBUG org.apache.http.headers -- << Access-Control-Allow-Methods: GET, POST, DELETE, PUT
14:35:42.254 [main] DEBUG org.apache.http.headers -- << Access-Control-Allow-Headers: Content-Type, api_key, Authorization
14:35:42.254 [main] DEBUG org.apache.http.headers -- << Server: Jetty(9.2.9.v20150224)
14:35:42.254 [main] DEBUG org.apache.http.impl.client.DefaultHttpClient -- Connection can be kept alive indefinitely
14:35:42.254 [main] DEBUG io.restassured.internal.RestAssuredHttpBuilder -- Parsing response as: application/json
14:35:42.255 [main] DEBUG io.restassured.internal.RestAssuredHttpBuilder -- Parsed data to instance of: class org.apache.http.conn.EofSensorInputStream
]]></system-out>
  </testcase>
  <testcase name="deleteAllUsers[kavyapillai10036](36)" classname="api.test.DDTests" time="1.46">
    <system-out><![CDATA[14:35:42.284 [main] DEBUG org.apache.http.impl.conn.BasicClientConnectionManager -- Get connection for route {s}->https://petstore.swagger.io:443
14:35:42.285 [main] DEBUG org.apache.http.impl.conn.DefaultClientConnectionOperator -- Connecting to petstore.swagger.io:443
14:35:43.105 [main] DEBUG org.apache.http.client.protocol.RequestAddCookies -- CookieSpec selected: ignoreCookies
14:35:43.105 [main] DEBUG org.apache.http.client.protocol.RequestAuthCache -- Auth cache not set in the context
14:35:43.105 [main] DEBUG org.apache.http.client.protocol.RequestTargetAuthentication -- Target auth state: UNCHALLENGED
14:35:43.105 [main] DEBUG org.apache.http.client.protocol.RequestProxyAuthentication -- Proxy auth state: UNCHALLENGED
14:35:43.105 [main] DEBUG org.apache.http.impl.client.DefaultHttpClient -- Attempt 1 to execute request
14:35:43.105 [main] DEBUG org.apache.http.impl.conn.DefaultClientConnection -- Sending request: DELETE /v2/user/kavyapillai10036 HTTP/1.1
14:35:43.105 [main] DEBUG org.apache.http.wire --  >> "DELETE /v2/user/kavyapillai10036 HTTP/1.1[\r][\n]"
14:35:43.106 [main] DEBUG org.apache.http.wire --  >> "Accept: */*[\r][\n]"
14:35:43.106 [main] DEBUG org.apache.http.wire --  >> "Host: petstore.swagger.io[\r][\n]"
14:35:43.106 [main] DEBUG org.apache.http.wire --  >> "Connection: Keep-Alive[\r][\n]"
14:35:43.106 [main] DEBUG org.apache.http.wire --  >> "User-Agent: Apache-HttpClient/4.5.13 (Java/17.0.16)[\r][\n]"
14:35:43.106 [main] DEBUG org.apache.http.wire --  >> "Accept-Encoding: gzip,deflate[\r][\n]"
14:35:43.106 [main] DEBUG org.apache.http.wire --  >> "[\r][\n]"
14:35:43.106 [main] DEBUG org.apache.http.headers -- >> DELETE /v2/user/kavyapillai10036 HTTP/1.1
14:35:43.106 [main] DEBUG org.apache.http.headers -- >> Accept: */*
14:35:43.106 [main] DEBUG org.apache.http.headers -- >> Host: petstore.swagger.io
14:35:43.106 [main] DEBUG org.apache.http.headers -- >> Connection: Keep-Alive
14:35:43.106 [main] DEBUG org.apache.http.headers -- >> User-Agent: Apache-HttpClient/4.5.13 (Java/17.0.16)
14:35:43.106 [main] DEBUG org.apache.http.headers -- >> Accept-Encoding: gzip,deflate
14:35:43.419 [main] DEBUG org.apache.http.wire --  << "HTTP/1.1 200 OK[\r][\n]"
14:35:43.420 [main] DEBUG org.apache.http.wire --  << "Date: Tue, 02 Sep 2025 09:05:42 GMT[\r][\n]"
14:35:43.420 [main] DEBUG org.apache.http.wire --  << "Content-Type: application/json[\r][\n]"
14:35:43.420 [main] DEBUG org.apache.http.wire --  << "Transfer-Encoding: chunked[\r][\n]"
14:35:43.420 [main] DEBUG org.apache.http.wire --  << "Connection: keep-alive[\r][\n]"
14:35:43.420 [main] DEBUG org.apache.http.wire --  << "Access-Control-Allow-Origin: *[\r][\n]"
14:35:43.420 [main] DEBUG org.apache.http.wire --  << "Access-Control-Allow-Methods: GET, POST, DELETE, PUT[\r][\n]"
14:35:43.420 [main] DEBUG org.apache.http.wire --  << "Access-Control-Allow-Headers: Content-Type, api_key, Authorization[\r][\n]"
14:35:43.420 [main] DEBUG org.apache.http.wire --  << "Server: Jetty(9.2.9.v20150224)[\r][\n]"
14:35:43.420 [main] DEBUG org.apache.http.wire --  << "[\r][\n]"
14:35:43.420 [main] DEBUG org.apache.http.impl.conn.DefaultClientConnection -- Receiving response: HTTP/1.1 200 OK
14:35:43.420 [main] DEBUG org.apache.http.headers -- << HTTP/1.1 200 OK
14:35:43.420 [main] DEBUG org.apache.http.headers -- << Date: Tue, 02 Sep 2025 09:05:42 GMT
14:35:43.420 [main] DEBUG org.apache.http.headers -- << Content-Type: application/json
14:35:43.420 [main] DEBUG org.apache.http.headers -- << Transfer-Encoding: chunked
14:35:43.420 [main] DEBUG org.apache.http.headers -- << Connection: keep-alive
14:35:43.420 [main] DEBUG org.apache.http.headers -- << Access-Control-Allow-Origin: *
14:35:43.420 [main] DEBUG org.apache.http.headers -- << Access-Control-Allow-Methods: GET, POST, DELETE, PUT
14:35:43.420 [main] DEBUG org.apache.http.headers -- << Access-Control-Allow-Headers: Content-Type, api_key, Authorization
14:35:43.420 [main] DEBUG org.apache.http.headers -- << Server: Jetty(9.2.9.v20150224)
14:35:43.439 [main] DEBUG org.apache.http.impl.client.DefaultHttpClient -- Connection can be kept alive indefinitely
14:35:43.444 [main] DEBUG io.restassured.internal.RestAssuredHttpBuilder -- Parsing response as: application/json
14:35:43.444 [main] DEBUG io.restassured.internal.RestAssuredHttpBuilder -- Parsed data to instance of: class org.apache.http.conn.EofSensorInputStream
]]></system-out>
  </testcase>
  <testcase name="deleteAllUsers[ishaanmehta10037](37)" classname="api.test.DDTests" time="1.239">
    <system-out><![CDATA[14:35:43.553 [main] DEBUG org.apache.http.impl.conn.BasicClientConnectionManager -- Get connection for route {s}->https://petstore.swagger.io:443
14:35:43.553 [main] DEBUG org.apache.http.impl.conn.DefaultClientConnectionOperator -- Connecting to petstore.swagger.io:443
14:35:44.428 [main] DEBUG org.apache.http.client.protocol.RequestAddCookies -- CookieSpec selected: ignoreCookies
14:35:44.428 [main] DEBUG org.apache.http.client.protocol.RequestAuthCache -- Auth cache not set in the context
14:35:44.428 [main] DEBUG org.apache.http.client.protocol.RequestTargetAuthentication -- Target auth state: UNCHALLENGED
14:35:44.428 [main] DEBUG org.apache.http.client.protocol.RequestProxyAuthentication -- Proxy auth state: UNCHALLENGED
14:35:44.428 [main] DEBUG org.apache.http.impl.client.DefaultHttpClient -- Attempt 1 to execute request
14:35:44.428 [main] DEBUG org.apache.http.impl.conn.DefaultClientConnection -- Sending request: DELETE /v2/user/ishaanmehta10037 HTTP/1.1
14:35:44.428 [main] DEBUG org.apache.http.wire --  >> "DELETE /v2/user/ishaanmehta10037 HTTP/1.1[\r][\n]"
14:35:44.428 [main] DEBUG org.apache.http.wire --  >> "Accept: */*[\r][\n]"
14:35:44.428 [main] DEBUG org.apache.http.wire --  >> "Host: petstore.swagger.io[\r][\n]"
14:35:44.428 [main] DEBUG org.apache.http.wire --  >> "Connection: Keep-Alive[\r][\n]"
14:35:44.428 [main] DEBUG org.apache.http.wire --  >> "User-Agent: Apache-HttpClient/4.5.13 (Java/17.0.16)[\r][\n]"
14:35:44.428 [main] DEBUG org.apache.http.wire --  >> "Accept-Encoding: gzip,deflate[\r][\n]"
14:35:44.428 [main] DEBUG org.apache.http.wire --  >> "[\r][\n]"
14:35:44.428 [main] DEBUG org.apache.http.headers -- >> DELETE /v2/user/ishaanmehta10037 HTTP/1.1
14:35:44.428 [main] DEBUG org.apache.http.headers -- >> Accept: */*
14:35:44.428 [main] DEBUG org.apache.http.headers -- >> Host: petstore.swagger.io
14:35:44.428 [main] DEBUG org.apache.http.headers -- >> Connection: Keep-Alive
14:35:44.428 [main] DEBUG org.apache.http.headers -- >> User-Agent: Apache-HttpClient/4.5.13 (Java/17.0.16)
14:35:44.428 [main] DEBUG org.apache.http.headers -- >> Accept-Encoding: gzip,deflate
14:35:44.686 [main] DEBUG org.apache.http.wire --  << "HTTP/1.1 200 OK[\r][\n]"
14:35:44.687 [main] DEBUG org.apache.http.wire --  << "Date: Tue, 02 Sep 2025 09:05:44 GMT[\r][\n]"
14:35:44.687 [main] DEBUG org.apache.http.wire --  << "Content-Type: application/json[\r][\n]"
14:35:44.687 [main] DEBUG org.apache.http.wire --  << "Transfer-Encoding: chunked[\r][\n]"
14:35:44.687 [main] DEBUG org.apache.http.wire --  << "Connection: keep-alive[\r][\n]"
14:35:44.687 [main] DEBUG org.apache.http.wire --  << "Access-Control-Allow-Origin: *[\r][\n]"
14:35:44.687 [main] DEBUG org.apache.http.wire --  << "Access-Control-Allow-Methods: GET, POST, DELETE, PUT[\r][\n]"
14:35:44.687 [main] DEBUG org.apache.http.wire --  << "Access-Control-Allow-Headers: Content-Type, api_key, Authorization[\r][\n]"
14:35:44.687 [main] DEBUG org.apache.http.wire --  << "Server: Jetty(9.2.9.v20150224)[\r][\n]"
14:35:44.687 [main] DEBUG org.apache.http.wire --  << "[\r][\n]"
14:35:44.687 [main] DEBUG org.apache.http.impl.conn.DefaultClientConnection -- Receiving response: HTTP/1.1 200 OK
14:35:44.687 [main] DEBUG org.apache.http.headers -- << HTTP/1.1 200 OK
14:35:44.687 [main] DEBUG org.apache.http.headers -- << Date: Tue, 02 Sep 2025 09:05:44 GMT
14:35:44.687 [main] DEBUG org.apache.http.headers -- << Content-Type: application/json
14:35:44.687 [main] DEBUG org.apache.http.headers -- << Transfer-Encoding: chunked
14:35:44.687 [main] DEBUG org.apache.http.headers -- << Connection: keep-alive
14:35:44.687 [main] DEBUG org.apache.http.headers -- << Access-Control-Allow-Origin: *
14:35:44.687 [main] DEBUG org.apache.http.headers -- << Access-Control-Allow-Methods: GET, POST, DELETE, PUT
14:35:44.687 [main] DEBUG org.apache.http.headers -- << Access-Control-Allow-Headers: Content-Type, api_key, Authorization
14:35:44.687 [main] DEBUG org.apache.http.headers -- << Server: Jetty(9.2.9.v20150224)
14:35:44.687 [main] DEBUG org.apache.http.impl.client.DefaultHttpClient -- Connection can be kept alive indefinitely
14:35:44.687 [main] DEBUG io.restassured.internal.RestAssuredHttpBuilder -- Parsing response as: application/json
14:35:44.687 [main] DEBUG io.restassured.internal.RestAssuredHttpBuilder -- Parsed data to instance of: class org.apache.http.conn.EofSensorInputStream
]]></system-out>
  </testcase>
  <testcase name="deleteAllUsers[saanvichopra10038](38)" classname="api.test.DDTests" time="1.118">
    <system-out><![CDATA[14:35:44.890 [main] DEBUG org.apache.http.impl.conn.BasicClientConnectionManager -- Get connection for route {s}->https://petstore.swagger.io:443
14:35:44.891 [main] DEBUG org.apache.http.impl.conn.DefaultClientConnectionOperator -- Connecting to petstore.swagger.io:443
14:35:45.721 [main] DEBUG org.apache.http.client.protocol.RequestAddCookies -- CookieSpec selected: ignoreCookies
14:35:45.722 [main] DEBUG org.apache.http.client.protocol.RequestAuthCache -- Auth cache not set in the context
14:35:45.722 [main] DEBUG org.apache.http.client.protocol.RequestTargetAuthentication -- Target auth state: UNCHALLENGED
14:35:45.722 [main] DEBUG org.apache.http.client.protocol.RequestProxyAuthentication -- Proxy auth state: UNCHALLENGED
14:35:45.722 [main] DEBUG org.apache.http.impl.client.DefaultHttpClient -- Attempt 1 to execute request
14:35:45.722 [main] DEBUG org.apache.http.impl.conn.DefaultClientConnection -- Sending request: DELETE /v2/user/saanvichopra10038 HTTP/1.1
14:35:45.722 [main] DEBUG org.apache.http.wire --  >> "DELETE /v2/user/saanvichopra10038 HTTP/1.1[\r][\n]"
14:35:45.722 [main] DEBUG org.apache.http.wire --  >> "Accept: */*[\r][\n]"
14:35:45.722 [main] DEBUG org.apache.http.wire --  >> "Host: petstore.swagger.io[\r][\n]"
14:35:45.722 [main] DEBUG org.apache.http.wire --  >> "Connection: Keep-Alive[\r][\n]"
14:35:45.722 [main] DEBUG org.apache.http.wire --  >> "User-Agent: Apache-HttpClient/4.5.13 (Java/17.0.16)[\r][\n]"
14:35:45.722 [main] DEBUG org.apache.http.wire --  >> "Accept-Encoding: gzip,deflate[\r][\n]"
14:35:45.722 [main] DEBUG org.apache.http.wire --  >> "[\r][\n]"
14:35:45.722 [main] DEBUG org.apache.http.headers -- >> DELETE /v2/user/saanvichopra10038 HTTP/1.1
14:35:45.722 [main] DEBUG org.apache.http.headers -- >> Accept: */*
14:35:45.722 [main] DEBUG org.apache.http.headers -- >> Host: petstore.swagger.io
14:35:45.722 [main] DEBUG org.apache.http.headers -- >> Connection: Keep-Alive
14:35:45.722 [main] DEBUG org.apache.http.headers -- >> User-Agent: Apache-HttpClient/4.5.13 (Java/17.0.16)
14:35:45.722 [main] DEBUG org.apache.http.headers -- >> Accept-Encoding: gzip,deflate
14:35:46.091 [main] DEBUG org.apache.http.wire --  << "HTTP/1.1 200 OK[\r][\n]"
14:35:46.091 [main] DEBUG org.apache.http.wire --  << "Date: Tue, 02 Sep 2025 09:05:45 GMT[\r][\n]"
14:35:46.091 [main] DEBUG org.apache.http.wire --  << "Content-Type: application/json[\r][\n]"
14:35:46.091 [main] DEBUG org.apache.http.wire --  << "Transfer-Encoding: chunked[\r][\n]"
14:35:46.091 [main] DEBUG org.apache.http.wire --  << "Connection: keep-alive[\r][\n]"
14:35:46.092 [main] DEBUG org.apache.http.wire --  << "Access-Control-Allow-Origin: *[\r][\n]"
14:35:46.092 [main] DEBUG org.apache.http.wire --  << "Access-Control-Allow-Methods: GET, POST, DELETE, PUT[\r][\n]"
14:35:46.092 [main] DEBUG org.apache.http.wire --  << "Access-Control-Allow-Headers: Content-Type, api_key, Authorization[\r][\n]"
14:35:46.092 [main] DEBUG org.apache.http.wire --  << "Server: Jetty(9.2.9.v20150224)[\r][\n]"
14:35:46.092 [main] DEBUG org.apache.http.wire --  << "[\r][\n]"
14:35:46.092 [main] DEBUG org.apache.http.impl.conn.DefaultClientConnection -- Receiving response: HTTP/1.1 200 OK
14:35:46.092 [main] DEBUG org.apache.http.headers -- << HTTP/1.1 200 OK
14:35:46.092 [main] DEBUG org.apache.http.headers -- << Date: Tue, 02 Sep 2025 09:05:45 GMT
14:35:46.092 [main] DEBUG org.apache.http.headers -- << Content-Type: application/json
14:35:46.092 [main] DEBUG org.apache.http.headers -- << Transfer-Encoding: chunked
14:35:46.092 [main] DEBUG org.apache.http.headers -- << Connection: keep-alive
14:35:46.092 [main] DEBUG org.apache.http.headers -- << Access-Control-Allow-Origin: *
14:35:46.092 [main] DEBUG org.apache.http.headers -- << Access-Control-Allow-Methods: GET, POST, DELETE, PUT
14:35:46.092 [main] DEBUG org.apache.http.headers -- << Access-Control-Allow-Headers: Content-Type, api_key, Authorization
14:35:46.092 [main] DEBUG org.apache.http.headers -- << Server: Jetty(9.2.9.v20150224)
14:35:46.092 [main] DEBUG org.apache.http.impl.client.DefaultHttpClient -- Connection can be kept alive indefinitely
14:35:46.092 [main] DEBUG io.restassured.internal.RestAssuredHttpBuilder -- Parsing response as: application/json
14:35:46.092 [main] DEBUG io.restassured.internal.RestAssuredHttpBuilder -- Parsed data to instance of: class org.apache.http.conn.EofSensorInputStream
]]></system-out>
  </testcase>
  <testcase name="deleteAllUsers[diyasingh10039](39)" classname="api.test.DDTests" time="1.203">
    <system-out><![CDATA[14:35:46.118 [main] DEBUG org.apache.http.impl.conn.BasicClientConnectionManager -- Get connection for route {s}->https://petstore.swagger.io:443
14:35:46.118 [main] DEBUG org.apache.http.impl.conn.DefaultClientConnectionOperator -- Connecting to petstore.swagger.io:443
14:35:46.977 [main] DEBUG org.apache.http.client.protocol.RequestAddCookies -- CookieSpec selected: ignoreCookies
14:35:46.978 [main] DEBUG org.apache.http.client.protocol.RequestAuthCache -- Auth cache not set in the context
14:35:46.978 [main] DEBUG org.apache.http.client.protocol.RequestTargetAuthentication -- Target auth state: UNCHALLENGED
14:35:46.978 [main] DEBUG org.apache.http.client.protocol.RequestProxyAuthentication -- Proxy auth state: UNCHALLENGED
14:35:46.978 [main] DEBUG org.apache.http.impl.client.DefaultHttpClient -- Attempt 1 to execute request
14:35:46.978 [main] DEBUG org.apache.http.impl.conn.DefaultClientConnection -- Sending request: DELETE /v2/user/diyasingh10039 HTTP/1.1
14:35:46.978 [main] DEBUG org.apache.http.wire --  >> "DELETE /v2/user/diyasingh10039 HTTP/1.1[\r][\n]"
14:35:46.978 [main] DEBUG org.apache.http.wire --  >> "Accept: */*[\r][\n]"
14:35:46.978 [main] DEBUG org.apache.http.wire --  >> "Host: petstore.swagger.io[\r][\n]"
14:35:46.978 [main] DEBUG org.apache.http.wire --  >> "Connection: Keep-Alive[\r][\n]"
14:35:46.978 [main] DEBUG org.apache.http.wire --  >> "User-Agent: Apache-HttpClient/4.5.13 (Java/17.0.16)[\r][\n]"
14:35:46.978 [main] DEBUG org.apache.http.wire --  >> "Accept-Encoding: gzip,deflate[\r][\n]"
14:35:46.978 [main] DEBUG org.apache.http.wire --  >> "[\r][\n]"
14:35:46.978 [main] DEBUG org.apache.http.headers -- >> DELETE /v2/user/diyasingh10039 HTTP/1.1
14:35:46.978 [main] DEBUG org.apache.http.headers -- >> Accept: */*
14:35:46.978 [main] DEBUG org.apache.http.headers -- >> Host: petstore.swagger.io
14:35:46.978 [main] DEBUG org.apache.http.headers -- >> Connection: Keep-Alive
14:35:46.978 [main] DEBUG org.apache.http.headers -- >> User-Agent: Apache-HttpClient/4.5.13 (Java/17.0.16)
14:35:46.978 [main] DEBUG org.apache.http.headers -- >> Accept-Encoding: gzip,deflate
14:35:47.301 [main] DEBUG org.apache.http.wire --  << "HTTP/1.1 404 Not Found[\r][\n]"
14:35:47.301 [main] DEBUG org.apache.http.wire --  << "Date: Tue, 02 Sep 2025 09:05:46 GMT[\r][\n]"
14:35:47.301 [main] DEBUG org.apache.http.wire --  << "Content-Length: 0[\r][\n]"
14:35:47.301 [main] DEBUG org.apache.http.wire --  << "Connection: keep-alive[\r][\n]"
14:35:47.301 [main] DEBUG org.apache.http.wire --  << "Access-Control-Allow-Origin: *[\r][\n]"
14:35:47.301 [main] DEBUG org.apache.http.wire --  << "Access-Control-Allow-Methods: GET, POST, DELETE, PUT[\r][\n]"
14:35:47.301 [main] DEBUG org.apache.http.wire --  << "Access-Control-Allow-Headers: Content-Type, api_key, Authorization[\r][\n]"
14:35:47.301 [main] DEBUG org.apache.http.wire --  << "Server: Jetty(9.2.9.v20150224)[\r][\n]"
14:35:47.301 [main] DEBUG org.apache.http.wire --  << "[\r][\n]"
14:35:47.301 [main] DEBUG org.apache.http.impl.conn.DefaultClientConnection -- Receiving response: HTTP/1.1 404 Not Found
14:35:47.301 [main] DEBUG org.apache.http.headers -- << HTTP/1.1 404 Not Found
14:35:47.301 [main] DEBUG org.apache.http.headers -- << Date: Tue, 02 Sep 2025 09:05:46 GMT
14:35:47.301 [main] DEBUG org.apache.http.headers -- << Content-Length: 0
14:35:47.301 [main] DEBUG org.apache.http.headers -- << Connection: keep-alive
14:35:47.301 [main] DEBUG org.apache.http.headers -- << Access-Control-Allow-Origin: *
14:35:47.301 [main] DEBUG org.apache.http.headers -- << Access-Control-Allow-Methods: GET, POST, DELETE, PUT
14:35:47.301 [main] DEBUG org.apache.http.headers -- << Access-Control-Allow-Headers: Content-Type, api_key, Authorization
14:35:47.301 [main] DEBUG org.apache.http.headers -- << Server: Jetty(9.2.9.v20150224)
14:35:47.302 [main] DEBUG org.apache.http.impl.client.DefaultHttpClient -- Connection can be kept alive indefinitely
]]></system-out>
  </testcase>
  <testcase name="deleteAllUsers[raghavmukherjee10040](40)" classname="api.test.DDTests" time="1.879">
    <system-out><![CDATA[14:35:47.334 [main] DEBUG org.apache.http.impl.conn.BasicClientConnectionManager -- Get connection for route {s}->https://petstore.swagger.io:443
14:35:47.335 [main] DEBUG org.apache.http.impl.conn.DefaultClientConnectionOperator -- Connecting to petstore.swagger.io:443
14:35:48.298 [main] DEBUG org.apache.http.client.protocol.RequestAddCookies -- CookieSpec selected: ignoreCookies
14:35:48.299 [main] DEBUG org.apache.http.client.protocol.RequestAuthCache -- Auth cache not set in the context
14:35:48.302 [main] DEBUG org.apache.http.client.protocol.RequestTargetAuthentication -- Target auth state: UNCHALLENGED
14:35:48.302 [main] DEBUG org.apache.http.client.protocol.RequestProxyAuthentication -- Proxy auth state: UNCHALLENGED
14:35:48.302 [main] DEBUG org.apache.http.impl.client.DefaultHttpClient -- Attempt 1 to execute request
14:35:48.302 [main] DEBUG org.apache.http.impl.conn.DefaultClientConnection -- Sending request: DELETE /v2/user/raghavmukherjee10040 HTTP/1.1
14:35:48.302 [main] DEBUG org.apache.http.wire --  >> "DELETE /v2/user/raghavmukherjee10040 HTTP/1.1[\r][\n]"
14:35:48.302 [main] DEBUG org.apache.http.wire --  >> "Accept: */*[\r][\n]"
14:35:48.302 [main] DEBUG org.apache.http.wire --  >> "Host: petstore.swagger.io[\r][\n]"
14:35:48.302 [main] DEBUG org.apache.http.wire --  >> "Connection: Keep-Alive[\r][\n]"
14:35:48.302 [main] DEBUG org.apache.http.wire --  >> "User-Agent: Apache-HttpClient/4.5.13 (Java/17.0.16)[\r][\n]"
14:35:48.302 [main] DEBUG org.apache.http.wire --  >> "Accept-Encoding: gzip,deflate[\r][\n]"
14:35:48.302 [main] DEBUG org.apache.http.wire --  >> "[\r][\n]"
14:35:48.302 [main] DEBUG org.apache.http.headers -- >> DELETE /v2/user/raghavmukherjee10040 HTTP/1.1
14:35:48.302 [main] DEBUG org.apache.http.headers -- >> Accept: */*
14:35:48.302 [main] DEBUG org.apache.http.headers -- >> Host: petstore.swagger.io
14:35:48.302 [main] DEBUG org.apache.http.headers -- >> Connection: Keep-Alive
14:35:48.302 [main] DEBUG org.apache.http.headers -- >> User-Agent: Apache-HttpClient/4.5.13 (Java/17.0.16)
14:35:48.302 [main] DEBUG org.apache.http.headers -- >> Accept-Encoding: gzip,deflate
14:35:48.599 [main] DEBUG org.apache.http.wire --  << "HTTP/1.1 404 Not Found[\r][\n]"
14:35:48.599 [main] DEBUG org.apache.http.wire --  << "Date: Tue, 02 Sep 2025 09:05:47 GMT[\r][\n]"
14:35:48.599 [main] DEBUG org.apache.http.wire --  << "Content-Length: 0[\r][\n]"
14:35:48.599 [main] DEBUG org.apache.http.wire --  << "Connection: keep-alive[\r][\n]"
14:35:48.599 [main] DEBUG org.apache.http.wire --  << "Access-Control-Allow-Origin: *[\r][\n]"
14:35:48.599 [main] DEBUG org.apache.http.wire --  << "Access-Control-Allow-Methods: GET, POST, DELETE, PUT[\r][\n]"
14:35:48.599 [main] DEBUG org.apache.http.wire --  << "Access-Control-Allow-Headers: Content-Type, api_key, Authorization[\r][\n]"
14:35:48.599 [main] DEBUG org.apache.http.wire --  << "Server: Jetty(9.2.9.v20150224)[\r][\n]"
14:35:48.599 [main] DEBUG org.apache.http.wire --  << "[\r][\n]"
14:35:48.599 [main] DEBUG org.apache.http.impl.conn.DefaultClientConnection -- Receiving response: HTTP/1.1 404 Not Found
14:35:48.599 [main] DEBUG org.apache.http.headers -- << HTTP/1.1 404 Not Found
14:35:48.599 [main] DEBUG org.apache.http.headers -- << Date: Tue, 02 Sep 2025 09:05:47 GMT
14:35:48.599 [main] DEBUG org.apache.http.headers -- << Content-Length: 0
14:35:48.599 [main] DEBUG org.apache.http.headers -- << Connection: keep-alive
14:35:48.599 [main] DEBUG org.apache.http.headers -- << Access-Control-Allow-Origin: *
14:35:48.599 [main] DEBUG org.apache.http.headers -- << Access-Control-Allow-Methods: GET, POST, DELETE, PUT
14:35:48.599 [main] DEBUG org.apache.http.headers -- << Access-Control-Allow-Headers: Content-Type, api_key, Authorization
14:35:48.600 [main] DEBUG org.apache.http.headers -- << Server: Jetty(9.2.9.v20150224)
14:35:48.600 [main] DEBUG org.apache.http.impl.client.DefaultHttpClient -- Connection can be kept alive indefinitely
]]></system-out>
  </testcase>
  <testcase name="deleteAllUsers[arjunrastogi10041](41)" classname="api.test.DDTests" time="4.116">
    <system-out><![CDATA[14:35:48.830 [main] DEBUG org.apache.http.impl.conn.BasicClientConnectionManager -- Get connection for route {s}->https://petstore.swagger.io:443
14:35:48.830 [main] DEBUG org.apache.http.impl.conn.DefaultClientConnectionOperator -- Connecting to petstore.swagger.io:443
14:35:50.485 [main] DEBUG org.apache.http.client.protocol.RequestAddCookies -- CookieSpec selected: ignoreCookies
14:35:50.485 [main] DEBUG org.apache.http.client.protocol.RequestAuthCache -- Auth cache not set in the context
14:35:50.485 [main] DEBUG org.apache.http.client.protocol.RequestTargetAuthentication -- Target auth state: UNCHALLENGED
14:35:50.485 [main] DEBUG org.apache.http.client.protocol.RequestProxyAuthentication -- Proxy auth state: UNCHALLENGED
14:35:50.485 [main] DEBUG org.apache.http.impl.client.DefaultHttpClient -- Attempt 1 to execute request
14:35:50.487 [main] DEBUG org.apache.http.impl.conn.DefaultClientConnection -- Sending request: DELETE /v2/user/arjunrastogi10041 HTTP/1.1
14:35:50.487 [main] DEBUG org.apache.http.wire --  >> "DELETE /v2/user/arjunrastogi10041 HTTP/1.1[\r][\n]"
14:35:50.487 [main] DEBUG org.apache.http.wire --  >> "Accept: */*[\r][\n]"
14:35:50.487 [main] DEBUG org.apache.http.wire --  >> "Host: petstore.swagger.io[\r][\n]"
14:35:50.487 [main] DEBUG org.apache.http.wire --  >> "Connection: Keep-Alive[\r][\n]"
14:35:50.560 [main] DEBUG org.apache.http.wire --  >> "User-Agent: Apache-HttpClient/4.5.13 (Java/17.0.16)[\r][\n]"
14:35:50.560 [main] DEBUG org.apache.http.wire --  >> "Accept-Encoding: gzip,deflate[\r][\n]"
14:35:50.560 [main] DEBUG org.apache.http.wire --  >> "[\r][\n]"
14:35:50.560 [main] DEBUG org.apache.http.headers -- >> DELETE /v2/user/arjunrastogi10041 HTTP/1.1
14:35:50.560 [main] DEBUG org.apache.http.headers -- >> Accept: */*
14:35:50.560 [main] DEBUG org.apache.http.headers -- >> Host: petstore.swagger.io
14:35:50.560 [main] DEBUG org.apache.http.headers -- >> Connection: Keep-Alive
14:35:50.560 [main] DEBUG org.apache.http.headers -- >> User-Agent: Apache-HttpClient/4.5.13 (Java/17.0.16)
14:35:50.560 [main] DEBUG org.apache.http.headers -- >> Accept-Encoding: gzip,deflate
14:35:50.894 [main] DEBUG org.apache.http.wire --  << "HTTP/1.1 200 OK[\r][\n]"
14:35:50.894 [main] DEBUG org.apache.http.wire --  << "Date: Tue, 02 Sep 2025 09:05:50 GMT[\r][\n]"
14:35:50.894 [main] DEBUG org.apache.http.wire --  << "Content-Type: application/json[\r][\n]"
14:35:50.894 [main] DEBUG org.apache.http.wire --  << "Transfer-Encoding: chunked[\r][\n]"
14:35:50.894 [main] DEBUG org.apache.http.wire --  << "Connection: keep-alive[\r][\n]"
14:35:50.895 [main] DEBUG org.apache.http.wire --  << "Access-Control-Allow-Origin: *[\r][\n]"
14:35:50.895 [main] DEBUG org.apache.http.wire --  << "Access-Control-Allow-Methods: GET, POST, DELETE, PUT[\r][\n]"
14:35:50.895 [main] DEBUG org.apache.http.wire --  << "Access-Control-Allow-Headers: Content-Type, api_key, Authorization[\r][\n]"
14:35:50.895 [main] DEBUG org.apache.http.wire --  << "Server: Jetty(9.2.9.v20150224)[\r][\n]"
14:35:50.895 [main] DEBUG org.apache.http.wire --  << "[\r][\n]"
14:35:50.895 [main] DEBUG org.apache.http.impl.conn.DefaultClientConnection -- Receiving response: HTTP/1.1 200 OK
14:35:50.895 [main] DEBUG org.apache.http.headers -- << HTTP/1.1 200 OK
14:35:50.895 [main] DEBUG org.apache.http.headers -- << Date: Tue, 02 Sep 2025 09:05:50 GMT
14:35:50.895 [main] DEBUG org.apache.http.headers -- << Content-Type: application/json
14:35:50.895 [main] DEBUG org.apache.http.headers -- << Transfer-Encoding: chunked
14:35:50.895 [main] DEBUG org.apache.http.headers -- << Connection: keep-alive
14:35:50.895 [main] DEBUG org.apache.http.headers -- << Access-Control-Allow-Origin: *
14:35:50.895 [main] DEBUG org.apache.http.headers -- << Access-Control-Allow-Methods: GET, POST, DELETE, PUT
14:35:50.895 [main] DEBUG org.apache.http.headers -- << Access-Control-Allow-Headers: Content-Type, api_key, Authorization
14:35:50.895 [main] DEBUG org.apache.http.headers -- << Server: Jetty(9.2.9.v20150224)
14:35:50.927 [main] DEBUG org.apache.http.impl.client.DefaultHttpClient -- Connection can be kept alive indefinitely
14:35:50.928 [main] DEBUG io.restassured.internal.RestAssuredHttpBuilder -- Parsing response as: application/json
14:35:50.928 [main] DEBUG io.restassured.internal.RestAssuredHttpBuilder -- Parsed data to instance of: class org.apache.http.conn.EofSensorInputStream
]]></system-out>
  </testcase>
  <testcase name="deleteAllUsers[saanvigupta10042](42)" classname="api.test.DDTests" time="2.108">
    <system-out><![CDATA[14:35:51.090 [main] DEBUG org.apache.http.impl.conn.BasicClientConnectionManager -- Get connection for route {s}->https://petstore.swagger.io:443
14:35:51.090 [main] DEBUG org.apache.http.impl.conn.DefaultClientConnectionOperator -- Connecting to petstore.swagger.io:443
14:35:52.423 [main] DEBUG org.apache.http.client.protocol.RequestAddCookies -- CookieSpec selected: ignoreCookies
14:35:52.424 [main] DEBUG org.apache.http.client.protocol.RequestAuthCache -- Auth cache not set in the context
14:35:52.424 [main] DEBUG org.apache.http.client.protocol.RequestTargetAuthentication -- Target auth state: UNCHALLENGED
14:35:52.424 [main] DEBUG org.apache.http.client.protocol.RequestProxyAuthentication -- Proxy auth state: UNCHALLENGED
14:35:52.424 [main] DEBUG org.apache.http.impl.client.DefaultHttpClient -- Attempt 1 to execute request
14:35:52.424 [main] DEBUG org.apache.http.impl.conn.DefaultClientConnection -- Sending request: DELETE /v2/user/saanvigupta10042 HTTP/1.1
14:35:52.424 [main] DEBUG org.apache.http.wire --  >> "DELETE /v2/user/saanvigupta10042 HTTP/1.1[\r][\n]"
14:35:52.424 [main] DEBUG org.apache.http.wire --  >> "Accept: */*[\r][\n]"
14:35:52.424 [main] DEBUG org.apache.http.wire --  >> "Host: petstore.swagger.io[\r][\n]"
14:35:52.424 [main] DEBUG org.apache.http.wire --  >> "Connection: Keep-Alive[\r][\n]"
14:35:52.424 [main] DEBUG org.apache.http.wire --  >> "User-Agent: Apache-HttpClient/4.5.13 (Java/17.0.16)[\r][\n]"
14:35:52.424 [main] DEBUG org.apache.http.wire --  >> "Accept-Encoding: gzip,deflate[\r][\n]"
14:35:52.424 [main] DEBUG org.apache.http.wire --  >> "[\r][\n]"
14:35:52.424 [main] DEBUG org.apache.http.headers -- >> DELETE /v2/user/saanvigupta10042 HTTP/1.1
14:35:52.424 [main] DEBUG org.apache.http.headers -- >> Accept: */*
14:35:52.424 [main] DEBUG org.apache.http.headers -- >> Host: petstore.swagger.io
14:35:52.424 [main] DEBUG org.apache.http.headers -- >> Connection: Keep-Alive
14:35:52.424 [main] DEBUG org.apache.http.headers -- >> User-Agent: Apache-HttpClient/4.5.13 (Java/17.0.16)
14:35:52.424 [main] DEBUG org.apache.http.headers -- >> Accept-Encoding: gzip,deflate
14:35:52.745 [main] DEBUG org.apache.http.wire --  << "HTTP/1.1 200 OK[\r][\n]"
14:35:52.745 [main] DEBUG org.apache.http.wire --  << "Date: Tue, 02 Sep 2025 09:05:52 GMT[\r][\n]"
14:35:52.745 [main] DEBUG org.apache.http.wire --  << "Content-Type: application/json[\r][\n]"
14:35:52.745 [main] DEBUG org.apache.http.wire --  << "Transfer-Encoding: chunked[\r][\n]"
14:35:52.745 [main] DEBUG org.apache.http.wire --  << "Connection: keep-alive[\r][\n]"
14:35:52.745 [main] DEBUG org.apache.http.wire --  << "Access-Control-Allow-Origin: *[\r][\n]"
14:35:52.745 [main] DEBUG org.apache.http.wire --  << "Access-Control-Allow-Methods: GET, POST, DELETE, PUT[\r][\n]"
14:35:52.745 [main] DEBUG org.apache.http.wire --  << "Access-Control-Allow-Headers: Content-Type, api_key, Authorization[\r][\n]"
14:35:52.745 [main] DEBUG org.apache.http.wire --  << "Server: Jetty(9.2.9.v20150224)[\r][\n]"
14:35:52.745 [main] DEBUG org.apache.http.wire --  << "[\r][\n]"
14:35:52.745 [main] DEBUG org.apache.http.impl.conn.DefaultClientConnection -- Receiving response: HTTP/1.1 200 OK
14:35:52.745 [main] DEBUG org.apache.http.headers -- << HTTP/1.1 200 OK
14:35:52.745 [main] DEBUG org.apache.http.headers -- << Date: Tue, 02 Sep 2025 09:05:52 GMT
14:35:52.745 [main] DEBUG org.apache.http.headers -- << Content-Type: application/json
14:35:52.745 [main] DEBUG org.apache.http.headers -- << Transfer-Encoding: chunked
14:35:52.745 [main] DEBUG org.apache.http.headers -- << Connection: keep-alive
14:35:52.745 [main] DEBUG org.apache.http.headers -- << Access-Control-Allow-Origin: *
14:35:52.745 [main] DEBUG org.apache.http.headers -- << Access-Control-Allow-Methods: GET, POST, DELETE, PUT
14:35:52.745 [main] DEBUG org.apache.http.headers -- << Access-Control-Allow-Headers: Content-Type, api_key, Authorization
14:35:52.745 [main] DEBUG org.apache.http.headers -- << Server: Jetty(9.2.9.v20150224)
14:35:52.747 [main] DEBUG org.apache.http.impl.client.DefaultHttpClient -- Connection can be kept alive indefinitely
14:35:52.747 [main] DEBUG io.restassured.internal.RestAssuredHttpBuilder -- Parsing response as: application/json
14:35:52.747 [main] DEBUG io.restassured.internal.RestAssuredHttpBuilder -- Parsed data to instance of: class org.apache.http.conn.EofSensorInputStream
]]></system-out>
  </testcase>
  <testcase name="deleteAllUsers[anayasharma10043](43)" classname="api.test.DDTests" time="0.807">
    <system-out><![CDATA[14:35:53.437 [main] DEBUG org.apache.http.impl.conn.BasicClientConnectionManager -- Get connection for route {s}->https://petstore.swagger.io:443
14:35:53.437 [main] DEBUG org.apache.http.impl.conn.DefaultClientConnectionOperator -- Connecting to petstore.swagger.io:443
14:35:55.259 [main] DEBUG org.apache.http.client.protocol.RequestAddCookies -- CookieSpec selected: ignoreCookies
14:35:55.261 [main] DEBUG org.apache.http.client.protocol.RequestAuthCache -- Auth cache not set in the context
14:35:55.264 [main] DEBUG org.apache.http.client.protocol.RequestTargetAuthentication -- Target auth state: UNCHALLENGED
14:35:55.264 [main] DEBUG org.apache.http.client.protocol.RequestProxyAuthentication -- Proxy auth state: UNCHALLENGED
14:35:55.264 [main] DEBUG org.apache.http.impl.client.DefaultHttpClient -- Attempt 1 to execute request
14:35:55.264 [main] DEBUG org.apache.http.impl.conn.DefaultClientConnection -- Sending request: DELETE /v2/user/anayasharma10043 HTTP/1.1
14:35:55.264 [main] DEBUG org.apache.http.wire --  >> "DELETE /v2/user/anayasharma10043 HTTP/1.1[\r][\n]"
14:35:55.264 [main] DEBUG org.apache.http.wire --  >> "Accept: */*[\r][\n]"
14:35:55.264 [main] DEBUG org.apache.http.wire --  >> "Host: petstore.swagger.io[\r][\n]"
14:35:55.264 [main] DEBUG org.apache.http.wire --  >> "Connection: Keep-Alive[\r][\n]"
14:35:55.264 [main] DEBUG org.apache.http.wire --  >> "User-Agent: Apache-HttpClient/4.5.13 (Java/17.0.16)[\r][\n]"
14:35:55.264 [main] DEBUG org.apache.http.wire --  >> "Accept-Encoding: gzip,deflate[\r][\n]"
14:35:55.264 [main] DEBUG org.apache.http.wire --  >> "[\r][\n]"
14:35:55.264 [main] DEBUG org.apache.http.headers -- >> DELETE /v2/user/anayasharma10043 HTTP/1.1
14:35:55.264 [main] DEBUG org.apache.http.headers -- >> Accept: */*
14:35:55.264 [main] DEBUG org.apache.http.headers -- >> Host: petstore.swagger.io
14:35:55.264 [main] DEBUG org.apache.http.headers -- >> Connection: Keep-Alive
14:35:55.264 [main] DEBUG org.apache.http.headers -- >> User-Agent: Apache-HttpClient/4.5.13 (Java/17.0.16)
14:35:55.264 [main] DEBUG org.apache.http.headers -- >> Accept-Encoding: gzip,deflate
14:35:55.518 [main] DEBUG org.apache.http.wire --  << "HTTP/1.1 404 Not Found[\r][\n]"
14:35:55.519 [main] DEBUG org.apache.http.wire --  << "Date: Tue, 02 Sep 2025 09:05:54 GMT[\r][\n]"
14:35:55.519 [main] DEBUG org.apache.http.wire --  << "Content-Length: 0[\r][\n]"
14:35:55.519 [main] DEBUG org.apache.http.wire --  << "Connection: keep-alive[\r][\n]"
14:35:55.519 [main] DEBUG org.apache.http.wire --  << "Access-Control-Allow-Origin: *[\r][\n]"
14:35:55.519 [main] DEBUG org.apache.http.wire --  << "Access-Control-Allow-Methods: GET, POST, DELETE, PUT[\r][\n]"
14:35:55.519 [main] DEBUG org.apache.http.wire --  << "Access-Control-Allow-Headers: Content-Type, api_key, Authorization[\r][\n]"
14:35:55.519 [main] DEBUG org.apache.http.wire --  << "Server: Jetty(9.2.9.v20150224)[\r][\n]"
14:35:55.519 [main] DEBUG org.apache.http.wire --  << "[\r][\n]"
14:35:55.519 [main] DEBUG org.apache.http.impl.conn.DefaultClientConnection -- Receiving response: HTTP/1.1 404 Not Found
14:35:55.519 [main] DEBUG org.apache.http.headers -- << HTTP/1.1 404 Not Found
14:35:55.519 [main] DEBUG org.apache.http.headers -- << Date: Tue, 02 Sep 2025 09:05:54 GMT
14:35:55.519 [main] DEBUG org.apache.http.headers -- << Content-Length: 0
14:35:55.520 [main] DEBUG org.apache.http.headers -- << Connection: keep-alive
14:35:55.521 [main] DEBUG org.apache.http.headers -- << Access-Control-Allow-Origin: *
14:35:55.522 [main] DEBUG org.apache.http.headers -- << Access-Control-Allow-Methods: GET, POST, DELETE, PUT
14:35:55.522 [main] DEBUG org.apache.http.headers -- << Access-Control-Allow-Headers: Content-Type, api_key, Authorization
14:35:55.522 [main] DEBUG org.apache.http.headers -- << Server: Jetty(9.2.9.v20150224)
14:35:55.523 [main] DEBUG org.apache.http.impl.client.DefaultHttpClient -- Connection can be kept alive indefinitely
]]></system-out>
  </testcase>
  <testcase name="deleteAllUsers[nehapatel10044](44)" classname="api.test.DDTests" time="1.011">
    <system-out><![CDATA[14:35:55.640 [main] DEBUG org.apache.http.impl.conn.BasicClientConnectionManager -- Get connection for route {s}->https://petstore.swagger.io:443
14:35:55.641 [main] DEBUG org.apache.http.impl.conn.DefaultClientConnectionOperator -- Connecting to petstore.swagger.io:443
14:35:56.747 [main] DEBUG org.apache.http.client.protocol.RequestAddCookies -- CookieSpec selected: ignoreCookies
14:35:56.748 [main] DEBUG org.apache.http.client.protocol.RequestAuthCache -- Auth cache not set in the context
14:35:56.748 [main] DEBUG org.apache.http.client.protocol.RequestTargetAuthentication -- Target auth state: UNCHALLENGED
14:35:56.748 [main] DEBUG org.apache.http.client.protocol.RequestProxyAuthentication -- Proxy auth state: UNCHALLENGED
14:35:56.767 [main] DEBUG org.apache.http.impl.client.DefaultHttpClient -- Attempt 1 to execute request
14:35:56.769 [main] DEBUG org.apache.http.impl.conn.DefaultClientConnection -- Sending request: DELETE /v2/user/nehapatel10044 HTTP/1.1
14:35:56.769 [main] DEBUG org.apache.http.wire --  >> "DELETE /v2/user/nehapatel10044 HTTP/1.1[\r][\n]"
14:35:56.769 [main] DEBUG org.apache.http.wire --  >> "Accept: */*[\r][\n]"
14:35:56.770 [main] DEBUG org.apache.http.wire --  >> "Host: petstore.swagger.io[\r][\n]"
14:35:56.770 [main] DEBUG org.apache.http.wire --  >> "Connection: Keep-Alive[\r][\n]"
14:35:56.770 [main] DEBUG org.apache.http.wire --  >> "User-Agent: Apache-HttpClient/4.5.13 (Java/17.0.16)[\r][\n]"
14:35:56.770 [main] DEBUG org.apache.http.wire --  >> "Accept-Encoding: gzip,deflate[\r][\n]"
14:35:56.770 [main] DEBUG org.apache.http.wire --  >> "[\r][\n]"
14:35:56.770 [main] DEBUG org.apache.http.headers -- >> DELETE /v2/user/nehapatel10044 HTTP/1.1
14:35:56.770 [main] DEBUG org.apache.http.headers -- >> Accept: */*
14:35:56.770 [main] DEBUG org.apache.http.headers -- >> Host: petstore.swagger.io
14:35:56.770 [main] DEBUG org.apache.http.headers -- >> Connection: Keep-Alive
14:35:56.770 [main] DEBUG org.apache.http.headers -- >> User-Agent: Apache-HttpClient/4.5.13 (Java/17.0.16)
14:35:56.770 [main] DEBUG org.apache.http.headers -- >> Accept-Encoding: gzip,deflate
14:35:57.075 [main] DEBUG org.apache.http.wire --  << "HTTP/1.1 200 OK[\r][\n]"
14:35:57.075 [main] DEBUG org.apache.http.wire --  << "Date: Tue, 02 Sep 2025 09:05:56 GMT[\r][\n]"
14:35:57.075 [main] DEBUG org.apache.http.wire --  << "Content-Type: application/json[\r][\n]"
14:35:57.075 [main] DEBUG org.apache.http.wire --  << "Transfer-Encoding: chunked[\r][\n]"
14:35:57.075 [main] DEBUG org.apache.http.wire --  << "Connection: keep-alive[\r][\n]"
14:35:57.075 [main] DEBUG org.apache.http.wire --  << "Access-Control-Allow-Origin: *[\r][\n]"
14:35:57.075 [main] DEBUG org.apache.http.wire --  << "Access-Control-Allow-Methods: GET, POST, DELETE, PUT[\r][\n]"
14:35:57.075 [main] DEBUG org.apache.http.wire --  << "Access-Control-Allow-Headers: Content-Type, api_key, Authorization[\r][\n]"
14:35:57.075 [main] DEBUG org.apache.http.wire --  << "Server: Jetty(9.2.9.v20150224)[\r][\n]"
14:35:57.075 [main] DEBUG org.apache.http.wire --  << "[\r][\n]"
14:35:57.075 [main] DEBUG org.apache.http.impl.conn.DefaultClientConnection -- Receiving response: HTTP/1.1 200 OK
14:35:57.075 [main] DEBUG org.apache.http.headers -- << HTTP/1.1 200 OK
14:35:57.075 [main] DEBUG org.apache.http.headers -- << Date: Tue, 02 Sep 2025 09:05:56 GMT
14:35:57.075 [main] DEBUG org.apache.http.headers -- << Content-Type: application/json
14:35:57.075 [main] DEBUG org.apache.http.headers -- << Transfer-Encoding: chunked
14:35:57.075 [main] DEBUG org.apache.http.headers -- << Connection: keep-alive
14:35:57.075 [main] DEBUG org.apache.http.headers -- << Access-Control-Allow-Origin: *
14:35:57.075 [main] DEBUG org.apache.http.headers -- << Access-Control-Allow-Methods: GET, POST, DELETE, PUT
14:35:57.075 [main] DEBUG org.apache.http.headers -- << Access-Control-Allow-Headers: Content-Type, api_key, Authorization
14:35:57.075 [main] DEBUG org.apache.http.headers -- << Server: Jetty(9.2.9.v20150224)
14:35:57.076 [main] DEBUG org.apache.http.impl.client.DefaultHttpClient -- Connection can be kept alive indefinitely
14:35:57.079 [main] DEBUG io.restassured.internal.RestAssuredHttpBuilder -- Parsing response as: application/json
14:35:57.082 [main] DEBUG io.restassured.internal.RestAssuredHttpBuilder -- Parsed data to instance of: class org.apache.http.conn.EofSensorInputStream
]]></system-out>
  </testcase>
  <testcase name="deleteAllUsers[irabose10045](45)" classname="api.test.DDTests" time="1.626">
    <system-out><![CDATA[14:35:57.209 [main] DEBUG org.apache.http.impl.conn.BasicClientConnectionManager -- Get connection for route {s}->https://petstore.swagger.io:443
14:35:57.210 [main] DEBUG org.apache.http.impl.conn.DefaultClientConnectionOperator -- Connecting to petstore.swagger.io:443
14:35:58.231 [main] DEBUG org.apache.http.client.protocol.RequestAddCookies -- CookieSpec selected: ignoreCookies
14:35:58.232 [main] DEBUG org.apache.http.client.protocol.RequestAuthCache -- Auth cache not set in the context
14:35:58.232 [main] DEBUG org.apache.http.client.protocol.RequestTargetAuthentication -- Target auth state: UNCHALLENGED
14:35:58.232 [main] DEBUG org.apache.http.client.protocol.RequestProxyAuthentication -- Proxy auth state: UNCHALLENGED
14:35:58.232 [main] DEBUG org.apache.http.impl.client.DefaultHttpClient -- Attempt 1 to execute request
14:35:58.232 [main] DEBUG org.apache.http.impl.conn.DefaultClientConnection -- Sending request: DELETE /v2/user/irabose10045 HTTP/1.1
14:35:58.232 [main] DEBUG org.apache.http.wire --  >> "DELETE /v2/user/irabose10045 HTTP/1.1[\r][\n]"
14:35:58.232 [main] DEBUG org.apache.http.wire --  >> "Accept: */*[\r][\n]"
14:35:58.232 [main] DEBUG org.apache.http.wire --  >> "Host: petstore.swagger.io[\r][\n]"
14:35:58.232 [main] DEBUG org.apache.http.wire --  >> "Connection: Keep-Alive[\r][\n]"
14:35:58.232 [main] DEBUG org.apache.http.wire --  >> "User-Agent: Apache-HttpClient/4.5.13 (Java/17.0.16)[\r][\n]"
14:35:58.232 [main] DEBUG org.apache.http.wire --  >> "Accept-Encoding: gzip,deflate[\r][\n]"
14:35:58.232 [main] DEBUG org.apache.http.wire --  >> "[\r][\n]"
14:35:58.232 [main] DEBUG org.apache.http.headers -- >> DELETE /v2/user/irabose10045 HTTP/1.1
14:35:58.233 [main] DEBUG org.apache.http.headers -- >> Accept: */*
14:35:58.233 [main] DEBUG org.apache.http.headers -- >> Host: petstore.swagger.io
14:35:58.233 [main] DEBUG org.apache.http.headers -- >> Connection: Keep-Alive
14:35:58.233 [main] DEBUG org.apache.http.headers -- >> User-Agent: Apache-HttpClient/4.5.13 (Java/17.0.16)
14:35:58.233 [main] DEBUG org.apache.http.headers -- >> Accept-Encoding: gzip,deflate
14:35:58.578 [main] DEBUG org.apache.http.wire --  << "HTTP/1.1 200 OK[\r][\n]"
14:35:58.578 [main] DEBUG org.apache.http.wire --  << "Date: Tue, 02 Sep 2025 09:05:57 GMT[\r][\n]"
14:35:58.578 [main] DEBUG org.apache.http.wire --  << "Content-Type: application/json[\r][\n]"
14:35:58.578 [main] DEBUG org.apache.http.wire --  << "Transfer-Encoding: chunked[\r][\n]"
14:35:58.578 [main] DEBUG org.apache.http.wire --  << "Connection: keep-alive[\r][\n]"
14:35:58.578 [main] DEBUG org.apache.http.wire --  << "Access-Control-Allow-Origin: *[\r][\n]"
14:35:58.578 [main] DEBUG org.apache.http.wire --  << "Access-Control-Allow-Methods: GET, POST, DELETE, PUT[\r][\n]"
14:35:58.578 [main] DEBUG org.apache.http.wire --  << "Access-Control-Allow-Headers: Content-Type, api_key, Authorization[\r][\n]"
14:35:58.578 [main] DEBUG org.apache.http.wire --  << "Server: Jetty(9.2.9.v20150224)[\r][\n]"
14:35:58.578 [main] DEBUG org.apache.http.wire --  << "[\r][\n]"
14:35:58.579 [main] DEBUG org.apache.http.impl.conn.DefaultClientConnection -- Receiving response: HTTP/1.1 200 OK
14:35:58.579 [main] DEBUG org.apache.http.headers -- << HTTP/1.1 200 OK
14:35:58.579 [main] DEBUG org.apache.http.headers -- << Date: Tue, 02 Sep 2025 09:05:57 GMT
14:35:58.579 [main] DEBUG org.apache.http.headers -- << Content-Type: application/json
14:35:58.579 [main] DEBUG org.apache.http.headers -- << Transfer-Encoding: chunked
14:35:58.579 [main] DEBUG org.apache.http.headers -- << Connection: keep-alive
14:35:58.579 [main] DEBUG org.apache.http.headers -- << Access-Control-Allow-Origin: *
14:35:58.579 [main] DEBUG org.apache.http.headers -- << Access-Control-Allow-Methods: GET, POST, DELETE, PUT
14:35:58.579 [main] DEBUG org.apache.http.headers -- << Access-Control-Allow-Headers: Content-Type, api_key, Authorization
14:35:58.579 [main] DEBUG org.apache.http.headers -- << Server: Jetty(9.2.9.v20150224)
14:35:58.579 [main] DEBUG org.apache.http.impl.client.DefaultHttpClient -- Connection can be kept alive indefinitely
14:35:58.580 [main] DEBUG io.restassured.internal.RestAssuredHttpBuilder -- Parsing response as: application/json
14:35:58.580 [main] DEBUG io.restassured.internal.RestAssuredHttpBuilder -- Parsed data to instance of: class org.apache.http.conn.EofSensorInputStream
]]></system-out>
  </testcase>
  <testcase name="deleteAllUsers[diyaiyer10046](46)" classname="api.test.DDTests" time="1.404">
    <system-out><![CDATA[14:35:58.747 [main] DEBUG org.apache.http.impl.conn.BasicClientConnectionManager -- Get connection for route {s}->https://petstore.swagger.io:443
14:35:58.748 [main] DEBUG org.apache.http.impl.conn.DefaultClientConnectionOperator -- Connecting to petstore.swagger.io:443
14:35:59.833 [main] DEBUG org.apache.http.client.protocol.RequestAddCookies -- CookieSpec selected: ignoreCookies
14:35:59.833 [main] DEBUG org.apache.http.client.protocol.RequestAuthCache -- Auth cache not set in the context
14:35:59.833 [main] DEBUG org.apache.http.client.protocol.RequestTargetAuthentication -- Target auth state: UNCHALLENGED
14:35:59.833 [main] DEBUG org.apache.http.client.protocol.RequestProxyAuthentication -- Proxy auth state: UNCHALLENGED
14:35:59.834 [main] DEBUG org.apache.http.impl.client.DefaultHttpClient -- Attempt 1 to execute request
14:35:59.834 [main] DEBUG org.apache.http.impl.conn.DefaultClientConnection -- Sending request: DELETE /v2/user/diyaiyer10046 HTTP/1.1
14:35:59.834 [main] DEBUG org.apache.http.wire --  >> "DELETE /v2/user/diyaiyer10046 HTTP/1.1[\r][\n]"
14:35:59.834 [main] DEBUG org.apache.http.wire --  >> "Accept: */*[\r][\n]"
14:35:59.834 [main] DEBUG org.apache.http.wire --  >> "Host: petstore.swagger.io[\r][\n]"
14:35:59.834 [main] DEBUG org.apache.http.wire --  >> "Connection: Keep-Alive[\r][\n]"
14:35:59.834 [main] DEBUG org.apache.http.wire --  >> "User-Agent: Apache-HttpClient/4.5.13 (Java/17.0.16)[\r][\n]"
14:35:59.834 [main] DEBUG org.apache.http.wire --  >> "Accept-Encoding: gzip,deflate[\r][\n]"
14:35:59.834 [main] DEBUG org.apache.http.wire --  >> "[\r][\n]"
14:35:59.834 [main] DEBUG org.apache.http.headers -- >> DELETE /v2/user/diyaiyer10046 HTTP/1.1
14:35:59.846 [main] DEBUG org.apache.http.headers -- >> Accept: */*
14:35:59.846 [main] DEBUG org.apache.http.headers -- >> Host: petstore.swagger.io
14:35:59.846 [main] DEBUG org.apache.http.headers -- >> Connection: Keep-Alive
14:35:59.846 [main] DEBUG org.apache.http.headers -- >> User-Agent: Apache-HttpClient/4.5.13 (Java/17.0.16)
14:35:59.846 [main] DEBUG org.apache.http.headers -- >> Accept-Encoding: gzip,deflate
14:36:00.107 [main] DEBUG org.apache.http.wire --  << "HTTP/1.1 404 Not Found[\r][\n]"
14:36:00.108 [main] DEBUG org.apache.http.wire --  << "Date: Tue, 02 Sep 2025 09:05:59 GMT[\r][\n]"
14:36:00.108 [main] DEBUG org.apache.http.wire --  << "Content-Length: 0[\r][\n]"
14:36:00.108 [main] DEBUG org.apache.http.wire --  << "Connection: keep-alive[\r][\n]"
14:36:00.108 [main] DEBUG org.apache.http.wire --  << "Access-Control-Allow-Origin: *[\r][\n]"
14:36:00.108 [main] DEBUG org.apache.http.wire --  << "Access-Control-Allow-Methods: GET, POST, DELETE, PUT[\r][\n]"
14:36:00.108 [main] DEBUG org.apache.http.wire --  << "Access-Control-Allow-Headers: Content-Type, api_key, Authorization[\r][\n]"
14:36:00.108 [main] DEBUG org.apache.http.wire --  << "Server: Jetty(9.2.9.v20150224)[\r][\n]"
14:36:00.108 [main] DEBUG org.apache.http.wire --  << "[\r][\n]"
14:36:00.108 [main] DEBUG org.apache.http.impl.conn.DefaultClientConnection -- Receiving response: HTTP/1.1 404 Not Found
14:36:00.108 [main] DEBUG org.apache.http.headers -- << HTTP/1.1 404 Not Found
14:36:00.108 [main] DEBUG org.apache.http.headers -- << Date: Tue, 02 Sep 2025 09:05:59 GMT
14:36:00.108 [main] DEBUG org.apache.http.headers -- << Content-Length: 0
14:36:00.108 [main] DEBUG org.apache.http.headers -- << Connection: keep-alive
14:36:00.108 [main] DEBUG org.apache.http.headers -- << Access-Control-Allow-Origin: *
14:36:00.108 [main] DEBUG org.apache.http.headers -- << Access-Control-Allow-Methods: GET, POST, DELETE, PUT
14:36:00.108 [main] DEBUG org.apache.http.headers -- << Access-Control-Allow-Headers: Content-Type, api_key, Authorization
14:36:00.108 [main] DEBUG org.apache.http.headers -- << Server: Jetty(9.2.9.v20150224)
14:36:00.108 [main] DEBUG org.apache.http.impl.client.DefaultHttpClient -- Connection can be kept alive indefinitely
]]></system-out>
  </testcase>
  <testcase name="deleteAllUsers[kavyadesai10047](47)" classname="api.test.DDTests" time="1.539">
    <system-out><![CDATA[14:36:00.229 [main] DEBUG org.apache.http.impl.conn.BasicClientConnectionManager -- Get connection for route {s}->https://petstore.swagger.io:443
14:36:00.229 [main] DEBUG org.apache.http.impl.conn.DefaultClientConnectionOperator -- Connecting to petstore.swagger.io:443
14:36:01.007 [main] DEBUG org.apache.http.client.protocol.RequestAddCookies -- CookieSpec selected: ignoreCookies
14:36:01.009 [main] DEBUG org.apache.http.client.protocol.RequestAuthCache -- Auth cache not set in the context
14:36:01.011 [main] DEBUG org.apache.http.client.protocol.RequestTargetAuthentication -- Target auth state: UNCHALLENGED
14:36:01.011 [main] DEBUG org.apache.http.client.protocol.RequestProxyAuthentication -- Proxy auth state: UNCHALLENGED
14:36:01.011 [main] DEBUG org.apache.http.impl.client.DefaultHttpClient -- Attempt 1 to execute request
14:36:01.011 [main] DEBUG org.apache.http.impl.conn.DefaultClientConnection -- Sending request: DELETE /v2/user/kavyadesai10047 HTTP/1.1
14:36:01.011 [main] DEBUG org.apache.http.wire --  >> "DELETE /v2/user/kavyadesai10047 HTTP/1.1[\r][\n]"
14:36:01.011 [main] DEBUG org.apache.http.wire --  >> "Accept: */*[\r][\n]"
14:36:01.011 [main] DEBUG org.apache.http.wire --  >> "Host: petstore.swagger.io[\r][\n]"
14:36:01.011 [main] DEBUG org.apache.http.wire --  >> "Connection: Keep-Alive[\r][\n]"
14:36:01.014 [main] DEBUG org.apache.http.wire --  >> "User-Agent: Apache-HttpClient/4.5.13 (Java/17.0.16)[\r][\n]"
14:36:01.014 [main] DEBUG org.apache.http.wire --  >> "Accept-Encoding: gzip,deflate[\r][\n]"
14:36:01.014 [main] DEBUG org.apache.http.wire --  >> "[\r][\n]"
14:36:01.014 [main] DEBUG org.apache.http.headers -- >> DELETE /v2/user/kavyadesai10047 HTTP/1.1
14:36:01.014 [main] DEBUG org.apache.http.headers -- >> Accept: */*
14:36:01.014 [main] DEBUG org.apache.http.headers -- >> Host: petstore.swagger.io
14:36:01.014 [main] DEBUG org.apache.http.headers -- >> Connection: Keep-Alive
14:36:01.014 [main] DEBUG org.apache.http.headers -- >> User-Agent: Apache-HttpClient/4.5.13 (Java/17.0.16)
14:36:01.014 [main] DEBUG org.apache.http.headers -- >> Accept-Encoding: gzip,deflate
14:36:01.341 [main] DEBUG org.apache.http.wire --  << "HTTP/1.1 200 OK[\r][\n]"
14:36:01.341 [main] DEBUG org.apache.http.wire --  << "Date: Tue, 02 Sep 2025 09:06:00 GMT[\r][\n]"
14:36:01.341 [main] DEBUG org.apache.http.wire --  << "Content-Type: application/json[\r][\n]"
14:36:01.341 [main] DEBUG org.apache.http.wire --  << "Transfer-Encoding: chunked[\r][\n]"
14:36:01.341 [main] DEBUG org.apache.http.wire --  << "Connection: keep-alive[\r][\n]"
14:36:01.341 [main] DEBUG org.apache.http.wire --  << "Access-Control-Allow-Origin: *[\r][\n]"
14:36:01.341 [main] DEBUG org.apache.http.wire --  << "Access-Control-Allow-Methods: GET, POST, DELETE, PUT[\r][\n]"
14:36:01.341 [main] DEBUG org.apache.http.wire --  << "Access-Control-Allow-Headers: Content-Type, api_key, Authorization[\r][\n]"
14:36:01.341 [main] DEBUG org.apache.http.wire --  << "Server: Jetty(9.2.9.v20150224)[\r][\n]"
14:36:01.341 [main] DEBUG org.apache.http.wire --  << "[\r][\n]"
14:36:01.341 [main] DEBUG org.apache.http.impl.conn.DefaultClientConnection -- Receiving response: HTTP/1.1 200 OK
14:36:01.341 [main] DEBUG org.apache.http.headers -- << HTTP/1.1 200 OK
14:36:01.341 [main] DEBUG org.apache.http.headers -- << Date: Tue, 02 Sep 2025 09:06:00 GMT
14:36:01.341 [main] DEBUG org.apache.http.headers -- << Content-Type: application/json
14:36:01.341 [main] DEBUG org.apache.http.headers -- << Transfer-Encoding: chunked
14:36:01.341 [main] DEBUG org.apache.http.headers -- << Connection: keep-alive
14:36:01.343 [main] DEBUG org.apache.http.headers -- << Access-Control-Allow-Origin: *
14:36:01.343 [main] DEBUG org.apache.http.headers -- << Access-Control-Allow-Methods: GET, POST, DELETE, PUT
14:36:01.343 [main] DEBUG org.apache.http.headers -- << Access-Control-Allow-Headers: Content-Type, api_key, Authorization
14:36:01.343 [main] DEBUG org.apache.http.headers -- << Server: Jetty(9.2.9.v20150224)
14:36:01.343 [main] DEBUG org.apache.http.impl.client.DefaultHttpClient -- Connection can be kept alive indefinitely
14:36:01.343 [main] DEBUG io.restassured.internal.RestAssuredHttpBuilder -- Parsing response as: application/json
14:36:01.343 [main] DEBUG io.restassured.internal.RestAssuredHttpBuilder -- Parsed data to instance of: class org.apache.http.conn.EofSensorInputStream
]]></system-out>
  </testcase>
  <testcase name="deleteAllUsers[kavyamukherjee10048](48)" classname="api.test.DDTests" time="0.969">
    <system-out><![CDATA[14:36:01.572 [main] DEBUG org.apache.http.impl.conn.BasicClientConnectionManager -- Get connection for route {s}->https://petstore.swagger.io:443
14:36:01.572 [main] DEBUG org.apache.http.impl.conn.DefaultClientConnectionOperator -- Connecting to petstore.swagger.io:443
14:36:02.569 [main] DEBUG org.apache.http.client.protocol.RequestAddCookies -- CookieSpec selected: ignoreCookies
14:36:02.569 [main] DEBUG org.apache.http.client.protocol.RequestAuthCache -- Auth cache not set in the context
14:36:02.569 [main] DEBUG org.apache.http.client.protocol.RequestTargetAuthentication -- Target auth state: UNCHALLENGED
14:36:02.569 [main] DEBUG org.apache.http.client.protocol.RequestProxyAuthentication -- Proxy auth state: UNCHALLENGED
14:36:02.569 [main] DEBUG org.apache.http.impl.client.DefaultHttpClient -- Attempt 1 to execute request
14:36:02.569 [main] DEBUG org.apache.http.impl.conn.DefaultClientConnection -- Sending request: DELETE /v2/user/kavyamukherjee10048 HTTP/1.1
14:36:02.569 [main] DEBUG org.apache.http.wire --  >> "DELETE /v2/user/kavyamukherjee10048 HTTP/1.1[\r][\n]"
14:36:02.569 [main] DEBUG org.apache.http.wire --  >> "Accept: */*[\r][\n]"
14:36:02.569 [main] DEBUG org.apache.http.wire --  >> "Host: petstore.swagger.io[\r][\n]"
14:36:02.569 [main] DEBUG org.apache.http.wire --  >> "Connection: Keep-Alive[\r][\n]"
14:36:02.569 [main] DEBUG org.apache.http.wire --  >> "User-Agent: Apache-HttpClient/4.5.13 (Java/17.0.16)[\r][\n]"
14:36:02.569 [main] DEBUG org.apache.http.wire --  >> "Accept-Encoding: gzip,deflate[\r][\n]"
14:36:02.569 [main] DEBUG org.apache.http.wire --  >> "[\r][\n]"
14:36:02.569 [main] DEBUG org.apache.http.headers -- >> DELETE /v2/user/kavyamukherjee10048 HTTP/1.1
14:36:02.569 [main] DEBUG org.apache.http.headers -- >> Accept: */*
14:36:02.569 [main] DEBUG org.apache.http.headers -- >> Host: petstore.swagger.io
14:36:02.569 [main] DEBUG org.apache.http.headers -- >> Connection: Keep-Alive
14:36:02.569 [main] DEBUG org.apache.http.headers -- >> User-Agent: Apache-HttpClient/4.5.13 (Java/17.0.16)
14:36:02.569 [main] DEBUG org.apache.http.headers -- >> Accept-Encoding: gzip,deflate
14:36:02.810 [main] DEBUG org.apache.http.wire --  << "HTTP/1.1 200 OK[\r][\n]"
14:36:02.810 [main] DEBUG org.apache.http.wire --  << "Date: Tue, 02 Sep 2025 09:06:02 GMT[\r][\n]"
14:36:02.810 [main] DEBUG org.apache.http.wire --  << "Content-Type: application/json[\r][\n]"
14:36:02.810 [main] DEBUG org.apache.http.wire --  << "Transfer-Encoding: chunked[\r][\n]"
14:36:02.810 [main] DEBUG org.apache.http.wire --  << "Connection: keep-alive[\r][\n]"
14:36:02.810 [main] DEBUG org.apache.http.wire --  << "Access-Control-Allow-Origin: *[\r][\n]"
14:36:02.810 [main] DEBUG org.apache.http.wire --  << "Access-Control-Allow-Methods: GET, POST, DELETE, PUT[\r][\n]"
14:36:02.810 [main] DEBUG org.apache.http.wire --  << "Access-Control-Allow-Headers: Content-Type, api_key, Authorization[\r][\n]"
14:36:02.810 [main] DEBUG org.apache.http.wire --  << "Server: Jetty(9.2.9.v20150224)[\r][\n]"
14:36:02.810 [main] DEBUG org.apache.http.wire --  << "[\r][\n]"
14:36:02.810 [main] DEBUG org.apache.http.impl.conn.DefaultClientConnection -- Receiving response: HTTP/1.1 200 OK
14:36:02.810 [main] DEBUG org.apache.http.headers -- << HTTP/1.1 200 OK
14:36:02.810 [main] DEBUG org.apache.http.headers -- << Date: Tue, 02 Sep 2025 09:06:02 GMT
14:36:02.810 [main] DEBUG org.apache.http.headers -- << Content-Type: application/json
14:36:02.810 [main] DEBUG org.apache.http.headers -- << Transfer-Encoding: chunked
14:36:02.810 [main] DEBUG org.apache.http.headers -- << Connection: keep-alive
14:36:02.810 [main] DEBUG org.apache.http.headers -- << Access-Control-Allow-Origin: *
14:36:02.810 [main] DEBUG org.apache.http.headers -- << Access-Control-Allow-Methods: GET, POST, DELETE, PUT
14:36:02.810 [main] DEBUG org.apache.http.headers -- << Access-Control-Allow-Headers: Content-Type, api_key, Authorization
14:36:02.810 [main] DEBUG org.apache.http.headers -- << Server: Jetty(9.2.9.v20150224)
14:36:02.810 [main] DEBUG org.apache.http.impl.client.DefaultHttpClient -- Connection can be kept alive indefinitely
14:36:02.810 [main] DEBUG io.restassured.internal.RestAssuredHttpBuilder -- Parsing response as: application/json
14:36:02.810 [main] DEBUG io.restassured.internal.RestAssuredHttpBuilder -- Parsed data to instance of: class org.apache.http.conn.EofSensorInputStream
]]></system-out>
  </testcase>
  <testcase name="deleteAllUsers[adityakapoor10049](49)" classname="api.test.DDTests" time="1.268">
    <system-out><![CDATA[14:36:02.847 [main] DEBUG org.apache.http.impl.conn.BasicClientConnectionManager -- Get connection for route {s}->https://petstore.swagger.io:443
14:36:02.847 [main] DEBUG org.apache.http.impl.conn.DefaultClientConnectionOperator -- Connecting to petstore.swagger.io:443
14:36:03.704 [main] DEBUG org.apache.http.client.protocol.RequestAddCookies -- CookieSpec selected: ignoreCookies
14:36:03.704 [main] DEBUG org.apache.http.client.protocol.RequestAuthCache -- Auth cache not set in the context
14:36:03.704 [main] DEBUG org.apache.http.client.protocol.RequestTargetAuthentication -- Target auth state: UNCHALLENGED
14:36:03.704 [main] DEBUG org.apache.http.client.protocol.RequestProxyAuthentication -- Proxy auth state: UNCHALLENGED
14:36:03.704 [main] DEBUG org.apache.http.impl.client.DefaultHttpClient -- Attempt 1 to execute request
14:36:03.704 [main] DEBUG org.apache.http.impl.conn.DefaultClientConnection -- Sending request: DELETE /v2/user/adityakapoor10049 HTTP/1.1
14:36:03.706 [main] DEBUG org.apache.http.wire --  >> "DELETE /v2/user/adityakapoor10049 HTTP/1.1[\r][\n]"
14:36:03.706 [main] DEBUG org.apache.http.wire --  >> "Accept: */*[\r][\n]"
14:36:03.706 [main] DEBUG org.apache.http.wire --  >> "Host: petstore.swagger.io[\r][\n]"
14:36:03.706 [main] DEBUG org.apache.http.wire --  >> "Connection: Keep-Alive[\r][\n]"
14:36:03.706 [main] DEBUG org.apache.http.wire --  >> "User-Agent: Apache-HttpClient/4.5.13 (Java/17.0.16)[\r][\n]"
14:36:03.706 [main] DEBUG org.apache.http.wire --  >> "Accept-Encoding: gzip,deflate[\r][\n]"
14:36:03.706 [main] DEBUG org.apache.http.wire --  >> "[\r][\n]"
14:36:03.706 [main] DEBUG org.apache.http.headers -- >> DELETE /v2/user/adityakapoor10049 HTTP/1.1
14:36:03.706 [main] DEBUG org.apache.http.headers -- >> Accept: */*
14:36:03.706 [main] DEBUG org.apache.http.headers -- >> Host: petstore.swagger.io
14:36:03.706 [main] DEBUG org.apache.http.headers -- >> Connection: Keep-Alive
14:36:03.706 [main] DEBUG org.apache.http.headers -- >> User-Agent: Apache-HttpClient/4.5.13 (Java/17.0.16)
14:36:03.706 [main] DEBUG org.apache.http.headers -- >> Accept-Encoding: gzip,deflate
14:36:04.001 [main] DEBUG org.apache.http.wire --  << "HTTP/1.1 404 Not Found[\r][\n]"
14:36:04.003 [main] DEBUG org.apache.http.wire --  << "Date: Tue, 02 Sep 2025 09:06:03 GMT[\r][\n]"
14:36:04.003 [main] DEBUG org.apache.http.wire --  << "Content-Length: 0[\r][\n]"
14:36:04.003 [main] DEBUG org.apache.http.wire --  << "Connection: keep-alive[\r][\n]"
14:36:04.003 [main] DEBUG org.apache.http.wire --  << "Access-Control-Allow-Origin: *[\r][\n]"
14:36:04.003 [main] DEBUG org.apache.http.wire --  << "Access-Control-Allow-Methods: GET, POST, DELETE, PUT[\r][\n]"
14:36:04.003 [main] DEBUG org.apache.http.wire --  << "Access-Control-Allow-Headers: Content-Type, api_key, Authorization[\r][\n]"
14:36:04.003 [main] DEBUG org.apache.http.wire --  << "Server: Jetty(9.2.9.v20150224)[\r][\n]"
14:36:04.003 [main] DEBUG org.apache.http.wire --  << "[\r][\n]"
14:36:04.003 [main] DEBUG org.apache.http.impl.conn.DefaultClientConnection -- Receiving response: HTTP/1.1 404 Not Found
14:36:04.005 [main] DEBUG org.apache.http.headers -- << HTTP/1.1 404 Not Found
14:36:04.005 [main] DEBUG org.apache.http.headers -- << Date: Tue, 02 Sep 2025 09:06:03 GMT
14:36:04.005 [main] DEBUG org.apache.http.headers -- << Content-Length: 0
14:36:04.005 [main] DEBUG org.apache.http.headers -- << Connection: keep-alive
14:36:04.005 [main] DEBUG org.apache.http.headers -- << Access-Control-Allow-Origin: *
14:36:04.005 [main] DEBUG org.apache.http.headers -- << Access-Control-Allow-Methods: GET, POST, DELETE, PUT
14:36:04.005 [main] DEBUG org.apache.http.headers -- << Access-Control-Allow-Headers: Content-Type, api_key, Authorization
14:36:04.005 [main] DEBUG org.apache.http.headers -- << Server: Jetty(9.2.9.v20150224)
14:36:04.007 [main] DEBUG org.apache.http.impl.client.DefaultHttpClient -- Connection can be kept alive indefinitely
]]></system-out>
  </testcase>
  <testcase name="deleteAllUsers[aryanrastogi10050](50)" classname="api.test.DDTests" time="1.535">
    <system-out><![CDATA[14:36:04.097 [main] DEBUG org.apache.http.impl.conn.BasicClientConnectionManager -- Get connection for route {s}->https://petstore.swagger.io:443
14:36:04.113 [main] DEBUG org.apache.http.impl.conn.DefaultClientConnectionOperator -- Connecting to petstore.swagger.io:443
14:36:04.975 [main] DEBUG org.apache.http.client.protocol.RequestAddCookies -- CookieSpec selected: ignoreCookies
14:36:04.975 [main] DEBUG org.apache.http.client.protocol.RequestAuthCache -- Auth cache not set in the context
14:36:04.975 [main] DEBUG org.apache.http.client.protocol.RequestTargetAuthentication -- Target auth state: UNCHALLENGED
14:36:04.975 [main] DEBUG org.apache.http.client.protocol.RequestProxyAuthentication -- Proxy auth state: UNCHALLENGED
14:36:04.975 [main] DEBUG org.apache.http.impl.client.DefaultHttpClient -- Attempt 1 to execute request
14:36:04.975 [main] DEBUG org.apache.http.impl.conn.DefaultClientConnection -- Sending request: DELETE /v2/user/aryanrastogi10050 HTTP/1.1
14:36:04.975 [main] DEBUG org.apache.http.wire --  >> "DELETE /v2/user/aryanrastogi10050 HTTP/1.1[\r][\n]"
14:36:04.975 [main] DEBUG org.apache.http.wire --  >> "Accept: */*[\r][\n]"
14:36:04.975 [main] DEBUG org.apache.http.wire --  >> "Host: petstore.swagger.io[\r][\n]"
14:36:04.975 [main] DEBUG org.apache.http.wire --  >> "Connection: Keep-Alive[\r][\n]"
14:36:04.975 [main] DEBUG org.apache.http.wire --  >> "User-Agent: Apache-HttpClient/4.5.13 (Java/17.0.16)[\r][\n]"
14:36:04.975 [main] DEBUG org.apache.http.wire --  >> "Accept-Encoding: gzip,deflate[\r][\n]"
14:36:04.975 [main] DEBUG org.apache.http.wire --  >> "[\r][\n]"
14:36:04.975 [main] DEBUG org.apache.http.headers -- >> DELETE /v2/user/aryanrastogi10050 HTTP/1.1
14:36:04.975 [main] DEBUG org.apache.http.headers -- >> Accept: */*
14:36:04.975 [main] DEBUG org.apache.http.headers -- >> Host: petstore.swagger.io
14:36:04.975 [main] DEBUG org.apache.http.headers -- >> Connection: Keep-Alive
14:36:04.975 [main] DEBUG org.apache.http.headers -- >> User-Agent: Apache-HttpClient/4.5.13 (Java/17.0.16)
14:36:04.975 [main] DEBUG org.apache.http.headers -- >> Accept-Encoding: gzip,deflate
14:36:05.258 [main] DEBUG org.apache.http.wire --  << "HTTP/1.1 200 OK[\r][\n]"
14:36:05.260 [main] DEBUG org.apache.http.wire --  << "Date: Tue, 02 Sep 2025 09:06:04 GMT[\r][\n]"
14:36:05.260 [main] DEBUG org.apache.http.wire --  << "Content-Type: application/json[\r][\n]"
14:36:05.260 [main] DEBUG org.apache.http.wire --  << "Transfer-Encoding: chunked[\r][\n]"
14:36:05.260 [main] DEBUG org.apache.http.wire --  << "Connection: keep-alive[\r][\n]"
14:36:05.260 [main] DEBUG org.apache.http.wire --  << "Access-Control-Allow-Origin: *[\r][\n]"
14:36:05.260 [main] DEBUG org.apache.http.wire --  << "Access-Control-Allow-Methods: GET, POST, DELETE, PUT[\r][\n]"
14:36:05.260 [main] DEBUG org.apache.http.wire --  << "Access-Control-Allow-Headers: Content-Type, api_key, Authorization[\r][\n]"
14:36:05.260 [main] DEBUG org.apache.http.wire --  << "Server: Jetty(9.2.9.v20150224)[\r][\n]"
14:36:05.260 [main] DEBUG org.apache.http.wire --  << "[\r][\n]"
14:36:05.260 [main] DEBUG org.apache.http.impl.conn.DefaultClientConnection -- Receiving response: HTTP/1.1 200 OK
14:36:05.260 [main] DEBUG org.apache.http.headers -- << HTTP/1.1 200 OK
14:36:05.260 [main] DEBUG org.apache.http.headers -- << Date: Tue, 02 Sep 2025 09:06:04 GMT
14:36:05.260 [main] DEBUG org.apache.http.headers -- << Content-Type: application/json
14:36:05.260 [main] DEBUG org.apache.http.headers -- << Transfer-Encoding: chunked
14:36:05.260 [main] DEBUG org.apache.http.headers -- << Connection: keep-alive
14:36:05.260 [main] DEBUG org.apache.http.headers -- << Access-Control-Allow-Origin: *
14:36:05.260 [main] DEBUG org.apache.http.headers -- << Access-Control-Allow-Methods: GET, POST, DELETE, PUT
14:36:05.260 [main] DEBUG org.apache.http.headers -- << Access-Control-Allow-Headers: Content-Type, api_key, Authorization
14:36:05.260 [main] DEBUG org.apache.http.headers -- << Server: Jetty(9.2.9.v20150224)
14:36:05.260 [main] DEBUG org.apache.http.impl.client.DefaultHttpClient -- Connection can be kept alive indefinitely
14:36:05.260 [main] DEBUG io.restassured.internal.RestAssuredHttpBuilder -- Parsing response as: application/json
14:36:05.260 [main] DEBUG io.restassured.internal.RestAssuredHttpBuilder -- Parsed data to instance of: class org.apache.http.conn.EofSensorInputStream
]]></system-out>
  </testcase>
</testsuite>