<?xml version="1.0" encoding="UTF-8"?>
<!-- Generated by org.testng.reporters.JUnitReportReporter -->
<testsuite hostname="Raghav_Global" failures="0" tests="4" name="api.test.UserTests" time="11.617" errors="0" timestamp="2025-09-02T14:46:58 IST" skipped="0">
  <testcase classname="api.test.UserTests" name="testPostUser" time="6.101"/>
  <testcase classname="api.test.UserTests" name="testGetUserByName" time="1.769"/>
  <testcase classname="api.test.UserTests" name="testUpdateUser" time="2.547"/>
  <testcase classname="api.test.UserTests" name="testDeleteUser" time="1.200"/>
</testsuite> <!-- api.test.UserTests -->
