<?xml version="1.0" encoding="UTF-8"?>
<!-- Generated by org.testng.reporters.JUnitReportReporter -->
<testsuite hostname="Raghav_Global" failures="0" tests="4" name="api.test.UserTests2" time="9.816" errors="0" timestamp="2025-09-02T14:47:23 IST" skipped="0">
  <testcase classname="api.test.UserTests2" name="testPostUser" time="5.088"/>
  <testcase classname="api.test.UserTests2" name="testGetUserByName" time="1.204"/>
  <testcase classname="api.test.UserTests2" name="testUpdateUser" time="2.390"/>
  <testcase classname="api.test.UserTests2" name="testDeleteUser" time="1.134"/>
</testsuite> <!-- api.test.UserTests2 -->
