<?xml version="1.0" encoding="UTF-8"?>
<!-- Generated by org.testng.reporters.JUnitReportReporter -->
<testsuite hostname="Raghav_Global" failures="0" tests="100" name="api.test.DDTests" time="131.947" errors="0" timestamp="2025-09-02T13:58:58 IST" skipped="0">
  <testcase classname="api.test.DDTests" name="testPostUser" time="1.312"/>
  <testcase classname="api.test.DDTests" name="testPostUser" time="1.405"/>
  <testcase classname="api.test.DDTests" name="testPostUser" time="1.366"/>
  <testcase classname="api.test.DDTests" name="testPostUser" time="1.748"/>
  <testcase classname="api.test.DDTests" name="testPostUser" time="1.233"/>
  <testcase classname="api.test.DDTests" name="testPostUser" time="1.327"/>
  <testcase classname="api.test.DDTests" name="testPostUser" time="1.289"/>
  <testcase classname="api.test.DDTests" name="testPostUser" time="1.334"/>
  <testcase classname="api.test.DDTests" name="testPostUser" time="1.279"/>
  <testcase classname="api.test.DDTests" name="testPostUser" time="1.186"/>
  <testcase classname="api.test.DDTests" name="testPostUser" time="1.460"/>
  <testcase classname="api.test.DDTests" name="testPostUser" time="1.434"/>
  <testcase classname="api.test.DDTests" name="testPostUser" time="1.498"/>
  <testcase classname="api.test.DDTests" name="testPostUser" time="1.992"/>
  <testcase classname="api.test.DDTests" name="testPostUser" time="1.284"/>
  <testcase classname="api.test.DDTests" name="testPostUser" time="1.377"/>
  <testcase classname="api.test.DDTests" name="testPostUser" time="1.384"/>
  <testcase classname="api.test.DDTests" name="testPostUser" time="1.064"/>
  <testcase classname="api.test.DDTests" name="testPostUser" time="1.438"/>
  <testcase classname="api.test.DDTests" name="testPostUser" time="1.948"/>
  <testcase classname="api.test.DDTests" name="testPostUser" time="1.230"/>
  <testcase classname="api.test.DDTests" name="testPostUser" time="1.380"/>
  <testcase classname="api.test.DDTests" name="testPostUser" time="1.240"/>
  <testcase classname="api.test.DDTests" name="testPostUser" time="1.318"/>
  <testcase classname="api.test.DDTests" name="testPostUser" time="1.981"/>
  <testcase classname="api.test.DDTests" name="testPostUser" time="1.211"/>
  <testcase classname="api.test.DDTests" name="testPostUser" time="1.316"/>
  <testcase classname="api.test.DDTests" name="testPostUser" time="1.416"/>
  <testcase classname="api.test.DDTests" name="testPostUser" time="1.309"/>
  <testcase classname="api.test.DDTests" name="testPostUser" time="1.382"/>
  <testcase classname="api.test.DDTests" name="testPostUser" time="1.512"/>
  <testcase classname="api.test.DDTests" name="testPostUser" time="1.082"/>
  <testcase classname="api.test.DDTests" name="testPostUser" time="1.359"/>
  <testcase classname="api.test.DDTests" name="testPostUser" time="1.440"/>
  <testcase classname="api.test.DDTests" name="testPostUser" time="1.389"/>
  <testcase classname="api.test.DDTests" name="testPostUser" time="1.324"/>
  <testcase classname="api.test.DDTests" name="testPostUser" time="2.140"/>
  <testcase classname="api.test.DDTests" name="testPostUser" time="1.267"/>
  <testcase classname="api.test.DDTests" name="testPostUser" time="1.450"/>
  <testcase classname="api.test.DDTests" name="testPostUser" time="1.346"/>
  <testcase classname="api.test.DDTests" name="testPostUser" time="1.525"/>
  <testcase classname="api.test.DDTests" name="testPostUser" time="1.294"/>
  <testcase classname="api.test.DDTests" name="testPostUser" time="1.164"/>
  <testcase classname="api.test.DDTests" name="testPostUser" time="1.475"/>
  <testcase classname="api.test.DDTests" name="testPostUser" time="1.199"/>
  <testcase classname="api.test.DDTests" name="testPostUser" time="1.524"/>
  <testcase classname="api.test.DDTests" name="testPostUser" time="1.521"/>
  <testcase classname="api.test.DDTests" name="testPostUser" time="1.856"/>
  <testcase classname="api.test.DDTests" name="testPostUser" time="1.690"/>
  <testcase classname="api.test.DDTests" name="testPostUser" time="1.323"/>
  <testcase classname="api.test.DDTests" name="deleteAllUsers" time="1.219"/>
  <testcase classname="api.test.DDTests" name="deleteAllUsers" time="0.992"/>
  <testcase classname="api.test.DDTests" name="deleteAllUsers" time="1.022"/>
  <testcase classname="api.test.DDTests" name="deleteAllUsers" time="1.075"/>
  <testcase classname="api.test.DDTests" name="deleteAllUsers" time="1.169"/>
  <testcase classname="api.test.DDTests" name="deleteAllUsers" time="1.484"/>
  <testcase classname="api.test.DDTests" name="deleteAllUsers" time="1.521"/>
  <testcase classname="api.test.DDTests" name="deleteAllUsers" time="1.131"/>
  <testcase classname="api.test.DDTests" name="deleteAllUsers" time="1.220"/>
  <testcase classname="api.test.DDTests" name="deleteAllUsers" time="1.254"/>
  <testcase classname="api.test.DDTests" name="deleteAllUsers" time="1.165"/>
  <testcase classname="api.test.DDTests" name="deleteAllUsers" time="1.126"/>
  <testcase classname="api.test.DDTests" name="deleteAllUsers" time="1.115"/>
  <testcase classname="api.test.DDTests" name="deleteAllUsers" time="1.228"/>
  <testcase classname="api.test.DDTests" name="deleteAllUsers" time="1.430"/>
  <testcase classname="api.test.DDTests" name="deleteAllUsers" time="1.138"/>
  <testcase classname="api.test.DDTests" name="deleteAllUsers" time="1.162"/>
  <testcase classname="api.test.DDTests" name="deleteAllUsers" time="1.360"/>
  <testcase classname="api.test.DDTests" name="deleteAllUsers" time="1.221"/>
  <testcase classname="api.test.DDTests" name="deleteAllUsers" time="1.009"/>
  <testcase classname="api.test.DDTests" name="deleteAllUsers" time="1.230"/>
  <testcase classname="api.test.DDTests" name="deleteAllUsers" time="1.160"/>
  <testcase classname="api.test.DDTests" name="deleteAllUsers" time="1.096"/>
  <testcase classname="api.test.DDTests" name="deleteAllUsers" time="1.261"/>
  <testcase classname="api.test.DDTests" name="deleteAllUsers" time="1.337"/>
  <testcase classname="api.test.DDTests" name="deleteAllUsers" time="1.231"/>
  <testcase classname="api.test.DDTests" name="deleteAllUsers" time="1.184"/>
  <testcase classname="api.test.DDTests" name="deleteAllUsers" time="1.220"/>
  <testcase classname="api.test.DDTests" name="deleteAllUsers" time="1.054"/>
  <testcase classname="api.test.DDTests" name="deleteAllUsers" time="1.178"/>
  <testcase classname="api.test.DDTests" name="deleteAllUsers" time="1.178"/>
  <testcase classname="api.test.DDTests" name="deleteAllUsers" time="1.108"/>
  <testcase classname="api.test.DDTests" name="deleteAllUsers" time="1.841"/>
  <testcase classname="api.test.DDTests" name="deleteAllUsers" time="1.221"/>
  <testcase classname="api.test.DDTests" name="deleteAllUsers" time="1.128"/>
  <testcase classname="api.test.DDTests" name="deleteAllUsers" time="1.042"/>
  <testcase classname="api.test.DDTests" name="deleteAllUsers" time="1.736"/>
  <testcase classname="api.test.DDTests" name="deleteAllUsers" time="1.054"/>
  <testcase classname="api.test.DDTests" name="deleteAllUsers" time="1.642"/>
  <testcase classname="api.test.DDTests" name="deleteAllUsers" time="1.189"/>
  <testcase classname="api.test.DDTests" name="deleteAllUsers" time="1.332"/>
  <testcase classname="api.test.DDTests" name="deleteAllUsers" time="1.218"/>
  <testcase classname="api.test.DDTests" name="deleteAllUsers" time="1.047"/>
  <testcase classname="api.test.DDTests" name="deleteAllUsers" time="1.048"/>
  <testcase classname="api.test.DDTests" name="deleteAllUsers" time="0.989"/>
  <testcase classname="api.test.DDTests" name="deleteAllUsers" time="1.097"/>
  <testcase classname="api.test.DDTests" name="deleteAllUsers" time="1.012"/>
  <testcase classname="api.test.DDTests" name="deleteAllUsers" time="1.229"/>
  <testcase classname="api.test.DDTests" name="deleteAllUsers" time="1.542"/>
  <testcase classname="api.test.DDTests" name="deleteAllUsers" time="1.281"/>
</testsuite> <!-- api.test.DDTests -->
