<?xml version="1.0" encoding="UTF-8"?>
<!-- Generated by org.testng.reporters.JUnitReportReporter -->
<testsuite hostname="Raghav_Global" failures="0" tests="100" name="api.test.DDTests" time="142.887" errors="0" timestamp="2025-09-11T11:14:32 IST" skipped="0">
  <testcase classname="api.test.DDTests" name="testPostUser" time="1.570"/>
  <testcase classname="api.test.DDTests" name="testPostUser" time="1.105"/>
  <testcase classname="api.test.DDTests" name="testPostUser" time="2.500"/>
  <testcase classname="api.test.DDTests" name="testPostUser" time="1.436"/>
  <testcase classname="api.test.DDTests" name="testPostUser" time="2.507"/>
  <testcase classname="api.test.DDTests" name="testPostUser" time="0.994"/>
  <testcase classname="api.test.DDTests" name="testPostUser" time="1.027"/>
  <testcase classname="api.test.DDTests" name="testPostUser" time="1.196"/>
  <testcase classname="api.test.DDTests" name="testPostUser" time="1.145"/>
  <testcase classname="api.test.DDTests" name="testPostUser" time="1.038"/>
  <testcase classname="api.test.DDTests" name="testPostUser" time="1.047"/>
  <testcase classname="api.test.DDTests" name="testPostUser" time="0.938"/>
  <testcase classname="api.test.DDTests" name="testPostUser" time="2.852"/>
  <testcase classname="api.test.DDTests" name="testPostUser" time="1.383"/>
  <testcase classname="api.test.DDTests" name="testPostUser" time="1.153"/>
  <testcase classname="api.test.DDTests" name="testPostUser" time="1.454"/>
  <testcase classname="api.test.DDTests" name="testPostUser" time="1.630"/>
  <testcase classname="api.test.DDTests" name="testPostUser" time="1.600"/>
  <testcase classname="api.test.DDTests" name="testPostUser" time="1.192"/>
  <testcase classname="api.test.DDTests" name="testPostUser" time="1.380"/>
  <testcase classname="api.test.DDTests" name="testPostUser" time="1.584"/>
  <testcase classname="api.test.DDTests" name="testPostUser" time="1.819"/>
  <testcase classname="api.test.DDTests" name="testPostUser" time="1.536"/>
  <testcase classname="api.test.DDTests" name="testPostUser" time="1.014"/>
  <testcase classname="api.test.DDTests" name="testPostUser" time="1.549"/>
  <testcase classname="api.test.DDTests" name="testPostUser" time="1.067"/>
  <testcase classname="api.test.DDTests" name="testPostUser" time="1.643"/>
  <testcase classname="api.test.DDTests" name="testPostUser" time="1.005"/>
  <testcase classname="api.test.DDTests" name="testPostUser" time="1.732"/>
  <testcase classname="api.test.DDTests" name="testPostUser" time="1.053"/>
  <testcase classname="api.test.DDTests" name="testPostUser" time="1.145"/>
  <testcase classname="api.test.DDTests" name="testPostUser" time="1.532"/>
  <testcase classname="api.test.DDTests" name="testPostUser" time="1.652"/>
  <testcase classname="api.test.DDTests" name="testPostUser" time="1.588"/>
  <testcase classname="api.test.DDTests" name="testPostUser" time="1.636"/>
  <testcase classname="api.test.DDTests" name="testPostUser" time="3.427"/>
  <testcase classname="api.test.DDTests" name="testPostUser" time="0.909"/>
  <testcase classname="api.test.DDTests" name="testPostUser" time="0.968"/>
  <testcase classname="api.test.DDTests" name="testPostUser" time="1.056"/>
  <testcase classname="api.test.DDTests" name="testPostUser" time="1.429"/>
  <testcase classname="api.test.DDTests" name="testPostUser" time="0.998"/>
  <testcase classname="api.test.DDTests" name="testPostUser" time="1.544"/>
  <testcase classname="api.test.DDTests" name="testPostUser" time="1.587"/>
  <testcase classname="api.test.DDTests" name="testPostUser" time="1.662"/>
  <testcase classname="api.test.DDTests" name="testPostUser" time="1.455"/>
  <testcase classname="api.test.DDTests" name="testPostUser" time="0.969"/>
  <testcase classname="api.test.DDTests" name="testPostUser" time="1.633"/>
  <testcase classname="api.test.DDTests" name="testPostUser" time="1.095"/>
  <testcase classname="api.test.DDTests" name="testPostUser" time="1.126"/>
  <testcase classname="api.test.DDTests" name="testPostUser" time="0.956"/>
  <testcase classname="api.test.DDTests" name="deleteAllUsers" time="1.014"/>
  <testcase classname="api.test.DDTests" name="deleteAllUsers" time="1.407"/>
  <testcase classname="api.test.DDTests" name="deleteAllUsers" time="1.617"/>
  <testcase classname="api.test.DDTests" name="deleteAllUsers" time="1.140"/>
  <testcase classname="api.test.DDTests" name="deleteAllUsers" time="1.621"/>
  <testcase classname="api.test.DDTests" name="deleteAllUsers" time="1.376"/>
  <testcase classname="api.test.DDTests" name="deleteAllUsers" time="1.552"/>
  <testcase classname="api.test.DDTests" name="deleteAllUsers" time="0.954"/>
  <testcase classname="api.test.DDTests" name="deleteAllUsers" time="1.535"/>
  <testcase classname="api.test.DDTests" name="deleteAllUsers" time="1.381"/>
  <testcase classname="api.test.DDTests" name="deleteAllUsers" time="1.467"/>
  <testcase classname="api.test.DDTests" name="deleteAllUsers" time="1.480"/>
  <testcase classname="api.test.DDTests" name="deleteAllUsers" time="1.498"/>
  <testcase classname="api.test.DDTests" name="deleteAllUsers" time="1.636"/>
  <testcase classname="api.test.DDTests" name="deleteAllUsers" time="2.648"/>
  <testcase classname="api.test.DDTests" name="deleteAllUsers" time="0.927"/>
  <testcase classname="api.test.DDTests" name="deleteAllUsers" time="1.402"/>
  <testcase classname="api.test.DDTests" name="deleteAllUsers" time="1.568"/>
  <testcase classname="api.test.DDTests" name="deleteAllUsers" time="1.034"/>
  <testcase classname="api.test.DDTests" name="deleteAllUsers" time="0.985"/>
  <testcase classname="api.test.DDTests" name="deleteAllUsers" time="1.662"/>
  <testcase classname="api.test.DDTests" name="deleteAllUsers" time="1.394"/>
  <testcase classname="api.test.DDTests" name="deleteAllUsers" time="1.053"/>
  <testcase classname="api.test.DDTests" name="deleteAllUsers" time="1.027"/>
  <testcase classname="api.test.DDTests" name="deleteAllUsers" time="0.921"/>
  <testcase classname="api.test.DDTests" name="deleteAllUsers" time="0.958"/>
  <testcase classname="api.test.DDTests" name="deleteAllUsers" time="1.398"/>
  <testcase classname="api.test.DDTests" name="deleteAllUsers" time="1.597"/>
  <testcase classname="api.test.DDTests" name="deleteAllUsers" time="1.564"/>
  <testcase classname="api.test.DDTests" name="deleteAllUsers" time="1.494"/>
  <testcase classname="api.test.DDTests" name="deleteAllUsers" time="1.122"/>
  <testcase classname="api.test.DDTests" name="deleteAllUsers" time="1.657"/>
  <testcase classname="api.test.DDTests" name="deleteAllUsers" time="0.990"/>
  <testcase classname="api.test.DDTests" name="deleteAllUsers" time="0.989"/>
  <testcase classname="api.test.DDTests" name="deleteAllUsers" time="0.891"/>
  <testcase classname="api.test.DDTests" name="deleteAllUsers" time="1.599"/>
  <testcase classname="api.test.DDTests" name="deleteAllUsers" time="1.067"/>
  <testcase classname="api.test.DDTests" name="deleteAllUsers" time="1.430"/>
  <testcase classname="api.test.DDTests" name="deleteAllUsers" time="1.403"/>
  <testcase classname="api.test.DDTests" name="deleteAllUsers" time="1.590"/>
  <testcase classname="api.test.DDTests" name="deleteAllUsers" time="2.770"/>
  <testcase classname="api.test.DDTests" name="deleteAllUsers" time="1.005"/>
  <testcase classname="api.test.DDTests" name="deleteAllUsers" time="0.945"/>
  <testcase classname="api.test.DDTests" name="deleteAllUsers" time="1.382"/>
  <testcase classname="api.test.DDTests" name="deleteAllUsers" time="1.444"/>
  <testcase classname="api.test.DDTests" name="deleteAllUsers" time="0.906"/>
  <testcase classname="api.test.DDTests" name="deleteAllUsers" time="1.361"/>
  <testcase classname="api.test.DDTests" name="deleteAllUsers" time="1.678"/>
  <testcase classname="api.test.DDTests" name="deleteAllUsers" time="4.433"/>
  <testcase classname="api.test.DDTests" name="deleteAllUsers" time="1.399"/>
</testsuite> <!-- api.test.DDTests -->
