<?xml version="1.0" encoding="UTF-8"?>
<!-- Generated by org.testng.reporters.JUnitReportReporter -->
<testsuite hostname="Raghav_Global" failures="0" tests="100" name="api.test.DDTests" time="140.479" errors="0" timestamp="2025-09-02T14:36:15 IST" skipped="0">
  <testcase classname="api.test.DDTests" name="testPostUser" time="1.207"/>
  <testcase classname="api.test.DDTests" name="testPostUser" time="1.219"/>
  <testcase classname="api.test.DDTests" name="testPostUser" time="1.202"/>
  <testcase classname="api.test.DDTests" name="testPostUser" time="1.084"/>
  <testcase classname="api.test.DDTests" name="testPostUser" time="1.531"/>
  <testcase classname="api.test.DDTests" name="testPostUser" time="1.060"/>
  <testcase classname="api.test.DDTests" name="testPostUser" time="1.020"/>
  <testcase classname="api.test.DDTests" name="testPostUser" time="1.239"/>
  <testcase classname="api.test.DDTests" name="testPostUser" time="1.151"/>
  <testcase classname="api.test.DDTests" name="testPostUser" time="1.027"/>
  <testcase classname="api.test.DDTests" name="testPostUser" time="1.220"/>
  <testcase classname="api.test.DDTests" name="testPostUser" time="1.145"/>
  <testcase classname="api.test.DDTests" name="testPostUser" time="1.086"/>
  <testcase classname="api.test.DDTests" name="testPostUser" time="1.153"/>
  <testcase classname="api.test.DDTests" name="testPostUser" time="1.242"/>
  <testcase classname="api.test.DDTests" name="testPostUser" time="1.160"/>
  <testcase classname="api.test.DDTests" name="testPostUser" time="1.168"/>
  <testcase classname="api.test.DDTests" name="testPostUser" time="1.256"/>
  <testcase classname="api.test.DDTests" name="testPostUser" time="1.205"/>
  <testcase classname="api.test.DDTests" name="testPostUser" time="1.095"/>
  <testcase classname="api.test.DDTests" name="testPostUser" time="1.395"/>
  <testcase classname="api.test.DDTests" name="testPostUser" time="1.232"/>
  <testcase classname="api.test.DDTests" name="testPostUser" time="1.467"/>
  <testcase classname="api.test.DDTests" name="testPostUser" time="1.213"/>
  <testcase classname="api.test.DDTests" name="testPostUser" time="1.087"/>
  <testcase classname="api.test.DDTests" name="testPostUser" time="1.232"/>
  <testcase classname="api.test.DDTests" name="testPostUser" time="1.187"/>
  <testcase classname="api.test.DDTests" name="testPostUser" time="1.194"/>
  <testcase classname="api.test.DDTests" name="testPostUser" time="1.424"/>
  <testcase classname="api.test.DDTests" name="testPostUser" time="2.555"/>
  <testcase classname="api.test.DDTests" name="testPostUser" time="1.165"/>
  <testcase classname="api.test.DDTests" name="testPostUser" time="1.391"/>
  <testcase classname="api.test.DDTests" name="testPostUser" time="1.090"/>
  <testcase classname="api.test.DDTests" name="testPostUser" time="1.529"/>
  <testcase classname="api.test.DDTests" name="testPostUser" time="1.655"/>
  <testcase classname="api.test.DDTests" name="testPostUser" time="1.374"/>
  <testcase classname="api.test.DDTests" name="testPostUser" time="1.212"/>
  <testcase classname="api.test.DDTests" name="testPostUser" time="1.327"/>
  <testcase classname="api.test.DDTests" name="testPostUser" time="1.459"/>
  <testcase classname="api.test.DDTests" name="testPostUser" time="1.061"/>
  <testcase classname="api.test.DDTests" name="testPostUser" time="1.186"/>
  <testcase classname="api.test.DDTests" name="testPostUser" time="1.185"/>
  <testcase classname="api.test.DDTests" name="testPostUser" time="1.229"/>
  <testcase classname="api.test.DDTests" name="testPostUser" time="1.430"/>
  <testcase classname="api.test.DDTests" name="testPostUser" time="1.250"/>
  <testcase classname="api.test.DDTests" name="testPostUser" time="1.286"/>
  <testcase classname="api.test.DDTests" name="testPostUser" time="1.053"/>
  <testcase classname="api.test.DDTests" name="testPostUser" time="1.651"/>
  <testcase classname="api.test.DDTests" name="testPostUser" time="1.133"/>
  <testcase classname="api.test.DDTests" name="testPostUser" time="1.425"/>
  <testcase classname="api.test.DDTests" name="deleteAllUsers" time="1.571"/>
  <testcase classname="api.test.DDTests" name="deleteAllUsers" time="2.434"/>
  <testcase classname="api.test.DDTests" name="deleteAllUsers" time="2.299"/>
  <testcase classname="api.test.DDTests" name="deleteAllUsers" time="1.509"/>
  <testcase classname="api.test.DDTests" name="deleteAllUsers" time="1.475"/>
  <testcase classname="api.test.DDTests" name="deleteAllUsers" time="1.480"/>
  <testcase classname="api.test.DDTests" name="deleteAllUsers" time="1.387"/>
  <testcase classname="api.test.DDTests" name="deleteAllUsers" time="1.453"/>
  <testcase classname="api.test.DDTests" name="deleteAllUsers" time="1.727"/>
  <testcase classname="api.test.DDTests" name="deleteAllUsers" time="1.445"/>
  <testcase classname="api.test.DDTests" name="deleteAllUsers" time="2.731"/>
  <testcase classname="api.test.DDTests" name="deleteAllUsers" time="1.227"/>
  <testcase classname="api.test.DDTests" name="deleteAllUsers" time="1.309"/>
  <testcase classname="api.test.DDTests" name="deleteAllUsers" time="1.436"/>
  <testcase classname="api.test.DDTests" name="deleteAllUsers" time="1.298"/>
  <testcase classname="api.test.DDTests" name="deleteAllUsers" time="1.284"/>
  <testcase classname="api.test.DDTests" name="deleteAllUsers" time="1.209"/>
  <testcase classname="api.test.DDTests" name="deleteAllUsers" time="1.398"/>
  <testcase classname="api.test.DDTests" name="deleteAllUsers" time="1.309"/>
  <testcase classname="api.test.DDTests" name="deleteAllUsers" time="1.718"/>
  <testcase classname="api.test.DDTests" name="deleteAllUsers" time="1.323"/>
  <testcase classname="api.test.DDTests" name="deleteAllUsers" time="1.382"/>
  <testcase classname="api.test.DDTests" name="deleteAllUsers" time="1.229"/>
  <testcase classname="api.test.DDTests" name="deleteAllUsers" time="1.313"/>
  <testcase classname="api.test.DDTests" name="deleteAllUsers" time="1.323"/>
  <testcase classname="api.test.DDTests" name="deleteAllUsers" time="1.566"/>
  <testcase classname="api.test.DDTests" name="deleteAllUsers" time="1.452"/>
  <testcase classname="api.test.DDTests" name="deleteAllUsers" time="2.044"/>
  <testcase classname="api.test.DDTests" name="deleteAllUsers" time="1.549"/>
  <testcase classname="api.test.DDTests" name="deleteAllUsers" time="1.456"/>
  <testcase classname="api.test.DDTests" name="deleteAllUsers" time="1.398"/>
  <testcase classname="api.test.DDTests" name="deleteAllUsers" time="1.202"/>
  <testcase classname="api.test.DDTests" name="deleteAllUsers" time="1.768"/>
  <testcase classname="api.test.DDTests" name="deleteAllUsers" time="1.853"/>
  <testcase classname="api.test.DDTests" name="deleteAllUsers" time="2.057"/>
  <testcase classname="api.test.DDTests" name="deleteAllUsers" time="1.797"/>
  <testcase classname="api.test.DDTests" name="deleteAllUsers" time="1.490"/>
  <testcase classname="api.test.DDTests" name="deleteAllUsers" time="1.373"/>
  <testcase classname="api.test.DDTests" name="deleteAllUsers" time="1.812"/>
  <testcase classname="api.test.DDTests" name="deleteAllUsers" time="1.362"/>
  <testcase classname="api.test.DDTests" name="deleteAllUsers" time="1.602"/>
  <testcase classname="api.test.DDTests" name="deleteAllUsers" time="1.350"/>
  <testcase classname="api.test.DDTests" name="deleteAllUsers" time="1.199"/>
  <testcase classname="api.test.DDTests" name="deleteAllUsers" time="1.523"/>
  <testcase classname="api.test.DDTests" name="deleteAllUsers" time="1.354"/>
  <testcase classname="api.test.DDTests" name="deleteAllUsers" time="1.964"/>
  <testcase classname="api.test.DDTests" name="deleteAllUsers" time="1.210"/>
  <testcase classname="api.test.DDTests" name="deleteAllUsers" time="1.289"/>
  <testcase classname="api.test.DDTests" name="deleteAllUsers" time="1.435"/>
  <testcase classname="api.test.DDTests" name="deleteAllUsers" time="1.558"/>
</testsuite> <!-- api.test.DDTests -->
