<?xml version="1.0" encoding="UTF-8"?>
<!-- Generated by org.testng.reporters.JUnitReportReporter -->
<testsuite hostname="Raghav_Global" failures="0" tests="2" name="api.test.UserTests" time="0.033" errors="0" timestamp="2025-09-11T11:59:38 IST" skipped="0">
  <testcase classname="api.test.UserTests" name="testDeleteUser" time="0.000"/>
  <testcase classname="api.test.UserTests" name="testCreateUser" time="0.033"/>
</testsuite> <!-- api.test.UserTests -->
